TN:
SF:src/constants/safety-service.constants.js
FNF:0
FNH:0
DA:11,1
DA:28,1
DA:40,1
DA:57,1
DA:80,1
DA:91,1
DA:103,1
DA:123,1
DA:134,1
DA:142,1
DA:151,1
DA:161,1
DA:173,1
DA:189,1
DA:228,1
DA:242,1
LF:16
LH:16
BRF:0
BRH:0
end_of_record
TN:
SF:src/hardware/ble-manager.js
FN:9,(anonymous_0)
FN:10,(anonymous_1)
FN:11,(anonymous_2)
FNF:3
FNH:0
FNDA:0,(anonymous_0)
FNDA:0,(anonymous_1)
FNDA:0,(anonymous_2)
DA:5,1
DA:14,1
LF:2
LH:2
BRF:0
BRH:0
end_of_record
TN:
SF:src/repositories/device.repository.js
FN:7,(anonymous_0)
FN:8,(anonymous_1)
FN:9,(anonymous_2)
FN:10,(anonymous_3)
FN:11,(anonymous_4)
FN:12,(anonymous_5)
FN:13,(anonymous_6)
FN:14,(anonymous_7)
FN:15,(anonymous_8)
FN:16,(anonymous_9)
FNF:10
FNH:0
FNDA:0,(anonymous_0)
FNDA:0,(anonymous_1)
FNDA:0,(anonymous_2)
FNDA:0,(anonymous_3)
FNDA:0,(anonymous_4)
FNDA:0,(anonymous_5)
FNDA:0,(anonymous_6)
FNDA:0,(anonymous_7)
FNDA:0,(anonymous_8)
FNDA:0,(anonymous_9)
DA:19,1
LF:1
LH:1
BRF:0
BRH:0
end_of_record
TN:
SF:src/repositories/geofence.repository.js
FN:6,(anonymous_0)
FN:10,(anonymous_1)
FN:15,(anonymous_2)
FN:27,(anonymous_3)
FN:37,(anonymous_4)
FN:42,(anonymous_5)
FN:47,(anonymous_6)
FN:52,(anonymous_7)
FN:57,(anonymous_8)
FN:67,(anonymous_9)
FN:72,(anonymous_10)
FN:77,(anonymous_11)
FN:86,(anonymous_12)
FN:96,(anonymous_13)
FN:105,(anonymous_14)
FNF:15
FNH:0
FNDA:0,(anonymous_0)
FNDA:0,(anonymous_1)
FNDA:0,(anonymous_2)
FNDA:0,(anonymous_3)
FNDA:0,(anonymous_4)
FNDA:0,(anonymous_5)
FNDA:0,(anonymous_6)
FNDA:0,(anonymous_7)
FNDA:0,(anonymous_8)
FNDA:0,(anonymous_9)
FNDA:0,(anonymous_10)
FNDA:0,(anonymous_11)
FNDA:0,(anonymous_12)
FNDA:0,(anonymous_13)
FNDA:0,(anonymous_14)
DA:12,0
DA:17,0
DA:29,0
DA:39,0
DA:44,0
DA:49,0
DA:54,0
DA:59,0
DA:69,0
DA:74,0
DA:79,0
DA:88,0
DA:98,0
DA:107,0
DA:111,0
LF:15
LH:0
BRDA:57,0,0,0
BRF:1
BRH:0
end_of_record
TN:
SF:src/services/event-emitter.service.js
FN:6,(anonymous_0)
FN:10,(anonymous_1)
FN:22,(anonymous_2)
FN:27,(anonymous_3)
FN:32,(anonymous_4)
FNF:5
FNH:0
FNDA:0,(anonymous_0)
FNDA:0,(anonymous_1)
FNDA:0,(anonymous_2)
FNDA:0,(anonymous_3)
FNDA:0,(anonymous_4)
DA:7,0
DA:12,0
DA:13,0
DA:15,0
DA:19,0
DA:24,0
DA:29,0
DA:34,0
DA:38,0
LF:9
LH:0
BRDA:12,0,0,0
BRDA:12,0,1,0
BRDA:34,1,0,0
BRDA:34,1,1,0
BRF:4
BRH:0
end_of_record
TN:
SF:src/services/location.service.js
FN:6,(anonymous_0)
FN:13,(anonymous_1)
FN:24,(anonymous_2)
FN:34,(anonymous_3)
FN:45,(anonymous_4)
FN:59,(anonymous_5)
FNF:6
FNH:0
FNDA:0,(anonymous_0)
FNDA:0,(anonymous_1)
FNDA:0,(anonymous_2)
FNDA:0,(anonymous_3)
FNDA:0,(anonymous_4)
FNDA:0,(anonymous_5)
DA:16,0
DA:25,0
DA:35,0
DA:36,0
DA:37,0
DA:39,0
DA:42,0
DA:47,0
DA:60,0
DA:61,0
DA:62,0
DA:63,0
DA:64,0
DA:66,0
DA:69,0
DA:71,0
DA:75,0
LF:17
LH:0
BRDA:37,0,0,0
BRDA:37,0,1,0
BRDA:37,1,0,0
BRDA:37,1,1,0
BRF:4
BRH:0
end_of_record
TN:
SF:src/services/notification.service.js
FN:7,(anonymous_0)
FN:8,(anonymous_1)
FN:9,(anonymous_2)
FN:10,(anonymous_3)
FN:11,(anonymous_4)
FN:12,(anonymous_5)
FNF:6
FNH:0
FNDA:0,(anonymous_0)
FNDA:0,(anonymous_1)
FNDA:0,(anonymous_2)
FNDA:0,(anonymous_3)
FNDA:0,(anonymous_4)
FNDA:0,(anonymous_5)
DA:15,1
LF:1
LH:1
BRF:0
BRH:0
end_of_record
TN:
SF:src/services/safety/device-binding.service.js
FN:34,(anonymous_0)
FN:60,(anonymous_1)
FN:107,(anonymous_2)
FN:128,(anonymous_3)
FN:182,(anonymous_4)
FN:214,(anonymous_5)
FN:260,(anonymous_6)
FN:265,(anonymous_7)
FN:282,(anonymous_8)
FN:329,(anonymous_9)
FN:372,(anonymous_10)
FN:397,(anonymous_11)
FN:426,(anonymous_12)
FN:459,(anonymous_13)
FN:463,(anonymous_14)
FNF:15
FNH:15
FNDA:24,(anonymous_0)
FNDA:20,(anonymous_1)
FNDA:2,(anonymous_2)
FNDA:9,(anonymous_3)
FNDA:2,(anonymous_4)
FNDA:7,(anonymous_5)
FNDA:14,(anonymous_6)
FNDA:27,(anonymous_7)
FNDA:1,(anonymous_8)
FNDA:1,(anonymous_9)
FNDA:1,(anonymous_10)
FNDA:1,(anonymous_11)
FNDA:5,(anonymous_12)
FNDA:8,(anonymous_13)
FNDA:8,(anonymous_14)
DA:13,1
DA:23,1
DA:35,24
DA:36,0
DA:39,24
DA:40,24
DA:41,24
DA:61,20
DA:62,0
DA:66,20
DA:67,12
DA:71,8
DA:75,8
DA:77,8
DA:78,1
DA:82,7
DA:83,7
DA:84,7
DA:85,1
DA:89,1
DA:90,1
DA:93,0
DA:96,6
DA:108,2
DA:129,9
DA:130,0
DA:134,9
DA:135,5
DA:139,4
DA:140,4
DA:141,1
DA:145,3
DA:148,3
DA:149,3
DA:150,1
DA:155,2
DA:158,2
DA:164,2
DA:183,2
DA:184,0
DA:187,2
DA:189,2
DA:190,1
DA:193,1
DA:194,1
DA:198,0
DA:215,7
DA:216,0
DA:219,7
DA:220,7
DA:223,7
DA:224,15
DA:225,15
DA:226,1
DA:228,14
DA:231,14
DA:232,6
DA:236,8
DA:237,8
DA:242,6
DA:247,6
DA:261,14
DA:262,0
DA:265,14
DA:266,27
DA:283,1
DA:284,0
DA:287,1
DA:289,1
DA:290,1
DA:292,1
DA:293,1
DA:299,0
DA:308,0
DA:330,1
DA:331,0
DA:334,1
DA:336,1
DA:337,0
DA:341,1
DA:342,1
DA:344,1
DA:345,1
DA:346,0
DA:347,0
DA:348,0
DA:349,0
DA:352,1
DA:373,1
DA:398,1
DA:399,1
DA:402,0
DA:407,0
DA:427,5
DA:428,0
DA:431,5
DA:433,5
DA:434,0
DA:437,5
DA:438,5
DA:440,5
DA:441,1
DA:446,4
DA:460,8
DA:461,0
DA:463,8
DA:467,1
LF:107
LH:85
BRDA:35,0,0,0
BRDA:35,0,1,24
BRDA:35,1,0,24
BRDA:35,1,1,24
BRDA:35,1,2,24
BRDA:61,2,0,0
BRDA:61,2,1,20
BRDA:61,3,0,20
BRDA:61,3,1,20
BRDA:66,4,0,12
BRDA:66,4,1,8
BRDA:77,5,0,1
BRDA:77,5,1,7
BRDA:77,6,0,8
BRDA:77,6,1,7
BRDA:84,7,0,1
BRDA:84,7,1,6
BRDA:89,8,0,1
BRDA:89,8,1,0
BRDA:129,9,0,0
BRDA:129,9,1,9
BRDA:134,10,0,5
BRDA:134,10,1,4
BRDA:140,11,0,1
BRDA:140,11,1,3
BRDA:149,12,0,1
BRDA:149,12,1,2
BRDA:149,13,0,3
BRDA:149,13,1,3
BRDA:183,14,0,0
BRDA:183,14,1,2
BRDA:183,15,0,2
BRDA:183,15,1,2
BRDA:183,15,2,2
BRDA:189,16,0,1
BRDA:189,16,1,1
BRDA:193,17,0,1
BRDA:193,17,1,0
BRDA:214,18,0,5
BRDA:215,19,0,0
BRDA:215,19,1,7
BRDA:219,20,0,7
BRDA:219,20,1,5
BRDA:220,21,0,7
BRDA:220,21,1,7
BRDA:231,22,0,6
BRDA:231,22,1,8
BRDA:231,23,0,14
BRDA:231,23,1,11
BRDA:261,24,0,0
BRDA:261,24,1,14
BRDA:261,25,0,14
BRDA:261,25,1,14
BRDA:283,26,0,0
BRDA:283,26,1,1
BRDA:289,27,0,1
BRDA:289,27,1,0
BRDA:330,28,0,0
BRDA:330,28,1,1
BRDA:336,29,0,0
BRDA:336,29,1,1
BRDA:344,30,0,1
BRDA:344,30,1,0
BRDA:346,31,0,0
BRDA:346,31,1,0
BRDA:348,32,0,0
BRDA:348,32,1,0
BRDA:398,33,0,1
BRDA:398,33,1,0
BRDA:398,34,0,1
BRDA:398,34,1,1
BRDA:404,35,0,0
BRDA:404,35,1,0
BRDA:427,36,0,0
BRDA:427,36,1,5
BRDA:427,37,0,5
BRDA:427,37,1,5
BRDA:433,38,0,0
BRDA:433,38,1,5
BRDA:438,39,0,5
BRDA:438,39,1,0
BRDA:440,40,0,1
BRDA:440,40,1,4
BRDA:460,41,0,0
BRDA:460,41,1,8
BRDA:460,42,0,8
BRDA:460,42,1,8
BRF:87
BRH:63
end_of_record
TN:
SF:src/services/safety/errors.js
FN:7,(anonymous_0)
FN:15,(anonymous_1)
FN:23,(anonymous_2)
FN:31,(anonymous_3)
FN:39,(anonymous_4)
FN:47,(anonymous_5)
FNF:6
FNH:3
FNDA:14,(anonymous_0)
FNDA:1,(anonymous_1)
FNDA:8,(anonymous_2)
FNDA:0,(anonymous_3)
FNDA:0,(anonymous_4)
FNDA:0,(anonymous_5)
DA:8,14
DA:9,14
DA:10,14
DA:16,1
DA:17,1
DA:18,1
DA:24,8
DA:25,8
DA:26,8
DA:32,0
DA:33,0
DA:34,0
DA:40,0
DA:41,0
DA:42,0
DA:48,0
DA:49,0
DA:50,0
DA:54,2
LF:19
LH:10
BRDA:7,0,0,14
BRDA:15,1,0,1
BRDA:23,2,0,8
BRDA:31,3,0,0
BRDA:39,4,0,0
BRDA:47,5,0,0
BRF:6
BRH:3
end_of_record
TN:
SF:src/services/safety/geofence-engine.service.js
FN:44,(anonymous_0)
FN:87,(anonymous_1)
FN:163,(anonymous_2)
FN:209,(anonymous_3)
FN:278,(anonymous_4)
FN:296,(anonymous_5)
FN:336,(anonymous_6)
FN:382,(anonymous_7)
FN:426,(anonymous_8)
FN:478,(anonymous_9)
FN:516,(anonymous_10)
FN:558,(anonymous_11)
FN:616,(anonymous_12)
FN:647,(anonymous_13)
FN:655,(anonymous_14)
FN:695,(anonymous_15)
FN:696,(anonymous_16)
FNF:17
FNH:0
FNDA:0,(anonymous_0)
FNDA:0,(anonymous_1)
FNDA:0,(anonymous_2)
FNDA:0,(anonymous_3)
FNDA:0,(anonymous_4)
FNDA:0,(anonymous_5)
FNDA:0,(anonymous_6)
FNDA:0,(anonymous_7)
FNDA:0,(anonymous_8)
FNDA:0,(anonymous_9)
FNDA:0,(anonymous_10)
FNDA:0,(anonymous_11)
FNDA:0,(anonymous_12)
FNDA:0,(anonymous_13)
FNDA:0,(anonymous_14)
FNDA:0,(anonymous_15)
FNDA:0,(anonymous_16)
DA:21,0
DA:32,0
DA:45,0
DA:46,0
DA:49,0
DA:50,0
DA:51,0
DA:52,0
DA:55,0
DA:58,0
DA:59,0
DA:60,0
DA:88,0
DA:89,0
DA:93,0
DA:94,0
DA:97,0
DA:100,0
DA:111,0
DA:113,0
DA:115,0
DA:116,0
DA:117,0
DA:120,0
DA:121,0
DA:124,0
DA:133,0
DA:137,0
DA:138,0
DA:141,0
DA:147,0
DA:164,0
DA:165,0
DA:170,0
DA:171,0
DA:172,0
DA:174,0
DA:176,0
DA:179,0
DA:180,0
DA:182,0
DA:184,0
DA:185,0
DA:187,0
DA:191,0
DA:211,0
DA:212,0
DA:213,0
DA:217,0
DA:218,0
DA:219,0
DA:220,0
DA:222,0
DA:228,0
DA:235,0
DA:244,0
DA:247,0
DA:254,0
DA:262,0
DA:279,0
DA:281,0
DA:283,0
DA:284,0
DA:285,0
DA:287,0
DA:295,0
DA:296,0
DA:297,0
DA:298,0
DA:300,0
DA:302,0
DA:306,0
DA:315,0
DA:337,0
DA:347,0
DA:355,0
DA:356,0
DA:357,0
DA:367,0
DA:383,0
DA:396,0
DA:399,0
DA:410,0
DA:427,0
DA:428,0
DA:431,0
DA:432,0
DA:434,0
DA:435,0
DA:447,0
DA:449,0
DA:450,0
DA:454,0
DA:456,0
DA:457,0
DA:467,0
DA:479,0
DA:480,0
DA:481,0
DA:483,0
DA:485,0
DA:494,0
DA:495,0
DA:497,0
DA:498,0
DA:517,0
DA:518,0
DA:521,0
DA:523,0
DA:524,0
DA:528,0
DA:531,0
DA:532,0
DA:535,0
DA:536,0
DA:559,0
DA:560,0
DA:564,0
DA:569,0
DA:573,0
DA:576,0
DA:580,0
DA:581,0
DA:585,0
DA:586,0
DA:587,0
DA:591,0
DA:595,0
DA:596,0
DA:600,0
DA:610,0
DA:617,0
DA:618,0
DA:621,0
DA:622,0
DA:623,0
DA:627,0
DA:633,0
DA:648,0
DA:649,0
DA:652,0
DA:655,0
DA:656,0
DA:657,0
DA:658,0
DA:665,0
DA:687,0
DA:688,0
DA:691,0
DA:695,0
DA:696,0
DA:704,0
LF:152
LH:0
BRDA:45,0,0,0
BRDA:45,0,1,0
BRDA:45,1,0,0
BRDA:45,1,1,0
BRDA:45,1,2,0
BRDA:45,1,3,0
BRDA:88,2,0,0
BRDA:88,2,1,0
BRDA:88,3,0,0
BRDA:88,3,1,0
BRDA:93,4,0,0
BRDA:93,4,1,0
BRDA:120,5,0,0
BRDA:120,5,1,0
BRDA:120,6,0,0
BRDA:120,6,1,0
BRDA:137,7,0,0
BRDA:137,7,1,0
BRDA:137,8,0,0
BRDA:137,8,1,0
BRDA:172,9,0,0
BRDA:172,9,1,0
BRDA:174,10,0,0
BRDA:174,10,1,0
BRDA:174,11,0,0
BRDA:174,11,1,0
BRDA:179,12,0,0
BRDA:179,12,1,0
BRDA:179,13,0,0
BRDA:179,13,1,0
BRDA:182,14,0,0
BRDA:182,14,1,0
BRDA:182,15,0,0
BRDA:182,15,1,0
BRDA:185,16,0,0
BRDA:185,16,1,0
BRDA:185,17,0,0
BRDA:185,17,1,0
BRDA:212,18,0,0
BRDA:212,18,1,0
BRDA:218,19,0,0
BRDA:218,19,1,0
BRDA:281,20,0,0
BRDA:281,20,1,0
BRDA:356,21,0,0
BRDA:356,21,1,0
BRDA:427,22,0,0
BRDA:427,22,1,0
BRDA:427,23,0,0
BRDA:427,23,1,0
BRDA:434,24,0,0
BRDA:434,24,1,0
BRDA:447,25,0,0
BRDA:447,25,1,0
BRDA:449,26,0,0
BRDA:449,26,1,0
BRDA:450,27,0,0
BRDA:450,27,1,0
BRDA:454,28,0,0
BRDA:454,28,1,0
BRDA:456,29,0,0
BRDA:456,29,1,0
BRDA:480,30,0,0
BRDA:480,30,1,0
BRDA:483,31,0,0
BRDA:483,31,1,0
BRDA:517,32,0,0
BRDA:517,32,1,0
BRDA:517,33,0,0
BRDA:517,33,1,0
BRDA:517,33,2,0
BRDA:523,34,0,0
BRDA:523,34,1,0
BRDA:523,35,0,0
BRDA:523,35,1,0
BRDA:528,36,0,0
BRDA:528,36,1,0
BRDA:531,37,0,0
BRDA:531,37,1,0
BRDA:559,38,0,0
BRDA:559,38,1,0
BRDA:564,39,0,0
BRDA:564,39,1,0
BRDA:564,40,0,0
BRDA:564,40,1,0
BRDA:564,40,2,0
BRDA:564,40,3,0
BRDA:564,40,4,0
BRDA:573,41,0,0
BRDA:573,41,1,0
BRDA:573,42,0,0
BRDA:573,42,1,0
BRDA:573,42,2,0
BRDA:580,43,0,0
BRDA:580,43,1,0
BRDA:580,44,0,0
BRDA:580,44,1,0
BRDA:586,45,0,0
BRDA:586,45,1,0
BRDA:595,46,0,0
BRDA:595,46,1,0
BRDA:602,47,0,0
BRDA:602,47,1,0
BRDA:603,48,0,0
BRDA:603,48,1,0
BRDA:604,49,0,0
BRDA:604,49,1,0
BRDA:605,50,0,0
BRDA:605,50,1,0
BRDA:622,51,0,0
BRDA:622,51,1,0
BRDA:622,52,0,0
BRDA:622,52,1,0
BRDA:648,53,0,0
BRDA:648,53,1,0
BRDA:648,54,0,0
BRDA:648,54,1,0
BRF:117
BRH:0
end_of_record
TN:
SF:src/utils/validation.utils.js
FN:36,(anonymous_0)
FN:66,(anonymous_1)
FN:97,(anonymous_2)
FN:128,(anonymous_3)
FN:165,(anonymous_4)
FN:189,(anonymous_5)
FN:213,(anonymous_6)
FN:253,(anonymous_7)
FN:289,(anonymous_8)
FN:327,(anonymous_9)
FN:354,(anonymous_10)
FN:385,(anonymous_11)
FN:442,(anonymous_12)
FN:466,(anonymous_13)
FN:491,(anonymous_14)
FN:499,(anonymous_15)
FNF:16
FNH:0
FNDA:0,(anonymous_0)
FNDA:0,(anonymous_1)
FNDA:0,(anonymous_2)
FNDA:0,(anonymous_3)
FNDA:0,(anonymous_4)
FNDA:0,(anonymous_5)
FNDA:0,(anonymous_6)
FNDA:0,(anonymous_7)
FNDA:0,(anonymous_8)
FNDA:0,(anonymous_9)
FNDA:0,(anonymous_10)
FNDA:0,(anonymous_11)
FNDA:0,(anonymous_12)
FNDA:0,(anonymous_13)
FNDA:0,(anonymous_14)
FNDA:0,(anonymous_15)
DA:17,0
DA:37,0
DA:38,0
DA:44,0
DA:45,0
DA:51,0
DA:52,0
DA:58,0
DA:67,0
DA:68,0
DA:69,0
DA:72,0
DA:76,0
DA:78,0
DA:79,0
DA:86,0
DA:98,0
DA:99,0
DA:100,0
DA:103,0
DA:104,0
DA:105,0
DA:108,0
DA:129,0
DA:130,0
DA:136,0
DA:137,0
DA:143,0
DA:145,0
DA:166,0
DA:167,0
DA:173,0
DA:174,0
DA:181,0
DA:190,0
DA:191,0
DA:197,0
DA:198,0
DA:205,0
DA:214,0
DA:215,0
DA:221,0
DA:222,0
DA:229,0
DA:230,0
DA:243,0
DA:254,0
DA:255,0
DA:261,0
DA:262,0
DA:263,0
DA:266,0
DA:267,0
DA:268,0
DA:271,0
DA:290,0
DA:291,0
DA:297,0
DA:298,0
DA:299,0
DA:302,0
DA:303,0
DA:304,0
DA:307,0
DA:328,0
DA:329,0
DA:335,0
DA:336,0
DA:346,0
DA:355,0
DA:356,0
DA:362,0
DA:363,0
DA:369,0
DA:370,0
DA:377,0
DA:386,0
DA:387,0
DA:394,0
DA:395,0
DA:402,0
DA:403,0
DA:404,0
DA:408,0
DA:409,0
DA:410,0
DA:414,0
DA:415,0
DA:416,0
DA:419,0
DA:443,0
DA:444,0
DA:450,0
DA:451,0
DA:457,0
DA:467,0
DA:468,0
DA:474,0
DA:475,0
DA:482,0
DA:492,0
DA:493,0
DA:499,0
DA:501,0
DA:502,0
DA:509,0
DA:513,0
LF:107
LH:0
BRDA:37,0,0,0
BRDA:37,0,1,0
BRDA:37,1,0,0
BRDA:37,1,1,0
BRDA:44,2,0,0
BRDA:44,2,1,0
BRDA:51,3,0,0
BRDA:51,3,1,0
BRDA:68,4,0,0
BRDA:68,4,1,0
BRDA:78,5,0,0
BRDA:78,5,1,0
BRDA:78,6,0,0
BRDA:78,6,1,0
BRDA:99,7,0,0
BRDA:99,7,1,0
BRDA:104,8,0,0
BRDA:104,8,1,0
BRDA:129,9,0,0
BRDA:129,9,1,0
BRDA:129,10,0,0
BRDA:129,10,1,0
BRDA:136,11,0,0
BRDA:136,11,1,0
BRDA:166,12,0,0
BRDA:166,12,1,0
BRDA:166,13,0,0
BRDA:166,13,1,0
BRDA:173,14,0,0
BRDA:173,14,1,0
BRDA:173,15,0,0
BRDA:173,15,1,0
BRDA:190,16,0,0
BRDA:190,16,1,0
BRDA:190,17,0,0
BRDA:190,17,1,0
BRDA:197,18,0,0
BRDA:197,18,1,0
BRDA:197,19,0,0
BRDA:197,19,1,0
BRDA:214,20,0,0
BRDA:214,20,1,0
BRDA:214,21,0,0
BRDA:214,21,1,0
BRDA:221,22,0,0
BRDA:221,22,1,0
BRDA:229,23,0,0
BRDA:229,23,1,0
BRDA:254,24,0,0
BRDA:254,24,1,0
BRDA:254,25,0,0
BRDA:254,25,1,0
BRDA:262,26,0,0
BRDA:262,26,1,0
BRDA:267,27,0,0
BRDA:267,27,1,0
BRDA:290,28,0,0
BRDA:290,28,1,0
BRDA:290,29,0,0
BRDA:290,29,1,0
BRDA:298,30,0,0
BRDA:298,30,1,0
BRDA:303,31,0,0
BRDA:303,31,1,0
BRDA:312,32,0,0
BRDA:312,32,1,0
BRDA:328,33,0,0
BRDA:328,33,1,0
BRDA:328,34,0,0
BRDA:328,34,1,0
BRDA:335,35,0,0
BRDA:335,35,1,0
BRDA:335,36,0,0
BRDA:335,36,1,0
BRDA:355,37,0,0
BRDA:355,37,1,0
BRDA:355,38,0,0
BRDA:355,38,1,0
BRDA:362,39,0,0
BRDA:362,39,1,0
BRDA:369,40,0,0
BRDA:369,40,1,0
BRDA:386,41,0,0
BRDA:386,41,1,0
BRDA:386,42,0,0
BRDA:386,42,1,0
BRDA:394,43,0,0
BRDA:394,43,1,0
BRDA:394,44,0,0
BRDA:394,44,1,0
BRDA:403,45,0,0
BRDA:403,45,1,0
BRDA:409,46,0,0
BRDA:409,46,1,0
BRDA:415,47,0,0
BRDA:415,47,1,0
BRDA:426,48,0,0
BRDA:426,48,1,0
BRDA:443,49,0,0
BRDA:443,49,1,0
BRDA:443,50,0,0
BRDA:443,50,1,0
BRDA:450,51,0,0
BRDA:450,51,1,0
BRDA:467,52,0,0
BRDA:467,52,1,0
BRDA:467,53,0,0
BRDA:467,53,1,0
BRDA:474,54,0,0
BRDA:474,54,1,0
BRDA:492,55,0,0
BRDA:492,55,1,0
BRDA:492,56,0,0
BRDA:492,56,1,0
BRDA:501,57,0,0
BRDA:501,57,1,0
BRF:116
BRH:0
end_of_record
