<?xml version="1.0" encoding="UTF-8"?>
<coverage generated="1758189374494" clover="3.2.0">
  <project timestamp="1758189374494" name="All files">
    <metrics statements="575" coveredstatements="255" conditionals="354" coveredconditionals="125" methods="113" coveredmethods="52" elements="1042" coveredelements="432" complexity="0" loc="575" ncloc="575" packages="1" files="1" classes="1"/>
    <file name="BLEBackgroundService.js" path="/home/ubuntu/dev/hccg-hsinchu-pass-guardian/src/mobile/src/services/BLEBackgroundService.js">
      <metrics statements="575" coveredstatements="255" conditionals="354" coveredconditionals="125" methods="113" coveredmethods="52"/>
      <line num="7" count="1" type="stmt"/>
      <line num="11" count="1" type="stmt"/>
      <line num="12" count="1" type="cond" truecount="1" falsecount="1"/>
      <line num="15" count="0" type="stmt"/>
      <line num="18" count="1" type="cond" truecount="1" falsecount="1"/>
      <line num="22" count="30" type="stmt"/>
      <line num="32" count="30" type="stmt"/>
      <line num="33" count="30" type="stmt"/>
      <line num="34" count="30" type="stmt"/>
      <line num="35" count="30" type="stmt"/>
      <line num="36" count="30" type="stmt"/>
      <line num="37" count="30" type="stmt"/>
      <line num="38" count="30" type="stmt"/>
      <line num="39" count="30" type="stmt"/>
      <line num="40" count="30" type="stmt"/>
      <line num="41" count="30" type="stmt"/>
      <line num="42" count="30" type="stmt"/>
      <line num="43" count="30" type="stmt"/>
      <line num="44" count="30" type="stmt"/>
      <line num="45" count="30" type="stmt"/>
      <line num="48" count="30" type="stmt"/>
      <line num="54" count="30" type="stmt"/>
      <line num="55" count="30" type="stmt"/>
      <line num="56" count="30" type="stmt"/>
      <line num="57" count="30" type="stmt"/>
      <line num="59" count="30" type="stmt"/>
      <line num="66" count="30" type="stmt"/>
      <line num="68" count="30" type="stmt"/>
      <line num="71" count="30" type="stmt"/>
      <line num="74" count="30" type="cond" truecount="1" falsecount="1"/>
      <line num="75" count="30" type="stmt"/>
      <line num="76" count="0" type="cond" truecount="0" falsecount="2"/>
      <line num="77" count="0" type="stmt"/>
      <line num="80" count="30" type="stmt"/>
      <line num="82" count="0" type="stmt"/>
      <line num="83" count="0" type="stmt"/>
      <line num="91" count="0" type="stmt"/>
      <line num="92" count="0" type="cond" truecount="0" falsecount="2"/>
      <line num="93" count="0" type="stmt"/>
      <line num="97" count="0" type="cond" truecount="0" falsecount="2"/>
      <line num="98" count="0" type="cond" truecount="0" falsecount="2"/>
      <line num="99" count="0" type="cond" truecount="0" falsecount="2"/>
      <line num="100" count="0" type="stmt"/>
      <line num="103" count="0" type="cond" truecount="0" falsecount="2"/>
      <line num="104" count="0" type="stmt"/>
      <line num="108" count="0" type="cond" truecount="0" falsecount="2"/>
      <line num="109" count="0" type="stmt"/>
      <line num="112" count="0" type="stmt"/>
      <line num="120" count="0" type="stmt"/>
      <line num="121" count="0" type="stmt"/>
      <line num="130" count="0" type="stmt"/>
      <line num="131" count="0" type="stmt"/>
      <line num="134" count="0" type="cond" truecount="0" falsecount="2"/>
      <line num="135" count="0" type="stmt"/>
      <line num="136" count="0" type="stmt"/>
      <line num="139" count="0" type="stmt"/>
      <line num="141" count="0" type="stmt"/>
      <line num="142" count="0" type="stmt"/>
      <line num="150" count="0" type="cond" truecount="0" falsecount="2"/>
      <line num="160" count="0" type="stmt"/>
      <line num="162" count="0" type="cond" truecount="0" falsecount="2"/>
      <line num="163" count="0" type="stmt"/>
      <line num="164" count="0" type="cond" truecount="0" falsecount="2"/>
      <line num="165" count="0" type="stmt"/>
      <line num="167" count="0" type="stmt"/>
      <line num="175" count="31" type="stmt"/>
      <line num="177" count="31" type="cond" truecount="3" falsecount="1"/>
      <line num="178" count="31" type="stmt"/>
      <line num="186" count="31" type="stmt"/>
      <line num="188" count="31" type="stmt"/>
      <line num="197" count="0" type="stmt"/>
      <line num="205" count="2" type="stmt"/>
      <line num="206" count="2" type="stmt"/>
      <line num="212" count="2" type="cond" truecount="2" falsecount="0"/>
      <line num="213" count="1" type="stmt"/>
      <line num="217" count="1" type="cond" truecount="1" falsecount="1"/>
      <line num="223" count="2" type="stmt"/>
      <line num="224" count="2" type="cond" truecount="1" falsecount="1"/>
      <line num="225" count="2" type="stmt"/>
      <line num="226" count="6" type="stmt"/>
      <line num="228" count="2" type="cond" truecount="1" falsecount="1"/>
      <line num="229" count="0" type="stmt"/>
      <line num="234" count="2" type="stmt"/>
      <line num="236" count="2" type="stmt"/>
      <line num="246" count="0" type="stmt"/>
      <line num="254" count="3" type="stmt"/>
      <line num="255" count="3" type="stmt"/>
      <line num="265" count="3" type="cond" truecount="1" falsecount="1"/>
      <line num="266" count="3" type="stmt"/>
      <line num="267" count="0" type="cond" truecount="0" falsecount="2"/>
      <line num="268" count="0" type="stmt"/>
      <line num="272" count="3" type="stmt"/>
      <line num="273" count="3" type="cond" truecount="3" falsecount="1"/>
      <line num="274" count="3" type="stmt"/>
      <line num="280" count="3" type="stmt"/>
      <line num="283" count="3" type="stmt"/>
      <line num="284" count="3" type="stmt"/>
      <line num="285" count="3" type="stmt"/>
      <line num="286" count="3" type="stmt"/>
      <line num="289" count="3" type="stmt"/>
      <line num="291" count="3" type="stmt"/>
      <line num="293" count="0" type="stmt"/>
      <line num="294" count="0" type="stmt"/>
      <line num="302" count="3" type="stmt"/>
      <line num="303" count="3" type="stmt"/>
      <line num="309" count="3" type="cond" truecount="3" falsecount="1"/>
      <line num="310" count="3" type="stmt"/>
      <line num="314" count="3" type="stmt"/>
      <line num="316" count="3" type="stmt"/>
      <line num="318" count="0" type="stmt"/>
      <line num="326" count="0" type="stmt"/>
      <line num="327" count="0" type="stmt"/>
      <line num="335" count="0" type="cond" truecount="0" falsecount="4"/>
      <line num="336" count="0" type="stmt"/>
      <line num="340" count="0" type="stmt"/>
      <line num="342" count="0" type="stmt"/>
      <line num="344" count="0" type="stmt"/>
      <line num="352" count="3" type="cond" truecount="3" falsecount="1"/>
      <line num="353" count="3" type="stmt"/>
      <line num="354" count="0" type="stmt"/>
      <line num="363" count="0" type="stmt"/>
      <line num="365" count="0" type="cond" truecount="0" falsecount="2"/>
      <line num="366" count="0" type="stmt"/>
      <line num="370" count="0" type="stmt"/>
      <line num="373" count="0" type="stmt"/>
      <line num="376" count="0" type="cond" truecount="0" falsecount="2"/>
      <line num="377" count="0" type="stmt"/>
      <line num="380" count="0" type="stmt"/>
      <line num="381" count="0" type="stmt"/>
      <line num="389" count="7" type="stmt"/>
      <line num="392" count="7" type="cond" truecount="2" falsecount="0"/>
      <line num="394" count="6" type="cond" truecount="1" falsecount="1"/>
      <line num="395" count="6" type="cond" truecount="3" falsecount="0"/>
      <line num="396" count="6" type="stmt"/>
      <line num="398" count="6" type="cond" truecount="1" falsecount="1"/>
      <line num="400" count="0" type="stmt"/>
      <line num="408" count="6" type="stmt"/>
      <line num="417" count="1" type="cond" truecount="3" falsecount="1"/>
      <line num="419" count="1" type="stmt"/>
      <line num="420" count="1" type="cond" truecount="1" falsecount="1"/>
      <line num="421" count="1" type="cond" truecount="2" falsecount="1"/>
      <line num="422" count="1" type="stmt"/>
      <line num="424" count="1" type="stmt"/>
      <line num="436" count="7" type="cond" truecount="1" falsecount="1"/>
      <line num="437" count="7" type="stmt"/>
      <line num="438" count="7" type="stmt"/>
      <line num="439" count="7" type="stmt"/>
      <line num="442" count="7" type="cond" truecount="2" falsecount="0"/>
      <line num="443" count="1" type="stmt"/>
      <line num="447" count="7" type="stmt"/>
      <line num="449" count="0" type="stmt"/>
      <line num="457" count="2" type="stmt"/>
      <line num="465" count="2" type="stmt"/>
      <line num="466" count="2" type="stmt"/>
      <line num="468" count="2" type="stmt"/>
      <line num="479" count="8" type="stmt"/>
      <line num="480" count="8" type="stmt"/>
      <line num="483" count="8" type="cond" truecount="1" falsecount="1"/>
      <line num="484" count="0" type="stmt"/>
      <line num="487" count="8" type="stmt"/>
      <line num="488" count="8" type="stmt"/>
      <line num="490" count="8" type="stmt"/>
      <line num="493" count="0" type="stmt"/>
      <line num="494" count="0" type="stmt"/>
      <line num="495" count="0" type="stmt"/>
      <line num="496" count="0" type="stmt"/>
      <line num="504" count="0" type="stmt"/>
      <line num="506" count="0" type="stmt"/>
      <line num="507" count="0" type="cond" truecount="0" falsecount="2"/>
      <line num="508" count="0" type="stmt"/>
      <line num="511" count="0" type="cond" truecount="0" falsecount="2"/>
      <line num="512" count="0" type="stmt"/>
      <line num="520" count="0" type="stmt"/>
      <line num="521" count="0" type="stmt"/>
      <line num="522" count="0" type="stmt"/>
      <line num="523" count="0" type="stmt"/>
      <line num="524" count="0" type="stmt"/>
      <line num="526" count="0" type="stmt"/>
      <line num="534" count="7" type="stmt"/>
      <line num="535" count="217" type="stmt"/>
      <line num="536" count="217" type="cond" truecount="2" falsecount="0"/>
      <line num="537" count="217" type="stmt"/>
      <line num="545" count="0" type="stmt"/>
      <line num="546" count="0" type="stmt"/>
      <line num="564" count="0" type="stmt"/>
      <line num="571" count="0" type="stmt"/>
      <line num="577" count="0" type="cond" truecount="0" falsecount="5"/>
      <line num="578" count="0" type="stmt"/>
      <line num="581" count="0" type="stmt"/>
      <line num="582" count="0" type="stmt"/>
      <line num="584" count="0" type="stmt"/>
      <line num="585" count="0" type="stmt"/>
      <line num="597" count="1" type="stmt"/>
      <line num="598" count="1" type="cond" truecount="4" falsecount="1"/>
      <line num="599" count="1" type="stmt"/>
      <line num="600" count="1" type="stmt"/>
      <line num="608" count="0" type="stmt"/>
      <line num="610" count="0" type="stmt"/>
      <line num="611" count="0" type="stmt"/>
      <line num="619" count="2" type="stmt"/>
      <line num="622" count="2" type="stmt"/>
      <line num="623" count="2" type="stmt"/>
      <line num="626" count="2" type="cond" truecount="1" falsecount="1"/>
      <line num="627" count="2" type="stmt"/>
      <line num="628" count="2" type="stmt"/>
      <line num="629" count="2" type="stmt"/>
      <line num="636" count="2" type="cond" truecount="2" falsecount="3"/>
      <line num="637" count="0" type="stmt"/>
      <line num="638" count="0" type="stmt"/>
      <line num="639" count="0" type="cond" truecount="0" falsecount="2"/>
      <line num="649" count="2" type="cond" truecount="2" falsecount="2"/>
      <line num="651" count="0" type="stmt"/>
      <line num="652" count="0" type="stmt"/>
      <line num="653" count="0" type="stmt"/>
      <line num="654" count="0" type="stmt"/>
      <line num="655" count="2" type="cond" truecount="4" falsecount="0"/>
      <line num="657" count="1" type="stmt"/>
      <line num="658" count="1" type="stmt"/>
      <line num="659" count="1" type="stmt"/>
      <line num="660" count="1" type="stmt"/>
      <line num="661" count="1" type="cond" truecount="1" falsecount="1"/>
      <line num="663" count="1" type="stmt"/>
      <line num="664" count="1" type="stmt"/>
      <line num="665" count="1" type="stmt"/>
      <line num="666" count="1" type="stmt"/>
      <line num="669" count="0" type="stmt"/>
      <line num="670" count="0" type="stmt"/>
      <line num="671" count="0" type="stmt"/>
      <line num="672" count="0" type="stmt"/>
      <line num="676" count="2" type="stmt"/>
      <line num="685" count="2" type="stmt"/>
      <line num="693" count="0" type="stmt"/>
      <line num="694" count="0" type="stmt"/>
      <line num="702" count="2" type="stmt"/>
      <line num="703" count="3" type="stmt"/>
      <line num="710" count="2" type="stmt"/>
      <line num="713" count="3" type="stmt"/>
      <line num="716" count="2" type="stmt"/>
      <line num="718" count="0" type="stmt"/>
      <line num="719" count="0" type="stmt"/>
      <line num="727" count="0" type="stmt"/>
      <line num="728" count="0" type="cond" truecount="0" falsecount="2"/>
      <line num="729" count="0" type="stmt"/>
      <line num="731" count="0" type="cond" truecount="0" falsecount="2"/>
      <line num="732" count="0" type="stmt"/>
      <line num="742" count="0" type="stmt"/>
      <line num="744" count="0" type="stmt"/>
      <line num="747" count="0" type="stmt"/>
      <line num="749" count="0" type="stmt"/>
      <line num="750" count="0" type="stmt"/>
      <line num="758" count="0" type="stmt"/>
      <line num="760" count="0" type="stmt"/>
      <line num="763" count="0" type="stmt"/>
      <line num="765" count="0" type="stmt"/>
      <line num="767" count="0" type="stmt"/>
      <line num="768" count="0" type="stmt"/>
      <line num="777" count="0" type="stmt"/>
      <line num="784" count="7" type="stmt"/>
      <line num="791" count="1" type="stmt"/>
      <line num="792" count="1" type="cond" truecount="1" falsecount="1"/>
      <line num="793" count="0" type="stmt"/>
      <line num="797" count="1" type="cond" truecount="1" falsecount="1"/>
      <line num="798" count="0" type="stmt"/>
      <line num="802" count="1" type="stmt"/>
      <line num="804" count="1" type="cond" truecount="1" falsecount="1"/>
      <line num="806" count="1" type="stmt"/>
      <line num="807" count="1" type="stmt"/>
      <line num="814" count="1" type="stmt"/>
      <line num="817" count="0" type="stmt"/>
      <line num="818" count="0" type="stmt"/>
      <line num="820" count="0" type="stmt"/>
      <line num="826" count="0" type="stmt"/>
      <line num="834" count="0" type="stmt"/>
      <line num="836" count="0" type="cond" truecount="0" falsecount="4"/>
      <line num="837" count="0" type="stmt"/>
      <line num="841" count="0" type="stmt"/>
      <line num="844" count="0" type="stmt"/>
      <line num="847" count="0" type="cond" truecount="0" falsecount="2"/>
      <line num="849" count="0" type="stmt"/>
      <line num="857" count="0" type="cond" truecount="0" falsecount="5"/>
      <line num="858" count="0" type="cond" truecount="0" falsecount="2"/>
      <line num="859" count="0" type="stmt"/>
      <line num="862" count="0" type="stmt"/>
      <line num="870" count="0" type="stmt"/>
      <line num="878" count="1" type="stmt"/>
      <line num="879" count="1" type="cond" truecount="1" falsecount="1"/>
      <line num="880" count="0" type="stmt"/>
      <line num="883" count="1" type="stmt"/>
      <line num="884" count="1" type="stmt"/>
      <line num="887" count="1" type="stmt"/>
      <line num="889" count="1" type="stmt"/>
      <line num="891" count="1" type="cond" truecount="1" falsecount="1"/>
      <line num="892" count="1" type="stmt"/>
      <line num="895" count="0" type="stmt"/>
      <line num="896" count="0" type="stmt"/>
      <line num="899" count="0" type="stmt"/>
      <line num="900" count="0" type="stmt"/>
      <line num="908" count="1" type="stmt"/>
      <line num="909" count="1" type="cond" truecount="1" falsecount="1"/>
      <line num="912" count="1" type="cond" truecount="1" falsecount="1"/>
      <line num="914" count="1" type="stmt"/>
      <line num="915" count="1" type="stmt"/>
      <line num="917" count="1" type="stmt"/>
      <line num="920" count="2" type="stmt"/>
      <line num="924" count="0" type="stmt"/>
      <line num="927" count="1" type="stmt"/>
      <line num="929" count="0" type="stmt"/>
      <line num="930" count="0" type="stmt"/>
      <line num="938" count="2" type="stmt"/>
      <line num="939" count="2" type="stmt"/>
      <line num="942" count="2" type="stmt"/>
      <line num="947" count="2" type="stmt"/>
      <line num="949" count="0" type="stmt"/>
      <line num="950" count="0" type="stmt"/>
      <line num="958" count="2" type="stmt"/>
      <line num="959" count="2" type="stmt"/>
      <line num="966" count="2" type="cond" truecount="2" falsecount="0"/>
      <line num="967" count="1" type="stmt"/>
      <line num="968" count="1" type="stmt"/>
      <line num="969" count="1" type="stmt"/>
      <line num="976" count="1" type="cond" truecount="1" falsecount="1"/>
      <line num="977" count="0" type="stmt"/>
      <line num="978" count="0" type="stmt"/>
      <line num="984" count="0" type="stmt"/>
      <line num="985" count="0" type="cond" truecount="0" falsecount="2"/>
      <line num="986" count="0" type="stmt"/>
      <line num="988" count="1" type="cond" truecount="1" falsecount="1"/>
      <line num="989" count="0" type="stmt"/>
      <line num="990" count="0" type="stmt"/>
      <line num="996" count="0" type="stmt"/>
      <line num="997" count="0" type="cond" truecount="0" falsecount="2"/>
      <line num="998" count="0" type="stmt"/>
      <line num="1000" count="1" type="cond" truecount="3" falsecount="1"/>
      <line num="1002" count="1" type="stmt"/>
      <line num="1003" count="1" type="stmt"/>
      <line num="1009" count="2" type="stmt"/>
      <line num="1011" count="0" type="stmt"/>
      <line num="1012" count="0" type="stmt"/>
      <line num="1020" count="1" type="stmt"/>
      <line num="1021" count="1" type="stmt"/>
      <line num="1022" count="1" type="stmt"/>
      <line num="1023" count="1" type="cond" truecount="1" falsecount="1"/>
      <line num="1024" count="1" type="stmt"/>
      <line num="1027" count="1" type="cond" truecount="3" falsecount="1"/>
      <line num="1028" count="1" type="stmt"/>
      <line num="1032" count="1" type="stmt"/>
      <line num="1034" count="1" type="stmt"/>
      <line num="1036" count="0" type="stmt"/>
      <line num="1037" count="0" type="stmt"/>
      <line num="1045" count="30" type="stmt"/>
      <line num="1046" count="0" type="cond" truecount="0" falsecount="2"/>
      <line num="1047" count="0" type="stmt"/>
      <line num="1048" count="0" type="cond" truecount="0" falsecount="2"/>
      <line num="1049" count="0" type="stmt"/>
      <line num="1058" count="31" type="cond" truecount="4" falsecount="1"/>
      <line num="1059" count="31" type="stmt"/>
      <line num="1063" count="0" type="stmt"/>
      <line num="1073" count="2" type="cond" truecount="2" falsecount="3"/>
      <line num="1074" count="0" type="stmt"/>
      <line num="1089" count="0" type="stmt"/>
      <line num="1090" count="0" type="stmt"/>
      <line num="1093" count="0" type="stmt"/>
      <line num="1094" count="0" type="stmt"/>
      <line num="1095" count="0" type="stmt"/>
      <line num="1098" count="0" type="stmt"/>
      <line num="1104" count="0" type="cond" truecount="0" falsecount="2"/>
      <line num="1105" count="0" type="stmt"/>
      <line num="1108" count="0" type="stmt"/>
      <line num="1116" count="0" type="stmt"/>
      <line num="1122" count="0" type="stmt"/>
      <line num="1125" count="0" type="cond" truecount="0" falsecount="2"/>
      <line num="1126" count="0" type="stmt"/>
      <line num="1130" count="0" type="cond" truecount="0" falsecount="2"/>
      <line num="1131" count="0" type="stmt"/>
      <line num="1139" count="0" type="stmt"/>
      <line num="1150" count="0" type="stmt"/>
      <line num="1157" count="0" type="stmt"/>
      <line num="1160" count="0" type="cond" truecount="0" falsecount="4"/>
      <line num="1161" count="0" type="stmt"/>
      <line num="1175" count="0" type="stmt"/>
      <line num="1183" count="0" type="stmt"/>
      <line num="1184" count="0" type="stmt"/>
      <line num="1191" count="4" type="stmt"/>
      <line num="1192" count="4" type="stmt"/>
      <line num="1199" count="4" type="stmt"/>
      <line num="1200" count="4" type="stmt"/>
      <line num="1202" count="0" type="stmt"/>
      <line num="1203" count="0" type="stmt"/>
      <line num="1211" count="30" type="stmt"/>
      <line num="1212" count="30" type="stmt"/>
      <line num="1213" count="30" type="cond" truecount="1" falsecount="1"/>
      <line num="1214" count="0" type="stmt"/>
      <line num="1215" count="0" type="cond" truecount="0" falsecount="2"/>
      <line num="1216" count="0" type="cond" truecount="0" falsecount="2"/>
      <line num="1218" count="30" type="stmt"/>
      <line num="1220" count="0" type="stmt"/>
      <line num="1221" count="0" type="stmt"/>
      <line num="1229" count="0" type="stmt"/>
      <line num="1236" count="0" type="stmt"/>
      <line num="1243" count="0" type="stmt"/>
      <line num="1245" count="0" type="stmt"/>
      <line num="1248" count="0" type="stmt"/>
      <line num="1251" count="0" type="cond" truecount="0" falsecount="2"/>
      <line num="1252" count="0" type="stmt"/>
      <line num="1256" count="0" type="cond" truecount="0" falsecount="2"/>
      <line num="1257" count="0" type="stmt"/>
      <line num="1260" count="0" type="stmt"/>
      <line num="1262" count="0" type="stmt"/>
      <line num="1263" count="0" type="stmt"/>
      <line num="1269" count="3" type="cond" truecount="1" falsecount="1"/>
      <line num="1270" count="0" type="stmt"/>
      <line num="1273" count="8" type="stmt"/>
      <line num="1274" count="3" type="stmt"/>
      <line num="1276" count="3" type="stmt"/>
      <line num="1285" count="0" type="stmt"/>
      <line num="1291" count="0" type="stmt"/>
      <line num="1296" count="0" type="stmt"/>
      <line num="1304" count="0" type="cond" truecount="0" falsecount="2"/>
      <line num="1305" count="0" type="stmt"/>
      <line num="1306" count="0" type="stmt"/>
      <line num="1307" count="0" type="stmt"/>
      <line num="1308" count="0" type="stmt"/>
      <line num="1309" count="0" type="stmt"/>
      <line num="1311" count="0" type="stmt"/>
      <line num="1315" count="0" type="cond" truecount="0" falsecount="2"/>
      <line num="1316" count="0" type="stmt"/>
      <line num="1317" count="0" type="stmt"/>
      <line num="1319" count="0" type="stmt"/>
      <line num="1323" count="0" type="stmt"/>
      <line num="1328" count="0" type="stmt"/>
      <line num="1334" count="0" type="stmt"/>
      <line num="1343" count="0" type="cond" truecount="0" falsecount="2"/>
      <line num="1347" count="0" type="stmt"/>
      <line num="1349" count="0" type="stmt"/>
      <line num="1359" count="0" type="stmt"/>
      <line num="1360" count="0" type="stmt"/>
      <line num="1361" count="0" type="stmt"/>
      <line num="1362" count="0" type="stmt"/>
      <line num="1367" count="9" type="stmt"/>
      <line num="1371" count="0" type="stmt"/>
      <line num="1389" count="0" type="stmt"/>
      <line num="1396" count="0" type="stmt"/>
      <line num="1405" count="0" type="stmt"/>
      <line num="1417" count="1" type="stmt"/>
      <line num="1418" count="1" type="stmt"/>
      <line num="1436" count="1" type="stmt"/>
      <line num="1441" count="1" type="stmt"/>
      <line num="1442" count="1" type="stmt"/>
      <line num="1448" count="0" type="stmt"/>
      <line num="1449" count="0" type="stmt"/>
      <line num="1454" count="1" type="stmt"/>
      <line num="1455" count="1" type="stmt"/>
      <line num="1457" count="1" type="cond" truecount="1" falsecount="1"/>
      <line num="1458" count="0" type="stmt"/>
      <line num="1459" count="0" type="cond" truecount="0" falsecount="2"/>
      <line num="1460" count="0" type="stmt"/>
      <line num="1464" count="1" type="cond" truecount="1" falsecount="1"/>
      <line num="1465" count="1" type="stmt"/>
      <line num="1466" count="1" type="cond" truecount="1" falsecount="1"/>
      <line num="1467" count="1" type="cond" truecount="1" falsecount="1"/>
      <line num="1468" count="1" type="cond" truecount="2" falsecount="0"/>
      <line num="1469" count="1" type="cond" truecount="2" falsecount="0"/>
      <line num="1472" count="1" type="cond" truecount="1" falsecount="1"/>
      <line num="1473" count="1" type="stmt"/>
      <line num="1477" count="1" type="cond" truecount="1" falsecount="1"/>
      <line num="1478" count="0" type="stmt"/>
      <line num="1482" count="1" type="stmt"/>
      <line num="1488" count="0" type="stmt"/>
      <line num="1489" count="0" type="stmt"/>
      <line num="1494" count="0" type="cond" truecount="0" falsecount="2"/>
      <line num="1498" count="0" type="stmt"/>
      <line num="1508" count="0" type="stmt"/>
      <line num="1509" count="0" type="stmt"/>
      <line num="1524" count="0" type="cond" truecount="0" falsecount="2"/>
      <line num="1525" count="0" type="stmt"/>
      <line num="1527" count="0" type="stmt"/>
      <line num="1531" count="0" type="stmt"/>
      <line num="1535" count="0" type="stmt"/>
      <line num="1536" count="0" type="stmt"/>
      <line num="1540" count="0" type="stmt"/>
      <line num="1541" count="0" type="stmt"/>
      <line num="1545" count="0" type="cond" truecount="0" falsecount="4"/>
      <line num="1546" count="0" type="stmt"/>
      <line num="1548" count="0" type="stmt"/>
      <line num="1554" count="0" type="stmt"/>
      <line num="1555" count="0" type="stmt"/>
      <line num="1560" count="12" type="stmt"/>
      <line num="1561" count="12" type="stmt"/>
      <line num="1562" count="219" type="stmt"/>
      <line num="1563" count="219" type="stmt"/>
      <line num="1564" count="219" type="stmt"/>
      <line num="1568" count="12" type="stmt"/>
      <line num="1569" count="12" type="stmt"/>
      <line num="1570" count="12" type="stmt"/>
      <line num="1571" count="768" type="stmt"/>
      <line num="1573" count="12" type="stmt"/>
      <line num="1577" count="0" type="stmt"/>
      <line num="1581" count="12" type="stmt"/>
      <line num="1586" count="0" type="stmt"/>
      <line num="1592" count="0" type="stmt"/>
      <line num="1598" count="0" type="stmt"/>
      <line num="1603" count="0" type="stmt"/>
      <line num="1611" count="0" type="stmt"/>
      <line num="1642" count="0" type="stmt"/>
      <line num="1649" count="0" type="cond" truecount="0" falsecount="2"/>
      <line num="1650" count="0" type="stmt"/>
      <line num="1651" count="0" type="cond" truecount="0" falsecount="2"/>
      <line num="1652" count="0" type="stmt"/>
      <line num="1653" count="0" type="cond" truecount="0" falsecount="2"/>
      <line num="1654" count="0" type="stmt"/>
      <line num="1655" count="0" type="cond" truecount="0" falsecount="2"/>
      <line num="1656" count="0" type="stmt"/>
      <line num="1659" count="0" type="stmt"/>
      <line num="1660" count="0" type="stmt"/>
      <line num="1668" count="0" type="stmt"/>
      <line num="1673" count="0" type="stmt"/>
      <line num="1680" count="0" type="stmt"/>
      <line num="1683" count="0" type="cond" truecount="0" falsecount="3"/>
      <line num="1686" count="0" type="cond" truecount="0" falsecount="2"/>
      <line num="1687" count="0" type="stmt"/>
      <line num="1688" count="0" type="cond" truecount="0" falsecount="2"/>
      <line num="1689" count="0" type="stmt"/>
      <line num="1690" count="0" type="cond" truecount="0" falsecount="2"/>
      <line num="1691" count="0" type="stmt"/>
      <line num="1692" count="0" type="cond" truecount="0" falsecount="2"/>
      <line num="1693" count="0" type="stmt"/>
      <line num="1695" count="0" type="stmt"/>
      <line num="1699" count="0" type="stmt"/>
      <line num="1704" count="0" type="stmt"/>
      <line num="1709" count="0" type="stmt"/>
      <line num="1719" count="1" type="cond" truecount="1" falsecount="1"/>
      <line num="1721" count="1" type="stmt"/>
      <line num="1722" count="1" type="stmt"/>
      <line num="1724" count="1" type="cond" truecount="1" falsecount="1"/>
      <line num="1725" count="1" type="stmt"/>
      <line num="1726" count="1" type="stmt"/>
      <line num="1727" count="0" type="cond" truecount="0" falsecount="2"/>
      <line num="1728" count="0" type="stmt"/>
      <line num="1729" count="0" type="stmt"/>
      <line num="1730" count="0" type="cond" truecount="0" falsecount="2"/>
      <line num="1731" count="0" type="stmt"/>
      <line num="1732" count="0" type="stmt"/>
      <line num="1735" count="1" type="stmt"/>
      <line num="1736" count="1" type="stmt"/>
      <line num="1738" count="1" type="stmt"/>
      <line num="1746" count="0" type="stmt"/>
      <line num="1760" count="0" type="stmt"/>
      <line num="1764" count="2" type="stmt"/>
      <line num="1766" count="2" type="cond" truecount="3" falsecount="1"/>
      <line num="1767" count="0" type="stmt"/>
      <line num="1771" count="2" type="stmt"/>
      <line num="1783" count="2" type="stmt"/>
      <line num="1785" count="0" type="stmt"/>
      <line num="1790" count="0" type="cond" truecount="0" falsecount="2"/>
      <line num="1791" count="0" type="stmt"/>
      <line num="1793" count="0" type="stmt"/>
      <line num="1799" count="2" type="stmt"/>
      <line num="1806" count="2" type="stmt"/>
      <line num="1808" count="2" type="stmt"/>
      <line num="1809" count="1" type="stmt"/>
      <line num="1810" count="0" type="stmt"/>
      <line num="1811" count="0" type="stmt"/>
      <line num="1812" count="0" type="stmt"/>
      <line num="1813" count="0" type="stmt"/>
      <line num="1814" count="1" type="stmt"/>
      <line num="1815" count="1" type="stmt"/>
      <line num="1816" count="1" type="stmt"/>
      <line num="1817" count="1" type="stmt"/>
      <line num="1818" count="1" type="stmt"/>
      <line num="1819" count="1" type="stmt"/>
      <line num="1820" count="1" type="stmt"/>
      <line num="1821" count="0" type="stmt"/>
      <line num="1822" count="0" type="stmt"/>
      <line num="1823" count="0" type="stmt"/>
      <line num="1831" count="1" type="stmt"/>
    </file>
  </project>
</coverage>
