{"/home/ubuntu/dev/hccg-hsinchu-pass-guardian/src/mobile/src/services/BLEBackgroundService.js": {"path":"/home/ubuntu/dev/hccg-hsinchu-pass-guardian/src/mobile/src/services/BLEBackgroundService.js","statementMap":{"0":{"start":{"line":15,"column":4},"end":{"line":15,"column":25}},"1":{"start":{"line":16,"column":4},"end":{"line":16,"column":28}},"2":{"start":{"line":17,"column":4},"end":{"line":17,"column":32}},"3":{"start":{"line":18,"column":4},"end":{"line":18,"column":28}},"4":{"start":{"line":19,"column":4},"end":{"line":19,"column":29}},"5":{"start":{"line":20,"column":4},"end":{"line":20,"column":53}},"6":{"start":{"line":21,"column":4},"end":{"line":21,"column":33}},"7":{"start":{"line":22,"column":4},"end":{"line":22,"column":27}},"8":{"start":{"line":23,"column":4},"end":{"line":23,"column":29}},"9":{"start":{"line":24,"column":4},"end":{"line":24,"column":25}},"10":{"start":{"line":25,"column":4},"end":{"line":25,"column":64}},"11":{"start":{"line":26,"column":4},"end":{"line":26,"column":29}},"12":{"start":{"line":27,"column":4},"end":{"line":27,"column":31}},"13":{"start":{"line":28,"column":4},"end":{"line":28,"column":49}},"14":{"start":{"line":29,"column":4},"end":{"line":29,"column":59}},"15":{"start":{"line":30,"column":4},"end":{"line":30,"column":33}},"16":{"start":{"line":31,"column":4},"end":{"line":31,"column":38}},"17":{"start":{"line":36,"column":4},"end":{"line":39,"column":5}},"18":{"start":{"line":38,"column":6},"end":{"line":38,"column":18}},"19":{"start":{"line":41,"column":4},"end":{"line":44,"column":5}},"20":{"start":{"line":43,"column":6},"end":{"line":43,"column":18}},"21":{"start":{"line":46,"column":4},"end":{"line":46,"column":16}},"22":{"start":{"line":50,"column":4},"end":{"line":50,"column":27}},"23":{"start":{"line":51,"column":4},"end":{"line":51,"column":34}},"24":{"start":{"line":52,"column":4},"end":{"line":52,"column":16}},"25":{"start":{"line":56,"column":4},"end":{"line":77,"column":5}},"26":{"start":{"line":58,"column":6},"end":{"line":64,"column":8}},"27":{"start":{"line":65,"column":11},"end":{"line":77,"column":5}},"28":{"start":{"line":67,"column":29},"end":{"line":67,"column":77}},"29":{"start":{"line":68,"column":31},"end":{"line":68,"column":109}},"30":{"start":{"line":70,"column":6},"end":{"line":76,"column":8}},"31":{"start":{"line":80,"column":4},"end":{"line":88,"column":5}},"32":{"start":{"line":81,"column":6},"end":{"line":87,"column":8}},"33":{"start":{"line":90,"column":4},"end":{"line":90,"column":51}},"34":{"start":{"line":91,"column":4},"end":{"line":91,"column":33}},"35":{"start":{"line":96,"column":16},"end":{"line":96,"column":61}},"36":{"start":{"line":97,"column":16},"end":{"line":97,"column":62}},"37":{"start":{"line":99,"column":4},"end":{"line":103,"column":6}},"38":{"start":{"line":107,"column":17},"end":{"line":107,"column":36}},"39":{"start":{"line":108,"column":20},"end":{"line":108,"column":85}},"40":{"start":{"line":109,"column":4},"end":{"line":109,"column":35}},"41":{"start":{"line":110,"column":4},"end":{"line":110,"column":30}},"42":{"start":{"line":115,"column":4},"end":{"line":115,"column":67}},"43":{"start":{"line":120,"column":4},"end":{"line":124,"column":7}},"44":{"start":{"line":121,"column":16},"end":{"line":121,"column":38}},"45":{"start":{"line":122,"column":16},"end":{"line":122,"column":47}},"46":{"start":{"line":123,"column":6},"end":{"line":123,"column":28}},"47":{"start":{"line":129,"column":4},"end":{"line":129,"column":59}},"48":{"start":{"line":130,"column":4},"end":{"line":130,"column":16}},"49":{"start":{"line":134,"column":4},"end":{"line":138,"column":6}},"50":{"start":{"line":139,"column":4},"end":{"line":139,"column":31}},"51":{"start":{"line":143,"column":4},"end":{"line":143,"column":32}},"52":{"start":{"line":144,"column":4},"end":{"line":144,"column":39}},"53":{"start":{"line":145,"column":4},"end":{"line":145,"column":59}},"54":{"start":{"line":146,"column":4},"end":{"line":146,"column":16}},"55":{"start":{"line":150,"column":4},"end":{"line":154,"column":6}},"56":{"start":{"line":160,"column":4},"end":{"line":160,"column":16}},"57":{"start":{"line":164,"column":4},"end":{"line":164,"column":31}},"58":{"start":{"line":169,"column":4},"end":{"line":169,"column":30}},"59":{"start":{"line":173,"column":4},"end":{"line":173,"column":41}},"60":{"start":{"line":178,"column":4},"end":{"line":178,"column":37}},"61":{"start":{"line":182,"column":4},"end":{"line":182,"column":39}},"62":{"start":{"line":186,"column":4},"end":{"line":186,"column":27}},"63":{"start":{"line":190,"column":4},"end":{"line":190,"column":33}},"64":{"start":{"line":195,"column":4},"end":{"line":207,"column":5}},"65":{"start":{"line":197,"column":6},"end":{"line":201,"column":8}},"66":{"start":{"line":202,"column":6},"end":{"line":202,"column":55}},"67":{"start":{"line":205,"column":6},"end":{"line":205,"column":38}},"68":{"start":{"line":206,"column":6},"end":{"line":206,"column":18}},"69":{"start":{"line":211,"column":4},"end":{"line":211,"column":33}},"70":{"start":{"line":215,"column":4},"end":{"line":215,"column":29}},"71":{"start":{"line":220,"column":4},"end":{"line":220,"column":16}},"72":{"start":{"line":225,"column":4},"end":{"line":225,"column":28}},"73":{"start":{"line":226,"column":4},"end":{"line":229,"column":6}},"74":{"start":{"line":233,"column":4},"end":{"line":233,"column":42}},"75":{"start":{"line":237,"column":4},"end":{"line":237,"column":31}},"76":{"start":{"line":241,"column":4},"end":{"line":241,"column":42}},"77":{"start":{"line":245,"column":4},"end":{"line":254,"column":5}},"78":{"start":{"line":246,"column":6},"end":{"line":251,"column":8}},"79":{"start":{"line":252,"column":11},"end":{"line":254,"column":5}},"80":{"start":{"line":253,"column":6},"end":{"line":253,"column":29}},"81":{"start":{"line":258,"column":4},"end":{"line":258,"column":23}},"82":{"start":{"line":262,"column":4},"end":{"line":262,"column":27}},"83":{"start":{"line":267,"column":4},"end":{"line":267,"column":38}},"84":{"start":{"line":268,"column":4},"end":{"line":272,"column":6}},"85":{"start":{"line":271,"column":45},"end":{"line":271,"column":57}},"86":{"start":{"line":276,"column":4},"end":{"line":276,"column":35}},"87":{"start":{"line":280,"column":4},"end":{"line":280,"column":38}},"88":{"start":{"line":285,"column":4},"end":{"line":285,"column":32}},"89":{"start":{"line":289,"column":4},"end":{"line":289,"column":34}},"90":{"start":{"line":293,"column":4},"end":{"line":293,"column":31}},"91":{"start":{"line":297,"column":4},"end":{"line":297,"column":34}}},"fnMap":{"0":{"name":"(anonymous_0)","decl":{"start":{"line":14,"column":2},"end":{"line":14,"column":3}},"loc":{"start":{"line":14,"column":22},"end":{"line":32,"column":3}},"line":14},"1":{"name":"(anonymous_1)","decl":{"start":{"line":35,"column":2},"end":{"line":35,"column":3}},"loc":{"start":{"line":35,"column":40},"end":{"line":47,"column":3}},"line":35},"2":{"name":"(anonymous_2)","decl":{"start":{"line":49,"column":2},"end":{"line":49,"column":3}},"loc":{"start":{"line":49,"column":46},"end":{"line":53,"column":3}},"line":49},"3":{"name":"(anonymous_3)","decl":{"start":{"line":55,"column":2},"end":{"line":55,"column":3}},"loc":{"start":{"line":55,"column":54},"end":{"line":92,"column":3}},"line":55},"4":{"name":"(anonymous_4)","decl":{"start":{"line":94,"column":2},"end":{"line":94,"column":3}},"loc":{"start":{"line":94,"column":31},"end":{"line":104,"column":3}},"line":94},"5":{"name":"(anonymous_5)","decl":{"start":{"line":106,"column":2},"end":{"line":106,"column":3}},"loc":{"start":{"line":106,"column":55},"end":{"line":111,"column":3}},"line":106},"6":{"name":"(anonymous_6)","decl":{"start":{"line":113,"column":2},"end":{"line":113,"column":3}},"loc":{"start":{"line":113,"column":31},"end":{"line":116,"column":3}},"line":113},"7":{"name":"(anonymous_7)","decl":{"start":{"line":118,"column":2},"end":{"line":118,"column":3}},"loc":{"start":{"line":118,"column":24},"end":{"line":125,"column":3}},"line":118},"8":{"name":"(anonymous_8)","decl":{"start":{"line":120,"column":67},"end":{"line":120,"column":68}},"loc":{"start":{"line":120,"column":79},"end":{"line":124,"column":5}},"line":120},"9":{"name":"(anonymous_9)","decl":{"start":{"line":128,"column":2},"end":{"line":128,"column":3}},"loc":{"start":{"line":128,"column":24},"end":{"line":131,"column":3}},"line":128},"10":{"name":"(anonymous_10)","decl":{"start":{"line":133,"column":2},"end":{"line":133,"column":3}},"loc":{"start":{"line":133,"column":40},"end":{"line":140,"column":3}},"line":133},"11":{"name":"(anonymous_11)","decl":{"start":{"line":142,"column":2},"end":{"line":142,"column":3}},"loc":{"start":{"line":142,"column":41},"end":{"line":147,"column":3}},"line":142},"12":{"name":"(anonymous_12)","decl":{"start":{"line":149,"column":2},"end":{"line":149,"column":3}},"loc":{"start":{"line":149,"column":42},"end":{"line":155,"column":3}},"line":149},"13":{"name":"(anonymous_13)","decl":{"start":{"line":158,"column":2},"end":{"line":158,"column":3}},"loc":{"start":{"line":158,"column":37},"end":{"line":161,"column":3}},"line":158},"14":{"name":"(anonymous_14)","decl":{"start":{"line":163,"column":2},"end":{"line":163,"column":3}},"loc":{"start":{"line":163,"column":22},"end":{"line":165,"column":3}},"line":163},"15":{"name":"(anonymous_15)","decl":{"start":{"line":168,"column":2},"end":{"line":168,"column":3}},"loc":{"start":{"line":168,"column":36},"end":{"line":170,"column":3}},"line":168},"16":{"name":"(anonymous_16)","decl":{"start":{"line":172,"column":2},"end":{"line":172,"column":3}},"loc":{"start":{"line":172,"column":28},"end":{"line":174,"column":3}},"line":172},"17":{"name":"(anonymous_17)","decl":{"start":{"line":177,"column":2},"end":{"line":177,"column":3}},"loc":{"start":{"line":177,"column":42},"end":{"line":179,"column":3}},"line":177},"18":{"name":"(anonymous_18)","decl":{"start":{"line":181,"column":2},"end":{"line":181,"column":3}},"loc":{"start":{"line":181,"column":18},"end":{"line":183,"column":3}},"line":181},"19":{"name":"(anonymous_19)","decl":{"start":{"line":185,"column":2},"end":{"line":185,"column":3}},"loc":{"start":{"line":185,"column":18},"end":{"line":187,"column":3}},"line":185},"20":{"name":"(anonymous_20)","decl":{"start":{"line":189,"column":2},"end":{"line":189,"column":3}},"loc":{"start":{"line":189,"column":24},"end":{"line":191,"column":3}},"line":189},"21":{"name":"(anonymous_21)","decl":{"start":{"line":194,"column":2},"end":{"line":194,"column":3}},"loc":{"start":{"line":194,"column":34},"end":{"line":208,"column":3}},"line":194},"22":{"name":"(anonymous_22)","decl":{"start":{"line":210,"column":2},"end":{"line":210,"column":3}},"loc":{"start":{"line":210,"column":24},"end":{"line":212,"column":3}},"line":210},"23":{"name":"(anonymous_23)","decl":{"start":{"line":214,"column":2},"end":{"line":214,"column":3}},"loc":{"start":{"line":214,"column":20},"end":{"line":216,"column":3}},"line":214},"24":{"name":"(anonymous_24)","decl":{"start":{"line":218,"column":2},"end":{"line":218,"column":3}},"loc":{"start":{"line":218,"column":26},"end":{"line":221,"column":3}},"line":218},"25":{"name":"(anonymous_25)","decl":{"start":{"line":224,"column":2},"end":{"line":224,"column":3}},"loc":{"start":{"line":224,"column":33},"end":{"line":230,"column":3}},"line":224},"26":{"name":"(anonymous_26)","decl":{"start":{"line":232,"column":2},"end":{"line":232,"column":3}},"loc":{"start":{"line":232,"column":49},"end":{"line":234,"column":3}},"line":232},"27":{"name":"(anonymous_27)","decl":{"start":{"line":236,"column":2},"end":{"line":236,"column":3}},"loc":{"start":{"line":236,"column":22},"end":{"line":238,"column":3}},"line":236},"28":{"name":"(anonymous_28)","decl":{"start":{"line":240,"column":2},"end":{"line":240,"column":3}},"loc":{"start":{"line":240,"column":15},"end":{"line":242,"column":3}},"line":240},"29":{"name":"(anonymous_29)","decl":{"start":{"line":244,"column":2},"end":{"line":244,"column":3}},"loc":{"start":{"line":244,"column":42},"end":{"line":255,"column":3}},"line":244},"30":{"name":"(anonymous_30)","decl":{"start":{"line":257,"column":2},"end":{"line":257,"column":3}},"loc":{"start":{"line":257,"column":14},"end":{"line":259,"column":3}},"line":257},"31":{"name":"(anonymous_31)","decl":{"start":{"line":261,"column":2},"end":{"line":261,"column":3}},"loc":{"start":{"line":261,"column":15},"end":{"line":263,"column":3}},"line":261},"32":{"name":"(anonymous_32)","decl":{"start":{"line":266,"column":2},"end":{"line":266,"column":3}},"loc":{"start":{"line":266,"column":39},"end":{"line":273,"column":3}},"line":266},"33":{"name":"(anonymous_33)","decl":{"start":{"line":271,"column":40},"end":{"line":271,"column":41}},"loc":{"start":{"line":271,"column":45},"end":{"line":271,"column":57}},"line":271},"34":{"name":"(anonymous_34)","decl":{"start":{"line":275,"column":2},"end":{"line":275,"column":3}},"loc":{"start":{"line":275,"column":26},"end":{"line":277,"column":3}},"line":275},"35":{"name":"(anonymous_35)","decl":{"start":{"line":279,"column":2},"end":{"line":279,"column":3}},"loc":{"start":{"line":279,"column":29},"end":{"line":281,"column":3}},"line":279},"36":{"name":"(anonymous_36)","decl":{"start":{"line":284,"column":2},"end":{"line":284,"column":3}},"loc":{"start":{"line":284,"column":23},"end":{"line":286,"column":3}},"line":284},"37":{"name":"(anonymous_37)","decl":{"start":{"line":288,"column":2},"end":{"line":288,"column":3}},"loc":{"start":{"line":288,"column":25},"end":{"line":290,"column":3}},"line":288},"38":{"name":"(anonymous_38)","decl":{"start":{"line":292,"column":2},"end":{"line":292,"column":3}},"loc":{"start":{"line":292,"column":22},"end":{"line":294,"column":3}},"line":292},"39":{"name":"(anonymous_39)","decl":{"start":{"line":296,"column":2},"end":{"line":296,"column":3}},"loc":{"start":{"line":296,"column":25},"end":{"line":298,"column":3}},"line":296}},"branchMap":{"0":{"loc":{"start":{"line":35,"column":26},"end":{"line":35,"column":38}},"type":"default-arg","locations":[{"start":{"line":35,"column":36},"end":{"line":35,"column":38}}],"line":35},"1":{"loc":{"start":{"line":36,"column":4},"end":{"line":39,"column":5}},"type":"if","locations":[{"start":{"line":36,"column":4},"end":{"line":39,"column":5}},{"start":{},"end":{}}],"line":36},"2":{"loc":{"start":{"line":41,"column":4},"end":{"line":44,"column":5}},"type":"if","locations":[{"start":{"line":41,"column":4},"end":{"line":44,"column":5}},{"start":{},"end":{}}],"line":41},"3":{"loc":{"start":{"line":49,"column":32},"end":{"line":49,"column":44}},"type":"default-arg","locations":[{"start":{"line":49,"column":42},"end":{"line":49,"column":44}}],"line":49},"4":{"loc":{"start":{"line":55,"column":40},"end":{"line":55,"column":52}},"type":"default-arg","locations":[{"start":{"line":55,"column":50},"end":{"line":55,"column":52}}],"line":55},"5":{"loc":{"start":{"line":56,"column":4},"end":{"line":77,"column":5}},"type":"if","locations":[{"start":{"line":56,"column":4},"end":{"line":77,"column":5}},{"start":{"line":65,"column":11},"end":{"line":77,"column":5}}],"line":56},"6":{"loc":{"start":{"line":61,"column":19},"end":{"line":61,"column":63}},"type":"binary-expr","locations":[{"start":{"line":61,"column":19},"end":{"line":61,"column":35}},{"start":{"line":61,"column":39},"end":{"line":61,"column":63}}],"line":61},"7":{"loc":{"start":{"line":65,"column":11},"end":{"line":77,"column":5}},"type":"if","locations":[{"start":{"line":65,"column":11},"end":{"line":77,"column":5}},{"start":{},"end":{}}],"line":65},"8":{"loc":{"start":{"line":65,"column":15},"end":{"line":65,"column":73}},"type":"binary-expr","locations":[{"start":{"line":65,"column":15},"end":{"line":65,"column":46}},{"start":{"line":65,"column":50},"end":{"line":65,"column":73}}],"line":65},"9":{"loc":{"start":{"line":68,"column":61},"end":{"line":68,"column":105}},"type":"binary-expr","locations":[{"start":{"line":68,"column":61},"end":{"line":68,"column":77}},{"start":{"line":68,"column":81},"end":{"line":68,"column":105}}],"line":68},"10":{"loc":{"start":{"line":80,"column":4},"end":{"line":88,"column":5}},"type":"if","locations":[{"start":{"line":80,"column":4},"end":{"line":88,"column":5}},{"start":{},"end":{}}],"line":80},"11":{"loc":{"start":{"line":122,"column":16},"end":{"line":122,"column":47}},"type":"cond-expr","locations":[{"start":{"line":122,"column":28},"end":{"line":122,"column":29}},{"start":{"line":122,"column":33},"end":{"line":122,"column":46}}],"line":122},"12":{"loc":{"start":{"line":145,"column":29},"end":{"line":145,"column":58}},"type":"binary-expr","locations":[{"start":{"line":145,"column":29},"end":{"line":145,"column":52}},{"start":{"line":145,"column":56},"end":{"line":145,"column":58}}],"line":145},"13":{"loc":{"start":{"line":245,"column":4},"end":{"line":254,"column":5}},"type":"if","locations":[{"start":{"line":245,"column":4},"end":{"line":254,"column":5}},{"start":{"line":252,"column":11},"end":{"line":254,"column":5}}],"line":245},"14":{"loc":{"start":{"line":252,"column":11},"end":{"line":254,"column":5}},"type":"if","locations":[{"start":{"line":252,"column":11},"end":{"line":254,"column":5}},{"start":{},"end":{}}],"line":252},"15":{"loc":{"start":{"line":252,"column":15},"end":{"line":252,"column":56}},"type":"binary-expr","locations":[{"start":{"line":252,"column":15},"end":{"line":252,"column":36}},{"start":{"line":252,"column":40},"end":{"line":252,"column":56}}],"line":252}},"s":{"0":30,"1":30,"2":30,"3":30,"4":30,"5":30,"6":30,"7":30,"8":30,"9":30,"10":30,"11":30,"12":30,"13":30,"14":30,"15":30,"16":30,"17":0,"18":0,"19":0,"20":0,"21":0,"22":0,"23":0,"24":0,"25":5,"26":0,"27":5,"28":0,"29":0,"30":0,"31":5,"32":1,"33":5,"34":5,"35":0,"36":0,"37":0,"38":0,"39":0,"40":0,"41":0,"42":2,"43":0,"44":0,"45":0,"46":0,"47":0,"48":0,"49":0,"50":0,"51":0,"52":0,"53":0,"54":0,"55":0,"56":0,"57":0,"58":2,"59":0,"60":2,"61":0,"62":0,"63":0,"64":3,"65":3,"66":3,"67":0,"68":0,"69":0,"70":0,"71":1,"72":0,"73":0,"74":1,"75":0,"76":0,"77":0,"78":0,"79":0,"80":0,"81":0,"82":0,"83":1,"84":1,"85":2,"86":0,"87":0,"88":0,"89":0,"90":0,"91":0},"f":{"0":30,"1":0,"2":0,"3":5,"4":0,"5":0,"6":2,"7":0,"8":0,"9":0,"10":0,"11":0,"12":0,"13":0,"14":0,"15":2,"16":0,"17":2,"18":0,"19":0,"20":0,"21":3,"22":0,"23":0,"24":1,"25":0,"26":1,"27":0,"28":0,"29":0,"30":0,"31":0,"32":1,"33":2,"34":0,"35":0,"36":0,"37":0,"38":0,"39":0},"b":{"0":[0],"1":[0,0],"2":[0,0],"3":[0],"4":[4],"5":[0,5],"6":[0,0],"7":[0,5],"8":[5,0],"9":[0,0],"10":[1,4],"11":[0,0],"12":[0,0],"13":[0,0],"14":[0,0],"15":[0,0]},"_coverageSchema":"1a1c01bbd47fc00a2c39e90264f33305004495a9","hash":"428c652dcad9ca6bd831d73671c2a38259433182"}
,"/home/ubuntu/dev/hccg-hsinchu-pass-guardian/src/mobile/src/services/MobileGeofenceEngine.js": {"path":"/home/ubuntu/dev/hccg-hsinchu-pass-guardian/src/mobile/src/services/MobileGeofenceEngine.js","statementMap":{"0":{"start":{"line":15,"column":4},"end":{"line":15,"column":25}},"1":{"start":{"line":16,"column":4},"end":{"line":16,"column":41}},"2":{"start":{"line":17,"column":4},"end":{"line":17,"column":34}},"3":{"start":{"line":18,"column":4},"end":{"line":18,"column":27}},"4":{"start":{"line":19,"column":4},"end":{"line":19,"column":29}},"5":{"start":{"line":20,"column":4},"end":{"line":20,"column":29}},"6":{"start":{"line":21,"column":4},"end":{"line":21,"column":43}},"7":{"start":{"line":22,"column":4},"end":{"line":22,"column":53}},"8":{"start":{"line":23,"column":4},"end":{"line":23,"column":33}},"9":{"start":{"line":24,"column":4},"end":{"line":24,"column":30}},"10":{"start":{"line":25,"column":4},"end":{"line":25,"column":48}},"11":{"start":{"line":26,"column":4},"end":{"line":26,"column":30}},"12":{"start":{"line":27,"column":4},"end":{"line":27,"column":27}},"13":{"start":{"line":28,"column":4},"end":{"line":28,"column":38}},"14":{"start":{"line":29,"column":4},"end":{"line":29,"column":59}},"15":{"start":{"line":34,"column":4},"end":{"line":34,"column":29}},"16":{"start":{"line":38,"column":4},"end":{"line":38,"column":29}},"17":{"start":{"line":42,"column":4},"end":{"line":42,"column":16}},"18":{"start":{"line":46,"column":4},"end":{"line":51,"column":6}},"19":{"start":{"line":55,"column":4},"end":{"line":55,"column":20}},"20":{"start":{"line":60,"column":4},"end":{"line":62,"column":5}},"21":{"start":{"line":61,"column":6},"end":{"line":61,"column":52}},"22":{"start":{"line":64,"column":31},"end":{"line":70,"column":5}},"23":{"start":{"line":72,"column":4},"end":{"line":72,"column":54}},"24":{"start":{"line":73,"column":4},"end":{"line":73,"column":30}},"25":{"start":{"line":77,"column":4},"end":{"line":80,"column":5}},"26":{"start":{"line":78,"column":6},"end":{"line":78,"column":56}},"27":{"start":{"line":79,"column":6},"end":{"line":79,"column":52}},"28":{"start":{"line":81,"column":4},"end":{"line":81,"column":41}},"29":{"start":{"line":82,"column":4},"end":{"line":82,"column":36}},"30":{"start":{"line":86,"column":4},"end":{"line":86,"column":36}},"31":{"start":{"line":90,"column":4},"end":{"line":90,"column":29}},"32":{"start":{"line":94,"column":4},"end":{"line":94,"column":16}},"33":{"start":{"line":98,"column":4},"end":{"line":98,"column":32}},"34":{"start":{"line":102,"column":4},"end":{"line":102,"column":40}},"35":{"start":{"line":107,"column":4},"end":{"line":115,"column":6}},"36":{"start":{"line":119,"column":4},"end":{"line":124,"column":6}},"37":{"start":{"line":128,"column":20},"end":{"line":135,"column":5}},"38":{"start":{"line":129,"column":37},"end":{"line":133,"column":7}},"39":{"start":{"line":137,"column":4},"end":{"line":137,"column":37}},"40":{"start":{"line":138,"column":4},"end":{"line":138,"column":19}},"41":{"start":{"line":142,"column":4},"end":{"line":142,"column":34}},"42":{"start":{"line":146,"column":26},"end":{"line":149,"column":5}},"43":{"start":{"line":151,"column":4},"end":{"line":151,"column":39}},"44":{"start":{"line":152,"column":4},"end":{"line":152,"column":25}},"45":{"start":{"line":156,"column":4},"end":{"line":156,"column":30}},"46":{"start":{"line":161,"column":4},"end":{"line":168,"column":5}},"47":{"start":{"line":162,"column":6},"end":{"line":166,"column":8}},"48":{"start":{"line":167,"column":6},"end":{"line":167,"column":65}},"49":{"start":{"line":170,"column":4},"end":{"line":170,"column":42}},"50":{"start":{"line":171,"column":4},"end":{"line":171,"column":20}},"51":{"start":{"line":175,"column":4},"end":{"line":175,"column":38}},"52":{"start":{"line":179,"column":4},"end":{"line":179,"column":38}},"53":{"start":{"line":183,"column":4},"end":{"line":185,"column":5}},"54":{"start":{"line":184,"column":6},"end":{"line":184,"column":43}},"55":{"start":{"line":188,"column":21},"end":{"line":188,"column":43}},"56":{"start":{"line":189,"column":25},"end":{"line":189,"column":52}},"57":{"start":{"line":191,"column":4},"end":{"line":194,"column":6}},"58":{"start":{"line":199,"column":4},"end":{"line":202,"column":28}},"59":{"start":{"line":199,"column":32},"end":{"line":199,"column":47}},"60":{"start":{"line":200,"column":9},"end":{"line":202,"column":28}},"61":{"start":{"line":200,"column":37},"end":{"line":200,"column":54}},"62":{"start":{"line":201,"column":9},"end":{"line":202,"column":28}},"63":{"start":{"line":201,"column":38},"end":{"line":201,"column":52}},"64":{"start":{"line":202,"column":9},"end":{"line":202,"column":28}},"65":{"start":{"line":204,"column":4},"end":{"line":207,"column":6}},"66":{"start":{"line":212,"column":24},"end":{"line":217,"column":5}},"67":{"start":{"line":219,"column":4},"end":{"line":219,"column":40}},"68":{"start":{"line":220,"column":4},"end":{"line":220,"column":23}},"69":{"start":{"line":224,"column":4},"end":{"line":224,"column":29}},"70":{"start":{"line":229,"column":16},"end":{"line":229,"column":26}},"71":{"start":{"line":230,"column":4},"end":{"line":242,"column":7}},"72":{"start":{"line":231,"column":6},"end":{"line":240,"column":7}},"73":{"start":{"line":233,"column":30},"end":{"line":237,"column":9}},"74":{"start":{"line":238,"column":8},"end":{"line":238,"column":48}},"75":{"start":{"line":239,"column":8},"end":{"line":239,"column":21}},"76":{"start":{"line":241,"column":6},"end":{"line":241,"column":18}},"77":{"start":{"line":244,"column":4},"end":{"line":244,"column":29}},"78":{"start":{"line":248,"column":4},"end":{"line":248,"column":63}},"79":{"start":{"line":252,"column":4},"end":{"line":252,"column":31}},"80":{"start":{"line":257,"column":24},"end":{"line":257,"column":35}},"81":{"start":{"line":258,"column":29},"end":{"line":258,"column":72}},"82":{"start":{"line":259,"column":16},"end":{"line":259,"column":26}},"83":{"start":{"line":261,"column":4},"end":{"line":264,"column":5}},"84":{"start":{"line":263,"column":6},"end":{"line":263,"column":58}},"85":{"start":{"line":267,"column":4},"end":{"line":267,"column":53}},"86":{"start":{"line":268,"column":4},"end":{"line":268,"column":26}},"87":{"start":{"line":272,"column":29},"end":{"line":272,"column":71}},"88":{"start":{"line":273,"column":4},"end":{"line":273,"column":56}},"89":{"start":{"line":273,"column":27},"end":{"line":273,"column":56}},"90":{"start":{"line":275,"column":16},"end":{"line":275,"column":26}},"91":{"start":{"line":276,"column":27},"end":{"line":276,"column":40}},"92":{"start":{"line":277,"column":20},"end":{"line":277,"column":42}},"93":{"start":{"line":279,"column":4},"end":{"line":283,"column":6}},"94":{"start":{"line":288,"column":4},"end":{"line":288,"column":40}},"95":{"start":{"line":293,"column":29},"end":{"line":293,"column":85}},"96":{"start":{"line":294,"column":4},"end":{"line":298,"column":8}},"97":{"start":{"line":294,"column":54},"end":{"line":298,"column":5}},"98":{"start":{"line":300,"column":4},"end":{"line":300,"column":32}},"99":{"start":{"line":304,"column":4},"end":{"line":304,"column":32}},"100":{"start":{"line":308,"column":4},"end":{"line":323,"column":5}},"101":{"start":{"line":309,"column":21},"end":{"line":312,"column":8}},"102":{"start":{"line":313,"column":6},"end":{"line":313,"column":20}},"103":{"start":{"line":316,"column":26},"end":{"line":320,"column":7}},"104":{"start":{"line":321,"column":6},"end":{"line":321,"column":42}},"105":{"start":{"line":322,"column":6},"end":{"line":322,"column":18}},"106":{"start":{"line":327,"column":4},"end":{"line":327,"column":29}},"107":{"start":{"line":332,"column":4},"end":{"line":337,"column":6}},"108":{"start":{"line":338,"column":4},"end":{"line":338,"column":39}},"109":{"start":{"line":342,"column":4},"end":{"line":342,"column":38}},"110":{"start":{"line":346,"column":4},"end":{"line":351,"column":6}},"111":{"start":{"line":352,"column":4},"end":{"line":352,"column":33}},"112":{"start":{"line":356,"column":4},"end":{"line":356,"column":33}},"113":{"start":{"line":361,"column":4},"end":{"line":364,"column":7}},"114":{"start":{"line":366,"column":4},"end":{"line":368,"column":5}},"115":{"start":{"line":367,"column":6},"end":{"line":367,"column":50}},"116":{"start":{"line":370,"column":4},"end":{"line":370,"column":29}},"117":{"start":{"line":374,"column":4},"end":{"line":374,"column":32}},"118":{"start":{"line":378,"column":4},"end":{"line":378,"column":16}},"119":{"start":{"line":382,"column":4},"end":{"line":387,"column":6}},"120":{"start":{"line":388,"column":4},"end":{"line":388,"column":31}},"121":{"start":{"line":392,"column":4},"end":{"line":392,"column":31}}},"fnMap":{"0":{"name":"(anonymous_0)","decl":{"start":{"line":14,"column":2},"end":{"line":14,"column":3}},"loc":{"start":{"line":14,"column":38},"end":{"line":30,"column":3}},"line":14},"1":{"name":"(anonymous_1)","decl":{"start":{"line":33,"column":2},"end":{"line":33,"column":3}},"loc":{"start":{"line":33,"column":24},"end":{"line":35,"column":3}},"line":33},"2":{"name":"(anonymous_2)","decl":{"start":{"line":37,"column":2},"end":{"line":37,"column":3}},"loc":{"start":{"line":37,"column":36},"end":{"line":39,"column":3}},"line":37},"3":{"name":"(anonymous_3)","decl":{"start":{"line":41,"column":2},"end":{"line":41,"column":3}},"loc":{"start":{"line":41,"column":31},"end":{"line":43,"column":3}},"line":41},"4":{"name":"(anonymous_4)","decl":{"start":{"line":45,"column":2},"end":{"line":45,"column":3}},"loc":{"start":{"line":45,"column":32},"end":{"line":52,"column":3}},"line":45},"5":{"name":"(anonymous_5)","decl":{"start":{"line":54,"column":2},"end":{"line":54,"column":3}},"loc":{"start":{"line":54,"column":32},"end":{"line":56,"column":3}},"line":54},"6":{"name":"(anonymous_6)","decl":{"start":{"line":59,"column":2},"end":{"line":59,"column":3}},"loc":{"start":{"line":59,"column":35},"end":{"line":74,"column":3}},"line":59},"7":{"name":"(anonymous_7)","decl":{"start":{"line":76,"column":2},"end":{"line":76,"column":3}},"loc":{"start":{"line":76,"column":37},"end":{"line":83,"column":3}},"line":76},"8":{"name":"(anonymous_8)","decl":{"start":{"line":85,"column":2},"end":{"line":85,"column":3}},"loc":{"start":{"line":85,"column":27},"end":{"line":87,"column":3}},"line":85},"9":{"name":"(anonymous_9)","decl":{"start":{"line":89,"column":2},"end":{"line":89,"column":3}},"loc":{"start":{"line":89,"column":46},"end":{"line":91,"column":3}},"line":89},"10":{"name":"(anonymous_10)","decl":{"start":{"line":93,"column":2},"end":{"line":93,"column":3}},"loc":{"start":{"line":93,"column":33},"end":{"line":95,"column":3}},"line":93},"11":{"name":"(anonymous_11)","decl":{"start":{"line":97,"column":2},"end":{"line":97,"column":3}},"loc":{"start":{"line":97,"column":30},"end":{"line":99,"column":3}},"line":97},"12":{"name":"(anonymous_12)","decl":{"start":{"line":101,"column":2},"end":{"line":101,"column":3}},"loc":{"start":{"line":101,"column":17},"end":{"line":103,"column":3}},"line":101},"13":{"name":"(anonymous_13)","decl":{"start":{"line":106,"column":2},"end":{"line":106,"column":3}},"loc":{"start":{"line":106,"column":28},"end":{"line":116,"column":3}},"line":106},"14":{"name":"(anonymous_14)","decl":{"start":{"line":118,"column":2},"end":{"line":118,"column":3}},"loc":{"start":{"line":118,"column":32},"end":{"line":125,"column":3}},"line":118},"15":{"name":"(anonymous_15)","decl":{"start":{"line":127,"column":2},"end":{"line":127,"column":3}},"loc":{"start":{"line":127,"column":43},"end":{"line":139,"column":3}},"line":127},"16":{"name":"(anonymous_16)","decl":{"start":{"line":129,"column":31},"end":{"line":129,"column":32}},"loc":{"start":{"line":129,"column":37},"end":{"line":133,"column":7}},"line":129},"17":{"name":"(anonymous_17)","decl":{"start":{"line":141,"column":2},"end":{"line":141,"column":3}},"loc":{"start":{"line":141,"column":25},"end":{"line":143,"column":3}},"line":141},"18":{"name":"(anonymous_18)","decl":{"start":{"line":145,"column":2},"end":{"line":145,"column":3}},"loc":{"start":{"line":145,"column":38},"end":{"line":153,"column":3}},"line":145},"19":{"name":"(anonymous_19)","decl":{"start":{"line":155,"column":2},"end":{"line":155,"column":3}},"loc":{"start":{"line":155,"column":21},"end":{"line":157,"column":3}},"line":155},"20":{"name":"(anonymous_20)","decl":{"start":{"line":160,"column":2},"end":{"line":160,"column":3}},"loc":{"start":{"line":160,"column":40},"end":{"line":172,"column":3}},"line":160},"21":{"name":"(anonymous_21)","decl":{"start":{"line":174,"column":2},"end":{"line":174,"column":3}},"loc":{"start":{"line":174,"column":29},"end":{"line":176,"column":3}},"line":174},"22":{"name":"(anonymous_22)","decl":{"start":{"line":178,"column":2},"end":{"line":178,"column":3}},"loc":{"start":{"line":178,"column":29},"end":{"line":180,"column":3}},"line":178},"23":{"name":"(anonymous_23)","decl":{"start":{"line":182,"column":2},"end":{"line":182,"column":3}},"loc":{"start":{"line":182,"column":55},"end":{"line":195,"column":3}},"line":182},"24":{"name":"(anonymous_24)","decl":{"start":{"line":197,"column":2},"end":{"line":197,"column":3}},"loc":{"start":{"line":197,"column":46},"end":{"line":208,"column":3}},"line":197},"25":{"name":"(anonymous_25)","decl":{"start":{"line":211,"column":2},"end":{"line":211,"column":3}},"loc":{"start":{"line":211,"column":48},"end":{"line":221,"column":3}},"line":211},"26":{"name":"(anonymous_26)","decl":{"start":{"line":223,"column":2},"end":{"line":223,"column":3}},"loc":{"start":{"line":223,"column":20},"end":{"line":225,"column":3}},"line":223},"27":{"name":"(anonymous_27)","decl":{"start":{"line":227,"column":2},"end":{"line":227,"column":3}},"loc":{"start":{"line":227,"column":39},"end":{"line":245,"column":3}},"line":227},"28":{"name":"(anonymous_28)","decl":{"start":{"line":230,"column":49},"end":{"line":230,"column":50}},"loc":{"start":{"line":230,"column":57},"end":{"line":242,"column":5}},"line":230},"29":{"name":"(anonymous_29)","decl":{"start":{"line":247,"column":2},"end":{"line":247,"column":3}},"loc":{"start":{"line":247,"column":25},"end":{"line":249,"column":3}},"line":247},"30":{"name":"(anonymous_30)","decl":{"start":{"line":251,"column":2},"end":{"line":251,"column":3}},"loc":{"start":{"line":251,"column":22},"end":{"line":253,"column":3}},"line":251},"31":{"name":"(anonymous_31)","decl":{"start":{"line":256,"column":2},"end":{"line":256,"column":3}},"loc":{"start":{"line":256,"column":48},"end":{"line":269,"column":3}},"line":256},"32":{"name":"(anonymous_32)","decl":{"start":{"line":271,"column":2},"end":{"line":271,"column":3}},"loc":{"start":{"line":271,"column":44},"end":{"line":284,"column":3}},"line":271},"33":{"name":"(anonymous_33)","decl":{"start":{"line":286,"column":2},"end":{"line":286,"column":3}},"loc":{"start":{"line":286,"column":58},"end":{"line":289,"column":3}},"line":286},"34":{"name":"(anonymous_34)","decl":{"start":{"line":292,"column":2},"end":{"line":292,"column":3}},"loc":{"start":{"line":292,"column":26},"end":{"line":301,"column":3}},"line":292},"35":{"name":"(anonymous_35)","decl":{"start":{"line":294,"column":48},"end":{"line":294,"column":49}},"loc":{"start":{"line":294,"column":54},"end":{"line":298,"column":5}},"line":294},"36":{"name":"(anonymous_36)","decl":{"start":{"line":303,"column":2},"end":{"line":303,"column":3}},"loc":{"start":{"line":303,"column":23},"end":{"line":305,"column":3}},"line":303},"37":{"name":"(anonymous_37)","decl":{"start":{"line":307,"column":2},"end":{"line":307,"column":3}},"loc":{"start":{"line":307,"column":36},"end":{"line":324,"column":3}},"line":307},"38":{"name":"(anonymous_38)","decl":{"start":{"line":326,"column":2},"end":{"line":326,"column":3}},"loc":{"start":{"line":326,"column":20},"end":{"line":328,"column":3}},"line":326},"39":{"name":"(anonymous_39)","decl":{"start":{"line":331,"column":2},"end":{"line":331,"column":3}},"loc":{"start":{"line":331,"column":29},"end":{"line":339,"column":3}},"line":331},"40":{"name":"(anonymous_40)","decl":{"start":{"line":341,"column":2},"end":{"line":341,"column":3}},"loc":{"start":{"line":341,"column":29},"end":{"line":343,"column":3}},"line":341},"41":{"name":"(anonymous_41)","decl":{"start":{"line":345,"column":2},"end":{"line":345,"column":3}},"loc":{"start":{"line":345,"column":41},"end":{"line":353,"column":3}},"line":345},"42":{"name":"(anonymous_42)","decl":{"start":{"line":355,"column":2},"end":{"line":355,"column":3}},"loc":{"start":{"line":355,"column":24},"end":{"line":357,"column":3}},"line":355},"43":{"name":"(anonymous_43)","decl":{"start":{"line":360,"column":2},"end":{"line":360,"column":3}},"loc":{"start":{"line":360,"column":39},"end":{"line":371,"column":3}},"line":360},"44":{"name":"(anonymous_44)","decl":{"start":{"line":373,"column":2},"end":{"line":373,"column":3}},"loc":{"start":{"line":373,"column":23},"end":{"line":375,"column":3}},"line":373},"45":{"name":"(anonymous_45)","decl":{"start":{"line":377,"column":2},"end":{"line":377,"column":3}},"loc":{"start":{"line":377,"column":33},"end":{"line":379,"column":3}},"line":377},"46":{"name":"(anonymous_46)","decl":{"start":{"line":381,"column":2},"end":{"line":381,"column":3}},"loc":{"start":{"line":381,"column":35},"end":{"line":389,"column":3}},"line":381},"47":{"name":"(anonymous_47)","decl":{"start":{"line":391,"column":2},"end":{"line":391,"column":3}},"loc":{"start":{"line":391,"column":22},"end":{"line":393,"column":3}},"line":391}},"branchMap":{"0":{"loc":{"start":{"line":60,"column":4},"end":{"line":62,"column":5}},"type":"if","locations":[{"start":{"line":60,"column":4},"end":{"line":62,"column":5}},{"start":{},"end":{}}],"line":60},"1":{"loc":{"start":{"line":77,"column":4},"end":{"line":80,"column":5}},"type":"if","locations":[{"start":{"line":77,"column":4},"end":{"line":80,"column":5}},{"start":{},"end":{}}],"line":77},"2":{"loc":{"start":{"line":161,"column":4},"end":{"line":168,"column":5}},"type":"if","locations":[{"start":{"line":161,"column":4},"end":{"line":168,"column":5}},{"start":{},"end":{}}],"line":161},"3":{"loc":{"start":{"line":183,"column":4},"end":{"line":185,"column":5}},"type":"if","locations":[{"start":{"line":183,"column":4},"end":{"line":185,"column":5}},{"start":{},"end":{}}],"line":183},"4":{"loc":{"start":{"line":188,"column":21},"end":{"line":188,"column":43}},"type":"binary-expr","locations":[{"start":{"line":188,"column":21},"end":{"line":188,"column":38}},{"start":{"line":188,"column":42},"end":{"line":188,"column":43}}],"line":188},"5":{"loc":{"start":{"line":193,"column":18},"end":{"line":193,"column":60}},"type":"cond-expr","locations":[{"start":{"line":193,"column":43},"end":{"line":193,"column":49}},{"start":{"line":193,"column":52},"end":{"line":193,"column":60}}],"line":193},"6":{"loc":{"start":{"line":199,"column":4},"end":{"line":202,"column":28}},"type":"if","locations":[{"start":{"line":199,"column":4},"end":{"line":202,"column":28}},{"start":{"line":200,"column":9},"end":{"line":202,"column":28}}],"line":199},"7":{"loc":{"start":{"line":200,"column":9},"end":{"line":202,"column":28}},"type":"if","locations":[{"start":{"line":200,"column":9},"end":{"line":202,"column":28}},{"start":{"line":201,"column":9},"end":{"line":202,"column":28}}],"line":200},"8":{"loc":{"start":{"line":201,"column":9},"end":{"line":202,"column":28}},"type":"if","locations":[{"start":{"line":201,"column":9},"end":{"line":202,"column":28}},{"start":{"line":202,"column":9},"end":{"line":202,"column":28}}],"line":201},"9":{"loc":{"start":{"line":231,"column":6},"end":{"line":240,"column":7}},"type":"if","locations":[{"start":{"line":231,"column":6},"end":{"line":240,"column":7}},{"start":{},"end":{}}],"line":231},"10":{"loc":{"start":{"line":261,"column":4},"end":{"line":264,"column":5}},"type":"if","locations":[{"start":{"line":261,"column":4},"end":{"line":264,"column":5}},{"start":{},"end":{}}],"line":261},"11":{"loc":{"start":{"line":261,"column":8},"end":{"line":261,"column":70}},"type":"binary-expr","locations":[{"start":{"line":261,"column":8},"end":{"line":261,"column":24}},{"start":{"line":261,"column":28},"end":{"line":261,"column":70}}],"line":261},"12":{"loc":{"start":{"line":273,"column":4},"end":{"line":273,"column":56}},"type":"if","locations":[{"start":{"line":273,"column":4},"end":{"line":273,"column":56}},{"start":{},"end":{}}],"line":273},"13":{"loc":{"start":{"line":366,"column":4},"end":{"line":368,"column":5}},"type":"if","locations":[{"start":{"line":366,"column":4},"end":{"line":368,"column":5}},{"start":{},"end":{}}],"line":366}},"s":{"0":25,"1":25,"2":25,"3":25,"4":25,"5":25,"6":25,"7":25,"8":25,"9":25,"10":25,"11":25,"12":25,"13":25,"14":25,"15":0,"16":0,"17":0,"18":0,"19":0,"20":2,"21":1,"22":1,"23":1,"24":1,"25":1,"26":0,"27":0,"28":1,"29":1,"30":0,"31":1,"32":0,"33":0,"34":0,"35":0,"36":0,"37":1,"38":1,"39":1,"40":1,"41":0,"42":1,"43":1,"44":1,"45":0,"46":1,"47":1,"48":1,"49":0,"50":0,"51":0,"52":0,"53":1,"54":0,"55":1,"56":1,"57":1,"58":1,"59":1,"60":0,"61":0,"62":0,"63":0,"64":0,"65":1,"66":3,"67":3,"68":3,"69":0,"70":0,"71":0,"72":0,"73":0,"74":0,"75":0,"76":0,"77":0,"78":0,"79":0,"80":3,"81":3,"82":3,"83":3,"84":1,"85":2,"86":2,"87":0,"88":0,"89":0,"90":0,"91":0,"92":0,"93":0,"94":1,"95":1,"96":1,"97":1,"98":1,"99":0,"100":2,"101":2,"102":1,"103":1,"104":1,"105":1,"106":0,"107":0,"108":0,"109":0,"110":1,"111":1,"112":0,"113":2,"114":2,"115":1,"116":1,"117":0,"118":0,"119":1,"120":1,"121":0},"f":{"0":25,"1":0,"2":0,"3":0,"4":0,"5":0,"6":2,"7":1,"8":0,"9":1,"10":0,"11":0,"12":0,"13":0,"14":0,"15":1,"16":1,"17":0,"18":1,"19":0,"20":1,"21":0,"22":0,"23":1,"24":1,"25":3,"26":0,"27":0,"28":0,"29":0,"30":0,"31":3,"32":0,"33":1,"34":1,"35":1,"36":0,"37":2,"38":0,"39":0,"40":0,"41":1,"42":0,"43":2,"44":0,"45":0,"46":1,"47":0},"b":{"0":[1,1],"1":[0,1],"2":[1,0],"3":[0,1],"4":[1,0],"5":[0,1],"6":[1,0],"7":[0,0],"8":[0,0],"9":[0,0],"10":[1,2],"11":[3,1],"12":[0,0],"13":[1,1]},"_coverageSchema":"1a1c01bbd47fc00a2c39e90264f33305004495a9","hash":"8a2e1cb5c91a45a4930584bbca26b66354e7de5e"}
,"/home/ubuntu/dev/hccg-hsinchu-pass-guardian/src/mobile/src/services/MyDataIntegrationService.js": {"path":"/home/ubuntu/dev/hccg-hsinchu-pass-guardian/src/mobile/src/services/MyDataIntegrationService.js","statementMap":{"0":{"start":{"line":15,"column":4},"end":{"line":15,"column":25}},"1":{"start":{"line":16,"column":4},"end":{"line":16,"column":41}},"2":{"start":{"line":17,"column":4},"end":{"line":17,"column":40}},"3":{"start":{"line":18,"column":4},"end":{"line":18,"column":28}},"4":{"start":{"line":19,"column":4},"end":{"line":19,"column":34}},"5":{"start":{"line":20,"column":4},"end":{"line":20,"column":26}},"6":{"start":{"line":21,"column":4},"end":{"line":21,"column":37}},"7":{"start":{"line":22,"column":4},"end":{"line":22,"column":36}},"8":{"start":{"line":23,"column":4},"end":{"line":23,"column":35}},"9":{"start":{"line":24,"column":4},"end":{"line":24,"column":35}},"10":{"start":{"line":25,"column":4},"end":{"line":25,"column":27}},"11":{"start":{"line":26,"column":4},"end":{"line":26,"column":28}},"12":{"start":{"line":27,"column":4},"end":{"line":27,"column":48}},"13":{"start":{"line":28,"column":4},"end":{"line":28,"column":56}},"14":{"start":{"line":29,"column":4},"end":{"line":29,"column":30}},"15":{"start":{"line":30,"column":4},"end":{"line":30,"column":25}},"16":{"start":{"line":31,"column":4},"end":{"line":31,"column":35}},"17":{"start":{"line":32,"column":4},"end":{"line":32,"column":28}},"18":{"start":{"line":33,"column":4},"end":{"line":33,"column":40}},"19":{"start":{"line":34,"column":4},"end":{"line":34,"column":40}},"20":{"start":{"line":39,"column":18},"end":{"line":39,"column":50}},"21":{"start":{"line":40,"column":4},"end":{"line":44,"column":6}},"22":{"start":{"line":46,"column":20},"end":{"line":51,"column":22}},"23":{"start":{"line":54,"column":4},"end":{"line":54,"column":30}},"24":{"start":{"line":59,"column":18},"end":{"line":59,"column":82}},"25":{"start":{"line":60,"column":17},"end":{"line":60,"column":19}},"26":{"start":{"line":61,"column":4},"end":{"line":63,"column":5}},"27":{"start":{"line":61,"column":17},"end":{"line":61,"column":18}},"28":{"start":{"line":62,"column":6},"end":{"line":62,"column":71}},"29":{"start":{"line":64,"column":4},"end":{"line":64,"column":18}},"30":{"start":{"line":68,"column":16},"end":{"line":68,"column":36}},"31":{"start":{"line":69,"column":17},"end":{"line":69,"column":45}},"32":{"start":{"line":70,"column":18},"end":{"line":70,"column":47}},"33":{"start":{"line":71,"column":18},"end":{"line":71,"column":47}},"34":{"start":{"line":73,"column":4},"end":{"line":83,"column":5}},"35":{"start":{"line":74,"column":6},"end":{"line":81,"column":8}},"36":{"start":{"line":82,"column":6},"end":{"line":82,"column":30}},"37":{"start":{"line":85,"column":4},"end":{"line":88,"column":5}},"38":{"start":{"line":86,"column":6},"end":{"line":86,"column":46}},"39":{"start":{"line":87,"column":6},"end":{"line":87,"column":50}},"40":{"start":{"line":90,"column":4},"end":{"line":90,"column":34}},"41":{"start":{"line":91,"column":4},"end":{"line":91,"column":35}},"42":{"start":{"line":95,"column":4},"end":{"line":95,"column":43}},"43":{"start":{"line":99,"column":4},"end":{"line":99,"column":26}},"44":{"start":{"line":103,"column":4},"end":{"line":103,"column":34}},"45":{"start":{"line":107,"column":4},"end":{"line":107,"column":28}},"46":{"start":{"line":112,"column":4},"end":{"line":132,"column":5}},"47":{"start":{"line":114,"column":28},"end":{"line":119,"column":7}},"48":{"start":{"line":121,"column":6},"end":{"line":121,"column":52}},"49":{"start":{"line":122,"column":6},"end":{"line":122,"column":80}},"50":{"start":{"line":124,"column":6},"end":{"line":124,"column":27}},"51":{"start":{"line":126,"column":6},"end":{"line":130,"column":8}},"52":{"start":{"line":131,"column":6},"end":{"line":131,"column":18}},"53":{"start":{"line":136,"column":4},"end":{"line":136,"column":28}},"54":{"start":{"line":140,"column":4},"end":{"line":140,"column":36}},"55":{"start":{"line":144,"column":4},"end":{"line":144,"column":35}},"56":{"start":{"line":149,"column":4},"end":{"line":149,"column":35}},"57":{"start":{"line":150,"column":4},"end":{"line":150,"column":63}},"58":{"start":{"line":151,"column":4},"end":{"line":151,"column":16}},"59":{"start":{"line":156,"column":4},"end":{"line":181,"column":5}},"60":{"start":{"line":158,"column":26},"end":{"line":167,"column":7}},"61":{"start":{"line":170,"column":30},"end":{"line":170,"column":32}},"62":{"start":{"line":171,"column":6},"end":{"line":175,"column":9}},"63":{"start":{"line":172,"column":8},"end":{"line":174,"column":9}},"64":{"start":{"line":173,"column":10},"end":{"line":173,"column":54}},"65":{"start":{"line":177,"column":6},"end":{"line":177,"column":41}},"66":{"start":{"line":178,"column":6},"end":{"line":178,"column":29}},"67":{"start":{"line":180,"column":6},"end":{"line":180,"column":18}},"68":{"start":{"line":185,"column":4},"end":{"line":185,"column":28}},"69":{"start":{"line":190,"column":4},"end":{"line":190,"column":82}},"70":{"start":{"line":191,"column":4},"end":{"line":191,"column":16}},"71":{"start":{"line":195,"column":4},"end":{"line":195,"column":37}},"72":{"start":{"line":199,"column":28},"end":{"line":199,"column":58}},"73":{"start":{"line":200,"column":22},"end":{"line":200,"column":85}},"74":{"start":{"line":200,"column":53},"end":{"line":200,"column":84}},"75":{"start":{"line":201,"column":4},"end":{"line":201,"column":25}},"76":{"start":{"line":205,"column":4},"end":{"line":205,"column":63}},"77":{"start":{"line":209,"column":4},"end":{"line":209,"column":24}},"78":{"start":{"line":214,"column":20},"end":{"line":224,"column":5}},"79":{"start":{"line":226,"column":19},"end":{"line":226,"column":73}},"80":{"start":{"line":227,"column":4},"end":{"line":227,"column":18}},"81":{"start":{"line":231,"column":4},"end":{"line":245,"column":6}},"82":{"start":{"line":249,"column":16},"end":{"line":249,"column":26}},"83":{"start":{"line":250,"column":22},"end":{"line":250,"column":49}},"84":{"start":{"line":252,"column":20},"end":{"line":252,"column":55}},"85":{"start":{"line":254,"column":4},"end":{"line":257,"column":6}},"86":{"start":{"line":262,"column":19},"end":{"line":262,"column":76}},"87":{"start":{"line":264,"column":4},"end":{"line":268,"column":7}},"88":{"start":{"line":270,"column":4},"end":{"line":270,"column":18}},"89":{"start":{"line":274,"column":4},"end":{"line":274,"column":64}},"90":{"start":{"line":279,"column":4},"end":{"line":279,"column":47}},"91":{"start":{"line":280,"column":4},"end":{"line":280,"column":16}},"92":{"start":{"line":284,"column":4},"end":{"line":284,"column":56}},"93":{"start":{"line":288,"column":4},"end":{"line":295,"column":6}},"94":{"start":{"line":301,"column":4},"end":{"line":308,"column":13}},"95":{"start":{"line":302,"column":6},"end":{"line":302,"column":54}},"96":{"start":{"line":303,"column":6},"end":{"line":307,"column":9}},"97":{"start":{"line":312,"column":4},"end":{"line":312,"column":30}},"98":{"start":{"line":316,"column":16},"end":{"line":316,"column":26}},"99":{"start":{"line":317,"column":22},"end":{"line":317,"column":23}},"100":{"start":{"line":319,"column":4},"end":{"line":329,"column":7}},"101":{"start":{"line":320,"column":22},"end":{"line":320,"column":63}},"102":{"start":{"line":321,"column":6},"end":{"line":328,"column":7}},"103":{"start":{"line":322,"column":8},"end":{"line":325,"column":11}},"104":{"start":{"line":327,"column":8},"end":{"line":327,"column":22}},"105":{"start":{"line":331,"column":4},"end":{"line":331,"column":40}},"106":{"start":{"line":332,"column":4},"end":{"line":332,"column":27}},"107":{"start":{"line":336,"column":4},"end":{"line":336,"column":33}},"108":{"start":{"line":340,"column":4},"end":{"line":340,"column":27}},"109":{"start":{"line":345,"column":4},"end":{"line":350,"column":7}},"110":{"start":{"line":354,"column":4},"end":{"line":354,"column":45}},"111":{"start":{"line":358,"column":4},"end":{"line":367,"column":6}},"112":{"start":{"line":373,"column":4},"end":{"line":373,"column":29}},"113":{"start":{"line":374,"column":4},"end":{"line":374,"column":16}},"114":{"start":{"line":379,"column":4},"end":{"line":379,"column":48}},"115":{"start":{"line":380,"column":4},"end":{"line":380,"column":64}},"116":{"start":{"line":385,"column":20},"end":{"line":385,"column":53}},"117":{"start":{"line":386,"column":22},"end":{"line":386,"column":73}},"118":{"start":{"line":387,"column":4},"end":{"line":387,"column":79}},"119":{"start":{"line":387,"column":40},"end":{"line":387,"column":68}},"120":{"start":{"line":392,"column":16},"end":{"line":392,"column":96}},"121":{"start":{"line":392,"column":50},"end":{"line":392,"column":86}},"122":{"start":{"line":393,"column":17},"end":{"line":393,"column":49}},"123":{"start":{"line":394,"column":4},"end":{"line":394,"column":28}},"124":{"start":{"line":398,"column":4},"end":{"line":400,"column":5}},"125":{"start":{"line":399,"column":6},"end":{"line":399,"column":94}},"126":{"start":{"line":401,"column":4},"end":{"line":401,"column":47}},"127":{"start":{"line":406,"column":4},"end":{"line":406,"column":27}},"128":{"start":{"line":410,"column":4},"end":{"line":410,"column":32}},"129":{"start":{"line":414,"column":4},"end":{"line":414,"column":35}}},"fnMap":{"0":{"name":"(anonymous_0)","decl":{"start":{"line":14,"column":2},"end":{"line":14,"column":3}},"loc":{"start":{"line":14,"column":38},"end":{"line":35,"column":3}},"line":14},"1":{"name":"(anonymous_1)","decl":{"start":{"line":38,"column":2},"end":{"line":38,"column":3}},"loc":{"start":{"line":38,"column":28},"end":{"line":55,"column":3}},"line":38},"2":{"name":"(anonymous_2)","decl":{"start":{"line":57,"column":2},"end":{"line":57,"column":3}},"loc":{"start":{"line":57,"column":30},"end":{"line":65,"column":3}},"line":57},"3":{"name":"(anonymous_3)","decl":{"start":{"line":67,"column":2},"end":{"line":67,"column":3}},"loc":{"start":{"line":67,"column":56},"end":{"line":92,"column":3}},"line":67},"4":{"name":"(anonymous_4)","decl":{"start":{"line":94,"column":2},"end":{"line":94,"column":3}},"loc":{"start":{"line":94,"column":55},"end":{"line":96,"column":3}},"line":94},"5":{"name":"(anonymous_5)","decl":{"start":{"line":98,"column":2},"end":{"line":98,"column":3}},"loc":{"start":{"line":98,"column":17},"end":{"line":100,"column":3}},"line":98},"6":{"name":"(anonymous_6)","decl":{"start":{"line":102,"column":2},"end":{"line":102,"column":3}},"loc":{"start":{"line":102,"column":25},"end":{"line":104,"column":3}},"line":102},"7":{"name":"(anonymous_7)","decl":{"start":{"line":106,"column":2},"end":{"line":106,"column":3}},"loc":{"start":{"line":106,"column":19},"end":{"line":108,"column":3}},"line":106},"8":{"name":"(anonymous_8)","decl":{"start":{"line":111,"column":2},"end":{"line":111,"column":3}},"loc":{"start":{"line":111,"column":39},"end":{"line":133,"column":3}},"line":111},"9":{"name":"(anonymous_9)","decl":{"start":{"line":135,"column":2},"end":{"line":135,"column":3}},"loc":{"start":{"line":135,"column":19},"end":{"line":137,"column":3}},"line":135},"10":{"name":"(anonymous_10)","decl":{"start":{"line":139,"column":2},"end":{"line":139,"column":3}},"loc":{"start":{"line":139,"column":27},"end":{"line":141,"column":3}},"line":139},"11":{"name":"(anonymous_11)","decl":{"start":{"line":143,"column":2},"end":{"line":143,"column":3}},"loc":{"start":{"line":143,"column":26},"end":{"line":145,"column":3}},"line":143},"12":{"name":"(anonymous_12)","decl":{"start":{"line":147,"column":2},"end":{"line":147,"column":3}},"loc":{"start":{"line":147,"column":57},"end":{"line":152,"column":3}},"line":147},"13":{"name":"(anonymous_13)","decl":{"start":{"line":155,"column":2},"end":{"line":155,"column":3}},"loc":{"start":{"line":155,"column":42},"end":{"line":182,"column":3}},"line":155},"14":{"name":"(anonymous_14)","decl":{"start":{"line":171,"column":30},"end":{"line":171,"column":31}},"loc":{"start":{"line":171,"column":39},"end":{"line":175,"column":7}},"line":171},"15":{"name":"(anonymous_15)","decl":{"start":{"line":184,"column":2},"end":{"line":184,"column":3}},"loc":{"start":{"line":184,"column":19},"end":{"line":186,"column":3}},"line":184},"16":{"name":"(anonymous_16)","decl":{"start":{"line":188,"column":2},"end":{"line":188,"column":3}},"loc":{"start":{"line":188,"column":39},"end":{"line":192,"column":3}},"line":188},"17":{"name":"(anonymous_17)","decl":{"start":{"line":194,"column":2},"end":{"line":194,"column":3}},"loc":{"start":{"line":194,"column":28},"end":{"line":196,"column":3}},"line":194},"18":{"name":"(anonymous_18)","decl":{"start":{"line":198,"column":2},"end":{"line":198,"column":3}},"loc":{"start":{"line":198,"column":39},"end":{"line":202,"column":3}},"line":198},"19":{"name":"(anonymous_19)","decl":{"start":{"line":200,"column":44},"end":{"line":200,"column":45}},"loc":{"start":{"line":200,"column":53},"end":{"line":200,"column":84}},"line":200},"20":{"name":"(anonymous_20)","decl":{"start":{"line":204,"column":2},"end":{"line":204,"column":3}},"loc":{"start":{"line":204,"column":40},"end":{"line":206,"column":3}},"line":204},"21":{"name":"(anonymous_21)","decl":{"start":{"line":208,"column":2},"end":{"line":208,"column":3}},"loc":{"start":{"line":208,"column":32},"end":{"line":210,"column":3}},"line":208},"22":{"name":"(anonymous_22)","decl":{"start":{"line":213,"column":2},"end":{"line":213,"column":3}},"loc":{"start":{"line":213,"column":44},"end":{"line":228,"column":3}},"line":213},"23":{"name":"(anonymous_23)","decl":{"start":{"line":230,"column":2},"end":{"line":230,"column":3}},"loc":{"start":{"line":230,"column":39},"end":{"line":246,"column":3}},"line":230},"24":{"name":"(anonymous_24)","decl":{"start":{"line":248,"column":2},"end":{"line":248,"column":3}},"loc":{"start":{"line":248,"column":33},"end":{"line":258,"column":3}},"line":248},"25":{"name":"(anonymous_25)","decl":{"start":{"line":261,"column":2},"end":{"line":261,"column":3}},"loc":{"start":{"line":261,"column":37},"end":{"line":271,"column":3}},"line":261},"26":{"name":"(anonymous_26)","decl":{"start":{"line":273,"column":2},"end":{"line":273,"column":3}},"loc":{"start":{"line":273,"column":27},"end":{"line":275,"column":3}},"line":273},"27":{"name":"(anonymous_27)","decl":{"start":{"line":277,"column":2},"end":{"line":277,"column":3}},"loc":{"start":{"line":277,"column":34},"end":{"line":281,"column":3}},"line":277},"28":{"name":"(anonymous_28)","decl":{"start":{"line":283,"column":2},"end":{"line":283,"column":3}},"loc":{"start":{"line":283,"column":28},"end":{"line":285,"column":3}},"line":283},"29":{"name":"(anonymous_29)","decl":{"start":{"line":287,"column":2},"end":{"line":287,"column":3}},"loc":{"start":{"line":287,"column":55},"end":{"line":296,"column":3}},"line":287},"30":{"name":"(anonymous_30)","decl":{"start":{"line":299,"column":2},"end":{"line":299,"column":3}},"loc":{"start":{"line":299,"column":37},"end":{"line":309,"column":3}},"line":299},"31":{"name":"(anonymous_31)","decl":{"start":{"line":301,"column":15},"end":{"line":301,"column":16}},"loc":{"start":{"line":301,"column":21},"end":{"line":308,"column":5}},"line":301},"32":{"name":"(anonymous_32)","decl":{"start":{"line":311,"column":2},"end":{"line":311,"column":3}},"loc":{"start":{"line":311,"column":21},"end":{"line":313,"column":3}},"line":311},"33":{"name":"(anonymous_33)","decl":{"start":{"line":315,"column":2},"end":{"line":315,"column":3}},"loc":{"start":{"line":315,"column":36},"end":{"line":333,"column":3}},"line":315},"34":{"name":"(anonymous_34)","decl":{"start":{"line":319,"column":19},"end":{"line":319,"column":20}},"loc":{"start":{"line":319,"column":28},"end":{"line":329,"column":5}},"line":319},"35":{"name":"(anonymous_35)","decl":{"start":{"line":335,"column":2},"end":{"line":335,"column":3}},"loc":{"start":{"line":335,"column":24},"end":{"line":337,"column":3}},"line":335},"36":{"name":"(anonymous_36)","decl":{"start":{"line":339,"column":2},"end":{"line":339,"column":3}},"loc":{"start":{"line":339,"column":18},"end":{"line":341,"column":3}},"line":339},"37":{"name":"(anonymous_37)","decl":{"start":{"line":344,"column":2},"end":{"line":344,"column":3}},"loc":{"start":{"line":344,"column":40},"end":{"line":351,"column":3}},"line":344},"38":{"name":"(anonymous_38)","decl":{"start":{"line":353,"column":2},"end":{"line":353,"column":3}},"loc":{"start":{"line":353,"column":30},"end":{"line":355,"column":3}},"line":353},"39":{"name":"(anonymous_39)","decl":{"start":{"line":357,"column":2},"end":{"line":357,"column":3}},"loc":{"start":{"line":357,"column":51},"end":{"line":368,"column":3}},"line":357},"40":{"name":"(anonymous_40)","decl":{"start":{"line":371,"column":2},"end":{"line":371,"column":3}},"loc":{"start":{"line":371,"column":49},"end":{"line":375,"column":3}},"line":371},"41":{"name":"(anonymous_41)","decl":{"start":{"line":377,"column":2},"end":{"line":377,"column":3}},"loc":{"start":{"line":377,"column":41},"end":{"line":381,"column":3}},"line":377},"42":{"name":"(anonymous_42)","decl":{"start":{"line":383,"column":2},"end":{"line":383,"column":3}},"loc":{"start":{"line":383,"column":42},"end":{"line":388,"column":3}},"line":383},"43":{"name":"(anonymous_43)","decl":{"start":{"line":387,"column":35},"end":{"line":387,"column":36}},"loc":{"start":{"line":387,"column":40},"end":{"line":387,"column":68}},"line":387},"44":{"name":"(anonymous_44)","decl":{"start":{"line":390,"column":2},"end":{"line":390,"column":3}},"loc":{"start":{"line":390,"column":39},"end":{"line":395,"column":3}},"line":390},"45":{"name":"(anonymous_45)","decl":{"start":{"line":392,"column":45},"end":{"line":392,"column":46}},"loc":{"start":{"line":392,"column":50},"end":{"line":392,"column":86}},"line":392},"46":{"name":"(anonymous_46)","decl":{"start":{"line":397,"column":2},"end":{"line":397,"column":3}},"loc":{"start":{"line":397,"column":31},"end":{"line":402,"column":3}},"line":397},"47":{"name":"(anonymous_47)","decl":{"start":{"line":405,"column":2},"end":{"line":405,"column":3}},"loc":{"start":{"line":405,"column":18},"end":{"line":407,"column":3}},"line":405},"48":{"name":"(anonymous_48)","decl":{"start":{"line":409,"column":2},"end":{"line":409,"column":3}},"loc":{"start":{"line":409,"column":23},"end":{"line":411,"column":3}},"line":409},"49":{"name":"(anonymous_49)","decl":{"start":{"line":413,"column":2},"end":{"line":413,"column":3}},"loc":{"start":{"line":413,"column":26},"end":{"line":415,"column":3}},"line":413}},"branchMap":{"0":{"loc":{"start":{"line":73,"column":4},"end":{"line":83,"column":5}},"type":"if","locations":[{"start":{"line":73,"column":4},"end":{"line":83,"column":5}},{"start":{},"end":{}}],"line":73},"1":{"loc":{"start":{"line":77,"column":21},"end":{"line":79,"column":20}},"type":"cond-expr","locations":[{"start":{"line":78,"column":10},"end":{"line":78,"column":31}},{"start":{"line":79,"column":10},"end":{"line":79,"column":20}}],"line":77},"2":{"loc":{"start":{"line":85,"column":4},"end":{"line":88,"column":5}},"type":"if","locations":[{"start":{"line":85,"column":4},"end":{"line":88,"column":5}},{"start":{},"end":{}}],"line":85},"3":{"loc":{"start":{"line":172,"column":8},"end":{"line":174,"column":9}},"type":"if","locations":[{"start":{"line":172,"column":8},"end":{"line":174,"column":9}},{"start":{},"end":{}}],"line":172},"4":{"loc":{"start":{"line":234,"column":17},"end":{"line":236,"column":7}},"type":"cond-expr","locations":[{"start":{"line":234,"column":46},"end":{"line":234,"column":54}},{"start":{"line":234,"column":57},"end":{"line":236,"column":7}}],"line":234},"5":{"loc":{"start":{"line":235,"column":8},"end":{"line":235,"column":62}},"type":"cond-expr","locations":[{"start":{"line":235,"column":48},"end":{"line":235,"column":57}},{"start":{"line":235,"column":60},"end":{"line":235,"column":62}}],"line":235},"6":{"loc":{"start":{"line":252,"column":20},"end":{"line":252,"column":55}},"type":"binary-expr","locations":[{"start":{"line":252,"column":20},"end":{"line":252,"column":36}},{"start":{"line":252,"column":40},"end":{"line":252,"column":55}}],"line":252},"7":{"loc":{"start":{"line":256,"column":14},"end":{"line":256,"column":91}},"type":"cond-expr","locations":[{"start":{"line":256,"column":26},"end":{"line":256,"column":83}},{"start":{"line":256,"column":87},"end":{"line":256,"column":91}}],"line":256},"8":{"loc":{"start":{"line":256,"column":26},"end":{"line":256,"column":83}},"type":"cond-expr","locations":[{"start":{"line":256,"column":45},"end":{"line":256,"column":62}},{"start":{"line":256,"column":65},"end":{"line":256,"column":83}}],"line":256},"9":{"loc":{"start":{"line":274,"column":11},"end":{"line":274,"column":63}},"type":"binary-expr","locations":[{"start":{"line":274,"column":11},"end":{"line":274,"column":41}},{"start":{"line":274,"column":45},"end":{"line":274,"column":63}}],"line":274},"10":{"loc":{"start":{"line":284,"column":11},"end":{"line":284,"column":55}},"type":"binary-expr","locations":[{"start":{"line":284,"column":11},"end":{"line":284,"column":46}},{"start":{"line":284,"column":50},"end":{"line":284,"column":55}}],"line":284},"11":{"loc":{"start":{"line":321,"column":6},"end":{"line":328,"column":7}},"type":"if","locations":[{"start":{"line":321,"column":6},"end":{"line":328,"column":7}},{"start":{"line":326,"column":13},"end":{"line":328,"column":7}}],"line":321},"12":{"loc":{"start":{"line":398,"column":4},"end":{"line":400,"column":5}},"type":"if","locations":[{"start":{"line":398,"column":4},"end":{"line":400,"column":5}},{"start":{},"end":{}}],"line":398}},"s":{"0":28,"1":28,"2":28,"3":28,"4":28,"5":28,"6":28,"7":28,"8":28,"9":28,"10":28,"11":28,"12":28,"13":28,"14":28,"15":28,"16":28,"17":28,"18":28,"19":28,"20":1,"21":1,"22":1,"23":1,"24":3,"25":3,"26":3,"27":3,"28":96,"29":3,"30":3,"31":3,"32":3,"33":3,"34":3,"35":1,"36":1,"37":2,"38":1,"39":1,"40":1,"41":1,"42":2,"43":0,"44":0,"45":0,"46":3,"47":3,"48":3,"49":3,"50":3,"51":0,"52":0,"53":0,"54":0,"55":0,"56":0,"57":0,"58":0,"59":3,"60":3,"61":3,"62":3,"63":5,"64":5,"65":3,"66":3,"67":0,"68":0,"69":1,"70":1,"71":0,"72":2,"73":2,"74":5,"75":2,"76":0,"77":0,"78":1,"79":1,"80":1,"81":1,"82":2,"83":2,"84":2,"85":2,"86":1,"87":1,"88":1,"89":0,"90":0,"91":0,"92":0,"93":1,"94":1,"95":1,"96":1,"97":0,"98":1,"99":1,"100":1,"101":3,"102":3,"103":2,"104":1,"105":1,"106":1,"107":0,"108":0,"109":1,"110":0,"111":1,"112":0,"113":0,"114":1,"115":1,"116":3,"117":3,"118":3,"119":211,"120":1,"121":110,"122":1,"123":1,"124":3,"125":3,"126":3,"127":0,"128":0,"129":0},"f":{"0":28,"1":1,"2":3,"3":3,"4":2,"5":0,"6":0,"7":0,"8":3,"9":0,"10":0,"11":0,"12":0,"13":3,"14":5,"15":0,"16":1,"17":0,"18":2,"19":5,"20":0,"21":0,"22":1,"23":1,"24":2,"25":1,"26":0,"27":0,"28":0,"29":1,"30":1,"31":1,"32":0,"33":1,"34":3,"35":0,"36":0,"37":1,"38":0,"39":1,"40":0,"41":1,"42":3,"43":211,"44":1,"45":110,"46":3,"47":0,"48":0,"49":0},"b":{"0":[1,2],"1":[1,0],"2":[1,1],"3":[5,0],"4":[1,0],"5":[0,0],"6":[2,2],"7":[1,1],"8":[1,0],"9":[0,0],"10":[0,0],"11":[2,1],"12":[3,0]},"_coverageSchema":"1a1c01bbd47fc00a2c39e90264f33305004495a9","hash":"98345ca9a18208b51f70810ccaf99de558d38839"}
}
