{"/home/ubuntu/dev/hccg-hsinchu-pass-guardian/src/mobile/src/services/BLEBackgroundService.js": {"path":"/home/ubuntu/dev/hccg-hsinchu-pass-guardian/src/mobile/src/services/BLEBackgroundService.js","statementMap":{"0":{"start":{"line":7,"column":46},"end":{"line":7,"column":69}},"1":{"start":{"line":11,"column":0},"end":{"line":16,"column":1}},"2":{"start":{"line":12,"column":2},"end":{"line":12,"column":134}},"3":{"start":{"line":15,"column":2},"end":{"line":15,"column":54}},"4":{"start":{"line":18,"column":19},"end":{"line":18,"column":49}},"5":{"start":{"line":22,"column":4},"end":{"line":29,"column":6}},"6":{"start":{"line":32,"column":4},"end":{"line":32,"column":29}},"7":{"start":{"line":33,"column":4},"end":{"line":33,"column":32}},"8":{"start":{"line":34,"column":4},"end":{"line":34,"column":28}},"9":{"start":{"line":35,"column":4},"end":{"line":35,"column":29}},"10":{"start":{"line":36,"column":4},"end":{"line":36,"column":112}},"11":{"start":{"line":37,"column":4},"end":{"line":37,"column":33}},"12":{"start":{"line":38,"column":4},"end":{"line":38,"column":27}},"13":{"start":{"line":39,"column":4},"end":{"line":39,"column":29}},"14":{"start":{"line":40,"column":4},"end":{"line":40,"column":25}},"15":{"start":{"line":41,"column":4},"end":{"line":41,"column":64}},"16":{"start":{"line":42,"column":4},"end":{"line":42,"column":29}},"17":{"start":{"line":43,"column":4},"end":{"line":43,"column":31}},"18":{"start":{"line":44,"column":4},"end":{"line":44,"column":33}},"19":{"start":{"line":45,"column":4},"end":{"line":45,"column":38}},"20":{"start":{"line":48,"column":4},"end":{"line":53,"column":6}},"21":{"start":{"line":54,"column":4},"end":{"line":54,"column":27}},"22":{"start":{"line":55,"column":4},"end":{"line":55,"column":25}},"23":{"start":{"line":56,"column":4},"end":{"line":56,"column":31}},"24":{"start":{"line":57,"column":4},"end":{"line":57,"column":33}},"25":{"start":{"line":59,"column":4},"end":{"line":59,"column":29}},"26":{"start":{"line":66,"column":4},"end":{"line":84,"column":5}},"27":{"start":{"line":68,"column":6},"end":{"line":68,"column":37}},"28":{"start":{"line":71,"column":6},"end":{"line":71,"column":39}},"29":{"start":{"line":74,"column":6},"end":{"line":78,"column":7}},"30":{"start":{"line":75,"column":8},"end":{"line":75,"column":35}},"31":{"start":{"line":76,"column":13},"end":{"line":78,"column":7}},"32":{"start":{"line":77,"column":8},"end":{"line":77,"column":39}},"33":{"start":{"line":80,"column":6},"end":{"line":80,"column":31}},"34":{"start":{"line":82,"column":6},"end":{"line":82,"column":60}},"35":{"start":{"line":83,"column":6},"end":{"line":83,"column":18}},"36":{"start":{"line":91,"column":4},"end":{"line":122,"column":5}},"37":{"start":{"line":92,"column":6},"end":{"line":94,"column":7}},"38":{"start":{"line":93,"column":8},"end":{"line":93,"column":65}},"39":{"start":{"line":97,"column":6},"end":{"line":97,"column":59}},"40":{"start":{"line":98,"column":6},"end":{"line":98,"column":69}},"41":{"start":{"line":99,"column":6},"end":{"line":99,"column":63}},"42":{"start":{"line":100,"column":6},"end":{"line":100,"column":42}},"43":{"start":{"line":103,"column":6},"end":{"line":105,"column":7}},"44":{"start":{"line":104,"column":8},"end":{"line":104,"column":72}},"45":{"start":{"line":108,"column":6},"end":{"line":110,"column":7}},"46":{"start":{"line":109,"column":8},"end":{"line":109,"column":64}},"47":{"start":{"line":112,"column":6},"end":{"line":118,"column":8}},"48":{"start":{"line":120,"column":6},"end":{"line":120,"column":55}},"49":{"start":{"line":121,"column":6},"end":{"line":121,"column":54}},"50":{"start":{"line":130,"column":4},"end":{"line":143,"column":5}},"51":{"start":{"line":131,"column":6},"end":{"line":131,"column":42}},"52":{"start":{"line":134,"column":6},"end":{"line":137,"column":7}},"53":{"start":{"line":135,"column":8},"end":{"line":135,"column":44}},"54":{"start":{"line":136,"column":8},"end":{"line":136,"column":64}},"55":{"start":{"line":139,"column":6},"end":{"line":139,"column":54}},"56":{"start":{"line":141,"column":6},"end":{"line":141,"column":62}},"57":{"start":{"line":142,"column":6},"end":{"line":142,"column":54}},"58":{"start":{"line":150,"column":4},"end":{"line":150,"column":58}},"59":{"start":{"line":160,"column":23},"end":{"line":160,"column":37}},"60":{"start":{"line":162,"column":4},"end":{"line":168,"column":5}},"61":{"start":{"line":163,"column":6},"end":{"line":163,"column":17}},"62":{"start":{"line":164,"column":11},"end":{"line":168,"column":5}},"63":{"start":{"line":165,"column":6},"end":{"line":165,"column":17}},"64":{"start":{"line":167,"column":6},"end":{"line":167,"column":17}},"65":{"start":{"line":175,"column":4},"end":{"line":198,"column":5}},"66":{"start":{"line":177,"column":6},"end":{"line":183,"column":7}},"67":{"start":{"line":178,"column":8},"end":{"line":182,"column":11}},"68":{"start":{"line":186,"column":6},"end":{"line":186,"column":37}},"69":{"start":{"line":188,"column":6},"end":{"line":195,"column":8}},"70":{"start":{"line":197,"column":6},"end":{"line":197,"column":69}},"71":{"start":{"line":205,"column":4},"end":{"line":247,"column":5}},"72":{"start":{"line":206,"column":34},"end":{"line":209,"column":7}},"73":{"start":{"line":212,"column":6},"end":{"line":220,"column":7}},"74":{"start":{"line":213,"column":8},"end":{"line":216,"column":10}},"75":{"start":{"line":217,"column":13},"end":{"line":220,"column":7}},"76":{"start":{"line":223,"column":34},"end":{"line":223,"column":69}},"77":{"start":{"line":224,"column":6},"end":{"line":231,"column":7}},"78":{"start":{"line":225,"column":23},"end":{"line":225,"column":65}},"79":{"start":{"line":226,"column":27},"end":{"line":226,"column":86}},"80":{"start":{"line":226,"column":65},"end":{"line":226,"column":85}},"81":{"start":{"line":228,"column":8},"end":{"line":230,"column":9}},"82":{"start":{"line":229,"column":10},"end":{"line":229,"column":72}},"83":{"start":{"line":234,"column":6},"end":{"line":234,"column":50}},"84":{"start":{"line":236,"column":6},"end":{"line":244,"column":8}},"85":{"start":{"line":246,"column":6},"end":{"line":246,"column":73}},"86":{"start":{"line":254,"column":4},"end":{"line":295,"column":5}},"87":{"start":{"line":255,"column":6},"end":{"line":262,"column":8}},"88":{"start":{"line":265,"column":6},"end":{"line":269,"column":7}},"89":{"start":{"line":266,"column":8},"end":{"line":266,"column":48}},"90":{"start":{"line":267,"column":13},"end":{"line":269,"column":7}},"91":{"start":{"line":268,"column":8},"end":{"line":268,"column":52}},"92":{"start":{"line":272,"column":25},"end":{"line":272,"column":60}},"93":{"start":{"line":273,"column":6},"end":{"line":281,"column":7}},"94":{"start":{"line":274,"column":28},"end":{"line":279,"column":9}},"95":{"start":{"line":280,"column":8},"end":{"line":280,"column":56}},"96":{"start":{"line":283,"column":6},"end":{"line":283,"column":30}},"97":{"start":{"line":284,"column":6},"end":{"line":284,"column":70}},"98":{"start":{"line":285,"column":6},"end":{"line":285,"column":42}},"99":{"start":{"line":286,"column":6},"end":{"line":286,"column":69}},"100":{"start":{"line":289,"column":6},"end":{"line":289,"column":36}},"101":{"start":{"line":291,"column":6},"end":{"line":291,"column":64}},"102":{"start":{"line":293,"column":6},"end":{"line":293,"column":34}},"103":{"start":{"line":294,"column":6},"end":{"line":294,"column":18}},"104":{"start":{"line":302,"column":4},"end":{"line":319,"column":5}},"105":{"start":{"line":303,"column":26},"end":{"line":307,"column":7}},"106":{"start":{"line":309,"column":6},"end":{"line":311,"column":7}},"107":{"start":{"line":310,"column":8},"end":{"line":310,"column":58}},"108":{"start":{"line":314,"column":6},"end":{"line":314,"column":42}},"109":{"start":{"line":316,"column":6},"end":{"line":316,"column":31}},"110":{"start":{"line":318,"column":6},"end":{"line":318,"column":74}},"111":{"start":{"line":326,"column":4},"end":{"line":345,"column":5}},"112":{"start":{"line":327,"column":27},"end":{"line":333,"column":7}},"113":{"start":{"line":335,"column":6},"end":{"line":337,"column":7}},"114":{"start":{"line":336,"column":8},"end":{"line":336,"column":59}},"115":{"start":{"line":340,"column":6},"end":{"line":340,"column":42}},"116":{"start":{"line":342,"column":6},"end":{"line":342,"column":31}},"117":{"start":{"line":344,"column":6},"end":{"line":344,"column":78}},"118":{"start":{"line":352,"column":4},"end":{"line":356,"column":5}},"119":{"start":{"line":353,"column":6},"end":{"line":355,"column":9}},"120":{"start":{"line":354,"column":8},"end":{"line":354,"column":44}},"121":{"start":{"line":363,"column":4},"end":{"line":382,"column":5}},"122":{"start":{"line":365,"column":6},"end":{"line":367,"column":7}},"123":{"start":{"line":366,"column":8},"end":{"line":366,"column":15}},"124":{"start":{"line":370,"column":6},"end":{"line":370,"column":70}},"125":{"start":{"line":373,"column":6},"end":{"line":373,"column":37}},"126":{"start":{"line":376,"column":6},"end":{"line":378,"column":7}},"127":{"start":{"line":377,"column":8},"end":{"line":377,"column":47}},"128":{"start":{"line":380,"column":6},"end":{"line":380,"column":63}},"129":{"start":{"line":381,"column":6},"end":{"line":381,"column":53}},"130":{"start":{"line":389,"column":4},"end":{"line":450,"column":5}},"131":{"start":{"line":392,"column":6},"end":{"line":433,"column":7}},"132":{"start":{"line":394,"column":27},"end":{"line":394,"column":88}},"133":{"start":{"line":395,"column":26},"end":{"line":395,"column":91}},"134":{"start":{"line":396,"column":33},"end":{"line":396,"column":76}},"135":{"start":{"line":398,"column":8},"end":{"line":416,"column":9}},"136":{"start":{"line":400,"column":10},"end":{"line":405,"column":12}},"137":{"start":{"line":408,"column":10},"end":{"line":415,"column":12}},"138":{"start":{"line":417,"column":13},"end":{"line":433,"column":7}},"139":{"start":{"line":419,"column":31},"end":{"line":419,"column":79}},"140":{"start":{"line":420,"column":27},"end":{"line":420,"column":88}},"141":{"start":{"line":421,"column":26},"end":{"line":421,"column":91}},"142":{"start":{"line":422,"column":33},"end":{"line":422,"column":76}},"143":{"start":{"line":424,"column":8},"end":{"line":432,"column":10}},"144":{"start":{"line":436,"column":6},"end":{"line":445,"column":7}},"145":{"start":{"line":437,"column":8},"end":{"line":437,"column":45}},"146":{"start":{"line":438,"column":8},"end":{"line":438,"column":46}},"147":{"start":{"line":439,"column":8},"end":{"line":439,"column":43}},"148":{"start":{"line":442,"column":8},"end":{"line":444,"column":9}},"149":{"start":{"line":443,"column":10},"end":{"line":443,"column":40}},"150":{"start":{"line":447,"column":6},"end":{"line":447,"column":26}},"151":{"start":{"line":449,"column":6},"end":{"line":449,"column":68}},"152":{"start":{"line":457,"column":4},"end":{"line":457,"column":52}},"153":{"start":{"line":465,"column":16},"end":{"line":465,"column":61}},"154":{"start":{"line":466,"column":16},"end":{"line":466,"column":62}},"155":{"start":{"line":468,"column":4},"end":{"line":472,"column":6}},"156":{"start":{"line":479,"column":4},"end":{"line":497,"column":5}},"157":{"start":{"line":480,"column":19},"end":{"line":480,"column":38}},"158":{"start":{"line":483,"column":6},"end":{"line":485,"column":7}},"159":{"start":{"line":484,"column":8},"end":{"line":484,"column":59}},"160":{"start":{"line":487,"column":22},"end":{"line":487,"column":87}},"161":{"start":{"line":488,"column":6},"end":{"line":488,"column":37}},"162":{"start":{"line":490,"column":6},"end":{"line":490,"column":32}},"163":{"start":{"line":493,"column":27},"end":{"line":493,"column":37}},"164":{"start":{"line":494,"column":22},"end":{"line":494,"column":95}},"165":{"start":{"line":495,"column":6},"end":{"line":495,"column":45}},"166":{"start":{"line":496,"column":6},"end":{"line":496,"column":40}},"167":{"start":{"line":504,"column":4},"end":{"line":513,"column":5}},"168":{"start":{"line":506,"column":21},"end":{"line":506,"column":38}},"169":{"start":{"line":507,"column":23},"end":{"line":507,"column":61}},"170":{"start":{"line":508,"column":6},"end":{"line":508,"column":85}},"171":{"start":{"line":511,"column":23},"end":{"line":511,"column":61}},"172":{"start":{"line":512,"column":6},"end":{"line":512,"column":52}},"173":{"start":{"line":520,"column":15},"end":{"line":520,"column":16}},"174":{"start":{"line":521,"column":4},"end":{"line":525,"column":5}},"175":{"start":{"line":521,"column":17},"end":{"line":521,"column":18}},"176":{"start":{"line":522,"column":19},"end":{"line":522,"column":36}},"177":{"start":{"line":523,"column":6},"end":{"line":523,"column":41}},"178":{"start":{"line":524,"column":6},"end":{"line":524,"column":25}},"179":{"start":{"line":526,"column":4},"end":{"line":526,"column":84}},"180":{"start":{"line":534,"column":4},"end":{"line":538,"column":7}},"181":{"start":{"line":535,"column":16},"end":{"line":535,"column":38}},"182":{"start":{"line":536,"column":16},"end":{"line":536,"column":47}},"183":{"start":{"line":537,"column":6},"end":{"line":537,"column":28}},"184":{"start":{"line":545,"column":4},"end":{"line":586,"column":5}},"185":{"start":{"line":546,"column":32},"end":{"line":562,"column":7}},"186":{"start":{"line":564,"column":21},"end":{"line":568,"column":7}},"187":{"start":{"line":571,"column":6},"end":{"line":574,"column":8}},"188":{"start":{"line":577,"column":6},"end":{"line":579,"column":7}},"189":{"start":{"line":578,"column":8},"end":{"line":578,"column":54}},"190":{"start":{"line":581,"column":6},"end":{"line":581,"column":46}},"191":{"start":{"line":582,"column":6},"end":{"line":582,"column":20}},"192":{"start":{"line":584,"column":6},"end":{"line":584,"column":56}},"193":{"start":{"line":585,"column":6},"end":{"line":585,"column":18}},"194":{"start":{"line":597,"column":4},"end":{"line":612,"column":5}},"195":{"start":{"line":598,"column":6},"end":{"line":606,"column":7}},"196":{"start":{"line":599,"column":23},"end":{"line":599,"column":71}},"197":{"start":{"line":600,"column":8},"end":{"line":605,"column":10}},"198":{"start":{"line":608,"column":6},"end":{"line":608,"column":62}},"199":{"start":{"line":610,"column":6},"end":{"line":610,"column":66}},"200":{"start":{"line":611,"column":6},"end":{"line":611,"column":62}},"201":{"start":{"line":619,"column":4},"end":{"line":695,"column":5}},"202":{"start":{"line":622,"column":25},"end":{"line":622,"column":28}},"203":{"start":{"line":623,"column":21},"end":{"line":623,"column":26}},"204":{"start":{"line":626,"column":6},"end":{"line":633,"column":7}},"205":{"start":{"line":627,"column":8},"end":{"line":632,"column":9}},"206":{"start":{"line":628,"column":10},"end":{"line":628,"column":67}},"207":{"start":{"line":629,"column":10},"end":{"line":629,"column":58}},"208":{"start":{"line":636,"column":6},"end":{"line":643,"column":7}},"209":{"start":{"line":637,"column":8},"end":{"line":642,"column":9}},"210":{"start":{"line":638,"column":24},"end":{"line":638,"column":58}},"211":{"start":{"line":639,"column":10},"end":{"line":639,"column":56}},"212":{"start":{"line":639,"column":35},"end":{"line":639,"column":56}},"213":{"start":{"line":649,"column":6},"end":{"line":673,"column":7}},"214":{"start":{"line":651,"column":8},"end":{"line":651,"column":30}},"215":{"start":{"line":652,"column":8},"end":{"line":652,"column":31}},"216":{"start":{"line":653,"column":8},"end":{"line":653,"column":30}},"217":{"start":{"line":654,"column":8},"end":{"line":654,"column":59}},"218":{"start":{"line":655,"column":13},"end":{"line":673,"column":7}},"219":{"start":{"line":657,"column":8},"end":{"line":657,"column":35}},"220":{"start":{"line":658,"column":8},"end":{"line":658,"column":31}},"221":{"start":{"line":659,"column":8},"end":{"line":659,"column":30}},"222":{"start":{"line":660,"column":8},"end":{"line":660,"column":53}},"223":{"start":{"line":661,"column":13},"end":{"line":673,"column":7}},"224":{"start":{"line":663,"column":8},"end":{"line":663,"column":33}},"225":{"start":{"line":664,"column":8},"end":{"line":664,"column":31}},"226":{"start":{"line":665,"column":8},"end":{"line":665,"column":31}},"227":{"start":{"line":666,"column":8},"end":{"line":666,"column":54}},"228":{"start":{"line":669,"column":8},"end":{"line":669,"column":31}},"229":{"start":{"line":670,"column":8},"end":{"line":670,"column":31}},"230":{"start":{"line":671,"column":8},"end":{"line":671,"column":30}},"231":{"start":{"line":672,"column":8},"end":{"line":672,"column":56}},"232":{"start":{"line":676,"column":6},"end":{"line":683,"column":8}},"233":{"start":{"line":685,"column":6},"end":{"line":691,"column":8}},"234":{"start":{"line":693,"column":6},"end":{"line":693,"column":58}},"235":{"start":{"line":694,"column":6},"end":{"line":694,"column":54}},"236":{"start":{"line":702,"column":4},"end":{"line":720,"column":5}},"237":{"start":{"line":703,"column":6},"end":{"line":707,"column":10}},"238":{"start":{"line":703,"column":55},"end":{"line":707,"column":7}},"239":{"start":{"line":710,"column":6},"end":{"line":714,"column":8}},"240":{"start":{"line":713,"column":63},"end":{"line":713,"column":75}},"241":{"start":{"line":716,"column":6},"end":{"line":716,"column":70}},"242":{"start":{"line":718,"column":6},"end":{"line":718,"column":59}},"243":{"start":{"line":719,"column":6},"end":{"line":719,"column":18}},"244":{"start":{"line":727,"column":4},"end":{"line":751,"column":5}},"245":{"start":{"line":728,"column":25},"end":{"line":728,"column":75}},"246":{"start":{"line":729,"column":29},"end":{"line":729,"column":91}},"247":{"start":{"line":729,"column":63},"end":{"line":729,"column":90}},"248":{"start":{"line":731,"column":6},"end":{"line":745,"column":7}},"249":{"start":{"line":732,"column":8},"end":{"line":739,"column":10}},"250":{"start":{"line":742,"column":8},"end":{"line":742,"column":71}},"251":{"start":{"line":744,"column":8},"end":{"line":744,"column":20}},"252":{"start":{"line":747,"column":6},"end":{"line":747,"column":19}},"253":{"start":{"line":749,"column":6},"end":{"line":749,"column":59}},"254":{"start":{"line":750,"column":6},"end":{"line":750,"column":19}},"255":{"start":{"line":758,"column":4},"end":{"line":769,"column":5}},"256":{"start":{"line":760,"column":6},"end":{"line":760,"column":58}},"257":{"start":{"line":763,"column":6},"end":{"line":763,"column":43}},"258":{"start":{"line":765,"column":6},"end":{"line":765,"column":31}},"259":{"start":{"line":767,"column":6},"end":{"line":767,"column":67}},"260":{"start":{"line":768,"column":6},"end":{"line":768,"column":18}},"261":{"start":{"line":777,"column":4},"end":{"line":777,"column":37}},"262":{"start":{"line":784,"column":4},"end":{"line":784,"column":39}},"263":{"start":{"line":791,"column":4},"end":{"line":827,"column":5}},"264":{"start":{"line":792,"column":6},"end":{"line":794,"column":7}},"265":{"start":{"line":793,"column":8},"end":{"line":793,"column":47}},"266":{"start":{"line":797,"column":6},"end":{"line":799,"column":7}},"267":{"start":{"line":798,"column":8},"end":{"line":798,"column":75}},"268":{"start":{"line":802,"column":21},"end":{"line":802,"column":68}},"269":{"start":{"line":804,"column":6},"end":{"line":812,"column":7}},"270":{"start":{"line":806,"column":8},"end":{"line":806,"column":29}},"271":{"start":{"line":807,"column":8},"end":{"line":811,"column":10}},"272":{"start":{"line":814,"column":6},"end":{"line":814,"column":20}},"273":{"start":{"line":817,"column":6},"end":{"line":817,"column":49}},"274":{"start":{"line":818,"column":6},"end":{"line":818,"column":27}},"275":{"start":{"line":820,"column":6},"end":{"line":824,"column":8}},"276":{"start":{"line":826,"column":6},"end":{"line":826,"column":18}},"277":{"start":{"line":834,"column":4},"end":{"line":871,"column":5}},"278":{"start":{"line":836,"column":6},"end":{"line":838,"column":7}},"279":{"start":{"line":837,"column":8},"end":{"line":837,"column":86}},"280":{"start":{"line":841,"column":6},"end":{"line":841,"column":61}},"281":{"start":{"line":844,"column":6},"end":{"line":844,"column":61}},"282":{"start":{"line":844,"column":35},"end":{"line":844,"column":59}},"283":{"start":{"line":847,"column":6},"end":{"line":854,"column":7}},"284":{"start":{"line":849,"column":8},"end":{"line":853,"column":10}},"285":{"start":{"line":857,"column":6},"end":{"line":860,"column":7}},"286":{"start":{"line":858,"column":8},"end":{"line":858,"column":91}},"287":{"start":{"line":859,"column":8},"end":{"line":859,"column":41}},"288":{"start":{"line":862,"column":6},"end":{"line":868,"column":8}},"289":{"start":{"line":870,"column":6},"end":{"line":870,"column":61}},"290":{"start":{"line":878,"column":4},"end":{"line":901,"column":5}},"291":{"start":{"line":879,"column":6},"end":{"line":881,"column":7}},"292":{"start":{"line":880,"column":8},"end":{"line":880,"column":44}},"293":{"start":{"line":883,"column":23},"end":{"line":883,"column":47}},"294":{"start":{"line":884,"column":19},"end":{"line":884,"column":41}},"295":{"start":{"line":887,"column":6},"end":{"line":887,"column":29}},"296":{"start":{"line":889,"column":21},"end":{"line":889,"column":57}},"297":{"start":{"line":891,"column":6},"end":{"line":897,"column":7}},"298":{"start":{"line":892,"column":8},"end":{"line":892,"column":51}},"299":{"start":{"line":895,"column":8},"end":{"line":895,"column":40}},"300":{"start":{"line":896,"column":8},"end":{"line":896,"column":67}},"301":{"start":{"line":899,"column":6},"end":{"line":899,"column":50}},"302":{"start":{"line":900,"column":6},"end":{"line":900,"column":65}},"303":{"start":{"line":908,"column":4},"end":{"line":931,"column":5}},"304":{"start":{"line":909,"column":37},"end":{"line":910,"column":78}},"305":{"start":{"line":912,"column":6},"end":{"line":925,"column":7}},"306":{"start":{"line":914,"column":8},"end":{"line":914,"column":34}},"307":{"start":{"line":915,"column":8},"end":{"line":915,"column":65}},"308":{"start":{"line":917,"column":8},"end":{"line":921,"column":10}},"309":{"start":{"line":920,"column":67},"end":{"line":920,"column":95}},"310":{"start":{"line":924,"column":8},"end":{"line":924,"column":47}},"311":{"start":{"line":927,"column":6},"end":{"line":927,"column":31}},"312":{"start":{"line":929,"column":6},"end":{"line":929,"column":64}},"313":{"start":{"line":930,"column":6},"end":{"line":930,"column":18}},"314":{"start":{"line":938,"column":4},"end":{"line":951,"column":5}},"315":{"start":{"line":939,"column":6},"end":{"line":939,"column":44}},"316":{"start":{"line":942,"column":6},"end":{"line":945,"column":8}},"317":{"start":{"line":947,"column":6},"end":{"line":947,"column":70}},"318":{"start":{"line":949,"column":6},"end":{"line":949,"column":55}},"319":{"start":{"line":950,"column":6},"end":{"line":950,"column":18}},"320":{"start":{"line":958,"column":4},"end":{"line":1013,"column":5}},"321":{"start":{"line":959,"column":21},"end":{"line":964,"column":7}},"322":{"start":{"line":966,"column":6},"end":{"line":1007,"column":7}},"323":{"start":{"line":967,"column":8},"end":{"line":967,"column":43}},"324":{"start":{"line":968,"column":8},"end":{"line":968,"column":33}},"325":{"start":{"line":969,"column":8},"end":{"line":975,"column":10}},"326":{"start":{"line":976,"column":13},"end":{"line":1007,"column":7}},"327":{"start":{"line":977,"column":8},"end":{"line":977,"column":45}},"328":{"start":{"line":978,"column":8},"end":{"line":983,"column":10}},"329":{"start":{"line":984,"column":8},"end":{"line":984,"column":33}},"330":{"start":{"line":985,"column":8},"end":{"line":987,"column":9}},"331":{"start":{"line":986,"column":10},"end":{"line":986,"column":41}},"332":{"start":{"line":988,"column":13},"end":{"line":1007,"column":7}},"333":{"start":{"line":989,"column":8},"end":{"line":989,"column":43}},"334":{"start":{"line":990,"column":8},"end":{"line":995,"column":10}},"335":{"start":{"line":996,"column":8},"end":{"line":996,"column":33}},"336":{"start":{"line":997,"column":8},"end":{"line":999,"column":9}},"337":{"start":{"line":998,"column":10},"end":{"line":998,"column":41}},"338":{"start":{"line":1000,"column":13},"end":{"line":1007,"column":7}},"339":{"start":{"line":1002,"column":8},"end":{"line":1002,"column":64}},"340":{"start":{"line":1003,"column":8},"end":{"line":1006,"column":10}},"341":{"start":{"line":1009,"column":6},"end":{"line":1009,"column":20}},"342":{"start":{"line":1011,"column":6},"end":{"line":1011,"column":69}},"343":{"start":{"line":1012,"column":6},"end":{"line":1012,"column":18}},"344":{"start":{"line":1020,"column":4},"end":{"line":1038,"column":5}},"345":{"start":{"line":1021,"column":6},"end":{"line":1021,"column":42}},"346":{"start":{"line":1022,"column":6},"end":{"line":1022,"column":31}},"347":{"start":{"line":1023,"column":8},"end":{"line":1025,"column":9}},"348":{"start":{"line":1024,"column":10},"end":{"line":1024,"column":41}},"349":{"start":{"line":1027,"column":6},"end":{"line":1029,"column":7}},"350":{"start":{"line":1028,"column":8},"end":{"line":1028,"column":36}},"351":{"start":{"line":1032,"column":6},"end":{"line":1032,"column":36}},"352":{"start":{"line":1034,"column":6},"end":{"line":1034,"column":31}},"353":{"start":{"line":1036,"column":6},"end":{"line":1036,"column":51}},"354":{"start":{"line":1037,"column":6},"end":{"line":1037,"column":18}},"355":{"start":{"line":1045,"column":4},"end":{"line":1051,"column":7}},"356":{"start":{"line":1046,"column":6},"end":{"line":1050,"column":7}},"357":{"start":{"line":1047,"column":8},"end":{"line":1047,"column":46}},"358":{"start":{"line":1048,"column":13},"end":{"line":1050,"column":7}},"359":{"start":{"line":1049,"column":8},"end":{"line":1049,"column":47}},"360":{"start":{"line":1058,"column":4},"end":{"line":1066,"column":5}},"361":{"start":{"line":1059,"column":6},"end":{"line":1065,"column":9}},"362":{"start":{"line":1063,"column":10},"end":{"line":1063,"column":48}},"363":{"start":{"line":1073,"column":4},"end":{"line":1082,"column":5}},"364":{"start":{"line":1074,"column":6},"end":{"line":1081,"column":9}},"365":{"start":{"line":1089,"column":4},"end":{"line":1109,"column":5}},"366":{"start":{"line":1090,"column":6},"end":{"line":1090,"column":47}},"367":{"start":{"line":1093,"column":25},"end":{"line":1093,"column":69}},"368":{"start":{"line":1094,"column":30},"end":{"line":1094,"column":68}},"369":{"start":{"line":1095,"column":6},"end":{"line":1096,"column":67}},"370":{"start":{"line":1098,"column":6},"end":{"line":1101,"column":9}},"371":{"start":{"line":1104,"column":6},"end":{"line":1106,"column":7}},"372":{"start":{"line":1105,"column":8},"end":{"line":1105,"column":68}},"373":{"start":{"line":1108,"column":6},"end":{"line":1108,"column":52}},"374":{"start":{"line":1116,"column":23},"end":{"line":1120,"column":5}},"375":{"start":{"line":1122,"column":4},"end":{"line":1122,"column":39}},"376":{"start":{"line":1125,"column":4},"end":{"line":1127,"column":5}},"377":{"start":{"line":1126,"column":6},"end":{"line":1126,"column":55}},"378":{"start":{"line":1130,"column":4},"end":{"line":1137,"column":5}},"379":{"start":{"line":1131,"column":6},"end":{"line":1136,"column":9}},"380":{"start":{"line":1139,"column":4},"end":{"line":1143,"column":6}},"381":{"start":{"line":1150,"column":23},"end":{"line":1155,"column":5}},"382":{"start":{"line":1157,"column":4},"end":{"line":1157,"column":39}},"383":{"start":{"line":1160,"column":4},"end":{"line":1168,"column":5}},"384":{"start":{"line":1161,"column":6},"end":{"line":1167,"column":9}},"385":{"start":{"line":1175,"column":28},"end":{"line":1181,"column":5}},"386":{"start":{"line":1183,"column":25},"end":{"line":1183,"column":52}},"387":{"start":{"line":1184,"column":4},"end":{"line":1184,"column":75}},"388":{"start":{"line":1184,"column":43},"end":{"line":1184,"column":73}},"389":{"start":{"line":1191,"column":4},"end":{"line":1204,"column":5}},"390":{"start":{"line":1192,"column":20},"end":{"line":1197,"column":7}},"391":{"start":{"line":1199,"column":6},"end":{"line":1199,"column":86}},"392":{"start":{"line":1200,"column":6},"end":{"line":1200,"column":31}},"393":{"start":{"line":1202,"column":6},"end":{"line":1202,"column":48}},"394":{"start":{"line":1203,"column":6},"end":{"line":1203,"column":32}},"395":{"start":{"line":1211,"column":4},"end":{"line":1222,"column":5}},"396":{"start":{"line":1212,"column":26},"end":{"line":1212,"column":82}},"397":{"start":{"line":1213,"column":6},"end":{"line":1217,"column":7}},"398":{"start":{"line":1214,"column":22},"end":{"line":1214,"column":45}},"399":{"start":{"line":1215,"column":8},"end":{"line":1215,"column":73}},"400":{"start":{"line":1216,"column":8},"end":{"line":1216,"column":74}},"401":{"start":{"line":1218,"column":6},"end":{"line":1218,"column":31}},"402":{"start":{"line":1220,"column":6},"end":{"line":1220,"column":51}},"403":{"start":{"line":1221,"column":6},"end":{"line":1221,"column":32}},"404":{"start":{"line":1229,"column":22},"end":{"line":1234,"column":5}},"405":{"start":{"line":1236,"column":4},"end":{"line":1236,"column":67}},"406":{"start":{"line":1243,"column":4},"end":{"line":1264,"column":5}},"407":{"start":{"line":1245,"column":6},"end":{"line":1245,"column":32}},"408":{"start":{"line":1248,"column":6},"end":{"line":1248,"column":44}},"409":{"start":{"line":1251,"column":6},"end":{"line":1253,"column":7}},"410":{"start":{"line":1252,"column":8},"end":{"line":1252,"column":39}},"411":{"start":{"line":1256,"column":6},"end":{"line":1258,"column":7}},"412":{"start":{"line":1257,"column":8},"end":{"line":1257,"column":43}},"413":{"start":{"line":1260,"column":6},"end":{"line":1260,"column":31}},"414":{"start":{"line":1262,"column":6},"end":{"line":1262,"column":57}},"415":{"start":{"line":1263,"column":6},"end":{"line":1263,"column":32}},"416":{"start":{"line":1269,"column":4},"end":{"line":1271,"column":5}},"417":{"start":{"line":1270,"column":6},"end":{"line":1270,"column":81}},"418":{"start":{"line":1273,"column":23},"end":{"line":1273,"column":72}},"419":{"start":{"line":1273,"column":56},"end":{"line":1273,"column":70}},"420":{"start":{"line":1274,"column":24},"end":{"line":1274,"column":44}},"421":{"start":{"line":1276,"column":4},"end":{"line":1281,"column":6}},"422":{"start":{"line":1285,"column":22},"end":{"line":1289,"column":5}},"423":{"start":{"line":1291,"column":29},"end":{"line":1294,"column":6}},"424":{"start":{"line":1296,"column":4},"end":{"line":1300,"column":6}},"425":{"start":{"line":1304,"column":21},"end":{"line":1304,"column":56}},"426":{"start":{"line":1305,"column":15},"end":{"line":1305,"column":16}},"427":{"start":{"line":1306,"column":4},"end":{"line":1310,"column":5}},"428":{"start":{"line":1306,"column":17},"end":{"line":1306,"column":18}},"429":{"start":{"line":1307,"column":19},"end":{"line":1307,"column":41}},"430":{"start":{"line":1308,"column":6},"end":{"line":1308,"column":41}},"431":{"start":{"line":1309,"column":6},"end":{"line":1309,"column":25}},"432":{"start":{"line":1311,"column":4},"end":{"line":1311,"column":57}},"433":{"start":{"line":1315,"column":4},"end":{"line":1318,"column":5}},"434":{"start":{"line":1316,"column":20},"end":{"line":1316,"column":58}},"435":{"start":{"line":1317,"column":6},"end":{"line":1317,"column":69}},"436":{"start":{"line":1319,"column":4},"end":{"line":1319,"column":26}},"437":{"start":{"line":1323,"column":4},"end":{"line":1323,"column":36}},"438":{"start":{"line":1328,"column":4},"end":{"line":1332,"column":6}},"439":{"start":{"line":1334,"column":4},"end":{"line":1339,"column":6}},"440":{"start":{"line":1343,"column":4},"end":{"line":1343,"column":95}},"441":{"start":{"line":1347,"column":24},"end":{"line":1347,"column":74}},"442":{"start":{"line":1349,"column":4},"end":{"line":1355,"column":6}},"443":{"start":{"line":1359,"column":4},"end":{"line":1359,"column":29}},"444":{"start":{"line":1360,"column":4},"end":{"line":1360,"column":32}},"445":{"start":{"line":1361,"column":4},"end":{"line":1361,"column":28}},"446":{"start":{"line":1362,"column":4},"end":{"line":1362,"column":29}},"447":{"start":{"line":1367,"column":4},"end":{"line":1367,"column":68}},"448":{"start":{"line":1371,"column":4},"end":{"line":1385,"column":6}},"449":{"start":{"line":1389,"column":4},"end":{"line":1392,"column":6}},"450":{"start":{"line":1396,"column":4},"end":{"line":1401,"column":6}},"451":{"start":{"line":1405,"column":4},"end":{"line":1413,"column":6}},"452":{"start":{"line":1417,"column":4},"end":{"line":1450,"column":5}},"453":{"start":{"line":1418,"column":32},"end":{"line":1434,"column":7}},"454":{"start":{"line":1436,"column":6},"end":{"line":1439,"column":8}},"455":{"start":{"line":1441,"column":6},"end":{"line":1441,"column":46}},"456":{"start":{"line":1442,"column":6},"end":{"line":1446,"column":8}},"457":{"start":{"line":1448,"column":6},"end":{"line":1448,"column":56}},"458":{"start":{"line":1449,"column":6},"end":{"line":1449,"column":18}},"459":{"start":{"line":1454,"column":4},"end":{"line":1490,"column":5}},"460":{"start":{"line":1455,"column":26},"end":{"line":1455,"column":31}},"461":{"start":{"line":1457,"column":6},"end":{"line":1462,"column":7}},"462":{"start":{"line":1458,"column":28},"end":{"line":1458,"column":93}},"463":{"start":{"line":1459,"column":8},"end":{"line":1461,"column":9}},"464":{"start":{"line":1460,"column":10},"end":{"line":1460,"column":50}},"465":{"start":{"line":1464,"column":6},"end":{"line":1480,"column":7}},"466":{"start":{"line":1465,"column":8},"end":{"line":1465,"column":44}},"467":{"start":{"line":1466,"column":8},"end":{"line":1466,"column":61}},"468":{"start":{"line":1467,"column":8},"end":{"line":1467,"column":65}},"469":{"start":{"line":1468,"column":8},"end":{"line":1468,"column":57}},"470":{"start":{"line":1469,"column":8},"end":{"line":1469,"column":73}},"471":{"start":{"line":1472,"column":8},"end":{"line":1474,"column":9}},"472":{"start":{"line":1473,"column":10},"end":{"line":1473,"column":73}},"473":{"start":{"line":1477,"column":8},"end":{"line":1479,"column":9}},"474":{"start":{"line":1478,"column":10},"end":{"line":1478,"column":40}},"475":{"start":{"line":1482,"column":6},"end":{"line":1486,"column":8}},"476":{"start":{"line":1488,"column":6},"end":{"line":1488,"column":55}},"477":{"start":{"line":1489,"column":6},"end":{"line":1489,"column":54}},"478":{"start":{"line":1494,"column":22},"end":{"line":1496,"column":9}},"479":{"start":{"line":1498,"column":4},"end":{"line":1504,"column":6}},"480":{"start":{"line":1508,"column":22},"end":{"line":1508,"column":41}},"481":{"start":{"line":1509,"column":4},"end":{"line":1520,"column":6}},"482":{"start":{"line":1524,"column":4},"end":{"line":1526,"column":5}},"483":{"start":{"line":1525,"column":6},"end":{"line":1525,"column":51}},"484":{"start":{"line":1527,"column":4},"end":{"line":1527,"column":29}},"485":{"start":{"line":1531,"column":4},"end":{"line":1531,"column":47}},"486":{"start":{"line":1535,"column":4},"end":{"line":1535,"column":42}},"487":{"start":{"line":1536,"column":4},"end":{"line":1536,"column":45}},"488":{"start":{"line":1540,"column":4},"end":{"line":1540,"column":43}},"489":{"start":{"line":1541,"column":4},"end":{"line":1541,"column":45}},"490":{"start":{"line":1545,"column":4},"end":{"line":1547,"column":5}},"491":{"start":{"line":1546,"column":6},"end":{"line":1546,"column":69}},"492":{"start":{"line":1548,"column":4},"end":{"line":1548,"column":44}},"493":{"start":{"line":1554,"column":18},"end":{"line":1554,"column":56}},"494":{"start":{"line":1555,"column":4},"end":{"line":1555,"column":53}},"495":{"start":{"line":1560,"column":15},"end":{"line":1560,"column":16}},"496":{"start":{"line":1561,"column":4},"end":{"line":1565,"column":5}},"497":{"start":{"line":1561,"column":17},"end":{"line":1561,"column":18}},"498":{"start":{"line":1562,"column":19},"end":{"line":1562,"column":38}},"499":{"start":{"line":1563,"column":6},"end":{"line":1563,"column":41}},"500":{"start":{"line":1564,"column":6},"end":{"line":1564,"column":25}},"501":{"start":{"line":1568,"column":22},"end":{"line":1568,"column":66}},"502":{"start":{"line":1569,"column":17},"end":{"line":1569,"column":19}},"503":{"start":{"line":1570,"column":4},"end":{"line":1572,"column":5}},"504":{"start":{"line":1570,"column":17},"end":{"line":1570,"column":18}},"505":{"start":{"line":1571,"column":6},"end":{"line":1571,"column":48}},"506":{"start":{"line":1573,"column":4},"end":{"line":1573,"column":18}},"507":{"start":{"line":1577,"column":4},"end":{"line":1577,"column":82}},"508":{"start":{"line":1581,"column":4},"end":{"line":1581,"column":50}},"509":{"start":{"line":1586,"column":4},"end":{"line":1586,"column":48}},"510":{"start":{"line":1592,"column":22},"end":{"line":1596,"column":5}},"511":{"start":{"line":1598,"column":29},"end":{"line":1601,"column":6}},"512":{"start":{"line":1603,"column":4},"end":{"line":1607,"column":6}},"513":{"start":{"line":1611,"column":18},"end":{"line":1640,"column":5}},"514":{"start":{"line":1642,"column":15},"end":{"line":1642,"column":25}},"515":{"start":{"line":1649,"column":4},"end":{"line":1657,"column":5}},"516":{"start":{"line":1650,"column":6},"end":{"line":1650,"column":26}},"517":{"start":{"line":1651,"column":11},"end":{"line":1657,"column":5}},"518":{"start":{"line":1652,"column":6},"end":{"line":1652,"column":23}},"519":{"start":{"line":1653,"column":11},"end":{"line":1657,"column":5}},"520":{"start":{"line":1654,"column":6},"end":{"line":1654,"column":28}},"521":{"start":{"line":1655,"column":11},"end":{"line":1657,"column":5}},"522":{"start":{"line":1656,"column":6},"end":{"line":1656,"column":26}},"523":{"start":{"line":1659,"column":4},"end":{"line":1659,"column":69}},"524":{"start":{"line":1660,"column":19},"end":{"line":1666,"column":5}},"525":{"start":{"line":1668,"column":4},"end":{"line":1668,"column":18}},"526":{"start":{"line":1673,"column":23},"end":{"line":1678,"column":5}},"527":{"start":{"line":1680,"column":19},"end":{"line":1680,"column":29}},"528":{"start":{"line":1683,"column":17},"end":{"line":1683,"column":79}},"529":{"start":{"line":1686,"column":4},"end":{"line":1696,"column":5}},"530":{"start":{"line":1687,"column":6},"end":{"line":1687,"column":34}},"531":{"start":{"line":1688,"column":11},"end":{"line":1696,"column":5}},"532":{"start":{"line":1689,"column":6},"end":{"line":1689,"column":28}},"533":{"start":{"line":1690,"column":11},"end":{"line":1696,"column":5}},"534":{"start":{"line":1691,"column":6},"end":{"line":1691,"column":33}},"535":{"start":{"line":1692,"column":11},"end":{"line":1696,"column":5}},"536":{"start":{"line":1693,"column":6},"end":{"line":1693,"column":27}},"537":{"start":{"line":1695,"column":6},"end":{"line":1695,"column":27}},"538":{"start":{"line":1699,"column":4},"end":{"line":1702,"column":6}},"539":{"start":{"line":1704,"column":4},"end":{"line":1704,"column":39}},"540":{"start":{"line":1709,"column":4},"end":{"line":1715,"column":6}},"541":{"start":{"line":1719,"column":29},"end":{"line":1719,"column":76}},"542":{"start":{"line":1721,"column":19},"end":{"line":1721,"column":29}},"543":{"start":{"line":1722,"column":25},"end":{"line":1722,"column":30}},"544":{"start":{"line":1724,"column":4},"end":{"line":1733,"column":5}},"545":{"start":{"line":1725,"column":6},"end":{"line":1725,"column":27}},"546":{"start":{"line":1726,"column":6},"end":{"line":1726,"column":29}},"547":{"start":{"line":1727,"column":11},"end":{"line":1733,"column":5}},"548":{"start":{"line":1728,"column":6},"end":{"line":1728,"column":32}},"549":{"start":{"line":1729,"column":6},"end":{"line":1729,"column":29}},"550":{"start":{"line":1730,"column":11},"end":{"line":1733,"column":5}},"551":{"start":{"line":1731,"column":6},"end":{"line":1731,"column":34}},"552":{"start":{"line":1732,"column":6},"end":{"line":1732,"column":29}},"553":{"start":{"line":1735,"column":4},"end":{"line":1735,"column":44}},"554":{"start":{"line":1736,"column":4},"end":{"line":1736,"column":56}},"555":{"start":{"line":1738,"column":4},"end":{"line":1741,"column":6}},"556":{"start":{"line":1746,"column":4},"end":{"line":1756,"column":6}},"557":{"start":{"line":1760,"column":4},"end":{"line":1760,"column":50}},"558":{"start":{"line":1764,"column":4},"end":{"line":1786,"column":5}},"559":{"start":{"line":1766,"column":6},"end":{"line":1768,"column":7}},"560":{"start":{"line":1767,"column":8},"end":{"line":1767,"column":52}},"561":{"start":{"line":1771,"column":21},"end":{"line":1781,"column":7}},"562":{"start":{"line":1783,"column":6},"end":{"line":1783,"column":20}},"563":{"start":{"line":1785,"column":6},"end":{"line":1785,"column":61}},"564":{"start":{"line":1790,"column":4},"end":{"line":1792,"column":5}},"565":{"start":{"line":1791,"column":6},"end":{"line":1791,"column":84}},"566":{"start":{"line":1793,"column":4},"end":{"line":1793,"column":29}},"567":{"start":{"line":1799,"column":16},"end":{"line":1799,"column":35}},"568":{"start":{"line":1806,"column":4},"end":{"line":1806,"column":46}},"569":{"start":{"line":1808,"column":24},"end":{"line":1808,"column":51}},"570":{"start":{"line":1809,"column":30},"end":{"line":1809,"column":63}},"571":{"start":{"line":1810,"column":20},"end":{"line":1810,"column":43}},"572":{"start":{"line":1811,"column":26},"end":{"line":1811,"column":55}},"573":{"start":{"line":1812,"column":26},"end":{"line":1812,"column":55}},"574":{"start":{"line":1813,"column":22},"end":{"line":1813,"column":47}},"575":{"start":{"line":1814,"column":24},"end":{"line":1814,"column":51}},"576":{"start":{"line":1815,"column":17},"end":{"line":1815,"column":55}},"577":{"start":{"line":1816,"column":28},"end":{"line":1816,"column":59}},"578":{"start":{"line":1817,"column":31},"end":{"line":1817,"column":65}},"579":{"start":{"line":1818,"column":25},"end":{"line":1818,"column":60}},"580":{"start":{"line":1819,"column":27},"end":{"line":1819,"column":64}},"581":{"start":{"line":1820,"column":24},"end":{"line":1820,"column":51}},"582":{"start":{"line":1821,"column":27},"end":{"line":1821,"column":57}},"583":{"start":{"line":1822,"column":27},"end":{"line":1822,"column":57}},"584":{"start":{"line":1823,"column":22},"end":{"line":1823,"column":47}},"585":{"start":{"line":1831,"column":0},"end":{"line":1831,"column":42}}},"fnMap":{"0":{"name":"(anonymous_0)","decl":{"start":{"line":21,"column":2},"end":{"line":21,"column":3}},"loc":{"start":{"line":21,"column":27},"end":{"line":60,"column":3}},"line":21},"1":{"name":"(anonymous_1)","decl":{"start":{"line":65,"column":2},"end":{"line":65,"column":3}},"loc":{"start":{"line":65,"column":28},"end":{"line":85,"column":3}},"line":65},"2":{"name":"(anonymous_2)","decl":{"start":{"line":90,"column":2},"end":{"line":90,"column":3}},"loc":{"start":{"line":90,"column":49},"end":{"line":123,"column":3}},"line":90},"3":{"name":"(anonymous_3)","decl":{"start":{"line":129,"column":2},"end":{"line":129,"column":3}},"loc":{"start":{"line":129,"column":38},"end":{"line":144,"column":3}},"line":129},"4":{"name":"(anonymous_4)","decl":{"start":{"line":149,"column":2},"end":{"line":149,"column":3}},"loc":{"start":{"line":149,"column":20},"end":{"line":151,"column":3}},"line":149},"5":{"name":"(anonymous_5)","decl":{"start":{"line":156,"column":2},"end":{"line":156,"column":3}},"loc":{"start":{"line":156,"column":34},"end":{"line":169,"column":3}},"line":156},"6":{"name":"(anonymous_6)","decl":{"start":{"line":174,"column":2},"end":{"line":174,"column":3}},"loc":{"start":{"line":174,"column":36},"end":{"line":199,"column":3}},"line":174},"7":{"name":"(anonymous_7)","decl":{"start":{"line":204,"column":2},"end":{"line":204,"column":3}},"loc":{"start":{"line":204,"column":40},"end":{"line":248,"column":3}},"line":204},"8":{"name":"(anonymous_8)","decl":{"start":{"line":226,"column":55},"end":{"line":226,"column":56}},"loc":{"start":{"line":226,"column":65},"end":{"line":226,"column":85}},"line":226},"9":{"name":"(anonymous_9)","decl":{"start":{"line":253,"column":2},"end":{"line":253,"column":3}},"loc":{"start":{"line":253,"column":46},"end":{"line":296,"column":3}},"line":253},"10":{"name":"(anonymous_10)","decl":{"start":{"line":301,"column":2},"end":{"line":301,"column":3}},"loc":{"start":{"line":301,"column":37},"end":{"line":320,"column":3}},"line":301},"11":{"name":"(anonymous_11)","decl":{"start":{"line":325,"column":2},"end":{"line":325,"column":3}},"loc":{"start":{"line":325,"column":41},"end":{"line":346,"column":3}},"line":325},"12":{"name":"(anonymous_12)","decl":{"start":{"line":351,"column":2},"end":{"line":351,"column":3}},"loc":{"start":{"line":351,"column":33},"end":{"line":357,"column":3}},"line":351},"13":{"name":"(anonymous_13)","decl":{"start":{"line":353,"column":44},"end":{"line":353,"column":45}},"loc":{"start":{"line":353,"column":56},"end":{"line":355,"column":7}},"line":353},"14":{"name":"(anonymous_14)","decl":{"start":{"line":362,"column":2},"end":{"line":362,"column":3}},"loc":{"start":{"line":362,"column":39},"end":{"line":383,"column":3}},"line":362},"15":{"name":"(anonymous_15)","decl":{"start":{"line":388,"column":2},"end":{"line":388,"column":3}},"loc":{"start":{"line":388,"column":54},"end":{"line":451,"column":3}},"line":388},"16":{"name":"(anonymous_16)","decl":{"start":{"line":456,"column":2},"end":{"line":456,"column":3}},"loc":{"start":{"line":456,"column":36},"end":{"line":458,"column":3}},"line":456},"17":{"name":"(anonymous_17)","decl":{"start":{"line":463,"column":2},"end":{"line":463,"column":3}},"loc":{"start":{"line":463,"column":31},"end":{"line":473,"column":3}},"line":463},"18":{"name":"(anonymous_18)","decl":{"start":{"line":478,"column":2},"end":{"line":478,"column":3}},"loc":{"start":{"line":478,"column":55},"end":{"line":498,"column":3}},"line":478},"19":{"name":"(anonymous_19)","decl":{"start":{"line":503,"column":2},"end":{"line":503,"column":3}},"loc":{"start":{"line":503,"column":44},"end":{"line":514,"column":3}},"line":503},"20":{"name":"(anonymous_20)","decl":{"start":{"line":519,"column":2},"end":{"line":519,"column":3}},"loc":{"start":{"line":519,"column":18},"end":{"line":527,"column":3}},"line":519},"21":{"name":"(anonymous_21)","decl":{"start":{"line":532,"column":2},"end":{"line":532,"column":3}},"loc":{"start":{"line":532,"column":24},"end":{"line":539,"column":3}},"line":532},"22":{"name":"(anonymous_22)","decl":{"start":{"line":534,"column":67},"end":{"line":534,"column":68}},"loc":{"start":{"line":534,"column":74},"end":{"line":538,"column":5}},"line":534},"23":{"name":"(anonymous_23)","decl":{"start":{"line":544,"column":2},"end":{"line":544,"column":3}},"loc":{"start":{"line":544,"column":45},"end":{"line":587,"column":3}},"line":544},"24":{"name":"(anonymous_24)","decl":{"start":{"line":596,"column":2},"end":{"line":596,"column":3}},"loc":{"start":{"line":596,"column":42},"end":{"line":613,"column":3}},"line":596},"25":{"name":"(anonymous_25)","decl":{"start":{"line":618,"column":2},"end":{"line":618,"column":3}},"loc":{"start":{"line":618,"column":37},"end":{"line":696,"column":3}},"line":618},"26":{"name":"(anonymous_26)","decl":{"start":{"line":701,"column":2},"end":{"line":701,"column":3}},"loc":{"start":{"line":701,"column":39},"end":{"line":721,"column":3}},"line":701},"27":{"name":"(anonymous_27)","decl":{"start":{"line":703,"column":44},"end":{"line":703,"column":45}},"loc":{"start":{"line":703,"column":55},"end":{"line":707,"column":7}},"line":703},"28":{"name":"(anonymous_28)","decl":{"start":{"line":713,"column":58},"end":{"line":713,"column":59}},"loc":{"start":{"line":713,"column":63},"end":{"line":713,"column":75}},"line":713},"29":{"name":"(anonymous_29)","decl":{"start":{"line":726,"column":2},"end":{"line":726,"column":3}},"loc":{"start":{"line":726,"column":36},"end":{"line":752,"column":3}},"line":726},"30":{"name":"(anonymous_30)","decl":{"start":{"line":729,"column":58},"end":{"line":729,"column":59}},"loc":{"start":{"line":729,"column":63},"end":{"line":729,"column":90}},"line":729},"31":{"name":"(anonymous_31)","decl":{"start":{"line":757,"column":2},"end":{"line":757,"column":3}},"loc":{"start":{"line":757,"column":43},"end":{"line":770,"column":3}},"line":757},"32":{"name":"(anonymous_32)","decl":{"start":{"line":775,"column":2},"end":{"line":775,"column":3}},"loc":{"start":{"line":775,"column":42},"end":{"line":778,"column":3}},"line":775},"33":{"name":"(anonymous_33)","decl":{"start":{"line":783,"column":2},"end":{"line":783,"column":3}},"loc":{"start":{"line":783,"column":18},"end":{"line":785,"column":3}},"line":783},"34":{"name":"(anonymous_34)","decl":{"start":{"line":790,"column":2},"end":{"line":790,"column":3}},"loc":{"start":{"line":790,"column":27},"end":{"line":828,"column":3}},"line":790},"35":{"name":"(anonymous_35)","decl":{"start":{"line":833,"column":2},"end":{"line":833,"column":3}},"loc":{"start":{"line":833,"column":34},"end":{"line":872,"column":3}},"line":833},"36":{"name":"(anonymous_36)","decl":{"start":{"line":844,"column":24},"end":{"line":844,"column":25}},"loc":{"start":{"line":844,"column":35},"end":{"line":844,"column":59}},"line":844},"37":{"name":"(anonymous_37)","decl":{"start":{"line":877,"column":2},"end":{"line":877,"column":3}},"loc":{"start":{"line":877,"column":26},"end":{"line":902,"column":3}},"line":877},"38":{"name":"(anonymous_38)","decl":{"start":{"line":907,"column":2},"end":{"line":907,"column":3}},"loc":{"start":{"line":907,"column":44},"end":{"line":932,"column":3}},"line":907},"39":{"name":"(anonymous_39)","decl":{"start":{"line":920,"column":62},"end":{"line":920,"column":63}},"loc":{"start":{"line":920,"column":67},"end":{"line":920,"column":95}},"line":920},"40":{"name":"(anonymous_40)","decl":{"start":{"line":937,"column":2},"end":{"line":937,"column":3}},"loc":{"start":{"line":937,"column":49},"end":{"line":952,"column":3}},"line":937},"41":{"name":"(anonymous_41)","decl":{"start":{"line":957,"column":2},"end":{"line":957,"column":3}},"loc":{"start":{"line":957,"column":42},"end":{"line":1014,"column":3}},"line":957},"42":{"name":"(anonymous_42)","decl":{"start":{"line":1019,"column":2},"end":{"line":1019,"column":3}},"loc":{"start":{"line":1019,"column":23},"end":{"line":1039,"column":3}},"line":1019},"43":{"name":"(anonymous_43)","decl":{"start":{"line":1044,"column":2},"end":{"line":1044,"column":3}},"loc":{"start":{"line":1044,"column":28},"end":{"line":1052,"column":3}},"line":1044},"44":{"name":"(anonymous_44)","decl":{"start":{"line":1045,"column":64},"end":{"line":1045,"column":65}},"loc":{"start":{"line":1045,"column":88},"end":{"line":1051,"column":5}},"line":1045},"45":{"name":"(anonymous_45)","decl":{"start":{"line":1057,"column":2},"end":{"line":1057,"column":3}},"loc":{"start":{"line":1057,"column":28},"end":{"line":1067,"column":3}},"line":1057},"46":{"name":"(anonymous_46)","decl":{"start":{"line":1061,"column":17},"end":{"line":1061,"column":18}},"loc":{"start":{"line":1061,"column":29},"end":{"line":1064,"column":9}},"line":1061},"47":{"name":"(anonymous_47)","decl":{"start":{"line":1072,"column":2},"end":{"line":1072,"column":3}},"loc":{"start":{"line":1072,"column":41},"end":{"line":1083,"column":3}},"line":1072},"48":{"name":"(anonymous_48)","decl":{"start":{"line":1088,"column":2},"end":{"line":1088,"column":3}},"loc":{"start":{"line":1088,"column":28},"end":{"line":1110,"column":3}},"line":1088},"49":{"name":"(anonymous_49)","decl":{"start":{"line":1115,"column":2},"end":{"line":1115,"column":3}},"loc":{"start":{"line":1115,"column":25},"end":{"line":1144,"column":3}},"line":1115},"50":{"name":"(anonymous_50)","decl":{"start":{"line":1149,"column":2},"end":{"line":1149,"column":3}},"loc":{"start":{"line":1149,"column":44},"end":{"line":1169,"column":3}},"line":1149},"51":{"name":"(anonymous_51)","decl":{"start":{"line":1174,"column":2},"end":{"line":1174,"column":3}},"loc":{"start":{"line":1174,"column":26},"end":{"line":1185,"column":3}},"line":1174},"52":{"name":"(anonymous_52)","decl":{"start":{"line":1184,"column":32},"end":{"line":1184,"column":33}},"loc":{"start":{"line":1184,"column":43},"end":{"line":1184,"column":73}},"line":1184},"53":{"name":"(anonymous_53)","decl":{"start":{"line":1190,"column":2},"end":{"line":1190,"column":3}},"loc":{"start":{"line":1190,"column":27},"end":{"line":1205,"column":3}},"line":1190},"54":{"name":"(anonymous_54)","decl":{"start":{"line":1210,"column":2},"end":{"line":1210,"column":3}},"loc":{"start":{"line":1210,"column":30},"end":{"line":1223,"column":3}},"line":1210},"55":{"name":"(anonymous_55)","decl":{"start":{"line":1228,"column":2},"end":{"line":1228,"column":3}},"loc":{"start":{"line":1228,"column":27},"end":{"line":1237,"column":3}},"line":1228},"56":{"name":"(anonymous_56)","decl":{"start":{"line":1242,"column":2},"end":{"line":1242,"column":3}},"loc":{"start":{"line":1242,"column":18},"end":{"line":1265,"column":3}},"line":1242},"57":{"name":"(anonymous_57)","decl":{"start":{"line":1268,"column":2},"end":{"line":1268,"column":3}},"loc":{"start":{"line":1268,"column":49},"end":{"line":1282,"column":3}},"line":1268},"58":{"name":"(anonymous_58)","decl":{"start":{"line":1273,"column":49},"end":{"line":1273,"column":50}},"loc":{"start":{"line":1273,"column":56},"end":{"line":1273,"column":70}},"line":1273},"59":{"name":"(anonymous_59)","decl":{"start":{"line":1284,"column":2},"end":{"line":1284,"column":3}},"loc":{"start":{"line":1284,"column":46},"end":{"line":1301,"column":3}},"line":1284},"60":{"name":"(anonymous_60)","decl":{"start":{"line":1303,"column":2},"end":{"line":1303,"column":3}},"loc":{"start":{"line":1303,"column":41},"end":{"line":1312,"column":3}},"line":1303},"61":{"name":"(anonymous_61)","decl":{"start":{"line":1314,"column":2},"end":{"line":1314,"column":3}},"loc":{"start":{"line":1314,"column":23},"end":{"line":1320,"column":3}},"line":1314},"62":{"name":"(anonymous_62)","decl":{"start":{"line":1322,"column":2},"end":{"line":1322,"column":3}},"loc":{"start":{"line":1322,"column":21},"end":{"line":1324,"column":3}},"line":1322},"63":{"name":"(anonymous_63)","decl":{"start":{"line":1327,"column":2},"end":{"line":1327,"column":3}},"loc":{"start":{"line":1327,"column":37},"end":{"line":1340,"column":3}},"line":1327},"64":{"name":"(anonymous_64)","decl":{"start":{"line":1342,"column":2},"end":{"line":1342,"column":3}},"loc":{"start":{"line":1342,"column":21},"end":{"line":1344,"column":3}},"line":1342},"65":{"name":"(anonymous_65)","decl":{"start":{"line":1346,"column":2},"end":{"line":1346,"column":3}},"loc":{"start":{"line":1346,"column":33},"end":{"line":1356,"column":3}},"line":1346},"66":{"name":"(anonymous_66)","decl":{"start":{"line":1358,"column":2},"end":{"line":1358,"column":3}},"loc":{"start":{"line":1358,"column":18},"end":{"line":1363,"column":3}},"line":1358},"67":{"name":"(anonymous_67)","decl":{"start":{"line":1366,"column":2},"end":{"line":1366,"column":3}},"loc":{"start":{"line":1366,"column":55},"end":{"line":1368,"column":3}},"line":1366},"68":{"name":"(anonymous_68)","decl":{"start":{"line":1370,"column":2},"end":{"line":1370,"column":3}},"loc":{"start":{"line":1370,"column":40},"end":{"line":1386,"column":3}},"line":1370},"69":{"name":"(anonymous_69)","decl":{"start":{"line":1388,"column":2},"end":{"line":1388,"column":3}},"loc":{"start":{"line":1388,"column":25},"end":{"line":1393,"column":3}},"line":1388},"70":{"name":"(anonymous_70)","decl":{"start":{"line":1395,"column":2},"end":{"line":1395,"column":3}},"loc":{"start":{"line":1395,"column":38},"end":{"line":1402,"column":3}},"line":1395},"71":{"name":"(anonymous_71)","decl":{"start":{"line":1404,"column":2},"end":{"line":1404,"column":3}},"loc":{"start":{"line":1404,"column":24},"end":{"line":1414,"column":3}},"line":1404},"72":{"name":"(anonymous_72)","decl":{"start":{"line":1416,"column":2},"end":{"line":1416,"column":3}},"loc":{"start":{"line":1416,"column":45},"end":{"line":1451,"column":3}},"line":1416},"73":{"name":"(anonymous_73)","decl":{"start":{"line":1453,"column":2},"end":{"line":1453,"column":3}},"loc":{"start":{"line":1453,"column":48},"end":{"line":1491,"column":3}},"line":1453},"74":{"name":"(anonymous_74)","decl":{"start":{"line":1493,"column":2},"end":{"line":1493,"column":3}},"loc":{"start":{"line":1493,"column":20},"end":{"line":1505,"column":3}},"line":1493},"75":{"name":"(anonymous_75)","decl":{"start":{"line":1507,"column":2},"end":{"line":1507,"column":3}},"loc":{"start":{"line":1507,"column":39},"end":{"line":1521,"column":3}},"line":1507},"76":{"name":"(anonymous_76)","decl":{"start":{"line":1523,"column":2},"end":{"line":1523,"column":3}},"loc":{"start":{"line":1523,"column":36},"end":{"line":1528,"column":3}},"line":1523},"77":{"name":"(anonymous_77)","decl":{"start":{"line":1530,"column":2},"end":{"line":1530,"column":3}},"loc":{"start":{"line":1530,"column":40},"end":{"line":1532,"column":3}},"line":1530},"78":{"name":"(anonymous_78)","decl":{"start":{"line":1534,"column":2},"end":{"line":1534,"column":3}},"loc":{"start":{"line":1534,"column":32},"end":{"line":1537,"column":3}},"line":1534},"79":{"name":"(anonymous_79)","decl":{"start":{"line":1539,"column":2},"end":{"line":1539,"column":3}},"loc":{"start":{"line":1539,"column":41},"end":{"line":1542,"column":3}},"line":1539},"80":{"name":"(anonymous_80)","decl":{"start":{"line":1544,"column":2},"end":{"line":1544,"column":3}},"loc":{"start":{"line":1544,"column":37},"end":{"line":1549,"column":3}},"line":1544},"81":{"name":"(anonymous_81)","decl":{"start":{"line":1553,"column":2},"end":{"line":1553,"column":3}},"loc":{"start":{"line":1553,"column":23},"end":{"line":1556,"column":3}},"line":1553},"82":{"name":"(anonymous_82)","decl":{"start":{"line":1558,"column":2},"end":{"line":1558,"column":3}},"loc":{"start":{"line":1558,"column":26},"end":{"line":1574,"column":3}},"line":1558},"83":{"name":"(anonymous_83)","decl":{"start":{"line":1576,"column":2},"end":{"line":1576,"column":3}},"loc":{"start":{"line":1576,"column":33},"end":{"line":1578,"column":3}},"line":1576},"84":{"name":"(anonymous_84)","decl":{"start":{"line":1580,"column":2},"end":{"line":1580,"column":3}},"loc":{"start":{"line":1580,"column":35},"end":{"line":1582,"column":3}},"line":1580},"85":{"name":"(anonymous_85)","decl":{"start":{"line":1584,"column":2},"end":{"line":1584,"column":3}},"loc":{"start":{"line":1584,"column":21},"end":{"line":1587,"column":3}},"line":1584},"86":{"name":"(anonymous_86)","decl":{"start":{"line":1591,"column":2},"end":{"line":1591,"column":3}},"loc":{"start":{"line":1591,"column":46},"end":{"line":1608,"column":3}},"line":1591},"87":{"name":"(anonymous_87)","decl":{"start":{"line":1610,"column":2},"end":{"line":1610,"column":3}},"loc":{"start":{"line":1610,"column":49},"end":{"line":1669,"column":3}},"line":1610},"88":{"name":"(anonymous_88)","decl":{"start":{"line":1672,"column":2},"end":{"line":1672,"column":3}},"loc":{"start":{"line":1672,"column":48},"end":{"line":1705,"column":3}},"line":1672},"89":{"name":"(anonymous_89)","decl":{"start":{"line":1708,"column":2},"end":{"line":1708,"column":3}},"loc":{"start":{"line":1708,"column":29},"end":{"line":1716,"column":3}},"line":1708},"90":{"name":"(anonymous_90)","decl":{"start":{"line":1718,"column":2},"end":{"line":1718,"column":3}},"loc":{"start":{"line":1718,"column":52},"end":{"line":1742,"column":3}},"line":1718},"91":{"name":"(anonymous_91)","decl":{"start":{"line":1744,"column":2},"end":{"line":1744,"column":3}},"loc":{"start":{"line":1744,"column":29},"end":{"line":1757,"column":3}},"line":1744},"92":{"name":"(anonymous_92)","decl":{"start":{"line":1759,"column":2},"end":{"line":1759,"column":3}},"loc":{"start":{"line":1759,"column":41},"end":{"line":1761,"column":3}},"line":1759},"93":{"name":"(anonymous_93)","decl":{"start":{"line":1763,"column":2},"end":{"line":1763,"column":3}},"loc":{"start":{"line":1763,"column":34},"end":{"line":1787,"column":3}},"line":1763},"94":{"name":"(anonymous_94)","decl":{"start":{"line":1789,"column":2},"end":{"line":1789,"column":3}},"loc":{"start":{"line":1789,"column":37},"end":{"line":1794,"column":3}},"line":1789},"95":{"name":"(anonymous_95)","decl":{"start":{"line":1799,"column":2},"end":{"line":1799,"column":3}},"loc":{"start":{"line":1799,"column":14},"end":{"line":1799,"column":37}},"line":1799},"96":{"name":"(anonymous_96)","decl":{"start":{"line":1805,"column":2},"end":{"line":1805,"column":3}},"loc":{"start":{"line":1805,"column":15},"end":{"line":1807,"column":3}},"line":1805},"97":{"name":"(anonymous_97)","decl":{"start":{"line":1808,"column":2},"end":{"line":1808,"column":3}},"loc":{"start":{"line":1808,"column":22},"end":{"line":1808,"column":53}},"line":1808},"98":{"name":"(anonymous_98)","decl":{"start":{"line":1809,"column":2},"end":{"line":1809,"column":3}},"loc":{"start":{"line":1809,"column":28},"end":{"line":1809,"column":65}},"line":1809},"99":{"name":"(anonymous_99)","decl":{"start":{"line":1810,"column":2},"end":{"line":1810,"column":3}},"loc":{"start":{"line":1810,"column":18},"end":{"line":1810,"column":45}},"line":1810},"100":{"name":"(anonymous_100)","decl":{"start":{"line":1811,"column":2},"end":{"line":1811,"column":3}},"loc":{"start":{"line":1811,"column":24},"end":{"line":1811,"column":57}},"line":1811},"101":{"name":"(anonymous_101)","decl":{"start":{"line":1812,"column":2},"end":{"line":1812,"column":3}},"loc":{"start":{"line":1812,"column":24},"end":{"line":1812,"column":57}},"line":1812},"102":{"name":"(anonymous_102)","decl":{"start":{"line":1813,"column":2},"end":{"line":1813,"column":3}},"loc":{"start":{"line":1813,"column":20},"end":{"line":1813,"column":49}},"line":1813},"103":{"name":"(anonymous_103)","decl":{"start":{"line":1814,"column":2},"end":{"line":1814,"column":3}},"loc":{"start":{"line":1814,"column":22},"end":{"line":1814,"column":53}},"line":1814},"104":{"name":"(anonymous_104)","decl":{"start":{"line":1815,"column":2},"end":{"line":1815,"column":3}},"loc":{"start":{"line":1815,"column":15},"end":{"line":1815,"column":57}},"line":1815},"105":{"name":"(anonymous_105)","decl":{"start":{"line":1816,"column":2},"end":{"line":1816,"column":3}},"loc":{"start":{"line":1816,"column":26},"end":{"line":1816,"column":61}},"line":1816},"106":{"name":"(anonymous_106)","decl":{"start":{"line":1817,"column":2},"end":{"line":1817,"column":3}},"loc":{"start":{"line":1817,"column":29},"end":{"line":1817,"column":67}},"line":1817},"107":{"name":"(anonymous_107)","decl":{"start":{"line":1818,"column":2},"end":{"line":1818,"column":3}},"loc":{"start":{"line":1818,"column":23},"end":{"line":1818,"column":62}},"line":1818},"108":{"name":"(anonymous_108)","decl":{"start":{"line":1819,"column":2},"end":{"line":1819,"column":3}},"loc":{"start":{"line":1819,"column":25},"end":{"line":1819,"column":66}},"line":1819},"109":{"name":"(anonymous_109)","decl":{"start":{"line":1820,"column":2},"end":{"line":1820,"column":3}},"loc":{"start":{"line":1820,"column":22},"end":{"line":1820,"column":53}},"line":1820},"110":{"name":"(anonymous_110)","decl":{"start":{"line":1821,"column":2},"end":{"line":1821,"column":3}},"loc":{"start":{"line":1821,"column":25},"end":{"line":1821,"column":59}},"line":1821},"111":{"name":"(anonymous_111)","decl":{"start":{"line":1822,"column":2},"end":{"line":1822,"column":3}},"loc":{"start":{"line":1822,"column":25},"end":{"line":1822,"column":59}},"line":1822},"112":{"name":"(anonymous_112)","decl":{"start":{"line":1823,"column":2},"end":{"line":1823,"column":3}},"loc":{"start":{"line":1823,"column":20},"end":{"line":1823,"column":49}},"line":1823}},"branchMap":{"0":{"loc":{"start":{"line":12,"column":17},"end":{"line":12,"column":133}},"type":"binary-expr","locations":[{"start":{"line":12,"column":17},"end":{"line":12,"column":77}},{"start":{"line":12,"column":81},"end":{"line":12,"column":133}}],"line":12},"1":{"loc":{"start":{"line":18,"column":19},"end":{"line":18,"column":49}},"type":"binary-expr","locations":[{"start":{"line":18,"column":19},"end":{"line":18,"column":43}},{"start":{"line":18,"column":47},"end":{"line":18,"column":49}}],"line":18},"2":{"loc":{"start":{"line":21,"column":14},"end":{"line":21,"column":25}},"type":"default-arg","locations":[{"start":{"line":21,"column":23},"end":{"line":21,"column":25}}],"line":21},"3":{"loc":{"start":{"line":25,"column":20},"end":{"line":25,"column":55}},"type":"cond-expr","locations":[{"start":{"line":25,"column":44},"end":{"line":25,"column":48}},{"start":{"line":25,"column":51},"end":{"line":25,"column":55}}],"line":25},"4":{"loc":{"start":{"line":74,"column":6},"end":{"line":78,"column":7}},"type":"if","locations":[{"start":{"line":74,"column":6},"end":{"line":78,"column":7}},{"start":{"line":76,"column":13},"end":{"line":78,"column":7}}],"line":74},"5":{"loc":{"start":{"line":76,"column":13},"end":{"line":78,"column":7}},"type":"if","locations":[{"start":{"line":76,"column":13},"end":{"line":78,"column":7}},{"start":{},"end":{}}],"line":76},"6":{"loc":{"start":{"line":92,"column":6},"end":{"line":94,"column":7}},"type":"if","locations":[{"start":{"line":92,"column":6},"end":{"line":94,"column":7}},{"start":{},"end":{}}],"line":92},"7":{"loc":{"start":{"line":97,"column":25},"end":{"line":97,"column":58}},"type":"binary-expr","locations":[{"start":{"line":97,"column":25},"end":{"line":97,"column":49}},{"start":{"line":97,"column":53},"end":{"line":97,"column":58}}],"line":97},"8":{"loc":{"start":{"line":98,"column":31},"end":{"line":98,"column":68}},"type":"binary-expr","locations":[{"start":{"line":98,"column":31},"end":{"line":98,"column":62}},{"start":{"line":98,"column":66},"end":{"line":98,"column":68}}],"line":98},"9":{"loc":{"start":{"line":99,"column":28},"end":{"line":99,"column":62}},"type":"binary-expr","locations":[{"start":{"line":99,"column":28},"end":{"line":99,"column":56}},{"start":{"line":99,"column":60},"end":{"line":99,"column":62}}],"line":99},"10":{"loc":{"start":{"line":103,"column":6},"end":{"line":105,"column":7}},"type":"if","locations":[{"start":{"line":103,"column":6},"end":{"line":105,"column":7}},{"start":{},"end":{}}],"line":103},"11":{"loc":{"start":{"line":108,"column":6},"end":{"line":110,"column":7}},"type":"if","locations":[{"start":{"line":108,"column":6},"end":{"line":110,"column":7}},{"start":{},"end":{}}],"line":108},"12":{"loc":{"start":{"line":134,"column":6},"end":{"line":137,"column":7}},"type":"if","locations":[{"start":{"line":134,"column":6},"end":{"line":137,"column":7}},{"start":{},"end":{}}],"line":134},"13":{"loc":{"start":{"line":150,"column":11},"end":{"line":150,"column":57}},"type":"binary-expr","locations":[{"start":{"line":150,"column":11},"end":{"line":150,"column":43}},{"start":{"line":150,"column":47},"end":{"line":150,"column":57}}],"line":150},"14":{"loc":{"start":{"line":162,"column":4},"end":{"line":168,"column":5}},"type":"if","locations":[{"start":{"line":162,"column":4},"end":{"line":168,"column":5}},{"start":{"line":164,"column":11},"end":{"line":168,"column":5}}],"line":162},"15":{"loc":{"start":{"line":164,"column":11},"end":{"line":168,"column":5}},"type":"if","locations":[{"start":{"line":164,"column":11},"end":{"line":168,"column":5}},{"start":{"line":166,"column":11},"end":{"line":168,"column":5}}],"line":164},"16":{"loc":{"start":{"line":174,"column":22},"end":{"line":174,"column":34}},"type":"default-arg","locations":[{"start":{"line":174,"column":32},"end":{"line":174,"column":34}}],"line":174},"17":{"loc":{"start":{"line":177,"column":6},"end":{"line":183,"column":7}},"type":"if","locations":[{"start":{"line":177,"column":6},"end":{"line":183,"column":7}},{"start":{},"end":{}}],"line":177},"18":{"loc":{"start":{"line":177,"column":10},"end":{"line":177,"column":56}},"type":"binary-expr","locations":[{"start":{"line":177,"column":10},"end":{"line":177,"column":20}},{"start":{"line":177,"column":24},"end":{"line":177,"column":56}}],"line":177},"19":{"loc":{"start":{"line":179,"column":29},"end":{"line":179,"column":87}},"type":"binary-expr","locations":[{"start":{"line":179,"column":29},"end":{"line":179,"column":54}},{"start":{"line":179,"column":58},"end":{"line":179,"column":87}}],"line":179},"20":{"loc":{"start":{"line":181,"column":27},"end":{"line":181,"column":81}},"type":"binary-expr","locations":[{"start":{"line":181,"column":27},"end":{"line":181,"column":50}},{"start":{"line":181,"column":54},"end":{"line":181,"column":81}}],"line":181},"21":{"loc":{"start":{"line":191,"column":27},"end":{"line":191,"column":85}},"type":"binary-expr","locations":[{"start":{"line":191,"column":27},"end":{"line":191,"column":52}},{"start":{"line":191,"column":56},"end":{"line":191,"column":85}}],"line":191},"22":{"loc":{"start":{"line":192,"column":25},"end":{"line":192,"column":79}},"type":"binary-expr","locations":[{"start":{"line":192,"column":25},"end":{"line":192,"column":48}},{"start":{"line":192,"column":52},"end":{"line":192,"column":79}}],"line":192},"23":{"loc":{"start":{"line":204,"column":26},"end":{"line":204,"column":38}},"type":"default-arg","locations":[{"start":{"line":204,"column":36},"end":{"line":204,"column":38}}],"line":204},"24":{"loc":{"start":{"line":212,"column":6},"end":{"line":220,"column":7}},"type":"if","locations":[{"start":{"line":212,"column":6},"end":{"line":220,"column":7}},{"start":{"line":217,"column":13},"end":{"line":220,"column":7}}],"line":212},"25":{"loc":{"start":{"line":217,"column":13},"end":{"line":220,"column":7}},"type":"if","locations":[{"start":{"line":217,"column":13},"end":{"line":220,"column":7}},{"start":{},"end":{}}],"line":217},"26":{"loc":{"start":{"line":224,"column":6},"end":{"line":231,"column":7}},"type":"if","locations":[{"start":{"line":224,"column":6},"end":{"line":231,"column":7}},{"start":{},"end":{}}],"line":224},"27":{"loc":{"start":{"line":228,"column":8},"end":{"line":230,"column":9}},"type":"if","locations":[{"start":{"line":228,"column":8},"end":{"line":230,"column":9}},{"start":{},"end":{}}],"line":228},"28":{"loc":{"start":{"line":240,"column":30},"end":{"line":240,"column":63}},"type":"binary-expr","locations":[{"start":{"line":240,"column":30},"end":{"line":240,"column":54}},{"start":{"line":240,"column":58},"end":{"line":240,"column":63}}],"line":240},"29":{"loc":{"start":{"line":253,"column":32},"end":{"line":253,"column":44}},"type":"default-arg","locations":[{"start":{"line":253,"column":42},"end":{"line":253,"column":44}}],"line":253},"30":{"loc":{"start":{"line":256,"column":26},"end":{"line":256,"column":59}},"type":"binary-expr","locations":[{"start":{"line":256,"column":26},"end":{"line":256,"column":50}},{"start":{"line":256,"column":54},"end":{"line":256,"column":59}}],"line":256},"31":{"loc":{"start":{"line":257,"column":33},"end":{"line":257,"column":73}},"type":"binary-expr","locations":[{"start":{"line":257,"column":33},"end":{"line":257,"column":64}},{"start":{"line":257,"column":68},"end":{"line":257,"column":73}}],"line":257},"32":{"loc":{"start":{"line":259,"column":23},"end":{"line":259,"column":73}},"type":"binary-expr","locations":[{"start":{"line":259,"column":23},"end":{"line":259,"column":44}},{"start":{"line":259,"column":48},"end":{"line":259,"column":73}}],"line":259},"33":{"loc":{"start":{"line":260,"column":22},"end":{"line":260,"column":70}},"type":"binary-expr","locations":[{"start":{"line":260,"column":22},"end":{"line":260,"column":42}},{"start":{"line":260,"column":46},"end":{"line":260,"column":70}}],"line":260},"34":{"loc":{"start":{"line":265,"column":6},"end":{"line":269,"column":7}},"type":"if","locations":[{"start":{"line":265,"column":6},"end":{"line":269,"column":7}},{"start":{"line":267,"column":13},"end":{"line":269,"column":7}}],"line":265},"35":{"loc":{"start":{"line":267,"column":13},"end":{"line":269,"column":7}},"type":"if","locations":[{"start":{"line":267,"column":13},"end":{"line":269,"column":7}},{"start":{},"end":{}}],"line":267},"36":{"loc":{"start":{"line":273,"column":6},"end":{"line":281,"column":7}},"type":"if","locations":[{"start":{"line":273,"column":6},"end":{"line":281,"column":7}},{"start":{},"end":{}}],"line":273},"37":{"loc":{"start":{"line":273,"column":10},"end":{"line":273,"column":39}},"type":"binary-expr","locations":[{"start":{"line":273,"column":10},"end":{"line":273,"column":20}},{"start":{"line":273,"column":24},"end":{"line":273,"column":39}}],"line":273},"38":{"loc":{"start":{"line":309,"column":6},"end":{"line":311,"column":7}},"type":"if","locations":[{"start":{"line":309,"column":6},"end":{"line":311,"column":7}},{"start":{},"end":{}}],"line":309},"39":{"loc":{"start":{"line":309,"column":10},"end":{"line":309,"column":54}},"type":"binary-expr","locations":[{"start":{"line":309,"column":10},"end":{"line":309,"column":20}},{"start":{"line":309,"column":24},"end":{"line":309,"column":54}}],"line":309},"40":{"loc":{"start":{"line":335,"column":6},"end":{"line":337,"column":7}},"type":"if","locations":[{"start":{"line":335,"column":6},"end":{"line":337,"column":7}},{"start":{},"end":{}}],"line":335},"41":{"loc":{"start":{"line":335,"column":10},"end":{"line":335,"column":54}},"type":"binary-expr","locations":[{"start":{"line":335,"column":10},"end":{"line":335,"column":20}},{"start":{"line":335,"column":24},"end":{"line":335,"column":54}}],"line":335},"42":{"loc":{"start":{"line":352,"column":4},"end":{"line":356,"column":5}},"type":"if","locations":[{"start":{"line":352,"column":4},"end":{"line":356,"column":5}},{"start":{},"end":{}}],"line":352},"43":{"loc":{"start":{"line":352,"column":8},"end":{"line":352,"column":59}},"type":"binary-expr","locations":[{"start":{"line":352,"column":8},"end":{"line":352,"column":18}},{"start":{"line":352,"column":22},"end":{"line":352,"column":59}}],"line":352},"44":{"loc":{"start":{"line":365,"column":6},"end":{"line":367,"column":7}},"type":"if","locations":[{"start":{"line":365,"column":6},"end":{"line":367,"column":7}},{"start":{},"end":{}}],"line":365},"45":{"loc":{"start":{"line":376,"column":6},"end":{"line":378,"column":7}},"type":"if","locations":[{"start":{"line":376,"column":6},"end":{"line":378,"column":7}},{"start":{},"end":{}}],"line":376},"46":{"loc":{"start":{"line":388,"column":40},"end":{"line":388,"column":52}},"type":"default-arg","locations":[{"start":{"line":388,"column":50},"end":{"line":388,"column":52}}],"line":388},"47":{"loc":{"start":{"line":392,"column":6},"end":{"line":433,"column":7}},"type":"if","locations":[{"start":{"line":392,"column":6},"end":{"line":433,"column":7}},{"start":{"line":417,"column":13},"end":{"line":433,"column":7}}],"line":392},"48":{"loc":{"start":{"line":394,"column":60},"end":{"line":394,"column":87}},"type":"binary-expr","locations":[{"start":{"line":394,"column":60},"end":{"line":394,"column":69}},{"start":{"line":394,"column":73},"end":{"line":394,"column":87}}],"line":394},"49":{"loc":{"start":{"line":395,"column":26},"end":{"line":395,"column":91}},"type":"binary-expr","locations":[{"start":{"line":395,"column":26},"end":{"line":395,"column":43}},{"start":{"line":395,"column":47},"end":{"line":395,"column":63}},{"start":{"line":395,"column":67},"end":{"line":395,"column":91}}],"line":395},"50":{"loc":{"start":{"line":398,"column":8},"end":{"line":416,"column":9}},"type":"if","locations":[{"start":{"line":398,"column":8},"end":{"line":416,"column":9}},{"start":{"line":406,"column":15},"end":{"line":416,"column":9}}],"line":398},"51":{"loc":{"start":{"line":417,"column":13},"end":{"line":433,"column":7}},"type":"if","locations":[{"start":{"line":417,"column":13},"end":{"line":433,"column":7}},{"start":{},"end":{}}],"line":417},"52":{"loc":{"start":{"line":417,"column":17},"end":{"line":417,"column":75}},"type":"binary-expr","locations":[{"start":{"line":417,"column":17},"end":{"line":417,"column":48}},{"start":{"line":417,"column":52},"end":{"line":417,"column":75}}],"line":417},"53":{"loc":{"start":{"line":420,"column":60},"end":{"line":420,"column":87}},"type":"binary-expr","locations":[{"start":{"line":420,"column":60},"end":{"line":420,"column":69}},{"start":{"line":420,"column":73},"end":{"line":420,"column":87}}],"line":420},"54":{"loc":{"start":{"line":421,"column":26},"end":{"line":421,"column":91}},"type":"binary-expr","locations":[{"start":{"line":421,"column":26},"end":{"line":421,"column":43}},{"start":{"line":421,"column":47},"end":{"line":421,"column":63}},{"start":{"line":421,"column":67},"end":{"line":421,"column":91}}],"line":421},"55":{"loc":{"start":{"line":436,"column":6},"end":{"line":445,"column":7}},"type":"if","locations":[{"start":{"line":436,"column":6},"end":{"line":445,"column":7}},{"start":{},"end":{}}],"line":436},"56":{"loc":{"start":{"line":442,"column":8},"end":{"line":444,"column":9}},"type":"if","locations":[{"start":{"line":442,"column":8},"end":{"line":444,"column":9}},{"start":{},"end":{}}],"line":442},"57":{"loc":{"start":{"line":483,"column":6},"end":{"line":485,"column":7}},"type":"if","locations":[{"start":{"line":483,"column":6},"end":{"line":485,"column":7}},{"start":{},"end":{}}],"line":483},"58":{"loc":{"start":{"line":503,"column":31},"end":{"line":503,"column":42}},"type":"default-arg","locations":[{"start":{"line":503,"column":38},"end":{"line":503,"column":42}}],"line":503},"59":{"loc":{"start":{"line":507,"column":23},"end":{"line":507,"column":61}},"type":"binary-expr","locations":[{"start":{"line":507,"column":23},"end":{"line":507,"column":27}},{"start":{"line":507,"column":31},"end":{"line":507,"column":61}}],"line":507},"60":{"loc":{"start":{"line":511,"column":23},"end":{"line":511,"column":61}},"type":"binary-expr","locations":[{"start":{"line":511,"column":23},"end":{"line":511,"column":27}},{"start":{"line":511,"column":31},"end":{"line":511,"column":61}}],"line":511},"61":{"loc":{"start":{"line":536,"column":16},"end":{"line":536,"column":47}},"type":"cond-expr","locations":[{"start":{"line":536,"column":28},"end":{"line":536,"column":29}},{"start":{"line":536,"column":33},"end":{"line":536,"column":46}}],"line":536},"62":{"loc":{"start":{"line":544,"column":33},"end":{"line":544,"column":43}},"type":"default-arg","locations":[{"start":{"line":544,"column":41},"end":{"line":544,"column":43}}],"line":544},"63":{"loc":{"start":{"line":577,"column":6},"end":{"line":579,"column":7}},"type":"if","locations":[{"start":{"line":577,"column":6},"end":{"line":579,"column":7}},{"start":{},"end":{}}],"line":577},"64":{"loc":{"start":{"line":577,"column":10},"end":{"line":577,"column":69}},"type":"binary-expr","locations":[{"start":{"line":577,"column":10},"end":{"line":577,"column":31}},{"start":{"line":577,"column":35},"end":{"line":577,"column":45}},{"start":{"line":577,"column":49},"end":{"line":577,"column":69}}],"line":577},"65":{"loc":{"start":{"line":598,"column":6},"end":{"line":606,"column":7}},"type":"if","locations":[{"start":{"line":598,"column":6},"end":{"line":606,"column":7}},{"start":{},"end":{}}],"line":598},"66":{"loc":{"start":{"line":598,"column":10},"end":{"line":598,"column":89}},"type":"binary-expr","locations":[{"start":{"line":598,"column":10},"end":{"line":598,"column":31}},{"start":{"line":598,"column":35},"end":{"line":598,"column":45}},{"start":{"line":598,"column":49},"end":{"line":598,"column":89}}],"line":598},"67":{"loc":{"start":{"line":604,"column":19},"end":{"line":604,"column":80}},"type":"cond-expr","locations":[{"start":{"line":604,"column":44},"end":{"line":604,"column":58}},{"start":{"line":604,"column":61},"end":{"line":604,"column":80}}],"line":604},"68":{"loc":{"start":{"line":626,"column":6},"end":{"line":633,"column":7}},"type":"if","locations":[{"start":{"line":626,"column":6},"end":{"line":633,"column":7}},{"start":{},"end":{}}],"line":626},"69":{"loc":{"start":{"line":636,"column":6},"end":{"line":643,"column":7}},"type":"if","locations":[{"start":{"line":636,"column":6},"end":{"line":643,"column":7}},{"start":{},"end":{}}],"line":636},"70":{"loc":{"start":{"line":636,"column":10},"end":{"line":636,"column":79}},"type":"binary-expr","locations":[{"start":{"line":636,"column":10},"end":{"line":636,"column":35}},{"start":{"line":636,"column":39},"end":{"line":636,"column":49}},{"start":{"line":636,"column":53},"end":{"line":636,"column":79}}],"line":636},"71":{"loc":{"start":{"line":639,"column":10},"end":{"line":639,"column":56}},"type":"if","locations":[{"start":{"line":63
[...]
:1390,"column":32},"end":{"line":1390,"column":84}},"type":"binary-expr","locations":[{"start":{"line":1390,"column":32},"end":{"line":1390,"column":75}},{"start":{"line":1390,"column":79},"end":{"line":1390,"column":84}}],"line":1390},"129":{"loc":{"start":{"line":1391,"column":33},"end":{"line":1391,"column":78}},"type":"binary-expr","locations":[{"start":{"line":1391,"column":33},"end":{"line":1391,"column":69}},{"start":{"line":1391,"column":73},"end":{"line":1391,"column":78}}],"line":1391},"130":{"loc":{"start":{"line":1416,"column":33},"end":{"line":1416,"column":43}},"type":"default-arg","locations":[{"start":{"line":1416,"column":41},"end":{"line":1416,"column":43}}],"line":1416},"131":{"loc":{"start":{"line":1425,"column":32},"end":{"line":1425,"column":120}},"type":"cond-expr","locations":[{"start":{"line":1425,"column":58},"end":{"line":1425,"column":88}},{"start":{"line":1425,"column":91},"end":{"line":1425,"column":120}}],"line":1425},"132":{"loc":{"start":{"line":1426,"column":25},"end":{"line":1426,"column":106}},"type":"cond-expr","locations":[{"start":{"line":1426,"column":51},"end":{"line":1426,"column":81}},{"start":{"line":1426,"column":84},"end":{"line":1426,"column":106}}],"line":1426},"133":{"loc":{"start":{"line":1453,"column":34},"end":{"line":1453,"column":46}},"type":"default-arg","locations":[{"start":{"line":1453,"column":42},"end":{"line":1453,"column":46}}],"line":1453},"134":{"loc":{"start":{"line":1457,"column":6},"end":{"line":1462,"column":7}},"type":"if","locations":[{"start":{"line":1457,"column":6},"end":{"line":1462,"column":7}},{"start":{},"end":{}}],"line":1457},"135":{"loc":{"start":{"line":1459,"column":8},"end":{"line":1461,"column":9}},"type":"if","locations":[{"start":{"line":1459,"column":8},"end":{"line":1461,"column":9}},{"start":{},"end":{}}],"line":1459},"136":{"loc":{"start":{"line":1464,"column":6},"end":{"line":1480,"column":7}},"type":"if","locations":[{"start":{"line":1464,"column":6},"end":{"line":1480,"column":7}},{"start":{},"end":{}}],"line":1464},"137":{"loc":{"start":{"line":1466,"column":27},"end":{"line":1466,"column":60}},"type":"binary-expr","locations":[{"start":{"line":1466,"column":27},"end":{"line":1466,"column":51}},{"start":{"line":1466,"column":55},"end":{"line":1466,"column":60}}],"line":1466},"138":{"loc":{"start":{"line":1467,"column":30},"end":{"line":1467,"column":64}},"type":"binary-expr","locations":[{"start":{"line":1467,"column":30},"end":{"line":1467,"column":58}},{"start":{"line":1467,"column":62},"end":{"line":1467,"column":64}}],"line":1467},"139":{"loc":{"start":{"line":1468,"column":26},"end":{"line":1468,"column":56}},"type":"binary-expr","locations":[{"start":{"line":1468,"column":26},"end":{"line":1468,"column":50}},{"start":{"line":1468,"column":54},"end":{"line":1468,"column":56}}],"line":1468},"140":{"loc":{"start":{"line":1469,"column":34},"end":{"line":1469,"column":72}},"type":"binary-expr","locations":[{"start":{"line":1469,"column":34},"end":{"line":1469,"column":66}},{"start":{"line":1469,"column":70},"end":{"line":1469,"column":72}}],"line":1469},"141":{"loc":{"start":{"line":1472,"column":8},"end":{"line":1474,"column":9}},"type":"if","locations":[{"start":{"line":1472,"column":8},"end":{"line":1474,"column":9}},{"start":{},"end":{}}],"line":1472},"142":{"loc":{"start":{"line":1477,"column":8},"end":{"line":1479,"column":9}},"type":"if","locations":[{"start":{"line":1477,"column":8},"end":{"line":1479,"column":9}},{"start":{},"end":{}}],"line":1477},"143":{"loc":{"start":{"line":1485,"column":25},"end":{"line":1485,"column":59}},"type":"binary-expr","locations":[{"start":{"line":1485,"column":25},"end":{"line":1485,"column":50}},{"start":{"line":1485,"column":54},"end":{"line":1485,"column":59}}],"line":1485},"144":{"loc":{"start":{"line":1494,"column":22},"end":{"line":1496,"column":9}},"type":"cond-expr","locations":[{"start":{"line":1495,"column":8},"end":{"line":1495,"column":82}},{"start":{"line":1496,"column":8},"end":{"line":1496,"column":9}}],"line":1494},"145":{"loc":{"start":{"line":1511,"column":14},"end":{"line":1511,"column":48}},"type":"cond-expr","locations":[{"start":{"line":1511,"column":26},"end":{"line":1511,"column":37}},{"start":{"line":1511,"column":40},"end":{"line":1511,"column":48}}],"line":1511},"146":{"loc":{"start":{"line":1514,"column":20},"end":{"line":1519,"column":7}},"type":"cond-expr","locations":[{"start":{"line":1514,"column":32},"end":{"line":1514,"column":36}},{"start":{"line":1514,"column":39},"end":{"line":1519,"column":7}}],"line":1514},"147":{"loc":{"start":{"line":1524,"column":4},"end":{"line":1526,"column":5}},"type":"if","locations":[{"start":{"line":1524,"column":4},"end":{"line":1526,"column":5}},{"start":{},"end":{}}],"line":1524},"148":{"loc":{"start":{"line":1545,"column":4},"end":{"line":1547,"column":5}},"type":"if","locations":[{"start":{"line":1545,"column":4},"end":{"line":1547,"column":5}},{"start":{},"end":{}}],"line":1545},"149":{"loc":{"start":{"line":1545,"column":8},"end":{"line":1545,"column":61}},"type":"binary-expr","locations":[{"start":{"line":1545,"column":8},"end":{"line":1545,"column":27}},{"start":{"line":1545,"column":31},"end":{"line":1545,"column":61}}],"line":1545},"150":{"loc":{"start":{"line":1649,"column":4},"end":{"line":1657,"column":5}},"type":"if","locations":[{"start":{"line":1649,"column":4},"end":{"line":1657,"column":5}},{"start":{"line":1651,"column":11},"end":{"line":1657,"column":5}}],"line":1649},"151":{"loc":{"start":{"line":1651,"column":11},"end":{"line":1657,"column":5}},"type":"if","locations":[{"start":{"line":1651,"column":11},"end":{"line":1657,"column":5}},{"start":{"line":1653,"column":11},"end":{"line":1657,"column":5}}],"line":1651},"152":{"loc":{"start":{"line":1653,"column":11},"end":{"line":1657,"column":5}},"type":"if","locations":[{"start":{"line":1653,"column":11},"end":{"line":1657,"column":5}},{"start":{"line":1655,"column":11},"end":{"line":1657,"column":5}}],"line":1653},"153":{"loc":{"start":{"line":1655,"column":11},"end":{"line":1657,"column":5}},"type":"if","locations":[{"start":{"line":1655,"column":11},"end":{"line":1657,"column":5}},{"start":{},"end":{}}],"line":1655},"154":{"loc":{"start":{"line":1683,"column":17},"end":{"line":1683,"column":79}},"type":"binary-expr","locations":[{"start":{"line":1683,"column":17},"end":{"line":1683,"column":42}},{"start":{"line":1683,"column":46},"end":{"line":1683,"column":74}},{"start":{"line":1683,"column":78},"end":{"line":1683,"column":79}}],"line":1683},"155":{"loc":{"start":{"line":1686,"column":4},"end":{"line":1696,"column":5}},"type":"if","locations":[{"start":{"line":1686,"column":4},"end":{"line":1696,"column":5}},{"start":{"line":1688,"column":11},"end":{"line":1696,"column":5}}],"line":1686},"156":{"loc":{"start":{"line":1688,"column":11},"end":{"line":1696,"column":5}},"type":"if","locations":[{"start":{"line":1688,"column":11},"end":{"line":1696,"column":5}},{"start":{"line":1690,"column":11},"end":{"line":1696,"column":5}}],"line":1688},"157":{"loc":{"start":{"line":1690,"column":11},"end":{"line":1696,"column":5}},"type":"if","locations":[{"start":{"line":1690,"column":11},"end":{"line":1696,"column":5}},{"start":{"line":1692,"column":11},"end":{"line":1696,"column":5}}],"line":1690},"158":{"loc":{"start":{"line":1692,"column":11},"end":{"line":1696,"column":5}},"type":"if","locations":[{"start":{"line":1692,"column":11},"end":{"line":1696,"column":5}},{"start":{"line":1694,"column":11},"end":{"line":1696,"column":5}}],"line":1692},"159":{"loc":{"start":{"line":1710,"column":16},"end":{"line":1710,"column":58}},"type":"binary-expr","locations":[{"start":{"line":1710,"column":16},"end":{"line":1710,"column":44}},{"start":{"line":1710,"column":48},"end":{"line":1710,"column":58}}],"line":1710},"160":{"loc":{"start":{"line":1711,"column":22},"end":{"line":1711,"column":65}},"type":"binary-expr","locations":[{"start":{"line":1711,"column":22},"end":{"line":1711,"column":56}},{"start":{"line":1711,"column":60},"end":{"line":1711,"column":65}}],"line":1711},"161":{"loc":{"start":{"line":1712,"column":22},"end":{"line":1712,"column":64}},"type":"binary-expr","locations":[{"start":{"line":1712,"column":22},"end":{"line":1712,"column":56}},{"start":{"line":1712,"column":60},"end":{"line":1712,"column":64}}],"line":1712},"162":{"loc":{"start":{"line":1713,"column":18},"end":{"line":1713,"column":60}},"type":"binary-expr","locations":[{"start":{"line":1713,"column":18},"end":{"line":1713,"column":48}},{"start":{"line":1713,"column":52},"end":{"line":1713,"column":60}}],"line":1713},"163":{"loc":{"start":{"line":1714,"column":17},"end":{"line":1714,"column":60}},"type":"binary-expr","locations":[{"start":{"line":1714,"column":17},"end":{"line":1714,"column":46}},{"start":{"line":1714,"column":50},"end":{"line":1714,"column":60}}],"line":1714},"164":{"loc":{"start":{"line":1719,"column":29},"end":{"line":1719,"column":76}},"type":"binary-expr","locations":[{"start":{"line":1719,"column":29},"end":{"line":1719,"column":59}},{"start":{"line":1719,"column":63},"end":{"line":1719,"column":76}}],"line":1719},"165":{"loc":{"start":{"line":1724,"column":4},"end":{"line":1733,"column":5}},"type":"if","locations":[{"start":{"line":1724,"column":4},"end":{"line":1733,"column":5}},{"start":{"line":1727,"column":11},"end":{"line":1733,"column":5}}],"line":1724},"166":{"loc":{"start":{"line":1727,"column":11},"end":{"line":1733,"column":5}},"type":"if","locations":[{"start":{"line":1727,"column":11},"end":{"line":1733,"column":5}},{"start":{"line":1730,"column":11},"end":{"line":1733,"column":5}}],"line":1727},"167":{"loc":{"start":{"line":1730,"column":11},"end":{"line":1733,"column":5}},"type":"if","locations":[{"start":{"line":1730,"column":11},"end":{"line":1733,"column":5}},{"start":{},"end":{}}],"line":1730},"168":{"loc":{"start":{"line":1747,"column":20},"end":{"line":1747,"column":58}},"type":"binary-expr","locations":[{"start":{"line":1747,"column":20},"end":{"line":1747,"column":52}},{"start":{"line":1747,"column":56},"end":{"line":1747,"column":58}}],"line":1747},"169":{"loc":{"start":{"line":1748,"column":23},"end":{"line":1748,"column":66}},"type":"binary-expr","locations":[{"start":{"line":1748,"column":23},"end":{"line":1748,"column":58}},{"start":{"line":1748,"column":62},"end":{"line":1748,"column":66}}],"line":1748},"170":{"loc":{"start":{"line":1749,"column":16},"end":{"line":1749,"column":58}},"type":"binary-expr","locations":[{"start":{"line":1749,"column":16},"end":{"line":1749,"column":44}},{"start":{"line":1749,"column":48},"end":{"line":1749,"column":58}}],"line":1749},"171":{"loc":{"start":{"line":1750,"column":24},"end":{"line":1750,"column":68}},"type":"binary-expr","locations":[{"start":{"line":1750,"column":24},"end":{"line":1750,"column":60}},{"start":{"line":1750,"column":64},"end":{"line":1750,"column":68}}],"line":1750},"172":{"loc":{"start":{"line":1751,"column":17},"end":{"line":1751,"column":60}},"type":"binary-expr","locations":[{"start":{"line":1751,"column":17},"end":{"line":1751,"column":46}},{"start":{"line":1751,"column":50},"end":{"line":1751,"column":60}}],"line":1751},"173":{"loc":{"start":{"line":1752,"column":22},"end":{"line":1752,"column":65}},"type":"binary-expr","locations":[{"start":{"line":1752,"column":22},"end":{"line":1752,"column":56}},{"start":{"line":1752,"column":60},"end":{"line":1752,"column":65}}],"line":1752},"174":{"loc":{"start":{"line":1753,"column":22},"end":{"line":1753,"column":64}},"type":"binary-expr","locations":[{"start":{"line":1753,"column":22},"end":{"line":1753,"column":56}},{"start":{"line":1753,"column":60},"end":{"line":1753,"column":64}}],"line":1753},"175":{"loc":{"start":{"line":1766,"column":6},"end":{"line":1768,"column":7}},"type":"if","locations":[{"start":{"line":1766,"column":6},"end":{"line":1768,"column":7}},{"start":{},"end":{}}],"line":1766},"176":{"loc":{"start":{"line":1766,"column":10},"end":{"line":1766,"column":36}},"type":"binary-expr","locations":[{"start":{"line":1766,"column":10},"end":{"line":1766,"column":15}},{"start":{"line":1766,"column":19},"end":{"line":1766,"column":36}}],"line":1766},"177":{"loc":{"start":{"line":1790,"column":4},"end":{"line":1792,"column":5}},"type":"if","locations":[{"start":{"line":1790,"column":4},"end":{"line":1792,"column":5}},{"start":{},"end":{}}],"line":1790}},"s":{"0":1,"1":1,"2":1,"3":0,"4":1,"5":30,"6":30,"7":30,"8":30,"9":30,"10":30,"11":30,"12":30,"13":30,"14":30,"15":30,"16":30,"17":30,"18":30,"19":30,"20":30,"21":30,"22":30,"23":30,"24":30,"25":30,"26":30,"27":30,"28":30,"29":30,"30":30,"31":0,"32":0,"33":30,"34":0,"35":0,"36":0,"37":0,"38":0,"39":0,"40":0,"41":0,"42":0,"43":0,"44":0,"45":0,"46":0,"47":0,"48":0,"49":0,"50":0,"51":0,"52":0,"53":0,"54":0,"55":0,"56":0,"57":0,"58":0,"59":0,"60":0,"61":0,"62":0,"63":0,"64":0,"65":31,"66":31,"67":31,"68":31,"69":31,"70":0,"71":2,"72":2,"73":2,"74":1,"75":1,"76":2,"77":2,"78":2,"79":2,"80":6,"81":2,"82":0,"83":2,"84":2,"85":0,"86":3,"87":3,"88":3,"89":3,"90":0,"91":0,"92":3,"93":3,"94":3,"95":3,"96":3,"97":3,"98":3,"99":3,"100":3,"101":3,"102":0,"103":0,"104":3,"105":3,"106":3,"107":3,"108":3,"109":3,"110":0,"111":0,"112":0,"113":0,"114":0,"115":0,"116":0,"117":0,"118":3,"119":3,"120":0,"121":0,"122":0,"123":0,"124":0,"125":0,"126":0,"127":0,"128":0,"129":0,"130":7,"131":7,"132":6,"133":6,"134":6,"135":6,"136":0,"137":6,"138":1,"139":1,"140":1,"141":1,"142":1,"143":1,"144":7,"145":7,"146":7,"147":7,"148":7,"149":1,"150":7,"151":0,"152":2,"153":2,"154":2,"155":2,"156":8,"157":8,"158":8,"159":0,"160":8,"161":8,"162":8,"163":0,"164":0,"165":0,"166":0,"167":0,"168":0,"169":0,"170":0,"171":0,"172":0,"173":0,"174":0,"175":0,"176":0,"177":0,"178":0,"179":0,"180":7,"181":217,"182":217,"183":217,"184":0,"185":0,"186":0,"187":0,"188":0,"189":0,"190":0,"191":0,"192":0,"193":0,"194":1,"195":1,"196":1,"197":1,"198":0,"199":0,"200":0,"201":2,"202":2,"203":2,"204":2,"205":2,"206":2,"207":2,"208":2,"209":0,"210":0,"211":0,"212":0,"213":2,"214":0,"215":0,"216":0,"217":0,"218":2,"219":1,"220":1,"221":1,"222":1,"223":1,"224":1,"225":1,"226":1,"227":1,"228":0,"229":0,"230":0,"231":0,"232":2,"233":2,"234":0,"235":0,"236":2,"237":2,"238":3,"239":2,"240":3,"241":2,"242":0,"243":0,"244":0,"245":0,"246":0,"247":0,"248":0,"249":0,"250":0,"251":0,"252":0,"253":0,"254":0,"255":0,"256":0,"257":0,"258":0,"259":0,"260":0,"261":0,"262":7,"263":1,"264":1,"265":0,"266":1,"267":0,"268":1,"269":1,"270":1,"271":1,"272":1,"273":0,"274":0,"275":0,"276":0,"277":0,"278":0,"279":0,"280":0,"281":0,"282":0,"283":0,"284":0,"285":0,"286":0,"287":0,"288":0,"289":0,"290":1,"291":1,"292":0,"293":1,"294":1,"295":1,"296":1,"297":1,"298":1,"299":0,"300":0,"301":0,"302":0,"303":1,"304":1,"305":1,"306":1,"307":1,"308":1,"309":2,"310":0,"311":1,"312":0,"313":0,"314":2,"315":2,"316":2,"317":2,"318":0,"319":0,"320":2,"321":2,"322":2,"323":1,"324":1,"325":1,"326":1,"327":0,"328":0,"329":0,"330":0,"331":0,"332":1,"333":0,"334":0,"335":0,"336":0,"337":0,"338":1,"339":1,"340":1,"341":2,"342":0,"343":0,"344":1,"345":1,"346":1,"347":1,"348":1,"349":1,"350":1,"351":1,"352":1,"353":0,"354":0,"355":30,"356":0,"357":0,"358":0,"359":0,"360":31,"361":31,"362":0,"363":2,"364":0,"365":0,"366":0,"367":0,"368":0,"369":0,"370":0,"371":0,"372":0,"373":0,"374":0,"375":0,"376":0,"377":0,"378":0,"379":0,"380":0,"381":0,"382":0,"383":0,"384":0,"385":0,"386":0,"387":0,"388":0,"389":4,"390":4,"391":4,"392":4,"393":0,"394":0,"395":30,"396":30,"397":30,"398":0,"399":0,"400":0,"401":30,"402":0,"403":0,"404":0,"405":0,"406":0,"407":0,"408":0,"409":0,"410":0,"411":0,"412":0,"413":0,"414":0,"415":0,"416":3,"417":0,"418":3,"419":8,"420":3,"421":3,"422":0,"423":0,"424":0,"425":0,"426":0,"427":0,"428":0,"429":0,"430":0,"431":0,"432":0,"433":0,"434":0,"435":0,"436":0,"437":0,"438":0,"439":0,"440":0,"441":0,"442":0,"443":0,"444":0,"445":0,"446":0,"447":9,"448":0,"449":0,"450":0,"451":0,"452":1,"453":1,"454":1,"455":1,"456":1,"457":0,"458":0,"459":1,"460":1,"461":1,"462":0,"463":0,"464":0,"465":1,"466":1,"467":1,"468":1,"469":1,"470":1,"471":1,"472":1,"473":1,"474":0,"475":1,"476":0,"477":0,"478":0,"479":0,"480":0,"481":0,"482":0,"483":0,"484":0,"485":0,"486":0,"487":0,"488":0,"489":0,"490":0,"491":0,"492":0,"493":0,"494":0,"495":12,"496":12,"497":12,"498":219,"499":219,"500":219,"501":12,"502":12,"503":12,"504":12,"505":768,"506":12,"507":0,"508":12,"509":0,"510":0,"511":0,"512":0,"513":0,"514":0,"515":0,"516":0,"517":0,"518":0,"519":0,"520":0,"521":0,"522":0,"523":0,"524":0,"525":0,"526":0,"527":0,"528":0,"529":0,"530":0,"531":0,"532":0,"533":0,"534":0,"535":0,"536":0,"537":0,"538":0,"539":0,"540":0,"541":1,"542":1,"543":1,"544":1,"545":1,"546":1,"547":0,"548":0,"549":0,"550":0,"551":0,"552":0,"553":1,"554":1,"555":1,"556":0,"557":0,"558":2,"559":2,"560":0,"561":2,"562":2,"563":0,"564":0,"565":0,"566":0,"567":2,"568":2,"569":2,"570":1,"571":0,"572":0,"573":0,"574":0,"575":1,"576":1,"577":1,"578":1,"579":1,"580":1,"581":1,"582":0,"583":0,"584":0,"585":1},"f":{"0":30,"1":30,"2":0,"3":0,"4":0,"5":0,"6":31,"7":2,"8":6,"9":3,"10":3,"11":0,"12":3,"13":0,"14":0,"15":7,"16":2,"17":2,"18":8,"19":0,"20":0,"21":7,"22":217,"23":0,"24":1,"25":2,"26":2,"27":3,"28":3,"29":0,"30":0,"31":0,"32":0,"33":7,"34":1,"35":0,"36":0,"37":1,"38":1,"39":2,"40":2,"41":2,"42":1,"43":30,"44":0,"45":31,"46":0,"47":2,"48":0,"49":0,"50":0,"51":0,"52":0,"53":4,"54":30,"55":0,"56":0,"57":3,"58":8,"59":0,"60":0,"61":0,"62":0,"63":0,"64":0,"65":0,"66":0,"67":9,"68":0,"69":0,"70":0,"71":0,"72":1,"73":1,"74":0,"75":0,"76":0,"77":0,"78":0,"79":0,"80":0,"81":0,"82":12,"83":0,"84":12,"85":0,"86":0,"87":0,"88":0,"89":0,"90":1,"91":0,"92":0,"93":2,"94":0,"95":2,"96":2,"97":2,"98":1,"99":0,"100":0,"101":0,"102":0,"103":1,"104":1,"105":1,"106":1,"107":1,"108":1,"109":1,"110":0,"111":0,"112":0},"b":{"0":[1,0],"1":[1,0],"2":[0],"3":[30,0],"4":[30,0],"5":[0,0],"6":[0,0],"7":[0,0],"8":[0,0],"9":[0,0],"10":[0,0],"11":[0,0],"12":[0,0],"13":[0,0],"14":[0,0],"15":[0,0],"16":[31],"17":[31,0],"18":[31,31],"19":[31,31],"20":[31,31],"21":[31,31],"22":[31,31],"23":[0],"24":[1,1],"25":[1,0],"26":[2,0],"27":[0,2],"28":[2,1],"29":[0],"30":[3,1],"31":[3,3],"32":[3,3],"33":[3,3],"34":[3,0],"35":[0,0],"36":[3,0],"37":[3,3],"38":[3,0],"39":[3,3],"40":[0,0],"41":[0,0],"42":[3,0],"43":[3,3],"44":[0,0],"45":[0,0],"46":[0],"47":[6,1],"48":[6,0],"49":[6,6,1],"50":[0,6],"51":[1,0],"52":[1,1],"53":[1,0],"54":[1,1,0],"55":[7,0],"56":[1,6],"57":[0,8],"58":[0],"59":[0,0],"60":[0,0],"61":[210,7],"62":[0],"63":[0,0],"64":[0,0,0],"65":[1,0],"66":[1,1,1],"67":[1,0],"68":[2,0],"69":[0,2],"70":[2,0,0],"71":[0,0],"72":[0,2],"73":[2,0],"74":[1,1],"75":[2,1],"76":[1,0],"77":[3,2],"78":[3,2],"79":[0,0],"80":[0,0],"81":[0,1],"82":[0,1],"83":[1,0],"84":[0,0],"85":[0,0],"86":[0,0],"87":[0,0],"88":[0,0,0],"89":[0,0],"90":[0,1],"91":[1,0],"92":[1,0],"93":[1,0],"94":[1,1],"95":[0,1],"96":[0,0],"97":[0,1],"98":[0,0],"99":[1,0],"100":[1,1],"101":[1,0],"102":[1,0],"103":[1,1],"104":[0,0],"105":[0,0],"106":[31,0],"107":[31,31,31],"108":[0,2],"109":[2,0,0],"110":[0,0],"111":[0,0],"112":[0,0],"113":[0,0],"114":[0,0],"115":[0,0],"116":[0,30],"117":[0,0],"118":[0,0],"119":[0,0],"120":[0,0],"121":[3],"122":[0,3],"123":[0,0],"124":[0,0],"125":[0,0],"126":[0,0],"127":[9],"128":[0,0],"129":[0,0],"130":[0],"131":[1,0],"132":[0,1],"133":[0],"134":[0,1],"135":[0,0],"136":[1,0],"137":[1,0],"138":[1,0],"139":[1,1],"140":[1,1],"141":[1,0],"142":[0,1],"143":[1,0],"144":[0,0],"145":[0,0],"146":[0,0],"147":[0,0],"148":[0,0],"149":[0,0],"150":[0,0],"151":[0,0],"152":[0,0],"153":[0,0],"154":[0,0,0],"155":[0,0],"156":[0,0],"157":[0,0],"158":[0,0],"159":[0,0],"160":[0,0],"161":[0,0],"162":[0,0],"163":[0,0],"164":[1,0],"165":[1,0],"166":[0,0],"167":[0,0],"168":[0,0],"169":[0,0],"170":[0,0],"171":[0,0],"172":[0,0],"173":[0,0],"174":[0,0],"175":[0,2],"176":[2,2],"177":[0,0]},"_coverageSchema":"1a1c01bbd47fc00a2c39e90264f33305004495a9","hash":"0df89e6c19bedde27c58c8dd3545b7ade62b931c"}
}
