TN:
SF:src/services/BLEBackgroundService.js
FN:21,(anonymous_0)
FN:65,(anonymous_1)
FN:90,(anonymous_2)
FN:129,(anonymous_3)
FN:149,(anonymous_4)
FN:156,(anonymous_5)
FN:174,(anonymous_6)
FN:204,(anonymous_7)
FN:226,(anonymous_8)
FN:253,(anonymous_9)
FN:301,(anonymous_10)
FN:325,(anonymous_11)
FN:351,(anonymous_12)
FN:353,(anonymous_13)
FN:362,(anonymous_14)
FN:388,(anonymous_15)
FN:456,(anonymous_16)
FN:463,(anonymous_17)
FN:478,(anonymous_18)
FN:503,(anonymous_19)
FN:519,(anonymous_20)
FN:532,(anonymous_21)
FN:534,(anonymous_22)
FN:544,(anonymous_23)
FN:596,(anonymous_24)
FN:618,(anonymous_25)
FN:701,(anonymous_26)
FN:703,(anonymous_27)
FN:713,(anonymous_28)
FN:726,(anonymous_29)
FN:729,(anonymous_30)
FN:757,(anonymous_31)
FN:775,(anonymous_32)
FN:783,(anonymous_33)
FN:790,(anonymous_34)
FN:833,(anonymous_35)
FN:844,(anonymous_36)
FN:877,(anonymous_37)
FN:907,(anonymous_38)
FN:920,(anonymous_39)
FN:937,(anonymous_40)
FN:957,(anonymous_41)
FN:1019,(anonymous_42)
FN:1044,(anonymous_43)
FN:1045,(anonymous_44)
FN:1057,(anonymous_45)
FN:1061,(anonymous_46)
FN:1072,(anonymous_47)
FN:1088,(anonymous_48)
FN:1115,(anonymous_49)
FN:1149,(anonymous_50)
FN:1174,(anonymous_51)
FN:1184,(anonymous_52)
FN:1190,(anonymous_53)
FN:1210,(anonymous_54)
FN:1228,(anonymous_55)
FN:1242,(anonymous_56)
FN:1268,(anonymous_57)
FN:1273,(anonymous_58)
FN:1284,(anonymous_59)
FN:1303,(anonymous_60)
FN:1314,(anonymous_61)
FN:1322,(anonymous_62)
FN:1327,(anonymous_63)
FN:1342,(anonymous_64)
FN:1346,(anonymous_65)
FN:1358,(anonymous_66)
FN:1366,(anonymous_67)
FN:1370,(anonymous_68)
FN:1388,(anonymous_69)
FN:1395,(anonymous_70)
FN:1404,(anonymous_71)
FN:1416,(anonymous_72)
FN:1453,(anonymous_73)
FN:1493,(anonymous_74)
FN:1507,(anonymous_75)
FN:1523,(anonymous_76)
FN:1530,(anonymous_77)
FN:1534,(anonymous_78)
FN:1539,(anonymous_79)
FN:1544,(anonymous_80)
FN:1553,(anonymous_81)
FN:1558,(anonymous_82)
FN:1576,(anonymous_83)
FN:1580,(anonymous_84)
FN:1584,(anonymous_85)
FN:1591,(anonymous_86)
FN:1610,(anonymous_87)
FN:1672,(anonymous_88)
FN:1708,(anonymous_89)
FN:1718,(anonymous_90)
FN:1744,(anonymous_91)
FN:1759,(anonymous_92)
FN:1763,(anonymous_93)
FN:1789,(anonymous_94)
FN:1799,(anonymous_95)
FN:1805,(anonymous_96)
FN:1808,(anonymous_97)
FN:1809,(anonymous_98)
FN:1810,(anonymous_99)
FN:1811,(anonymous_100)
FN:1812,(anonymous_101)
FN:1813,(anonymous_102)
FN:1814,(anonymous_103)
FN:1815,(anonymous_104)
FN:1816,(anonymous_105)
FN:1817,(anonymous_106)
FN:1818,(anonymous_107)
FN:1819,(anonymous_108)
FN:1820,(anonymous_109)
FN:1821,(anonymous_110)
FN:1822,(anonymous_111)
FN:1823,(anonymous_112)
FNF:113
FNH:52
FNDA:30,(anonymous_0)
FNDA:30,(anonymous_1)
FNDA:0,(anonymous_2)
FNDA:0,(anonymous_3)
FNDA:0,(anonymous_4)
FNDA:0,(anonymous_5)
FNDA:31,(anonymous_6)
FNDA:2,(anonymous_7)
FNDA:6,(anonymous_8)
FNDA:3,(anonymous_9)
FNDA:3,(anonymous_10)
FNDA:0,(anonymous_11)
FNDA:3,(anonymous_12)
FNDA:0,(anonymous_13)
FNDA:0,(anonymous_14)
FNDA:7,(anonymous_15)
FNDA:2,(anonymous_16)
FNDA:2,(anonymous_17)
FNDA:8,(anonymous_18)
FNDA:0,(anonymous_19)
FNDA:0,(anonymous_20)
FNDA:7,(anonymous_21)
FNDA:217,(anonymous_22)
FNDA:0,(anonymous_23)
FNDA:1,(anonymous_24)
FNDA:2,(anonymous_25)
FNDA:2,(anonymous_26)
FNDA:3,(anonymous_27)
FNDA:3,(anonymous_28)
FNDA:0,(anonymous_29)
FNDA:0,(anonymous_30)
FNDA:0,(anonymous_31)
FNDA:0,(anonymous_32)
FNDA:7,(anonymous_33)
FNDA:1,(anonymous_34)
FNDA:0,(anonymous_35)
FNDA:0,(anonymous_36)
FNDA:1,(anonymous_37)
FNDA:1,(anonymous_38)
FNDA:2,(anonymous_39)
FNDA:2,(anonymous_40)
FNDA:2,(anonymous_41)
FNDA:1,(anonymous_42)
FNDA:30,(anonymous_43)
FNDA:0,(anonymous_44)
FNDA:31,(anonymous_45)
FNDA:0,(anonymous_46)
FNDA:2,(anonymous_47)
FNDA:0,(anonymous_48)
FNDA:0,(anonymous_49)
FNDA:0,(anonymous_50)
FNDA:0,(anonymous_51)
FNDA:0,(anonymous_52)
FNDA:4,(anonymous_53)
FNDA:30,(anonymous_54)
FNDA:0,(anonymous_55)
FNDA:0,(anonymous_56)
FNDA:3,(anonymous_57)
FNDA:8,(anonymous_58)
FNDA:0,(anonymous_59)
FNDA:0,(anonymous_60)
FNDA:0,(anonymous_61)
FNDA:0,(anonymous_62)
FNDA:0,(anonymous_63)
FNDA:0,(anonymous_64)
FNDA:0,(anonymous_65)
FNDA:0,(anonymous_66)
FNDA:9,(anonymous_67)
FNDA:0,(anonymous_68)
FNDA:0,(anonymous_69)
FNDA:0,(anonymous_70)
FNDA:0,(anonymous_71)
FNDA:1,(anonymous_72)
FNDA:1,(anonymous_73)
FNDA:0,(anonymous_74)
FNDA:0,(anonymous_75)
FNDA:0,(anonymous_76)
FNDA:0,(anonymous_77)
FNDA:0,(anonymous_78)
FNDA:0,(anonymous_79)
FNDA:0,(anonymous_80)
FNDA:0,(anonymous_81)
FNDA:12,(anonymous_82)
FNDA:0,(anonymous_83)
FNDA:12,(anonymous_84)
FNDA:0,(anonymous_85)
FNDA:0,(anonymous_86)
FNDA:0,(anonymous_87)
FNDA:0,(anonymous_88)
FNDA:0,(anonymous_89)
FNDA:1,(anonymous_90)
FNDA:0,(anonymous_91)
FNDA:0,(anonymous_92)
FNDA:2,(anonymous_93)
FNDA:0,(anonymous_94)
FNDA:2,(anonymous_95)
FNDA:2,(anonymous_96)
FNDA:2,(anonymous_97)
FNDA:1,(anonymous_98)
FNDA:0,(anonymous_99)
FNDA:0,(anonymous_100)
FNDA:0,(anonymous_101)
FNDA:0,(anonymous_102)
FNDA:1,(anonymous_103)
FNDA:1,(anonymous_104)
FNDA:1,(anonymous_105)
FNDA:1,(anonymous_106)
FNDA:1,(anonymous_107)
FNDA:1,(anonymous_108)
FNDA:1,(anonymous_109)
FNDA:0,(anonymous_110)
FNDA:0,(anonymous_111)
FNDA:0,(anonymous_112)
DA:7,1
DA:11,1
DA:12,1
DA:15,0
DA:18,1
DA:22,30
DA:32,30
DA:33,30
DA:34,30
DA:35,30
DA:36,30
DA:37,30
DA:38,30
DA:39,30
DA:40,30
DA:41,30
DA:42,30
DA:43,30
DA:44,30
DA:45,30
DA:48,30
DA:54,30
DA:55,30
DA:56,30
DA:57,30
DA:59,30
DA:66,30
DA:68,30
DA:71,30
DA:74,30
DA:75,30
DA:76,0
DA:77,0
DA:80,30
DA:82,0
DA:83,0
DA:91,0
DA:92,0
DA:93,0
DA:97,0
DA:98,0
DA:99,0
DA:100,0
DA:103,0
DA:104,0
DA:108,0
DA:109,0
DA:112,0
DA:120,0
DA:121,0
DA:130,0
DA:131,0
DA:134,0
DA:135,0
DA:136,0
DA:139,0
DA:141,0
DA:142,0
DA:150,0
DA:160,0
DA:162,0
DA:163,0
DA:164,0
DA:165,0
DA:167,0
DA:175,31
DA:177,31
DA:178,31
DA:186,31
DA:188,31
DA:197,0
DA:205,2
DA:206,2
DA:212,2
DA:213,1
DA:217,1
DA:223,2
DA:224,2
DA:225,2
DA:226,6
DA:228,2
DA:229,0
DA:234,2
DA:236,2
DA:246,0
DA:254,3
DA:255,3
DA:265,3
DA:266,3
DA:267,0
DA:268,0
DA:272,3
DA:273,3
DA:274,3
DA:280,3
DA:283,3
DA:284,3
DA:285,3
DA:286,3
DA:289,3
DA:291,3
DA:293,0
DA:294,0
DA:302,3
DA:303,3
DA:309,3
DA:310,3
DA:314,3
DA:316,3
DA:318,0
DA:326,0
DA:327,0
DA:335,0
DA:336,0
DA:340,0
DA:342,0
DA:344,0
DA:352,3
DA:353,3
DA:354,0
DA:363,0
DA:365,0
DA:366,0
DA:370,0
DA:373,0
DA:376,0
DA:377,0
DA:380,0
DA:381,0
DA:389,7
DA:392,7
DA:394,6
DA:395,6
DA:396,6
DA:398,6
DA:400,0
DA:408,6
DA:417,1
DA:419,1
DA:420,1
DA:421,1
DA:422,1
DA:424,1
DA:436,7
DA:437,7
DA:438,7
DA:439,7
DA:442,7
DA:443,1
DA:447,7
DA:449,0
DA:457,2
DA:465,2
DA:466,2
DA:468,2
DA:479,8
DA:480,8
DA:483,8
DA:484,0
DA:487,8
DA:488,8
DA:490,8
DA:493,0
DA:494,0
DA:495,0
DA:496,0
DA:504,0
DA:506,0
DA:507,0
DA:508,0
DA:511,0
DA:512,0
DA:520,0
DA:521,0
DA:522,0
DA:523,0
DA:524,0
DA:526,0
DA:534,7
DA:535,217
DA:536,217
DA:537,217
DA:545,0
DA:546,0
DA:564,0
DA:571,0
DA:577,0
DA:578,0
DA:581,0
DA:582,0
DA:584,0
DA:585,0
DA:597,1
DA:598,1
DA:599,1
DA:600,1
DA:608,0
DA:610,0
DA:611,0
DA:619,2
DA:622,2
DA:623,2
DA:626,2
DA:627,2
DA:628,2
DA:629,2
DA:636,2
DA:637,0
DA:638,0
DA:639,0
DA:649,2
DA:651,0
DA:652,0
DA:653,0
DA:654,0
DA:655,2
DA:657,1
DA:658,1
DA:659,1
DA:660,1
DA:661,1
DA:663,1
DA:664,1
DA:665,1
DA:666,1
DA:669,0
DA:670,0
DA:671,0
DA:672,0
DA:676,2
DA:685,2
DA:693,0
DA:694,0
DA:702,2
DA:703,3
DA:710,2
DA:713,3
DA:716,2
DA:718,0
DA:719,0
DA:727,0
DA:728,0
DA:729,0
DA:731,0
DA:732,0
DA:742,0
DA:744,0
DA:747,0
DA:749,0
DA:750,0
DA:758,0
DA:760,0
DA:763,0
DA:765,0
DA:767,0
DA:768,0
DA:777,0
DA:784,7
DA:791,1
DA:792,1
DA:793,0
DA:797,1
DA:798,0
DA:802,1
DA:804,1
DA:806,1
DA:807,1
DA:814,1
DA:817,0
DA:818,0
DA:820,0
DA:826,0
DA:834,0
DA:836,0
DA:837,0
DA:841,0
DA:844,0
DA:847,0
DA:849,0
DA:857,0
DA:858,0
DA:859,0
DA:862,0
DA:870,0
DA:878,1
DA:879,1
DA:880,0
DA:883,1
DA:884,1
DA:887,1
DA:889,1
DA:891,1
DA:892,1
DA:895,0
DA:896,0
DA:899,0
DA:900,0
DA:908,1
DA:909,1
DA:912,1
DA:914,1
DA:915,1
DA:917,1
DA:920,2
DA:924,0
DA:927,1
DA:929,0
DA:930,0
DA:938,2
DA:939,2
DA:942,2
DA:947,2
DA:949,0
DA:950,0
DA:958,2
DA:959,2
DA:966,2
DA:967,1
DA:968,1
DA:969,1
DA:976,1
DA:977,0
DA:978,0
DA:984,0
DA:985,0
DA:986,0
DA:988,1
DA:989,0
DA:990,0
DA:996,0
DA:997,0
DA:998,0
DA:1000,1
DA:1002,1
DA:1003,1
DA:1009,2
DA:1011,0
DA:1012,0
DA:1020,1
DA:1021,1
DA:1022,1
DA:1023,1
DA:1024,1
DA:1027,1
DA:1028,1
DA:1032,1
DA:1034,1
DA:1036,0
DA:1037,0
DA:1045,30
DA:1046,0
DA:1047,0
DA:1048,0
DA:1049,0
DA:1058,31
DA:1059,31
DA:1063,0
DA:1073,2
DA:1074,0
DA:1089,0
DA:1090,0
DA:1093,0
DA:1094,0
DA:1095,0
DA:1098,0
DA:1104,0
DA:1105,0
DA:1108,0
DA:1116,0
DA:1122,0
DA:1125,0
DA:1126,0
DA:1130,0
DA:1131,0
DA:1139,0
DA:1150,0
DA:1157,0
DA:1160,0
DA:1161,0
DA:1175,0
DA:1183,0
DA:1184,0
DA:1191,4
DA:1192,4
DA:1199,4
DA:1200,4
DA:1202,0
DA:1203,0
DA:1211,30
DA:1212,30
DA:1213,30
DA:1214,0
DA:1215,0
DA:1216,0
DA:1218,30
DA:1220,0
DA:1221,0
DA:1229,0
DA:1236,0
DA:1243,0
DA:1245,0
DA:1248,0
DA:1251,0
DA:1252,0
DA:1256,0
DA:1257,0
DA:1260,0
DA:1262,0
DA:1263,0
DA:1269,3
DA:1270,0
DA:1273,8
DA:1274,3
DA:1276,3
DA:1285,0
DA:1291,0
DA:1296,0
DA:1304,0
DA:1305,0
DA:1306,0
DA:1307,0
DA:1308,0
DA:1309,0
DA:1311,0
DA:1315,0
DA:1316,0
DA:1317,0
DA:1319,0
DA:1323,0
DA:1328,0
DA:1334,0
DA:1343,0
DA:1347,0
DA:1349,0
DA:1359,0
DA:1360,0
DA:1361,0
DA:1362,0
DA:1367,9
DA:1371,0
DA:1389,0
DA:1396,0
DA:1405,0
DA:1417,1
DA:1418,1
DA:1436,1
DA:1441,1
DA:1442,1
DA:1448,0
DA:1449,0
DA:1454,1
DA:1455,1
DA:1457,1
DA:1458,0
DA:1459,0
DA:1460,0
DA:1464,1
DA:1465,1
DA:1466,1
DA:1467,1
DA:1468,1
DA:1469,1
DA:1472,1
DA:1473,1
DA:1477,1
DA:1478,0
DA:1482,1
DA:1488,0
DA:1489,0
DA:1494,0
DA:1498,0
DA:1508,0
DA:1509,0
DA:1524,0
DA:1525,0
DA:1527,0
DA:1531,0
DA:1535,0
DA:1536,0
DA:1540,0
DA:1541,0
DA:1545,0
DA:1546,0
DA:1548,0
DA:1554,0
DA:1555,0
DA:1560,12
DA:1561,12
DA:1562,219
DA:1563,219
DA:1564,219
DA:1568,12
DA:1569,12
DA:1570,12
DA:1571,768
DA:1573,12
DA:1577,0
DA:1581,12
DA:1586,0
DA:1592,0
DA:1598,0
DA:1603,0
DA:1611,0
DA:1642,0
DA:1649,0
DA:1650,0
DA:1651,0
DA:1652,0
DA:1653,0
DA:1654,0
DA:1655,0
DA:1656,0
DA:1659,0
DA:1660,0
DA:1668,0
DA:1673,0
DA:1680,0
DA:1683,0
DA:1686,0
DA:1687,0
DA:1688,0
DA:1689,0
DA:1690,0
DA:1691,0
DA:1692,0
DA:1693,0
DA:1695,0
DA:1699,0
DA:1704,0
DA:1709,0
DA:1719,1
DA:1721,1
DA:1722,1
DA:1724,1
DA:1725,1
DA:1726,1
DA:1727,0
DA:1728,0
DA:1729,0
DA:1730,0
DA:1731,0
DA:1732,0
DA:1735,1
DA:1736,1
DA:1738,1
DA:1746,0
DA:1760,0
DA:1764,2
DA:1766,2
DA:1767,0
DA:1771,2
DA:1783,2
DA:1785,0
DA:1790,0
DA:1791,0
DA:1793,0
DA:1799,2
DA:1806,2
DA:1808,2
DA:1809,1
DA:1810,0
DA:1811,0
DA:1812,0
DA:1813,0
DA:1814,1
DA:1815,1
DA:1816,1
DA:1817,1
DA:1818,1
DA:1819,1
DA:1820,1
DA:1821,0
DA:1822,0
DA:1823,0
DA:1831,1
LF:575
LH:255
BRDA:12,0,0,1
BRDA:12,0,1,0
BRDA:18,1,0,1
BRDA:18,1,1,0
BRDA:21,2,0,0
BRDA:25,3,0,30
BRDA:25,3,1,0
BRDA:74,4,0,30
BRDA:74,4,1,0
BRDA:76,5,0,0
BRDA:76,5,1,0
BRDA:92,6,0,0
BRDA:92,6,1,0
BRDA:97,7,0,0
BRDA:97,7,1,0
BRDA:98,8,0,0
BRDA:98,8,1,0
BRDA:99,9,0,0
BRDA:99,9,1,0
BRDA:103,10,0,0
BRDA:103,10,1,0
BRDA:108,11,0,0
BRDA:108,11,1,0
BRDA:134,12,0,0
BRDA:134,12,1,0
BRDA:150,13,0,0
BRDA:150,13,1,0
BRDA:162,14,0,0
BRDA:162,14,1,0
BRDA:164,15,0,0
BRDA:164,15,1,0
BRDA:174,16,0,31
BRDA:177,17,0,31
BRDA:177,17,1,0
BRDA:177,18,0,31
BRDA:177,18,1,31
BRDA:179,19,0,31
BRDA:179,19,1,31
BRDA:181,20,0,31
BRDA:181,20,1,31
BRDA:191,21,0,31
BRDA:191,21,1,31
BRDA:192,22,0,31
BRDA:192,22,1,31
BRDA:204,23,0,0
BRDA:212,24,0,1
BRDA:212,24,1,1
BRDA:217,25,0,1
BRDA:217,25,1,0
BRDA:224,26,0,2
BRDA:224,26,1,0
BRDA:228,27,0,0
BRDA:228,27,1,2
BRDA:240,28,0,2
BRDA:240,28,1,1
BRDA:253,29,0,0
BRDA:256,30,0,3
BRDA:256,30,1,1
BRDA:257,31,0,3
BRDA:257,31,1,3
BRDA:259,32,0,3
BRDA:259,32,1,3
BRDA:260,33,0,3
BRDA:260,33,1,3
BRDA:265,34,0,3
BRDA:265,34,1,0
BRDA:267,35,0,0
BRDA:267,35,1,0
BRDA:273,36,0,3
BRDA:273,36,1,0
BRDA:273,37,0,3
BRDA:273,37,1,3
BRDA:309,38,0,3
BRDA:309,38,1,0
BRDA:309,39,0,3
BRDA:309,39,1,3
BRDA:335,40,0,0
BRDA:335,40,1,0
BRDA:335,41,0,0
BRDA:335,41,1,0
BRDA:352,42,0,3
BRDA:352,42,1,0
BRDA:352,43,0,3
BRDA:352,43,1,3
BRDA:365,44,0,0
BRDA:365,44,1,0
BRDA:376,45,0,0
BRDA:376,45,1,0
BRDA:388,46,0,0
BRDA:392,47,0,6
BRDA:392,47,1,1
BRDA:394,48,0,6
BRDA:394,48,1,0
BRDA:395,49,0,6
BRDA:395,49,1,6
BRDA:395,49,2,1
BRDA:398,50,0,0
BRDA:398,50,1,6
BRDA:417,51,0,1
BRDA:417,51,1,0
BRDA:417,52,0,1
BRDA:417,52,1,1
BRDA:420,53,0,1
BRDA:420,53,1,0
BRDA:421,54,0,1
BRDA:421,54,1,1
BRDA:421,54,2,0
BRDA:436,55,0,7
BRDA:436,55,1,0
BRDA:442,56,0,1
BRDA:442,56,1,6
BRDA:483,57,0,0
BRDA:483,57,1,8
BRDA:503,58,0,0
BRDA:507,59,0,0
BRDA:507,59,1,0
BRDA:511,60,0,0
BRDA:511,60,1,0
BRDA:536,61,0,210
BRDA:536,61,1,7
BRDA:544,62,0,0
BRDA:577,63,0,0
BRDA:577,63,1,0
BRDA:577,64,0,0
BRDA:577,64,1,0
BRDA:577,64,2,0
BRDA:598,65,0,1
BRDA:598,65,1,0
BRDA:598,66,0,1
BRDA:598,66,1,1
BRDA:598,66,2,1
BRDA:604,67,0,1
BRDA:604,67,1,0
BRDA:626,68,0,2
BRDA:626,68,1,0
BRDA:636,69,0,0
BRDA:636,69,1,2
BRDA:636,70,0,2
BRDA:636,70,1,0
BRDA:636,70,2,0
BRDA:639,71,0,0
BRDA:639,71,1,0
BRDA:649,72,0,0
BRDA:649,72,1,2
BRDA:649,73,0,2
BRDA:649,73,1,0
BRDA:655,74,0,1
BRDA:655,74,1,1
BRDA:655,75,0,2
BRDA:655,75,1,1
BRDA:661,76,0,1
BRDA:661,76,1,0
BRDA:705,77,0,3
BRDA:705,77,1,2
BRDA:706,78,0,3
BRDA:706,78,1,2
BRDA:728,79,0,0
BRDA:728,79,1,0
BRDA:731,80,0,0
BRDA:731,80,1,0
BRDA:792,81,0,0
BRDA:792,81,1,1
BRDA:797,82,0,0
BRDA:797,82,1,1
BRDA:804,83,0,1
BRDA:804,83,1,0
BRDA:836,84,0,0
BRDA:836,84,1,0
BRDA:836,85,0,0
BRDA:836,85,1,0
BRDA:847,86,0,0
BRDA:847,86,1,0
BRDA:857,87,0,0
BRDA:857,87,1,0
BRDA:857,88,0,0
BRDA:857,88,1,0
BRDA:857,88,2,0
BRDA:858,89,0,0
BRDA:858,89,1,0
BRDA:879,90,0,0
BRDA:879,90,1,1
BRDA:891,91,0,1
BRDA:891,91,1,0
BRDA:909,92,0,1
BRDA:909,92,1,0
BRDA:912,93,0,1
BRDA:912,93,1,0
BRDA:966,94,0,1
BRDA:966,94,1,1
BRDA:976,95,0,0
BRDA:976,95,1,1
BRDA:985,96,0,0
BRDA:985,96,1,0
BRDA:988,97,0,0
BRDA:988,97,1,1
BRDA:997,98,0,0
BRDA:997,98,1,0
BRDA:1000,99,0,1
BRDA:1000,99,1,0
BRDA:1000,100,0,1
BRDA:1000,100,1,1
BRDA:1023,101,0,1
BRDA:1023,101,1,0
BRDA:1027,102,0,1
BRDA:1027,102,1,0
BRDA:1027,103,0,1
BRDA:1027,103,1,1
BRDA:1046,104,0,0
BRDA:1046,104,1,0
BRDA:1048,105,0,0
BRDA:1048,105,1,0
BRDA:1058,106,0,31
BRDA:1058,106,1,0
BRDA:1058,107,0,31
BRDA:1058,107,1,31
BRDA:1058,107,2,31
BRDA:1073,108,0,0
BRDA:1073,108,1,2
BRDA:1073,109,0,2
BRDA:1073,109,1,0
BRDA:1073,109,2,0
BRDA:1104,110,0,0
BRDA:1104,110,1,0
BRDA:1125,111,0,0
BRDA:1125,111,1,0
BRDA:1130,112,0,0
BRDA:1130,112,1,0
BRDA:1153,113,0,0
BRDA:1153,113,1,0
BRDA:1160,114,0,0
BRDA:1160,114,1,0
BRDA:1160,115,0,0
BRDA:1160,115,1,0
BRDA:1213,116,0,0
BRDA:1213,116,1,30
BRDA:1215,117,0,0
BRDA:1215,117,1,0
BRDA:1216,118,0,0
BRDA:1216,118,1,0
BRDA:1251,119,0,0
BRDA:1251,119,1,0
BRDA:1256,120,0,0
BRDA:1256,120,1,0
BRDA:1268,121,0,3
BRDA:1269,122,0,0
BRDA:1269,122,1,3
BRDA:1304,123,0,0
BRDA:1304,123,1,0
BRDA:1315,124,0,0
BRDA:1315,124,1,0
BRDA:1343,125,0,0
BRDA:1343,125,1,0
BRDA:1353,126,0,0
BRDA:1353,126,1,0
BRDA:1366,127,0,9
BRDA:1390,128,0,0
BRDA:1390,128,1,0
BRDA:1391,129,0,0
BRDA:1391,129,1,0
BRDA:1416,130,0,0
BRDA:1425,131,0,1
BRDA:1425,131,1,0
BRDA:1426,132,0,0
BRDA:1426,132,1,1
BRDA:1453,133,0,0
BRDA:1457,134,0,0
BRDA:1457,134,1,1
BRDA:1459,135,0,0
BRDA:1459,135,1,0
BRDA:1464,136,0,1
BRDA:1464,136,1,0
BRDA:1466,137,0,1
BRDA:1466,137,1,0
BRDA:1467,138,0,1
BRDA:1467,138,1,0
BRDA:1468,139,0,1
BRDA:1468,139,1,1
BRDA:1469,140,0,1
BRDA:1469,140,1,1
BRDA:1472,141,0,1
BRDA:1472,141,1,0
BRDA:1477,142,0,0
BRDA:1477,142,1,1
BRDA:1485,143,0,1
BRDA:1485,143,1,0
BRDA:1494,144,0,0
BRDA:1494,144,1,0
BRDA:1511,145,0,0
BRDA:1511,145,1,0
BRDA:1514,146,0,0
BRDA:1514,146,1,0
BRDA:1524,147,0,0
BRDA:1524,147,1,0
BRDA:1545,148,0,0
BRDA:1545,148,1,0
BRDA:1545,149,0,0
BRDA:1545,149,1,0
BRDA:1649,150,0,0
BRDA:1649,150,1,0
BRDA:1651,151,0,0
BRDA:1651,151,1,0
BRDA:1653,152,0,0
BRDA:1653,152,1,0
BRDA:1655,153,0,0
BRDA:1655,153,1,0
BRDA:1683,154,0,0
BRDA:1683,154,1,0
BRDA:1683,154,2,0
BRDA:1686,155,0,0
BRDA:1686,155,1,0
BRDA:1688,156,0,0
BRDA:1688,156,1,0
BRDA:1690,157,0,0
BRDA:1690,157,1,0
BRDA:1692,158,0,0
BRDA:1692,158,1,0
BRDA:1710,159,0,0
BRDA:1710,159,1,0
BRDA:1711,160,0,0
BRDA:1711,160,1,0
BRDA:1712,161,0,0
BRDA:1712,161,1,0
BRDA:1713,162,0,0
BRDA:1713,162,1,0
BRDA:1714,163,0,0
BRDA:1714,163,1,0
BRDA:1719,164,0,1
BRDA:1719,164,1,0
BRDA:1724,165,0,1
BRDA:1724,165,1,0
BRDA:1727,166,0,0
BRDA:1727,166,1,0
BRDA:1730,167,0,0
BRDA:1730,167,1,0
BRDA:1747,168,0,0
BRDA:1747,168,1,0
BRDA:1748,169,0,0
BRDA:1748,169,1,0
BRDA:1749,170,0,0
BRDA:1749,170,1,0
BRDA:1750,171,0,0
BRDA:1750,171,1,0
BRDA:1751,172,0,0
BRDA:1751,172,1,0
BRDA:1752,173,0,0
BRDA:1752,173,1,0
BRDA:1753,174,0,0
BRDA:1753,174,1,0
BRDA:1766,175,0,0
BRDA:1766,175,1,2
BRDA:1766,176,0,2
BRDA:1766,176,1,2
BRDA:1790,177,0,0
BRDA:1790,177,1,0
BRF:354
BRH:125
end_of_record
