TN:
SF:src/services/BLEBackgroundService.js
FN:14,(anonymous_0)
FN:35,(anonymous_1)
FN:49,(anonymous_2)
FN:55,(anonymous_3)
FN:94,(anonymous_4)
FN:106,(anonymous_5)
FN:113,(anonymous_6)
FN:118,(anonymous_7)
FN:120,(anonymous_8)
FN:128,(anonymous_9)
FN:133,(anonymous_10)
FN:142,(anonymous_11)
FN:149,(anonymous_12)
FN:158,(anonymous_13)
FN:163,(anonymous_14)
FN:168,(anonymous_15)
FN:172,(anonymous_16)
FN:177,(anonymous_17)
FN:181,(anonymous_18)
FN:185,(anonymous_19)
FN:189,(anonymous_20)
FN:194,(anonymous_21)
FN:210,(anonymous_22)
FN:214,(anonymous_23)
FN:218,(anonymous_24)
FN:224,(anonymous_25)
FN:232,(anonymous_26)
FN:236,(anonymous_27)
FN:240,(anonymous_28)
FN:244,(anonymous_29)
FN:257,(anonymous_30)
FN:261,(anonymous_31)
FN:266,(anonymous_32)
FN:271,(anonymous_33)
FN:275,(anonymous_34)
FN:279,(anonymous_35)
FN:284,(anonymous_36)
FN:288,(anonymous_37)
FN:292,(anonymous_38)
FN:296,(anonymous_39)
FNF:40
FNH:10
FNDA:30,(anonymous_0)
FNDA:0,(anonymous_1)
FNDA:0,(anonymous_2)
FNDA:5,(anonymous_3)
FNDA:0,(anonymous_4)
FNDA:0,(anonymous_5)
FNDA:2,(anonymous_6)
FNDA:0,(anonymous_7)
FNDA:0,(anonymous_8)
FNDA:0,(anonymous_9)
FNDA:0,(anonymous_10)
FNDA:0,(anonymous_11)
FNDA:0,(anonymous_12)
FNDA:0,(anonymous_13)
FNDA:0,(anonymous_14)
FNDA:2,(anonymous_15)
FNDA:0,(anonymous_16)
FNDA:2,(anonymous_17)
FNDA:0,(anonymous_18)
FNDA:0,(anonymous_19)
FNDA:0,(anonymous_20)
FNDA:3,(anonymous_21)
FNDA:0,(anonymous_22)
FNDA:0,(anonymous_23)
FNDA:1,(anonymous_24)
FNDA:0,(anonymous_25)
FNDA:1,(anonymous_26)
FNDA:0,(anonymous_27)
FNDA:0,(anonymous_28)
FNDA:0,(anonymous_29)
FNDA:0,(anonymous_30)
FNDA:0,(anonymous_31)
FNDA:1,(anonymous_32)
FNDA:2,(anonymous_33)
FNDA:0,(anonymous_34)
FNDA:0,(anonymous_35)
FNDA:0,(anonymous_36)
FNDA:0,(anonymous_37)
FNDA:0,(anonymous_38)
FNDA:0,(anonymous_39)
DA:15,30
DA:16,30
DA:17,30
DA:18,30
DA:19,30
DA:20,30
DA:21,30
DA:22,30
DA:23,30
DA:24,30
DA:25,30
DA:26,30
DA:27,30
DA:28,30
DA:29,30
DA:30,30
DA:31,30
DA:36,0
DA:38,0
DA:41,0
DA:43,0
DA:46,0
DA:50,0
DA:51,0
DA:52,0
DA:56,5
DA:58,0
DA:65,5
DA:67,0
DA:68,0
DA:70,0
DA:80,5
DA:81,1
DA:90,5
DA:91,5
DA:96,0
DA:97,0
DA:99,0
DA:107,0
DA:108,0
DA:109,0
DA:110,0
DA:115,2
DA:120,0
DA:121,0
DA:122,0
DA:123,0
DA:129,0
DA:130,0
DA:134,0
DA:139,0
DA:143,0
DA:144,0
DA:145,0
DA:146,0
DA:150,0
DA:160,0
DA:164,0
DA:169,2
DA:173,0
DA:178,2
DA:182,0
DA:186,0
DA:190,0
DA:195,3
DA:197,3
DA:202,3
DA:205,0
DA:206,0
DA:211,0
DA:215,0
DA:220,1
DA:225,0
DA:226,0
DA:233,1
DA:237,0
DA:241,0
DA:245,0
DA:246,0
DA:252,0
DA:253,0
DA:258,0
DA:262,0
DA:267,1
DA:268,1
DA:271,2
DA:276,0
DA:280,0
DA:285,0
DA:289,0
DA:293,0
DA:297,0
LF:92
LH:34
BRDA:35,0,0,0
BRDA:36,1,0,0
BRDA:36,1,1,0
BRDA:41,2,0,0
BRDA:41,2,1,0
BRDA:49,3,0,0
BRDA:55,4,0,4
BRDA:56,5,0,0
BRDA:56,5,1,5
BRDA:61,6,0,0
BRDA:61,6,1,0
BRDA:65,7,0,0
BRDA:65,7,1,5
BRDA:65,8,0,5
BRDA:65,8,1,0
BRDA:68,9,0,0
BRDA:68,9,1,0
BRDA:80,10,0,1
BRDA:80,10,1,4
BRDA:122,11,0,0
BRDA:122,11,1,0
BRDA:145,12,0,0
BRDA:145,12,1,0
BRDA:245,13,0,0
BRDA:245,13,1,0
BRDA:252,14,0,0
BRDA:252,14,1,0
BRDA:252,15,0,0
BRDA:252,15,1,0
BRF:29
BRH:6
end_of_record
TN:
SF:src/services/MobileGeofenceEngine.js
FN:14,(anonymous_0)
FN:33,(anonymous_1)
FN:37,(anonymous_2)
FN:41,(anonymous_3)
FN:45,(anonymous_4)
FN:54,(anonymous_5)
FN:59,(anonymous_6)
FN:76,(anonymous_7)
FN:85,(anonymous_8)
FN:89,(anonymous_9)
FN:93,(anonymous_10)
FN:97,(anonymous_11)
FN:101,(anonymous_12)
FN:106,(anonymous_13)
FN:118,(anonymous_14)
FN:127,(anonymous_15)
FN:129,(anonymous_16)
FN:141,(anonymous_17)
FN:145,(anonymous_18)
FN:155,(anonymous_19)
FN:160,(anonymous_20)
FN:174,(anonymous_21)
FN:178,(anonymous_22)
FN:182,(anonymous_23)
FN:197,(anonymous_24)
FN:211,(anonymous_25)
FN:223,(anonymous_26)
FN:227,(anonymous_27)
FN:230,(anonymous_28)
FN:247,(anonymous_29)
FN:251,(anonymous_30)
FN:256,(anonymous_31)
FN:271,(anonymous_32)
FN:286,(anonymous_33)
FN:292,(anonymous_34)
FN:294,(anonymous_35)
FN:303,(anonymous_36)
FN:307,(anonymous_37)
FN:326,(anonymous_38)
FN:331,(anonymous_39)
FN:341,(anonymous_40)
FN:345,(anonymous_41)
FN:355,(anonymous_42)
FN:360,(anonymous_43)
FN:373,(anonymous_44)
FN:377,(anonymous_45)
FN:381,(anonymous_46)
FN:391,(anonymous_47)
FNF:48
FNH:11
FNDA:25,(anonymous_0)
FNDA:0,(anonymous_1)
FNDA:0,(anonymous_2)
FNDA:0,(anonymous_3)
FNDA:0,(anonymous_4)
FNDA:0,(anonymous_5)
FNDA:0,(anonymous_6)
FNDA:0,(anonymous_7)
FNDA:0,(anonymous_8)
FNDA:0,(anonymous_9)
FNDA:0,(anonymous_10)
FNDA:0,(anonymous_11)
FNDA:0,(anonymous_12)
FNDA:0,(anonymous_13)
FNDA:0,(anonymous_14)
FNDA:0,(anonymous_15)
FNDA:0,(anonymous_16)
FNDA:0,(anonymous_17)
FNDA:0,(anonymous_18)
FNDA:0,(anonymous_19)
FNDA:1,(anonymous_20)
FNDA:0,(anonymous_21)
FNDA:0,(anonymous_22)
FNDA:1,(anonymous_23)
FNDA:1,(anonymous_24)
FNDA:3,(anonymous_25)
FNDA:0,(anonymous_26)
FNDA:0,(anonymous_27)
FNDA:0,(anonymous_28)
FNDA:0,(anonymous_29)
FNDA:0,(anonymous_30)
FNDA:2,(anonymous_31)
FNDA:0,(anonymous_32)
FNDA:1,(anonymous_33)
FNDA:1,(anonymous_34)
FNDA:1,(anonymous_35)
FNDA:0,(anonymous_36)
FNDA:2,(anonymous_37)
FNDA:0,(anonymous_38)
FNDA:0,(anonymous_39)
FNDA:0,(anonymous_40)
FNDA:1,(anonymous_41)
FNDA:0,(anonymous_42)
FNDA:0,(anonymous_43)
FNDA:0,(anonymous_44)
FNDA:0,(anonymous_45)
FNDA:0,(anonymous_46)
FNDA:0,(anonymous_47)
DA:15,25
DA:16,25
DA:17,25
DA:18,25
DA:19,25
DA:20,25
DA:21,25
DA:22,25
DA:23,25
DA:24,25
DA:25,25
DA:26,25
DA:27,25
DA:28,25
DA:29,25
DA:34,0
DA:38,0
DA:42,0
DA:46,0
DA:55,0
DA:60,0
DA:61,0
DA:64,0
DA:72,0
DA:73,0
DA:77,0
DA:78,0
DA:79,0
DA:81,0
DA:82,0
DA:86,0
DA:90,0
DA:94,0
DA:98,0
DA:102,0
DA:107,0
DA:119,0
DA:128,0
DA:129,0
DA:137,0
DA:138,0
DA:142,0
DA:146,0
DA:151,0
DA:152,0
DA:156,0
DA:161,1
DA:162,1
DA:167,1
DA:170,0
DA:171,0
DA:175,0
DA:179,0
DA:183,1
DA:184,0
DA:188,1
DA:189,1
DA:191,1
DA:199,1
DA:200,0
DA:201,0
DA:202,0
DA:204,1
DA:212,3
DA:219,3
DA:220,3
DA:224,0
DA:229,0
DA:230,0
DA:231,0
DA:233,0
DA:238,0
DA:239,0
DA:241,0
DA:244,0
DA:248,0
DA:252,0
DA:257,2
DA:258,2
DA:259,2
DA:261,2
DA:263,1
DA:267,1
DA:268,1
DA:272,0
DA:273,0
DA:275,0
DA:276,0
DA:277,0
DA:279,0
DA:288,1
DA:293,1
DA:294,1
DA:300,1
DA:304,0
DA:308,2
DA:309,2
DA:313,1
DA:316,1
DA:321,1
DA:322,1
DA:327,0
DA:332,0
DA:338,0
DA:342,0
DA:346,1
DA:352,1
DA:356,0
DA:361,0
DA:366,0
DA:367,0
DA:370,0
DA:374,0
DA:378,0
DA:382,0
DA:388,0
DA:392,0
LF:117
LH:46
BRDA:60,0,0,0
BRDA:60,0,1,0
BRDA:77,1,0,0
BRDA:77,1,1,0
BRDA:161,2,0,1
BRDA:161,2,1,0
BRDA:183,3,0,0
BRDA:183,3,1,1
BRDA:188,4,0,1
BRDA:188,4,1,0
BRDA:193,5,0,0
BRDA:193,5,1,1
BRDA:199,6,0,1
BRDA:199,6,1,0
BRDA:200,7,0,0
BRDA:200,7,1,0
BRDA:201,8,0,0
BRDA:201,8,1,0
BRDA:231,9,0,0
BRDA:231,9,1,0
BRDA:261,10,0,1
BRDA:261,10,1,1
BRDA:261,11,0,2
BRDA:261,11,1,1
BRDA:273,12,0,0
BRDA:273,12,1,0
BRDA:366,13,0,0
BRDA:366,13,1,0
BRF:28
BRH:9
end_of_record
TN:
SF:src/services/MyDataIntegrationService.js
FN:14,(anonymous_0)
FN:38,(anonymous_1)
FN:57,(anonymous_2)
FN:67,(anonymous_3)
FN:94,(anonymous_4)
FN:98,(anonymous_5)
FN:102,(anonymous_6)
FN:106,(anonymous_7)
FN:111,(anonymous_8)
FN:135,(anonymous_9)
FN:139,(anonymous_10)
FN:143,(anonymous_11)
FN:147,(anonymous_12)
FN:155,(anonymous_13)
FN:171,(anonymous_14)
FN:184,(anonymous_15)
FN:188,(anonymous_16)
FN:194,(anonymous_17)
FN:198,(anonymous_18)
FN:200,(anonymous_19)
FN:204,(anonymous_20)
FN:208,(anonymous_21)
FN:213,(anonymous_22)
FN:230,(anonymous_23)
FN:248,(anonymous_24)
FN:261,(anonymous_25)
FN:273,(anonymous_26)
FN:277,(anonymous_27)
FN:283,(anonymous_28)
FN:287,(anonymous_29)
FN:299,(anonymous_30)
FN:301,(anonymous_31)
FN:311,(anonymous_32)
FN:315,(anonymous_33)
FN:319,(anonymous_34)
FN:335,(anonymous_35)
FN:339,(anonymous_36)
FN:344,(anonymous_37)
FN:353,(anonymous_38)
FN:357,(anonymous_39)
FN:371,(anonymous_40)
FN:377,(anonymous_41)
FN:383,(anonymous_42)
FN:387,(anonymous_43)
FN:390,(anonymous_44)
FN:392,(anonymous_45)
FN:397,(anonymous_46)
FN:405,(anonymous_47)
FN:409,(anonymous_48)
FN:413,(anonymous_49)
FNF:50
FNH:27
FNDA:28,(anonymous_0)
FNDA:0,(anonymous_1)
FNDA:2,(anonymous_2)
FNDA:3,(anonymous_3)
FNDA:2,(anonymous_4)
FNDA:0,(anonymous_5)
FNDA:0,(anonymous_6)
FNDA:0,(anonymous_7)
FNDA:3,(anonymous_8)
FNDA:0,(anonymous_9)
FNDA:0,(anonymous_10)
FNDA:0,(anonymous_11)
FNDA:0,(anonymous_12)
FNDA:3,(anonymous_13)
FNDA:5,(anonymous_14)
FNDA:0,(anonymous_15)
FNDA:1,(anonymous_16)
FNDA:0,(anonymous_17)
FNDA:2,(anonymous_18)
FNDA:5,(anonymous_19)
FNDA:0,(anonymous_20)
FNDA:0,(anonymous_21)
FNDA:1,(anonymous_22)
FNDA:1,(anonymous_23)
FNDA:2,(anonymous_24)
FNDA:1,(anonymous_25)
FNDA:0,(anonymous_26)
FNDA:0,(anonymous_27)
FNDA:0,(anonymous_28)
FNDA:1,(anonymous_29)
FNDA:1,(anonymous_30)
FNDA:1,(anonymous_31)
FNDA:0,(anonymous_32)
FNDA:1,(anonymous_33)
FNDA:3,(anonymous_34)
FNDA:0,(anonymous_35)
FNDA:0,(anonymous_36)
FNDA:1,(anonymous_37)
FNDA:0,(anonymous_38)
FNDA:1,(anonymous_39)
FNDA:0,(anonymous_40)
FNDA:1,(anonymous_41)
FNDA:3,(anonymous_42)
FNDA:209,(anonymous_43)
FNDA:1,(anonymous_44)
FNDA:109,(anonymous_45)
FNDA:3,(anonymous_46)
FNDA:0,(anonymous_47)
FNDA:0,(anonymous_48)
FNDA:0,(anonymous_49)
DA:15,28
DA:16,28
DA:17,28
DA:18,28
DA:19,28
DA:20,28
DA:21,28
DA:22,28
DA:23,28
DA:24,28
DA:25,28
DA:26,28
DA:27,28
DA:28,28
DA:29,28
DA:30,28
DA:31,28
DA:32,28
DA:33,28
DA:34,28
DA:39,0
DA:40,0
DA:46,0
DA:54,0
DA:59,2
DA:60,2
DA:61,2
DA:62,64
DA:64,2
DA:68,3
DA:69,3
DA:70,3
DA:71,3
DA:73,3
DA:74,1
DA:82,1
DA:85,2
DA:86,1
DA:87,1
DA:90,1
DA:91,1
DA:95,2
DA:99,0
DA:103,0
DA:107,0
DA:112,3
DA:114,3
DA:121,3
DA:122,3
DA:124,3
DA:126,0
DA:131,0
DA:136,0
DA:140,0
DA:144,0
DA:149,0
DA:150,0
DA:151,0
DA:156,3
DA:158,3
DA:170,3
DA:171,3
DA:172,5
DA:173,5
DA:177,3
DA:178,3
DA:180,0
DA:185,0
DA:190,1
DA:191,1
DA:195,0
DA:199,2
DA:200,5
DA:201,2
DA:205,0
DA:209,0
DA:214,1
DA:226,1
DA:227,1
DA:231,1
DA:249,2
DA:250,2
DA:252,2
DA:254,2
DA:262,1
DA:264,1
DA:270,1
DA:274,0
DA:279,0
DA:280,0
DA:284,0
DA:288,1
DA:301,1
DA:302,1
DA:303,1
DA:312,0
DA:316,1
DA:317,1
DA:319,1
DA:320,3
DA:321,3
DA:322,2
DA:327,1
DA:331,1
DA:332,1
DA:336,0
DA:340,0
DA:345,1
DA:354,0
DA:358,1
DA:373,0
DA:374,0
DA:379,1
DA:380,1
DA:385,3
DA:386,3
DA:387,209
DA:392,109
DA:393,1
DA:394,1
DA:398,3
DA:399,3
DA:401,3
DA:406,0
DA:410,0
DA:414,0
LF:126
LH:93
BRDA:73,0,0,1
BRDA:73,0,1,2
BRDA:77,1,0,1
BRDA:77,1,1,0
BRDA:85,2,0,1
BRDA:85,2,1,1
BRDA:172,3,0,5
BRDA:172,3,1,0
BRDA:234,4,0,1
BRDA:234,4,1,0
BRDA:235,5,0,0
BRDA:235,5,1,0
BRDA:252,6,0,2
BRDA:252,6,1,2
BRDA:256,7,0,1
BRDA:256,7,1,1
BRDA:256,8,0,1
BRDA:256,8,1,0
BRDA:274,9,0,0
BRDA:274,9,1,0
BRDA:284,10,0,0
BRDA:284,10,1,0
BRDA:321,11,0,2
BRDA:321,11,1,1
BRDA:398,12,0,3
BRDA:398,12,1,0
BRF:26
BRH:15
end_of_record
