{"total": {"lines":{"total":8919,"covered":2245,"skipped":0,"pct":25.17},"statements":{"total":10770,"covered":2313,"skipped":0,"pct":21.47},"functions":{"total":2235,"covered":427,"skipped":0,"pct":19.1},"branches":{"total":5045,"covered":1066,"skipped":0,"pct":21.12},"branchesTrue":{"total":0,"covered":0,"skipped":0,"pct":100}}
,"/home/ubuntu/dev/hccg-hsinchu-pass-guardian/src/backend/coverage/block-navigation.js": {"lines":{"total":30,"covered":0,"skipped":0,"pct":0},"functions":{"total":6,"covered":0,"skipped":0,"pct":0},"statements":{"total":30,"covered":0,"skipped":0,"pct":0},"branches":{"total":19,"covered":0,"skipped":0,"pct":0}}
,"/home/ubuntu/dev/hccg-hsinchu-pass-guardian/src/backend/coverage/prettify.js": {"lines":{"total":1,"covered":0,"skipped":0,"pct":0},"functions":{"total":29,"covered":0,"skipped":0,"pct":0},"statements":{"total":536,"covered":0,"skipped":0,"pct":0},"branches":{"total":286,"covered":0,"skipped":0,"pct":0}}
,"/home/ubuntu/dev/hccg-hsinchu-pass-guardian/src/backend/coverage/sorter.js": {"lines":{"total":94,"covered":0,"skipped":0,"pct":0},"functions":{"total":19,"covered":0,"skipped":0,"pct":0},"statements":{"total":95,"covered":0,"skipped":0,"pct":0},"branches":{"total":26,"covered":0,"skipped":0,"pct":0}}
,"/home/ubuntu/dev/hccg-hsinchu-pass-guardian/src/backend/coverage/lcov-report/block-navigation.js": {"lines":{"total":30,"covered":0,"skipped":0,"pct":0},"functions":{"total":6,"covered":0,"skipped":0,"pct":0},"statements":{"total":30,"covered":0,"skipped":0,"pct":0},"branches":{"total":19,"covered":0,"skipped":0,"pct":0}}
,"/home/ubuntu/dev/hccg-hsinchu-pass-guardian/src/backend/coverage/lcov-report/prettify.js": {"lines":{"total":1,"covered":0,"skipped":0,"pct":0},"functions":{"total":29,"covered":0,"skipped":0,"pct":0},"statements":{"total":536,"covered":0,"skipped":0,"pct":0},"branches":{"total":286,"covered":0,"skipped":0,"pct":0}}
,"/home/ubuntu/dev/hccg-hsinchu-pass-guardian/src/backend/coverage/lcov-report/sorter.js": {"lines":{"total":94,"covered":0,"skipped":0,"pct":0},"functions":{"total":19,"covered":0,"skipped":0,"pct":0},"statements":{"total":95,"covered":0,"skipped":0,"pct":0},"branches":{"total":26,"covered":0,"skipped":0,"pct":0}}
,"/home/ubuntu/dev/hccg-hsinchu-pass-guardian/src/backend/examples/service-usage-example.js": {"lines":{"total":65,"covered":0,"skipped":0,"pct":0},"functions":{"total":3,"covered":0,"skipped":0,"pct":0},"statements":{"total":66,"covered":0,"skipped":0,"pct":0},"branches":{"total":6,"covered":0,"skipped":0,"pct":0}}
,"/home/ubuntu/dev/hccg-hsinchu-pass-guardian/src/backend/services/AnonymizationService.js": {"lines":{"total":110,"covered":0,"skipped":0,"pct":0},"functions":{"total":27,"covered":0,"skipped":0,"pct":0},"statements":{"total":115,"covered":0,"skipped":0,"pct":0},"branches":{"total":75,"covered":0,"skipped":0,"pct":0}}
,"/home/ubuntu/dev/hccg-hsinchu-pass-guardian/src/backend/services/AuditService.js": {"lines":{"total":83,"covered":0,"skipped":0,"pct":0},"functions":{"total":31,"covered":0,"skipped":0,"pct":0},"statements":{"total":83,"covered":0,"skipped":0,"pct":0},"branches":{"total":49,"covered":0,"skipped":0,"pct":0}}
,"/home/ubuntu/dev/hccg-hsinchu-pass-guardian/src/backend/services/BLEScannerService.js": {"lines":{"total":84,"covered":0,"skipped":0,"pct":0},"functions":{"total":23,"covered":0,"skipped":0,"pct":0},"statements":{"total":84,"covered":0,"skipped":0,"pct":0},"branches":{"total":29,"covered":0,"skipped":0,"pct":0}}
,"/home/ubuntu/dev/hccg-hsinchu-pass-guardian/src/backend/services/CaseFlowService.js": {"lines":{"total":210,"covered":0,"skipped":0,"pct":0},"functions":{"total":40,"covered":0,"skipped":0,"pct":0},"statements":{"total":213,"covered":0,"skipped":0,"pct":0},"branches":{"total":109,"covered":0,"skipped":0,"pct":0}}
,"/home/ubuntu/dev/hccg-hsinchu-pass-guardian/src/backend/services/GeoAlertService.js": {"lines":{"total":150,"covered":0,"skipped":0,"pct":0},"functions":{"total":29,"covered":0,"skipped":0,"pct":0},"statements":{"total":150,"covered":0,"skipped":0,"pct":0},"branches":{"total":51,"covered":0,"skipped":0,"pct":0}}
,"/home/ubuntu/dev/hccg-hsinchu-pass-guardian/src/backend/services/KPIService.js": {"lines":{"total":208,"covered":0,"skipped":0,"pct":0},"functions":{"total":75,"covered":0,"skipped":0,"pct":0},"statements":{"total":222,"covered":0,"skipped":0,"pct":0},"branches":{"total":94,"covered":0,"skipped":0,"pct":0}}
,"/home/ubuntu/dev/hccg-hsinchu-pass-guardian/src/backend/services/MyDataAdapter.js": {"lines":{"total":193,"covered":0,"skipped":0,"pct":0},"functions":{"total":37,"covered":0,"skipped":0,"pct":0},"statements":{"total":198,"covered":0,"skipped":0,"pct":0},"branches":{"total":97,"covered":0,"skipped":0,"pct":0}}
,"/home/ubuntu/dev/hccg-hsinchu-pass-guardian/src/backend/services/MyDataAdapterAPI.js": {"lines":{"total":105,"covered":0,"skipped":0,"pct":0},"functions":{"total":18,"covered":0,"skipped":0,"pct":0},"statements":{"total":107,"covered":0,"skipped":0,"pct":0},"branches":{"total":46,"covered":0,"skipped":0,"pct":0}}
,"/home/ubuntu/dev/hccg-hsinchu-pass-guardian/src/backend/services/RBACService.js": {"lines":{"total":217,"covered":0,"skipped":0,"pct":0},"functions":{"total":32,"covered":0,"skipped":0,"pct":0},"statements":{"total":221,"covered":0,"skipped":0,"pct":0},"branches":{"total":129,"covered":0,"skipped":0,"pct":0}}
,"/home/ubuntu/dev/hccg-hsinchu-pass-guardian/src/backend/services/RetentionService.js": {"lines":{"total":116,"covered":0,"skipped":0,"pct":0},"functions":{"total":20,"covered":0,"skipped":0,"pct":0},"statements":{"total":116,"covered":0,"skipped":0,"pct":0},"branches":{"total":38,"covered":0,"skipped":0,"pct":0}}
,"/home/ubuntu/dev/hccg-hsinchu-pass-guardian/src/backend/services/RevocationService.js": {"lines":{"total":109,"covered":0,"skipped":0,"pct":0},"functions":{"total":19,"covered":0,"skipped":0,"pct":0},"statements":{"total":110,"covered":0,"skipped":0,"pct":0},"branches":{"total":28,"covered":0,"skipped":0,"pct":0}}
,"/home/ubuntu/dev/hccg-hsinchu-pass-guardian/src/backend/services/VolunteerConsentService.js": {"lines":{"total":58,"covered":0,"skipped":0,"pct":0},"functions":{"total":12,"covered":0,"skipped":0,"pct":0},"statements":{"total":58,"covered":0,"skipped":0,"pct":0},"branches":{"total":25,"covered":0,"skipped":0,"pct":0}}
,"/home/ubuntu/dev/hccg-hsinchu-pass-guardian/src/backend/services/safety/index.js": {"lines":{"total":102,"covered":0,"skipped":0,"pct":0},"functions":{"total":25,"covered":0,"skipped":0,"pct":0},"statements":{"total":102,"covered":0,"skipped":0,"pct":0},"branches":{"total":52,"covered":0,"skipped":0,"pct":0}}
,"/home/ubuntu/dev/hccg-hsinchu-pass-guardian/src/backend/services/safety/case/CaseManagementService.js": {"lines":{"total":320,"covered":0,"skipped":0,"pct":0},"functions":{"total":53,"covered":0,"skipped":0,"pct":0},"statements":{"total":347,"covered":0,"skipped":0,"pct":0},"branches":{"total":273,"covered":0,"skipped":0,"pct":0}}
,"/home/ubuntu/dev/hccg-hsinchu-pass-guardian/src/backend/services/safety/events/EventStreamService.js": {"lines":{"total":158,"covered":0,"skipped":0,"pct":0},"functions":{"total":35,"covered":0,"skipped":0,"pct":0},"statements":{"total":165,"covered":0,"skipped":0,"pct":0},"branches":{"total":58,"covered":0,"skipped":0,"pct":0}}
,"/home/ubuntu/dev/hccg-hsinchu-pass-guardian/src/backend/services/safety/geofence/GeofenceService.js": {"lines":{"total":170,"covered":0,"skipped":0,"pct":0},"functions":{"total":37,"covered":0,"skipped":0,"pct":0},"statements":{"total":172,"covered":0,"skipped":0,"pct":0},"branches":{"total":105,"covered":0,"skipped":0,"pct":0}}
,"/home/ubuntu/dev/hccg-hsinchu-pass-guardian/src/backend/services/safety/matching/MatchingService.js": {"lines":{"total":252,"covered":0,"skipped":0,"pct":0},"functions":{"total":50,"covered":0,"skipped":0,"pct":0},"statements":{"total":255,"covered":0,"skipped":0,"pct":0},"branches":{"total":136,"covered":0,"skipped":0,"pct":0}}
,"/home/ubuntu/dev/hccg-hsinchu-pass-guardian/src/backend/services/safety/mydata/MyDataService.js": {"lines":{"total":257,"covered":0,"skipped":0,"pct":0},"functions":{"total":59,"covered":0,"skipped":0,"pct":0},"statements":{"total":268,"covered":0,"skipped":0,"pct":0},"branches":{"total":134,"covered":0,"skipped":0,"pct":0}}
,"/home/ubuntu/dev/hccg-hsinchu-pass-guardian/src/backend/src/app.js": {"lines":{"total":50,"covered":0,"skipped":0,"pct":0},"functions":{"total":11,"covered":0,"skipped":0,"pct":0},"statements":{"total":50,"covered":0,"skipped":0,"pct":0},"branches":{"total":7,"covered":0,"skipped":0,"pct":0}}
,"/home/ubuntu/dev/hccg-hsinchu-pass-guardian/src/backend/src/index.js": {"lines":{"total":4,"covered":0,"skipped":0,"pct":0},"functions":{"total":0,"covered":0,"skipped":0,"pct":100},"statements":{"total":4,"covered":0,"skipped":0,"pct":0},"branches":{"total":2,"covered":0,"skipped":0,"pct":0}}
,"/home/ubuntu/dev/hccg-hsinchu-pass-guardian/src/backend/src/constants/safety-service.constants.js": {"lines":{"total":16,"covered":16,"skipped":0,"pct":100},"functions":{"total":0,"covered":0,"skipped":0,"pct":100},"statements":{"total":16,"covered":16,"skipped":0,"pct":100},"branches":{"total":0,"covered":0,"skipped":0,"pct":100}}
,"/home/ubuntu/dev/hccg-hsinchu-pass-guardian/src/backend/src/hardware/ble-manager.js": {"lines":{"total":149,"covered":3,"skipped":0,"pct":2.01},"functions":{"total":35,"covered":0,"skipped":0,"pct":0},"statements":{"total":152,"covered":3,"skipped":0,"pct":1.97},"branches":{"total":64,"covered":0,"skipped":0,"pct":0}}
,"/home/ubuntu/dev/hccg-hsinchu-pass-guardian/src/backend/src/middleware/auth.js": {"lines":{"total":88,"covered":0,"skipped":0,"pct":0},"functions":{"total":13,"covered":0,"skipped":0,"pct":0},"statements":{"total":88,"covered":0,"skipped":0,"pct":0},"branches":{"total":107,"covered":0,"skipped":0,"pct":0}}
,"/home/ubuntu/dev/hccg-hsinchu-pass-guardian/src/backend/src/middleware/error.js": {"lines":{"total":55,"covered":0,"skipped":0,"pct":0},"functions":{"total":10,"covered":0,"skipped":0,"pct":0},"statements":{"total":55,"covered":0,"skipped":0,"pct":0},"branches":{"total":34,"covered":0,"skipped":0,"pct":0}}
,"/home/ubuntu/dev/hccg-hsinchu-pass-guardian/src/backend/src/middleware/index.js": {"lines":{"total":5,"covered":0,"skipped":0,"pct":0},"functions":{"total":0,"covered":0,"skipped":0,"pct":100},"statements":{"total":5,"covered":0,"skipped":0,"pct":0},"branches":{"total":0,"covered":0,"skipped":0,"pct":100}}
,"/home/ubuntu/dev/hccg-hsinchu-pass-guardian/src/backend/src/middleware/security.js": {"lines":{"total":37,"covered":0,"skipped":0,"pct":0},"functions":{"total":15,"covered":0,"skipped":0,"pct":0},"statements":{"total":39,"covered":0,"skipped":0,"pct":0},"branches":{"total":30,"covered":0,"skipped":0,"pct":0}}
,"/home/ubuntu/dev/hccg-hsinchu-pass-guardian/src/backend/src/middleware/shared.js": {"lines":{"total":9,"covered":0,"skipped":0,"pct":0},"functions":{"total":0,"covered":0,"skipped":0,"pct":100},"statements":{"total":9,"covered":0,"skipped":0,"pct":0},"branches":{"total":0,"covered":0,"skipped":0,"pct":100}}
,"/home/ubuntu/dev/hccg-hsinchu-pass-guardian/src/backend/src/middleware/validation.js": {"lines":{"total":36,"covered":0,"skipped":0,"pct":0},"functions":{"total":9,"covered":0,"skipped":0,"pct":0},"statements":{"total":39,"covered":0,"skipped":0,"pct":0},"branches":{"total":21,"covered":0,"skipped":0,"pct":0}}
,"/home/ubuntu/dev/hccg-hsinchu-pass-guardian/src/backend/src/repositories/device.repository.js": {"lines":{"total":1,"covered":1,"skipped":0,"pct":100},"functions":{"total":10,"covered":0,"skipped":0,"pct":0},"statements":{"total":1,"covered":1,"skipped":0,"pct":100},"branches":{"total":0,"covered":0,"skipped":0,"pct":100}}
,"/home/ubuntu/dev/hccg-hsinchu-pass-guardian/src/backend/src/repositories/geofence.repository.js": {"lines":{"total":15,"covered":1,"skipped":0,"pct":6.66},"functions":{"total":15,"covered":0,"skipped":0,"pct":0},"statements":{"total":15,"covered":1,"skipped":0,"pct":6.66},"branches":{"total":1,"covered":0,"skipped":0,"pct":0}}
,"/home/ubuntu/dev/hccg-hsinchu-pass-guardian/src/backend/src/routes/ble-scanner.js": {"lines":{"total":110,"covered":0,"skipped":0,"pct":0},"functions":{"total":15,"covered":0,"skipped":0,"pct":0},"statements":{"total":110,"covered":0,"skipped":0,"pct":0},"branches":{"total":20,"covered":0,"skipped":0,"pct":0}}
,"/home/ubuntu/dev/hccg-hsinchu-pass-guardian/src/backend/src/routes/cases.js": {"lines":{"total":63,"covered":0,"skipped":0,"pct":0},"functions":{"total":8,"covered":0,"skipped":0,"pct":0},"statements":{"total":63,"covered":0,"skipped":0,"pct":0},"branches":{"total":18,"covered":0,"skipped":0,"pct":0}}
,"/home/ubuntu/dev/hccg-hsinchu-pass-guardian/src/backend/src/routes/device-binding.js": {"lines":{"total":83,"covered":0,"skipped":0,"pct":0},"functions":{"total":9,"covered":0,"skipped":0,"pct":0},"statements":{"total":83,"covered":0,"skipped":0,"pct":0},"branches":{"total":16,"covered":0,"skipped":0,"pct":0}}
,"/home/ubuntu/dev/hccg-hsinchu-pass-guardian/src/backend/src/routes/index.js": {"lines":{"total":36,"covered":0,"skipped":0,"pct":0},"functions":{"total":5,"covered":0,"skipped":0,"pct":0},"statements":{"total":36,"covered":0,"skipped":0,"pct":0},"branches":{"total":6,"covered":0,"skipped":0,"pct":0}}
,"/home/ubuntu/dev/hccg-hsinchu-pass-guardian/src/backend/src/routes/kpi.js": {"lines":{"total":53,"covered":0,"skipped":0,"pct":0},"functions":{"total":9,"covered":0,"skipped":0,"pct":0},"statements":{"total":53,"covered":0,"skipped":0,"pct":0},"branches":{"total":14,"covered":0,"skipped":0,"pct":0}}
,"/home/ubuntu/dev/hccg-hsinchu-pass-guardian/src/backend/src/routes/mydata.js": {"lines":{"total":69,"covered":0,"skipped":0,"pct":0},"functions":{"total":8,"covered":0,"skipped":0,"pct":0},"statements":{"total":69,"covered":0,"skipped":0,"pct":0},"branches":{"total":42,"covered":0,"skipped":0,"pct":0}}
,"/home/ubuntu/dev/hccg-hsinchu-pass-guardian/src/backend/src/routes/rbac.js": {"lines":{"total":45,"covered":0,"skipped":0,"pct":0},"functions":{"total":8,"covered":0,"skipped":0,"pct":0},"statements":{"total":45,"covered":0,"skipped":0,"pct":0},"branches":{"total":8,"covered":0,"skipped":0,"pct":0}}
,"/home/ubuntu/dev/hccg-hsinchu-pass-guardian/src/backend/src/services/anonymization.service.js": {"lines":{"total":142,"covered":112,"skipped":0,"pct":78.87},"functions":{"total":25,"covered":21,"skipped":0,"pct":84},"statements":{"total":145,"covered":114,"skipped":0,"pct":78.62},"branches":{"total":68,"covered":50,"skipped":0,"pct":73.52}}
,"/home/ubuntu/dev/hccg-hsinchu-pass-guardian/src/backend/src/services/audit-log.service.js": {"lines":{"total":5,"covered":1,"skipped":0,"pct":20},"functions":{"total":2,"covered":0,"skipped":0,"pct":0},"statements":{"total":5,"covered":1,"skipped":0,"pct":20},"branches":{"total":2,"covered":0,"skipped":0,"pct":0}}
,"/home/ubuntu/dev/hccg-hsinchu-pass-guardian/src/backend/src/services/audit.service.js": {"lines":{"total":151,"covered":135,"skipped":0,"pct":89.4},"functions":{"total":47,"covered":41,"skipped":0,"pct":87.23},"statements":{"total":155,"covered":139,"skipped":0,"pct":89.67},"branches":{"total":97,"covered":59,"skipped":0,"pct":60.82}}
,"/home/ubuntu/dev/hccg-hsinchu-pass-guardian/src/backend/src/services/ble-scanner.service.js": {"lines":{"total":159,"covered":122,"skipped":0,"pct":76.72},"functions":{"total":28,"covered":26,"skipped":0,"pct":92.85},"statements":{"total":160,"covered":123,"skipped":0,"pct":76.87},"branches":{"total":71,"covered":49,"skipped":0,"pct":69.01}}
,"/home/ubuntu/dev/hccg-hsinchu-pass-guardian/src/backend/src/services/case-flow.service.js": {"lines":{"total":466,"covered":432,"skipped":0,"pct":92.7},"functions":{"total":84,"covered":79,"skipped":0,"pct":94.04},"statements":{"total":479,"covered":442,"skipped":0,"pct":92.27},"branches":{"total":367,"covered":281,"skipped":0,"pct":76.56}}
,"/home/ubuntu/dev/hccg-hsinchu-pass-guardian/src/backend/src/services/event-emitter.service.js": {"lines":{"total":9,"covered":1,"skipped":0,"pct":11.11},"functions":{"total":5,"covered":0,"skipped":0,"pct":0},"statements":{"total":9,"covered":1,"skipped":0,"pct":11.11},"branches":{"total":4,"covered":0,"skipped":0,"pct":0}}
,"/home/ubuntu/dev/hccg-hsinchu-pass-guardian/src/backend/src/services/geo-alert.service.js": {"lines":{"total":155,"covered":22,"skipped":0,"pct":14.19},"functions":{"total":27,"covered":4,"skipped":0,"pct":14.81},"statements":{"total":156,"covered":22,"skipped":0,"pct":14.1},"branches":{"total":59,"covered":2,"skipped":0,"pct":3.38}}
,"/home/ubuntu/dev/hccg-hsinchu-pass-guardian/src/backend/src/services/kpi.service.js": {"lines":{"total":360,"covered":299,"skipped":0,"pct":83.05},"functions":{"total":90,"covered":89,"skipped":0,"pct":98.88},"statements":{"total":385,"covered":323,"skipped":0,"pct":83.89},"branches":{"total":63,"covered":35,"skipped":0,"pct":55.55}}
,"/home/ubuntu/dev/hccg-hsinchu-pass-guardian/src/backend/src/services/location.service.js": {"lines":{"total":17,"covered":1,"skipped":0,"pct":5.88},"functions":{"total":6,"covered":0,"skipped":0,"pct":0},"statements":{"total":19,"covered":1,"skipped":0,"pct":5.26},"branches":{"total":4,"covered":0,"skipped":0,"pct":0}}
,"/home/ubuntu/dev/hccg-hsinchu-pass-guardian/src/backend/src/services/mydata-adapter.service.js": {"lines":{"total":172,"covered":108,"skipped":0,"pct":62.79},"functions":{"total":22,"covered":14,"skipped":0,"pct":63.63},"statements":{"total":173,"covered":109,"skipped":0,"pct":63},"branches":{"total":71,"covered":30,"skipped":0,"pct":42.25}}
,"/home/ubuntu/dev/hccg-hsinchu-pass-guardian/src/backend/src/services/notification.service.js": {"lines":{"total":13,"covered":2,"skipped":0,"pct":15.38},"functions":{"total":14,"covered":0,"skipped":0,"pct":0},"statements":{"total":13,"covered":2,"skipped":0,"pct":15.38},"branches":{"total":0,"covered":0,"skipped":0,"pct":100}}
,"/home/ubuntu/dev/hccg-hsinchu-pass-guardian/src/backend/src/services/rbac.service.js": {"lines":{"total":564,"covered":340,"skipped":0,"pct":60.28},"functions":{"total":97,"covered":49,"skipped":0,"pct":50.51},"statements":{"total":578,"covered":346,"skipped":0,"pct":59.86},"branches":{"total":436,"covered":226,"skipped":0,"pct":51.83}}
,"/home/ubuntu/dev/hccg-hsinchu-pass-guardian/src/backend/src/services/retention.service.js": {"lines":{"total":102,"covered":94,"skipped":0,"pct":92.15},"functions":{"total":20,"covered":19,"skipped":0,"pct":95},"statements":{"total":105,"covered":97,"skipped":0,"pct":92.38},"branches":{"total":60,"covered":41,"skipped":0,"pct":68.33}}
,"/home/ubuntu/dev/hccg-hsinchu-pass-guardian/src/backend/src/services/revocation.service.js": {"lines":{"total":98,"covered":90,"skipped":0,"pct":91.83},"functions":{"total":18,"covered":17,"skipped":0,"pct":94.44},"statements":{"total":102,"covered":93,"skipped":0,"pct":91.17},"branches":{"total":40,"covered":27,"skipped":0,"pct":67.5}}
,"/home/ubuntu/dev/hccg-hsinchu-pass-guardian/src/backend/src/services/volunteer-consent.service.js": {"lines":{"total":94,"covered":82,"skipped":0,"pct":87.23},"functions":{"total":15,"covered":13,"skipped":0,"pct":86.66},"statements":{"total":94,"covered":82,"skipped":0,"pct":87.23},"branches":{"total":34,"covered":25,"skipped":0,"pct":73.52}}
,"/home/ubuntu/dev/hccg-hsinchu-pass-guardian/src/backend/src/services/safety/device-binding.service.js": {"lines":{"total":107,"covered":85,"skipped":0,"pct":79.43},"functions":{"total":15,"covered":13,"skipped":0,"pct":86.66},"statements":{"total":109,"covered":86,"skipped":0,"pct":78.89},"branches":{"total":87,"covered":63,"skipped":0,"pct":72.41}}
,"/home/ubuntu/dev/hccg-hsinchu-pass-guardian/src/backend/src/services/safety/errors.js": {"lines":{"total":19,"covered":16,"skipped":0,"pct":84.21},"functions":{"total":6,"covered":5,"skipped":0,"pct":83.33},"statements":{"total":19,"covered":16,"skipped":0,"pct":84.21},"branches":{"total":6,"covered":5,"skipped":0,"pct":83.33}}
,"/home/ubuntu/dev/hccg-hsinchu-pass-guardian/src/backend/src/services/safety/geofence-engine.service.js": {"lines":{"total":152,"covered":139,"skipped":0,"pct":91.44},"functions":{"total":15,"covered":15,"skipped":0,"pct":100},"statements":{"total":152,"covered":139,"skipped":0,"pct":91.44},"branches":{"total":117,"covered":93,"skipped":0,"pct":79.48}}
,"/home/ubuntu/dev/hccg-hsinchu-pass-guardian/src/backend/src/utils/battery-optimization.js": {"lines":{"total":16,"covered":0,"skipped":0,"pct":0},"functions":{"total":7,"covered":0,"skipped":0,"pct":0},"statements":{"total":16,"covered":0,"skipped":0,"pct":0},"branches":{"total":6,"covered":0,"skipped":0,"pct":0}}
,"/home/ubuntu/dev/hccg-hsinchu-pass-guardian/src/backend/src/utils/errors.js": {"lines":{"total":22,"covered":16,"skipped":0,"pct":72.72},"functions":{"total":7,"covered":5,"skipped":0,"pct":71.42},"statements":{"total":22,"covered":16,"skipped":0,"pct":72.72},"branches":{"total":7,"covered":5,"skipped":0,"pct":71.42}}
,"/home/ubuntu/dev/hccg-hsinchu-pass-guardian/src/backend/src/utils/permissions.js": {"lines":{"total":15,"covered":0,"skipped":0,"pct":0},"functions":{"total":6,"covered":0,"skipped":0,"pct":0},"statements":{"total":15,"covered":0,"skipped":0,"pct":0},"branches":{"total":4,"covered":0,"skipped":0,"pct":0}}
,"/home/ubuntu/dev/hccg-hsinchu-pass-guardian/src/backend/src/utils/validation.utils.js": {"lines":{"total":107,"covered":0,"skipped":0,"pct":0},"functions":{"total":16,"covered":0,"skipped":0,"pct":0},"statements":{"total":108,"covered":0,"skipped":0,"pct":0},"branches":{"total":116,"covered":0,"skipped":0,"pct":0}}
,"/home/ubuntu/dev/hccg-hsinchu-pass-guardian/src/backend/tests/setup.js": {"lines":{"total":34,"covered":0,"skipped":0,"pct":0},"functions":{"total":3,"covered":0,"skipped":0,"pct":0},"statements":{"total":34,"covered":0,"skipped":0,"pct":0},"branches":{"total":14,"covered":0,"skipped":0,"pct":0}}
,"/home/ubuntu/dev/hccg-hsinchu-pass-guardian/src/backend/tests/helpers/jwt-helper.js": {"lines":{"total":12,"covered":0,"skipped":0,"pct":0},"functions":{"total":7,"covered":0,"skipped":0,"pct":0},"statements":{"total":12,"covered":0,"skipped":0,"pct":0},"branches":{"total":4,"covered":0,"skipped":0,"pct":0}}
,"/home/ubuntu/dev/hccg-hsinchu-pass-guardian/src/backend/tests/integration/api.cases.test.js": {"lines":{"total":54,"covered":0,"skipped":0,"pct":0},"functions":{"total":24,"covered":0,"skipped":0,"pct":0},"statements":{"total":54,"covered":0,"skipped":0,"pct":0},"branches":{"total":0,"covered":0,"skipped":0,"pct":100}}
,"/home/ubuntu/dev/hccg-hsinchu-pass-guardian/src/backend/tests/integration/api.kpi.test.js": {"lines":{"total":66,"covered":0,"skipped":0,"pct":0},"functions":{"total":29,"covered":0,"skipped":0,"pct":0},"statements":{"total":66,"covered":0,"skipped":0,"pct":0},"branches":{"total":0,"covered":0,"skipped":0,"pct":100}}
,"/home/ubuntu/dev/hccg-hsinchu-pass-guardian/src/backend/tests/integration/api.mydata.test.js": {"lines":{"total":64,"covered":0,"skipped":0,"pct":0},"functions":{"total":29,"covered":0,"skipped":0,"pct":0},"statements":{"total":64,"covered":0,"skipped":0,"pct":0},"branches":{"total":0,"covered":0,"skipped":0,"pct":100}}
,"/home/ubuntu/dev/hccg-hsinchu-pass-guardian/src/backend/tests/integration/api.rbac.test.js": {"lines":{"total":49,"covered":0,"skipped":0,"pct":0},"functions":{"total":21,"covered":0,"skipped":0,"pct":0},"statements":{"total":49,"covered":0,"skipped":0,"pct":0},"branches":{"total":2,"covered":0,"skipped":0,"pct":0}}
,"/home/ubuntu/dev/hccg-hsinchu-pass-guardian/src/backend/tests/integration/middleware.test.js": {"lines":{"total":103,"covered":0,"skipped":0,"pct":0},"functions":{"total":34,"covered":0,"skipped":0,"pct":0},"statements":{"total":105,"covered":0,"skipped":0,"pct":0},"branches":{"total":0,"covered":0,"skipped":0,"pct":100}}
,"/home/ubuntu/dev/hccg-hsinchu-pass-guardian/src/components/EmptyState.tsx": {"lines":{"total":11,"covered":0,"skipped":0,"pct":0},"functions":{"total":9,"covered":0,"skipped":0,"pct":0},"statements":{"total":12,"covered":0,"skipped":0,"pct":0},"branches":{"total":39,"covered":0,"skipped":0,"pct":0}}
,"/home/ubuntu/dev/hccg-hsinchu-pass-guardian/src/components/FeatureCard.tsx": {"lines":{"total":10,"covered":0,"skipped":0,"pct":0},"functions":{"total":3,"covered":0,"skipped":0,"pct":0},"statements":{"total":11,"covered":0,"skipped":0,"pct":0},"branches":{"total":40,"covered":0,"skipped":0,"pct":0}}
,"/home/ubuntu/dev/hccg-hsinchu-pass-guardian/src/components/InfoCard.tsx": {"lines":{"total":4,"covered":0,"skipped":0,"pct":0},"functions":{"total":2,"covered":0,"skipped":0,"pct":0},"statements":{"total":5,"covered":0,"skipped":0,"pct":0},"branches":{"total":1,"covered":0,"skipped":0,"pct":0}}
,"/home/ubuntu/dev/hccg-hsinchu-pass-guardian/src/components/LoadingState.tsx": {"lines":{"total":9,"covered":0,"skipped":0,"pct":0},"functions":{"total":3,"covered":0,"skipped":0,"pct":0},"statements":{"total":10,"covered":0,"skipped":0,"pct":0},"branches":{"total":9,"covered":0,"skipped":0,"pct":0}}
,"/home/ubuntu/dev/hccg-hsinchu-pass-guardian/src/components/TabBar.tsx": {"lines":{"total":5,"covered":0,"skipped":0,"pct":0},"functions":{"total":3,"covered":0,"skipped":0,"pct":0},"statements":{"total":6,"covered":0,"skipped":0,"pct":0},"branches":{"total":5,"covered":0,"skipped":0,"pct":0}}
,"/home/ubuntu/dev/hccg-hsinchu-pass-guardian/src/components/TaskCard.tsx": {"lines":{"total":20,"covered":0,"skipped":0,"pct":0},"functions":{"total":4,"covered":0,"skipped":0,"pct":0},"statements":{"total":21,"covered":0,"skipped":0,"pct":0},"branches":{"total":37,"covered":0,"skipped":0,"pct":0}}
,"/home/ubuntu/dev/hccg-hsinchu-pass-guardian/src/components/tabs/ApplyTab.tsx": {"lines":{"total":26,"covered":19,"skipped":0,"pct":73.07},"functions":{"total":8,"covered":2,"skipped":0,"pct":25},"statements":{"total":27,"covered":20,"skipped":0,"pct":74.07},"branches":{"total":22,"covered":16,"skipped":0,"pct":72.72}}
,"/home/ubuntu/dev/hccg-hsinchu-pass-guardian/src/components/tabs/FamilyTab.tsx": {"lines":{"total":30,"covered":21,"skipped":0,"pct":70},"functions":{"total":14,"covered":4,"skipped":0,"pct":28.57},"statements":{"total":31,"covered":22,"skipped":0,"pct":70.96},"branches":{"total":25,"covered":24,"skipped":0,"pct":96}}
,"/home/ubuntu/dev/hccg-hsinchu-pass-guardian/src/components/tabs/VolunteerTab.tsx": {"lines":{"total":36,"covered":24,"skipped":0,"pct":66.66},"functions":{"total":16,"covered":4,"skipped":0,"pct":25},"statements":{"total":40,"covered":26,"skipped":0,"pct":65},"branches":{"total":21,"covered":16,"skipped":0,"pct":76.19}}
,"/home/ubuntu/dev/hccg-hsinchu-pass-guardian/src/contexts/AuthContext.tsx": {"lines":{"total":23,"covered":4,"skipped":0,"pct":17.39},"functions":{"total":8,"covered":0,"skipped":0,"pct":0},"statements":{"total":26,"covered":5,"skipped":0,"pct":19.23},"branches":{"total":16,"covered":0,"skipped":0,"pct":0}}
,"/home/ubuntu/dev/hccg-hsinchu-pass-guardian/src/contexts/NavigationContext.tsx": {"lines":{"total":34,"covered":3,"skipped":0,"pct":8.82},"functions":{"total":4,"covered":0,"skipped":0,"pct":0},"statements":{"total":36,"covered":4,"skipped":0,"pct":11.11},"branches":{"total":11,"covered":0,"skipped":0,"pct":0}}
,"/home/ubuntu/dev/hccg-hsinchu-pass-guardian/src/hooks/useApplication.ts": {"lines":{"total":56,"covered":2,"skipped":0,"pct":3.57},"functions":{"total":17,"covered":0,"skipped":0,"pct":0},"statements":{"total":66,"covered":3,"skipped":0,"pct":4.54},"branches":{"total":16,"covered":0,"skipped":0,"pct":0}}
,"/home/ubuntu/dev/hccg-hsinchu-pass-guardian/src/hooks/useAuth.ts": {"lines":{"total":9,"covered":4,"skipped":0,"pct":44.44},"functions":{"total":1,"covered":0,"skipped":0,"pct":0},"statements":{"total":10,"covered":5,"skipped":0,"pct":50},"branches":{"total":3,"covered":0,"skipped":0,"pct":0}}
,"/home/ubuntu/dev/hccg-hsinchu-pass-guardian/src/hooks/useGuardian.ts": {"lines":{"total":77,"covered":2,"skipped":0,"pct":2.59},"functions":{"total":24,"covered":0,"skipped":0,"pct":0},"statements":{"total":92,"covered":3,"skipped":0,"pct":3.26},"branches":{"total":19,"covered":0,"skipped":0,"pct":0}}
,"/home/ubuntu/dev/hccg-hsinchu-pass-guardian/src/hooks/useNavigation.ts": {"lines":{"total":11,"covered":4,"skipped":0,"pct":36.36},"functions":{"total":2,"covered":0,"skipped":0,"pct":0},"statements":{"total":13,"covered":6,"skipped":0,"pct":46.15},"branches":{"total":2,"covered":0,"skipped":0,"pct":0}}
,"/home/ubuntu/dev/hccg-hsinchu-pass-guardian/src/hooks/useVolunteer.ts": {"lines":{"total":42,"covered":2,"skipped":0,"pct":4.76},"functions":{"total":13,"covered":0,"skipped":0,"pct":0},"statements":{"total":49,"covered":3,"skipped":0,"pct":6.12},"branches":{"total":12,"covered":0,"skipped":0,"pct":0}}
,"/home/ubuntu/dev/hccg-hsinchu-pass-guardian/src/mobile/babel.config.js": {"lines":{"total":1,"covered":0,"skipped":0,"pct":0},"functions":{"total":0,"covered":0,"skipped":0,"pct":100},"statements":{"total":1,"covered":0,"skipped":0,"pct":0},"branches":{"total":0,"covered":0,"skipped":0,"pct":100}}
,"/home/ubuntu/dev/hccg-hsinchu-pass-guardian/src/mobile/jest.setup.js": {"lines":{"total":28,"covered":0,"skipped":0,"pct":0},"functions":{"total":27,"covered":0,"skipped":0,"pct":0},"statements":{"total":38,"covered":0,"skipped":0,"pct":0},"branches":{"total":2,"covered":0,"skipped":0,"pct":0}}
,"/home/ubuntu/dev/hccg-hsinchu-pass-guardian/src/mobile/metro.config.js": {"lines":{"total":3,"covered":0,"skipped":0,"pct":0},"functions":{"total":0,"covered":0,"skipped":0,"pct":100},"statements":{"total":3,"covered":0,"skipped":0,"pct":0},"branches":{"total":0,"covered":0,"skipped":0,"pct":100}}
,"/home/ubuntu/dev/hccg-hsinchu-pass-guardian/src/mobile/coverage/lcov-report/block-navigation.js": {"lines":{"total":30,"covered":0,"skipped":0,"pct":0},"functions":{"total":6,"covered":0,"skipped":0,"pct":0},"statements":{"total":30,"covered":0,"skipped":0,"pct":0},"branches":{"total":19,"covered":0,"skipped":0,"pct":0}}
,"/home/ubuntu/dev/hccg-hsinchu-pass-guardian/src/mobile/coverage/lcov-report/prettify.js": {"lines":{"total":1,"covered":0,"skipped":0,"pct":0},"functions":{"total":29,"covered":0,"skipped":0,"pct":0},"statements":{"total":536,"covered":0,"skipped":0,"pct":0},"branches":{"total":286,"covered":0,"skipped":0,"pct":0}}
,"/home/ubuntu/dev/hccg-hsinchu-pass-guardian/src/mobile/coverage/lcov-report/sorter.js": {"lines":{"total":94,"covered":0,"skipped":0,"pct":0},"functions":{"total":19,"covered":0,"skipped":0,"pct":0},"statements":{"total":95,"covered":0,"skipped":0,"pct":0},"branches":{"total":26,"covered":0,"skipped":0,"pct":0}}
,"/home/ubuntu/dev/hccg-hsinchu-pass-guardian/src/mobile/src/services/BLEBackgroundService.js": {"lines":{"total":92,"covered":0,"skipped":0,"pct":0},"functions":{"total":40,"covered":0,"skipped":0,"pct":0},"statements":{"total":92,"covered":0,"skipped":0,"pct":0},"branches":{"total":29,"covered":0,"skipped":0,"pct":0}}
,"/home/ubuntu/dev/hccg-hsinchu-pass-guardian/src/mobile/src/services/MobileGeofenceEngine.js": {"lines":{"total":117,"covered":0,"skipped":0,"pct":0},"functions":{"total":48,"covered":0,"skipped":0,"pct":0},"statements":{"total":122,"covered":0,"skipped":0,"pct":0},"branches":{"total":28,"covered":0,"skipped":0,"pct":0}}
,"/home/ubuntu/dev/hccg-hsinchu-pass-guardian/src/mobile/src/services/MyDataIntegrationService.js": {"lines":{"total":126,"covered":0,"skipped":0,"pct":0},"functions":{"total":50,"covered":0,"skipped":0,"pct":0},"statements":{"total":130,"covered":0,"skipped":0,"pct":0},"branches":{"total":26,"covered":0,"skipped":0,"pct":0}}
,"/home/ubuntu/dev/hccg-hsinchu-pass-guardian/src/mobile/tests/services/BLEBackgroundService.test.js": {"lines":{"total":174,"covered":0,"skipped":0,"pct":0},"functions":{"total":87,"covered":0,"skipped":0,"pct":0},"statements":{"total":174,"covered":0,"skipped":0,"pct":0},"branches":{"total":0,"covered":0,"skipped":0,"pct":100}}
,"/home/ubuntu/dev/hccg-hsinchu-pass-guardian/src/mobile/tests/services/MobileGeofenceEngine.test.js": {"lines":{"total":158,"covered":0,"skipped":0,"pct":0},"functions":{"total":76,"covered":0,"skipped":0,"pct":0},"statements":{"total":160,"covered":0,"skipped":0,"pct":0},"branches":{"total":4,"covered":0,"skipped":0,"pct":0}}
,"/home/ubuntu/dev/hccg-hsinchu-pass-guardian/src/mobile/tests/services/MyDataIntegrationService.test.js": {"lines":{"total":179,"covered":0,"skipped":0,"pct":0},"functions":{"total":82,"covered":0,"skipped":0,"pct":0},"statements":{"total":179,"covered":0,"skipped":0,"pct":0},"branches":{"total":0,"covered":0,"skipped":0,"pct":100}}
,"/home/ubuntu/dev/hccg-hsinchu-pass-guardian/src/pages/GuardianPage.tsx": {"lines":{"total":40,"covered":37,"skipped":0,"pct":92.5},"functions":{"total":7,"covered":6,"skipped":0,"pct":85.71},"statements":{"total":41,"covered":38,"skipped":0,"pct":92.68},"branches":{"total":20,"covered":17,"skipped":0,"pct":85}}
,"/home/ubuntu/dev/hccg-hsinchu-pass-guardian/src/types/index.ts": {"lines":{"total":5,"covered":5,"skipped":0,"pct":100},"functions":{"total":1,"covered":1,"skipped":0,"pct":100},"statements":{"total":5,"covered":5,"skipped":0,"pct":100},"branches":{"total":2,"covered":2,"skipped":0,"pct":100}}
}
