TN:
SF:src/backend/coverage/block-navigation.js
FN:2,init
FN:24,toggleClass
FN:31,makeCurrent
FN:41,goToPrevious
FN:52,goToNext
FN:65,jump
FNF:6
FNH:0
FNDA:0,init
FNDA:0,toggleClass
FNDA:0,makeCurrent
FNDA:0,goToPrevious
FNDA:0,goToNext
FNDA:0,jump
DA:2,0
DA:4,0
DA:7,0
DA:10,0
DA:14,0
DA:20,0
DA:25,0
DA:28,0
DA:32,0
DA:33,0
DA:34,0
DA:42,0
DA:43,0
DA:44,0
DA:45,0
DA:46,0
DA:49,0
DA:53,0
DA:55,0
DA:59,0
DA:62,0
DA:65,0
DA:66,0
DA:71,0
DA:74,0
DA:77,0
DA:78,0
DA:82,0
DA:83,0
DA:87,0
LF:30
LH:0
BRDA:43,0,0,0
BRDA:43,0,1,0
BRDA:43,1,0,0
BRDA:43,1,1,0
BRDA:45,2,0,0
BRDA:45,2,1,0
BRDA:55,3,0,0
BRDA:55,3,1,0
BRDA:56,4,0,0
BRDA:56,4,1,0
BRDA:66,5,0,0
BRDA:66,5,1,0
BRDA:67,6,0,0
BRDA:67,6,1,0
BRDA:74,7,0,0
BRDA:74,7,1,0
BRDA:74,7,2,0
BRDA:74,7,3,0
BRDA:74,7,4,0
BRF:19
BRH:0
end_of_record
TN:
SF:src/backend/coverage/prettify.js
FN:2,(anonymous_0)
FN:2,k
FN:2,ab
FN:2,T
FN:2,X
FN:2,(anonymous_5)
FN:2,W
FN:2,(anonymous_7)
FN:2,a
FN:2,aa
FN:2,B
FN:2,o
FN:2,g
FN:2,(anonymous_13)
FN:2,(anonymous_14)
FN:2,i
FN:2,Q
FN:2,ae
FN:2,ad
FN:2,ai
FN:2,D
FN:2,c
FN:2,q
FN:2,d
FN:2,y
FN:2,b
FN:2,Y
FN:2,(anonymous_27)
FN:2,U
FNF:29
FNH:0
FNDA:0,(anonymous_0)
FNDA:0,k
FNDA:0,ab
FNDA:0,T
FNDA:0,X
FNDA:0,(anonymous_5)
FNDA:0,W
FNDA:0,(anonymous_7)
FNDA:0,a
FNDA:0,aa
FNDA:0,B
FNDA:0,o
FNDA:0,g
FNDA:0,(anonymous_13)
FNDA:0,(anonymous_14)
FNDA:0,i
FNDA:0,Q
FNDA:0,ae
FNDA:0,ad
FNDA:0,ai
FNDA:0,D
FNDA:0,c
FNDA:0,q
FNDA:0,d
FNDA:0,y
FNDA:0,b
FNDA:0,Y
FNDA:0,(anonymous_27)
FNDA:0,U
DA:2,0
LF:1
LH:0
BRDA:2,0,0,0
BRDA:2,0,1,0
BRDA:2,1,0,0
BRDA:2,1,1,0
BRDA:2,2,0,0
BRDA:2,2,1,0
BRDA:2,3,0,0
BRDA:2,3,1,0
BRDA:2,4,0,0
BRDA:2,4,1,0
BRDA:2,5,0,0
BRDA:2,5,1,0
BRDA:2,6,0,0
BRDA:2,6,1,0
BRDA:2,7,0,0
BRDA:2,7,1,0
BRDA:2,8,0,0
BRDA:2,8,1,0
BRDA:2,9,0,0
BRDA:2,9,1,0
BRDA:2,10,0,0
BRDA:2,10,1,0
BRDA:2,11,0,0
BRDA:2,11,1,0
BRDA:2,11,2,0
BRDA:2,11,3,0
BRDA:2,12,0,0
BRDA:2,12,1,0
BRDA:2,13,0,0
BRDA:2,13,1,0
BRDA:2,14,0,0
BRDA:2,14,1,0
BRDA:2,15,0,0
BRDA:2,15,1,0
BRDA:2,16,0,0
BRDA:2,16,1,0
BRDA:2,17,0,0
BRDA:2,17,1,0
BRDA:2,18,0,0
BRDA:2,18,1,0
BRDA:2,19,0,0
BRDA:2,19,1,0
BRDA:2,20,0,0
BRDA:2,20,1,0
BRDA:2,21,0,0
BRDA:2,21,1,0
BRDA:2,22,0,0
BRDA:2,22,1,0
BRDA:2,23,0,0
BRDA:2,23,1,0
BRDA:2,24,0,0
BRDA:2,24,1,0
BRDA:2,25,0,0
BRDA:2,25,1,0
BRDA:2,26,0,0
BRDA:2,26,1,0
BRDA:2,27,0,0
BRDA:2,27,1,0
BRDA:2,28,0,0
BRDA:2,28,1,0
BRDA:2,29,0,0
BRDA:2,29,1,0
BRDA:2,30,0,0
BRDA:2,30,1,0
BRDA:2,31,0,0
BRDA:2,31,1,0
BRDA:2,32,0,0
BRDA:2,32,1,0
BRDA:2,33,0,0
BRDA:2,33,1,0
BRDA:2,34,0,0
BRDA:2,34,1,0
BRDA:2,35,0,0
BRDA:2,35,1,0
BRDA:2,36,0,0
BRDA:2,36,1,0
BRDA:2,37,0,0
BRDA:2,37,1,0
BRDA:2,38,0,0
BRDA:2,38,1,0
BRDA:2,39,0,0
BRDA:2,39,1,0
BRDA:2,40,0,0
BRDA:2,40,1,0
BRDA:2,41,0,0
BRDA:2,41,1,0
BRDA:2,42,0,0
BRDA:2,42,1,0
BRDA:2,43,0,0
BRDA:2,43,1,0
BRDA:2,44,0,0
BRDA:2,44,1,0
BRDA:2,45,0,0
BRDA:2,45,1,0
BRDA:2,46,0,0
BRDA:2,46,1,0
BRDA:2,47,0,0
BRDA:2,47,1,0
BRDA:2,48,0,0
BRDA:2,48,1,0
BRDA:2,49,0,0
BRDA:2,49,1,0
BRDA:2,50,0,0
BRDA:2,50,1,0
BRDA:2,50,2,0
BRDA:2,51,0,0
BRDA:2,51,1,0
BRDA:2,52,0,0
BRDA:2,52,1,0
BRDA:2,53,0,0
BRDA:2,53,1,0
BRDA:2,54,0,0
BRDA:2,54,1,0
BRDA:2,55,0,0
BRDA:2,55,1,0
BRDA:2,56,0,0
BRDA:2,56,1,0
BRDA:2,57,0,0
BRDA:2,57,1,0
BRDA:2,58,0,0
BRDA:2,58,1,0
BRDA:2,59,0,0
BRDA:2,59,1,0
BRDA:2,60,0,0
BRDA:2,60,1,0
BRDA:2,61,0,0
BRDA:2,61,1,0
BRDA:2,62,0,0
BRDA:2,62,1,0
BRDA:2,63,0,0
BRDA:2,63,1,0
BRDA:2,64,0,0
BRDA:2,64,1,0
BRDA:2,65,0,0
BRDA:2,65,1,0
BRDA:2,66,0,0
BRDA:2,66,1,0
BRDA:2,67,0,0
BRDA:2,67,1,0
BRDA:2,68,0,0
BRDA:2,68,1,0
BRDA:2,69,0,0
BRDA:2,69,1,0
BRDA:2,70,0,0
BRDA:2,70,1,0
BRDA:2,71,0,0
BRDA:2,71,1,0
BRDA:2,72,0,0
BRDA:2,72,1,0
BRDA:2,73,0,0
BRDA:2,73,1,0
BRDA:2,74,0,0
BRDA:2,74,1,0
BRDA:2,75,0,0
BRDA:2,75,1,0
BRDA:2,76,0,0
BRDA:2,76,1,0
BRDA:2,77,0,0
BRDA:2,77,1,0
BRDA:2,78,0,0
BRDA:2,78,1,0
BRDA:2,79,0,0
BRDA:2,79,1,0
BRDA:2,80,0,0
BRDA:2,80,1,0
BRDA:2,81,0,0
BRDA:2,81,1,0
BRDA:2,82,0,0
BRDA:2,82,1,0
BRDA:2,83,0,0
BRDA:2,83,1,0
BRDA:2,84,0,0
BRDA:2,84,1,0
BRDA:2,85,0,0
BRDA:2,85,1,0
BRDA:2,86,0,0
BRDA:2,86,1,0
BRDA:2,87,0,0
BRDA:2,87,1,0
BRDA:2,88,0,0
BRDA:2,88,1,0
BRDA:2,89,0,0
BRDA:2,89,1,0
BRDA:2,89,2,0
BRDA:2,90,0,0
BRDA:2,90,1,0
BRDA:2,91,0,0
BRDA:2,91,1,0
BRDA:2,92,0,0
BRDA:2,92,1,0
BRDA:2,93,0,0
BRDA:2,93,1,0
BRDA:2,94,0,0
BRDA:2,94,1,0
BRDA:2,95,0,0
BRDA:2,95,1,0
BRDA:2,96,0,0
BRDA:2,96,1,0
BRDA:2,97,0,0
BRDA:2,97,1,0
BRDA:2,98,0,0
BRDA:2,98,1,0
BRDA:2,99,0,0
BRDA:2,99,1,0
BRDA:2,100,0,0
BRDA:2,100,1,0
BRDA:2,101,0,0
BRDA:2,101,1,0
BRDA:2,102,0,0
BRDA:2,102,1,0
BRDA:2,103,0,0
BRDA:2,103,1,0
BRDA:2,104,0,0
BRDA:2,104,1,0
BRDA:2,105,0,0
BRDA:2,105,1,0
BRDA:2,106,0,0
BRDA:2,106,1,0
BRDA:2,107,0,0
BRDA:2,107,1,0
BRDA:2,108,0,0
BRDA:2,108,1,0
BRDA:2,109,0,0
BRDA:2,109,1,0
BRDA:2,110,0,0
BRDA:2,110,1,0
BRDA:2,111,0,0
BRDA:2,111,1,0
BRDA:2,112,0,0
BRDA:2,112,1,0
BRDA:2,113,0,0
BRDA:2,113,1,0
BRDA:2,114,0,0
BRDA:2,114,1,0
BRDA:2,115,0,0
BRDA:2,115,1,0
BRDA:2,116,0,0
BRDA:2,116,1,0
BRDA:2,117,0,0
BRDA:2,117,1,0
BRDA:2,118,0,0
BRDA:2,118,1,0
BRDA:2,119,0,0
BRDA:2,119,1,0
BRDA:2,120,0,0
BRDA:2,120,1,0
BRDA:2,121,0,0
BRDA:2,121,1,0
BRDA:2,122,0,0
BRDA:2,122,1,0
BRDA:2,123,0,0
BRDA:2,123,1,0
BRDA:2,124,0,0
BRDA:2,124,1,0
BRDA:2,125,0,0
BRDA:2,125,1,0
BRDA:2,126,0,0
BRDA:2,126,1,0
BRDA:2,127,0,0
BRDA:2,127,1,0
BRDA:2,128,0,0
BRDA:2,128,1,0
BRDA:2,128,2,0
BRDA:2,129,0,0
BRDA:2,129,1,0
BRDA:2,130,0,0
BRDA:2,130,1,0
BRDA:2,131,0,0
BRDA:2,131,1,0
BRDA:2,131,2,0
BRDA:2,131,3,0
BRDA:2,131,4,0
BRDA:2,132,0,0
BRDA:2,132,1,0
BRDA:2,133,0,0
BRDA:2,133,1,0
BRDA:2,134,0,0
BRDA:2,134,1,0
BRDA:2,135,0,0
BRDA:2,135,1,0
BRDA:2,136,0,0
BRDA:2,136,1,0
BRDA:2,137,0,0
BRDA:2,137,1,0
BRDA:2,138,0,0
BRDA:2,138,1,0
BRF:286
BRH:0
end_of_record
TN:
SF:src/backend/coverage/sorter.js
FN:2,(anonymous_0)
FN:11,getTable
FN:15,getTableHeader
FN:19,getTableBody
FN:23,getNthColumn
FN:27,onFilterInput
FN:59,addSearchBox
FN:67,loadColumns
FN:92,loadRowData
FN:111,loadData
FN:120,sortByIndex
FN:122,(anonymous_11)
FN:134,(anonymous_12)
FN:151,removeSortIndicators
FN:159,addSortIndicators
FN:165,enableUI
FN:168,ithSorter
FN:171,(anonymous_17)
FN:198,(anonymous_18)
FNF:19
FNH:0
FNDA:0,(anonymous_0)
FNDA:0,getTable
FNDA:0,getTableHeader
FNDA:0,getTableBody
FNDA:0,getNthColumn
FNDA:0,onFilterInput
FNDA:0,addSearchBox
FNDA:0,loadColumns
FNDA:0,loadRowData
FNDA:0,loadData
FNDA:0,sortByIndex
FNDA:0,(anonymous_11)
FNDA:0,(anonymous_12)
FNDA:0,removeSortIndicators
FNDA:0,addSortIndicators
FNDA:0,enableUI
FNDA:0,ithSorter
FNDA:0,(anonymous_17)
FNDA:0,(anonymous_18)
DA:2,0
DA:5,0
DA:12,0
DA:16,0
DA:20,0
DA:24,0
DA:28,0
DA:29,0
DA:34,0
DA:35,0
DA:37,0
DA:40,0
DA:41,0
DA:42,0
DA:44,0
DA:46,0
DA:49,0
DA:54,0
DA:60,0
DA:61,0
DA:62,0
DA:63,0
DA:68,0
DA:70,0
DA:74,0
DA:75,0
DA:76,0
DA:81,0
DA:82,0
DA:83,0
DA:84,0
DA:88,0
DA:93,0
DA:96,0
DA:99,0
DA:100,0
DA:101,0
DA:102,0
DA:103,0
DA:104,0
DA:106,0
DA:108,0
DA:112,0
DA:115,0
DA:116,0
DA:121,0
DA:122,0
DA:123,0
DA:124,0
DA:125,0
DA:127,0
DA:128,0
DA:129,0
DA:130,0
DA:133,0
DA:134,0
DA:135,0
DA:139,0
DA:140,0
DA:141,0
DA:144,0
DA:146,0
DA:147,0
DA:152,0
DA:153,0
DA:155,0
DA:156,0
DA:160,0
DA:168,0
DA:169,0
DA:171,0
DA:172,0
DA:174,0
DA:175,0
DA:177,0
DA:178,0
DA:179,0
DA:180,0
DA:181,0
DA:184,0
DA:185,0
DA:188,0
DA:189,0
DA:190,0
DA:192,0
DA:198,0
DA:199,0
DA:200,0
DA:202,0
DA:203,0
DA:204,0
DA:205,0
DA:206,0
DA:210,0
LF:94
LH:0
BRDA:44,0,0,0
BRDA:44,0,1,0
BRDA:54,1,0,0
BRDA:54,1,1,0
BRDA:79,2,0,0
BRDA:79,2,1,0
BRDA:82,3,0,0
BRDA:82,3,1,0
BRDA:103,4,0,0
BRDA:103,4,1,0
BRDA:125,5,0,0
BRDA:125,5,1,0
BRDA:125,6,0,0
BRDA:125,6,1,0
BRDA:133,7,0,0
BRDA:133,7,1,0
BRDA:160,8,0,0
BRDA:160,8,1,0
BRDA:174,9,0,0
BRDA:174,9,1,0
BRDA:185,10,0,0
BRDA:185,10,1,0
BRDA:189,11,0,0
BRDA:189,11,1,0
BRDA:199,12,0,0
BRDA:199,12,1,0
BRF:26
BRH:0
end_of_record
TN:
SF:src/backend/coverage/lcov-report/block-navigation.js
FN:2,init
FN:24,toggleClass
FN:31,makeCurrent
FN:41,goToPrevious
FN:52,goToNext
FN:65,jump
FNF:6
FNH:0
FNDA:0,init
FNDA:0,toggleClass
FNDA:0,makeCurrent
FNDA:0,goToPrevious
FNDA:0,goToNext
FNDA:0,jump
DA:2,0
DA:4,0
DA:7,0
DA:10,0
DA:14,0
DA:20,0
DA:25,0
DA:28,0
DA:32,0
DA:33,0
DA:34,0
DA:42,0
DA:43,0
DA:44,0
DA:45,0
DA:46,0
DA:49,0
DA:53,0
DA:55,0
DA:59,0
DA:62,0
DA:65,0
DA:66,0
DA:71,0
DA:74,0
DA:77,0
DA:78,0
DA:82,0
DA:83,0
DA:87,0
LF:30
LH:0
BRDA:43,0,0,0
BRDA:43,0,1,0
BRDA:43,1,0,0
BRDA:43,1,1,0
BRDA:45,2,0,0
BRDA:45,2,1,0
BRDA:55,3,0,0
BRDA:55,3,1,0
BRDA:56,4,0,0
BRDA:56,4,1,0
BRDA:66,5,0,0
BRDA:66,5,1,0
BRDA:67,6,0,0
BRDA:67,6,1,0
BRDA:74,7,0,0
BRDA:74,7,1,0
BRDA:74,7,2,0
BRDA:74,7,3,0
BRDA:74,7,4,0
BRF:19
BRH:0
end_of_record
TN:
SF:src/backend/coverage/lcov-report/prettify.js
FN:2,(anonymous_0)
FN:2,k
FN:2,ab
FN:2,T
FN:2,X
FN:2,(anonymous_5)
FN:2,W
FN:2,(anonymous_7)
FN:2,a
FN:2,aa
FN:2,B
FN:2,o
FN:2,g
FN:2,(anonymous_13)
FN:2,(anonymous_14)
FN:2,i
FN:2,Q
FN:2,ae
FN:2,ad
FN:2,ai
FN:2,D
FN:2,c
FN:2,q
FN:2,d
FN:2,y
FN:2,b
FN:2,Y
FN:2,(anonymous_27)
FN:2,U
FNF:29
FNH:0
FNDA:0,(anonymous_0)
FNDA:0,k
FNDA:0,ab
FNDA:0,T
FNDA:0,X
FNDA:0,(anonymous_5)
FNDA:0,W
FNDA:0,(anonymous_7)
FNDA:0,a
FNDA:0,aa
FNDA:0,B
FNDA:0,o
FNDA:0,g
FNDA:0,(anonymous_13)
FNDA:0,(anonymous_14)
FNDA:0,i
FNDA:0,Q
FNDA:0,ae
FNDA:0,ad
FNDA:0,ai
FNDA:0,D
FNDA:0,c
FNDA:0,q
FNDA:0,d
FNDA:0,y
FNDA:0,b
FNDA:0,Y
FNDA:0,(anonymous_27)
FNDA:0,U
DA:2,0
LF:1
LH:0
BRDA:2,0,0,0
BRDA:2,0,1,0
BRDA:2,1,0,0
BRDA:2,1,1,0
BRDA:2,2,0,0
BRDA:2,2,1,0
BRDA:2,3,0,0
BRDA:2,3,1,0
BRDA:2,4,0,0
BRDA:2,4,1,0
BRDA:2,5,0,0
BRDA:2,5,1,0
BRDA:2,6,0,0
BRDA:2,6,1,0
BRDA:2,7,0,0
BRDA:2,7,1,0
BRDA:2,8,0,0
BRDA:2,8,1,0
BRDA:2,9,0,0
BRDA:2,9,1,0
BRDA:2,10,0,0
BRDA:2,10,1,0
BRDA:2,11,0,0
BRDA:2,11,1,0
BRDA:2,11,2,0
BRDA:2,11,3,0
BRDA:2,12,0,0
BRDA:2,12,1,0
BRDA:2,13,0,0
BRDA:2,13,1,0
BRDA:2,14,0,0
BRDA:2,14,1,0
BRDA:2,15,0,0
BRDA:2,15,1,0
BRDA:2,16,0,0
BRDA:2,16,1,0
BRDA:2,17,0,0
BRDA:2,17,1,0
BRDA:2,18,0,0
BRDA:2,18,1,0
BRDA:2,19,0,0
BRDA:2,19,1,0
BRDA:2,20,0,0
BRDA:2,20,1,0
BRDA:2,21,0,0
BRDA:2,21,1,0
BRDA:2,22,0,0
BRDA:2,22,1,0
BRDA:2,23,0,0
BRDA:2,23,1,0
BRDA:2,24,0,0
BRDA:2,24,1,0
BRDA:2,25,0,0
BRDA:2,25,1,0
BRDA:2,26,0,0
BRDA:2,26,1,0
BRDA:2,27,0,0
BRDA:2,27,1,0
BRDA:2,28,0,0
BRDA:2,28,1,0
BRDA:2,29,0,0
BRDA:2,29,1,0
BRDA:2,30,0,0
BRDA:2,30,1,0
BRDA:2,31,0,0
BRDA:2,31,1,0
BRDA:2,32,0,0
BRDA:2,32,1,0
BRDA:2,33,0,0
BRDA:2,33,1,0
BRDA:2,34,0,0
BRDA:2,34,1,0
BRDA:2,35,0,0
BRDA:2,35,1,0
BRDA:2,36,0,0
BRDA:2,36,1,0
BRDA:2,37,0,0
BRDA:2,37,1,0
BRDA:2,38,0,0
BRDA:2,38,1,0
BRDA:2,39,0,0
BRDA:2,39,1,0
BRDA:2,40,0,0
BRDA:2,40,1,0
BRDA:2,41,0,0
BRDA:2,41,1,0
BRDA:2,42,0,0
BRDA:2,42,1,0
BRDA:2,43,0,0
BRDA:2,43,1,0
BRDA:2,44,0,0
BRDA:2,44,1,0
BRDA:2,45,0,0
BRDA:2,45,1,0
BRDA:2,46,0,0
BRDA:2,46,1,0
BRDA:2,47,0,0
BRDA:2,47,1,0
BRDA:2,48,0,0
BRDA:2,48,1,0
BRDA:2,49,0,0
BRDA:2,49,1,0
BRDA:2,50,0,0
BRDA:2,50,1,0
BRDA:2,50,2,0
BRDA:2,51,0,0
BRDA:2,51,1,0
BRDA:2,52,0,0
BRDA:2,52,1,0
BRDA:2,53,0,0
BRDA:2,53,1,0
BRDA:2,54,0,0
BRDA:2,54,1,0
BRDA:2,55,0,0
BRDA:2,55,1,0
BRDA:2,56,0,0
BRDA:2,56,1,0
BRDA:2,57,0,0
BRDA:2,57,1,0
BRDA:2,58,0,0
BRDA:2,58,1,0
BRDA:2,59,0,0
BRDA:2,59,1,0
BRDA:2,60,0,0
BRDA:2,60,1,0
BRDA:2,61,0,0
BRDA:2,61,1,0
BRDA:2,62,0,0
BRDA:2,62,1,0
BRDA:2,63,0,0
BRDA:2,63,1,0
BRDA:2,64,0,0
BRDA:2,64,1,0
BRDA:2,65,0,0
BRDA:2,65,1,0
BRDA:2,66,0,0
BRDA:2,66,1,0
BRDA:2,67,0,0
BRDA:2,67,1,0
BRDA:2,68,0,0
BRDA:2,68,1,0
BRDA:2,69,0,0
BRDA:2,69,1,0
BRDA:2,70,0,0
BRDA:2,70,1,0
BRDA:2,71,0,0
BRDA:2,71,1,0
BRDA:2,72,0,0
BRDA:2,72,1,0
BRDA:2,73,0,0
BRDA:2,73,1,0
BRDA:2,74,0,0
BRDA:2,74,1,0
BRDA:2,75,0,0
BRDA:2,75,1,0
BRDA:2,76,0,0
BRDA:2,76,1,0
BRDA:2,77,0,0
BRDA:2,77,1,0
BRDA:2,78,0,0
BRDA:2,78,1,0
BRDA:2,79,0,0
BRDA:2,79,1,0
BRDA:2,80,0,0
BRDA:2,80,1,0
BRDA:2,81,0,0
BRDA:2,81,1,0
BRDA:2,82,0,0
BRDA:2,82,1,0
BRDA:2,83,0,0
BRDA:2,83,1,0
BRDA:2,84,0,0
BRDA:2,84,1,0
BRDA:2,85,0,0
BRDA:2,85,1,0
BRDA:2,86,0,0
BRDA:2,86,1,0
BRDA:2,87,0,0
BRDA:2,87,1,0
BRDA:2,88,0,0
BRDA:2,88,1,0
BRDA:2,89,0,0
BRDA:2,89,1,0
BRDA:2,89,2,0
BRDA:2,90,0,0
BRDA:2,90,1,0
BRDA:2,91,0,0
BRDA:2,91,1,0
BRDA:2,92,0,0
BRDA:2,92,1,0
BRDA:2,93,0,0
BRDA:2,93,1,0
BRDA:2,94,0,0
BRDA:2,94,1,0
BRDA:2,95,0,0
BRDA:2,95,1,0
BRDA:2,96,0,0
BRDA:2,96,1,0
BRDA:2,97,0,0
BRDA:2,97,1,0
BRDA:2,98,0,0
BRDA:2,98,1,0
BRDA:2,99,0,0
BRDA:2,99,1,0
BRDA:2,100,0,0
BRDA:2,100,1,0
BRDA:2,101,0,0
BRDA:2,101,1,0
BRDA:2,102,0,0
BRDA:2,102,1,0
BRDA:2,103,0,0
BRDA:2,103,1,0
BRDA:2,104,0,0
BRDA:2,104,1,0
BRDA:2,105,0,0
BRDA:2,105,1,0
BRDA:2,106,0,0
BRDA:2,106,1,0
BRDA:2,107,0,0
BRDA:2,107,1,0
BRDA:2,108,0,0
BRDA:2,108,1,0
BRDA:2,109,0,0
BRDA:2,109,1,0
BRDA:2,110,0,0
BRDA:2,110,1,0
BRDA:2,111,0,0
BRDA:2,111,1,0
BRDA:2,112,0,0
BRDA:2,112,1,0
BRDA:2,113,0,0
BRDA:2,113,1,0
BRDA:2,114,0,0
BRDA:2,114,1,0
BRDA:2,115,0,0
BRDA:2,115,1,0
BRDA:2,116,0,0
BRDA:2,116,1,0
BRDA:2,117,0,0
BRDA:2,117,1,0
BRDA:2,118,0,0
BRDA:2,118,1,0
BRDA:2,119,0,0
BRDA:2,119,1,0
BRDA:2,120,0,0
BRDA:2,120,1,0
BRDA:2,121,0,0
BRDA:2,121,1,0
BRDA:2,122,0,0
BRDA:2,122,1,0
BRDA:2,123,0,0
BRDA:2,123,1,0
BRDA:2,124,0,0
BRDA:2,124,1,0
BRDA:2,125,0,0
BRDA:2,125,1,0
BRDA:2,126,0,0
BRDA:2,126,1,0
BRDA:2,127,0,0
BRDA:2,127,1,0
BRDA:2,128,0,0
BRDA:2,128,1,0
BRDA:2,128,2,0
BRDA:2,129,0,0
BRDA:2,129,1,0
BRDA:2,130,0,0
BRDA:2,130,1,0
BRDA:2,131,0,0
BRDA:2,131,1,0
BRDA:2,131,2,0
BRDA:2,131,3,0
BRDA:2,131,4,0
BRDA:2,132,0,0
BRDA:2,132,1,0
BRDA:2,133,0,0
BRDA:2,133,1,0
BRDA:2,134,0,0
BRDA:2,134,1,0
BRDA:2,135,0,0
BRDA:2,135,1,0
BRDA:2,136,0,0
BRDA:2,136,1,0
BRDA:2,137,0,0
BRDA:2,137,1,0
BRDA:2,138,0,0
BRDA:2,138,1,0
BRF:286
BRH:0
end_of_record
TN:
SF:src/backend/coverage/lcov-report/sorter.js
FN:2,(anonymous_0)
FN:11,getTable
FN:15,getTableHeader
FN:19,getTableBody
FN:23,getNthColumn
FN:27,onFilterInput
FN:59,addSearchBox
FN:67,loadColumns
FN:92,loadRowData
FN:111,loadData
FN:120,sortByIndex
FN:122,(anonymous_11)
FN:134,(anonymous_12)
FN:151,removeSortIndicators
FN:159,addSortIndicators
FN:165,enableUI
FN:168,ithSorter
FN:171,(anonymous_17)
FN:198,(anonymous_18)
FNF:19
FNH:0
FNDA:0,(anonymous_0)
FNDA:0,getTable
FNDA:0,getTableHeader
FNDA:0,getTableBody
FNDA:0,getNthColumn
FNDA:0,onFilterInput
FNDA:0,addSearchBox
FNDA:0,loadColumns
FNDA:0,loadRowData
FNDA:0,loadData
FNDA:0,sortByIndex
FNDA:0,(anonymous_11)
FNDA:0,(anonymous_12)
FNDA:0,removeSortIndicators
FNDA:0,addSortIndicators
FNDA:0,enableUI
FNDA:0,ithSorter
FNDA:0,(anonymous_17)
FNDA:0,(anonymous_18)
DA:2,0
DA:5,0
DA:12,0
DA:16,0
DA:20,0
DA:24,0
DA:28,0
DA:29,0
DA:34,0
DA:35,0
DA:37,0
DA:40,0
DA:41,0
DA:42,0
DA:44,0
DA:46,0
DA:49,0
DA:54,0
DA:60,0
DA:61,0
DA:62,0
DA:63,0
DA:68,0
DA:70,0
DA:74,0
DA:75,0
DA:76,0
DA:81,0
DA:82,0
DA:83,0
DA:84,0
DA:88,0
DA:93,0
DA:96,0
DA:99,0
DA:100,0
DA:101,0
DA:102,0
DA:103,0
DA:104,0
DA:106,0
DA:108,0
DA:112,0
DA:115,0
DA:116,0
DA:121,0
DA:122,0
DA:123,0
DA:124,0
DA:125,0
DA:127,0
DA:128,0
DA:129,0
DA:130,0
DA:133,0
DA:134,0
DA:135,0
DA:139,0
DA:140,0
DA:141,0
DA:144,0
DA:146,0
DA:147,0
DA:152,0
DA:153,0
DA:155,0
DA:156,0
DA:160,0
DA:168,0
DA:169,0
DA:171,0
DA:172,0
DA:174,0
DA:175,0
DA:177,0
DA:178,0
DA:179,0
DA:180,0
DA:181,0
DA:184,0
DA:185,0
DA:188,0
DA:189,0
DA:190,0
DA:192,0
DA:198,0
DA:199,0
DA:200,0
DA:202,0
DA:203,0
DA:204,0
DA:205,0
DA:206,0
DA:210,0
LF:94
LH:0
BRDA:44,0,0,0
BRDA:44,0,1,0
BRDA:54,1,0,0
BRDA:54,1,1,0
BRDA:79,2,0,0
BRDA:79,2,1,0
BRDA:82,3,0,0
BRDA:82,3,1,0
BRDA:103,4,0,0
BRDA:103,4,1,0
BRDA:125,5,0,0
BRDA:125,5,1,0
BRDA:125,6,0,0
BRDA:125,6,1,0
BRDA:133,7,0,0
BRDA:133,7,1,0
BRDA:160,8,0,0
BRDA:160,8,1,0
BRDA:174,9,0,0
BRDA:174,9,1,0
BRDA:185,10,0,0
BRDA:185,10,1,0
BRDA:189,11,0,0
BRDA:189,11,1,0
BRDA:199,12,0,0
BRDA:199,12,1,0
BRF:26
BRH:0
end_of_record
TN:
SF:src/backend/examples/service-usage-example.js
FN:17,demonstrateServiceUsage
FN:106,(anonymous_1)
FN:191,(anonymous_2)
FNF:3
FNH:0
FNDA:0,demonstrateServiceUsage
FNDA:0,(anonymous_1)
FNDA:0,(anonymous_2)
DA:6,0
DA:9,0
DA:18,0
DA:20,0
DA:22,0
DA:23,0
DA:24,0
DA:27,0
DA:28,0
DA:29,0
DA:30,0
DA:31,0
DA:34,0
DA:35,0
DA:47,0
DA:50,0
DA:51,0
DA:66,0
DA:69,0
DA:70,0
DA:96,0
DA:99,0
DA:100,0
DA:106,0
DA:109,0
DA:110,0
DA:111,0
DA:114,0
DA:115,0
DA:116,0
DA:124,0
DA:127,0
DA:128,0
DA:132,0
DA:136,0
DA:137,0
DA:149,0
DA:152,0
DA:153,0
DA:165,0
DA:168,0
DA:169,0
DA:181,0
DA:184,0
DA:185,0
DA:186,0
DA:191,0
DA:192,0
DA:196,0
DA:197,0
DA:198,0
DA:201,0
DA:202,0
DA:204,0
DA:209,0
DA:212,0
DA:213,0
DA:216,0
DA:219,0
DA:222,0
DA:223,0
DA:224,0
DA:229,0
DA:230,0
DA:233,0
LF:65
LH:0
BRDA:114,0,0,0
BRDA:114,0,1,0
BRDA:202,1,0,0
BRDA:202,1,1,0
BRDA:229,2,0,0
BRDA:229,2,1,0
BRF:6
BRH:0
end_of_record
TN:
SF:src/backend/services/AnonymizationService.js
FN:17,(anonymous_0)
FN:27,(anonymous_1)
FN:39,(anonymous_2)
FN:54,(anonymous_3)
FN:77,(anonymous_4)
FN:94,(anonymous_5)
FN:121,(anonymous_6)
FN:141,(anonymous_7)
FN:155,(anonymous_8)
FN:165,(anonymous_9)
FN:182,(anonymous_10)
FN:187,(anonymous_11)
FN:191,(anonymous_12)
FN:202,(anonymous_13)
FN:219,(anonymous_14)
FN:221,(anonymous_15)
FN:232,(anonymous_16)
FN:234,(anonymous_17)
FN:248,(anonymous_18)
FN:254,(anonymous_19)
FN:262,(anonymous_20)
FN:268,(anonymous_21)
FN:272,(anonymous_22)
FN:276,(anonymous_23)
FN:280,(anonymous_24)
FN:286,(anonymous_25)
FN:290,(anonymous_26)
FNF:27
FNH:0
FNDA:0,(anonymous_0)
FNDA:0,(anonymous_1)
FNDA:0,(anonymous_2)
FNDA:0,(anonymous_3)
FNDA:0,(anonymous_4)
FNDA:0,(anonymous_5)
FNDA:0,(anonymous_6)
FNDA:0,(anonymous_7)
FNDA:0,(anonymous_8)
FNDA:0,(anonymous_9)
FNDA:0,(anonymous_10)
FNDA:0,(anonymous_11)
FNDA:0,(anonymous_12)
FNDA:0,(anonymous_13)
FNDA:0,(anonymous_14)
FNDA:0,(anonymous_15)
FNDA:0,(anonymous_16)
FNDA:0,(anonymous_17)
FNDA:0,(anonymous_18)
FNDA:0,(anonymous_19)
FNDA:0,(anonymous_20)
FNDA:0,(anonymous_21)
FNDA:0,(anonymous_22)
FNDA:0,(anonymous_23)
FNDA:0,(anonymous_24)
FNDA:0,(anonymous_25)
FNDA:0,(anonymous_26)
DA:14,0
DA:18,0
DA:19,0
DA:20,0
DA:21,0
DA:23,0
DA:24,0
DA:28,0
DA:30,0
DA:32,0
DA:33,0
DA:35,0
DA:40,0
DA:41,0
DA:44,0
DA:45,0
DA:49,0
DA:50,0
DA:51,0
DA:56,0
DA:58,0
DA:67,0
DA:68,0
DA:69,0
DA:70,0
DA:71,0
DA:72,0
DA:74,0
DA:79,0
DA:87,0
DA:88,0
DA:89,0
DA:91,0
DA:95,0
DA:96,0
DA:100,0
DA:102,0
DA:105,0
DA:106,0
DA:115,0
DA:116,0
DA:118,0
DA:122,0
DA:123,0
DA:126,0
DA:127,0
DA:128,0
DA:131,0
DA:132,0
DA:134,0
DA:135,0
DA:136,0
DA:138,0
DA:142,0
DA:144,0
DA:145,0
DA:148,0
DA:149,0
DA:152,0
DA:156,0
DA:157,0
DA:159,0
DA:160,0
DA:162,0
DA:166,0
DA:167,0
DA:169,0
DA:171,0
DA:173,0
DA:174,0
DA:177,0
DA:178,0
DA:184,0
DA:188,0
DA:193,0
DA:204,0
DA:206,0
DA:207,0
DA:208,0
DA:209,0
DA:210,0
DA:211,0
DA:212,0
DA:213,0
DA:214,0
DA:216,0
DA:220,0
DA:221,0
DA:223,0
DA:233,0
DA:234,0
DA:236,0
DA:237,0
DA:240,0
DA:249,0
DA:250,0
DA:251,0
DA:255,0
DA:256,0
DA:263,0
DA:264,0
DA:265,0
DA:269,0
DA:273,0
DA:277,0
DA:282,0
DA:287,0
DA:291,0
DA:292,0
DA:297,0
LF:110
LH:0
BRDA:18,0,0,0
BRDA:18,0,1,0
BRDA:30,1,0,0
BRDA:30,1,1,0
BRDA:40,2,0,0
BRDA:40,2,1,0
BRDA:40,3,0,0
BRDA:40,3,1,0
BRDA:44,4,0,0
BRDA:44,4,1,0
BRDA:60,5,0,0
BRDA:60,5,1,0
BRDA:61,6,0,0
BRDA:61,6,1,0
BRDA:63,7,0,0
BRDA:63,7,1,0
BRDA:83,8,0,0
BRDA:83,8,1,0
BRDA:95,9,0,0
BRDA:95,9,1,0
BRDA:95,10,0,0
BRDA:95,10,1,0
BRDA:95,10,2,0
BRDA:100,11,0,0
BRDA:100,11,1,0
BRDA:100,12,0,0
BRDA:100,12,1,0
BRDA:100,12,2,0
BRDA:100,12,3,0
BRDA:105,13,0,0
BRDA:105,13,1,0
BRDA:105,14,0,0
BRDA:105,14,1,0
BRDA:122,15,0,0
BRDA:122,15,1,0
BRDA:122,16,0,0
BRDA:122,16,1,0
BRDA:127,17,0,0
BRDA:127,17,1,0
BRDA:142,18,0,0
BRDA:142,18,1,0
BRDA:144,19,0,0
BRDA:144,19,1,0
BRDA:148,20,0,0
BRDA:148,20,1,0
BRDA:148,21,0,0
BRDA:148,21,1,0
BRDA:157,22,0,0
BRDA:157,22,1,0
BRDA:167,23,0,0
BRDA:167,23,1,0
BRDA:171,24,0,0
BRDA:171,24,1,0
BRDA:196,25,0,0
BRDA:196,25,1,0
BRDA:198,26,0,0
BRDA:198,26,1,0
BRDA:236,27,0,0
BRDA:236,27,1,0
BRDA:249,28,0,0
BRDA:249,28,1,0
BRDA:249,29,0,0
BRDA:249,29,1,0
BRDA:255,30,0,0
BRDA:255,30,1,0
BRDA:256,31,0,0
BRDA:256,31,1,0
BRDA:256,31,2,0
BRDA:256,31,3,0
BRDA:256,31,4,0
BRDA:256,31,5,0
BRDA:263,32,0,0
BRDA:263,32,1,0
BRDA:263,33,0,0
BRDA:263,33,1,0
BRF:75
BRH:0
end_of_record
TN:
SF:src/backend/services/AuditService-enhanced.js
FN:9,(anonymous_0)
FN:11,(anonymous_1)
FN:12,(anonymous_2)
FN:13,(anonymous_3)
FN:25,(anonymous_4)
FN:43,(anonymous_5)
FN:67,(anonymous_6)
FN:81,(anonymous_7)
FN:106,(anonymous_8)
FN:124,(anonymous_9)
FN:141,(anonymous_10)
FN:155,(anonymous_11)
FN:160,(anonymous_12)
FN:164,(anonymous_13)
FN:170,(anonymous_14)
FN:174,(anonymous_15)
FN:183,(anonymous_16)
FN:187,(anonymous_17)
FN:200,(anonymous_18)
FN:245,(anonymous_19)
FN:256,(anonymous_20)
FN:274,(anonymous_21)
FN:287,(anonymous_22)
FN:291,(anonymous_23)
FN:305,(anonymous_24)
FNF:25
FNH:8
FNDA:9,(anonymous_0)
FNDA:0,(anonymous_1)
FNDA:0,(anonymous_2)
FNDA:0,(anonymous_3)
FNDA:18,(anonymous_4)
FNDA:18,(anonymous_5)
FNDA:0,(anonymous_6)
FNDA:3,(anonymous_7)
FNDA:0,(anonymous_8)
FNDA:0,(anonymous_9)
FNDA:0,(anonymous_10)
FNDA:0,(anonymous_11)
FNDA:0,(anonymous_12)
FNDA:0,(anonymous_13)
FNDA:0,(anonymous_14)
FNDA:0,(anonymous_15)
FNDA:0,(anonymous_16)
FNDA:0,(anonymous_17)
FNDA:0,(anonymous_18)
FNDA:0,(anonymous_19)
FNDA:39,(anonymous_20)
FNDA:39,(anonymous_21)
FNDA:21,(anonymous_22)
FNDA:39,(anonymous_23)
FNDA:0,(anonymous_24)
DA:6,9
DA:10,9
DA:11,0
DA:15,9
DA:16,9
DA:17,9
DA:18,9
DA:21,9
DA:22,9
DA:26,18
DA:39,18
DA:40,18
DA:44,18
DA:63,18
DA:64,18
DA:68,0
DA:77,0
DA:78,0
DA:82,3
DA:102,3
DA:103,3
DA:107,0
DA:120,0
DA:121,0
DA:125,0
DA:137,0
DA:138,0
DA:142,0
DA:151,0
DA:152,0
DA:157,0
DA:159,0
DA:160,0
DA:163,0
DA:164,0
DA:165,0
DA:169,0
DA:170,0
DA:173,0
DA:174,0
DA:175,0
DA:180,0
DA:184,0
DA:189,0
DA:190,0
DA:192,0
DA:201,0
DA:202,0
DA:211,0
DA:212,0
DA:215,0
DA:216,0
DA:217,0
DA:219,0
DA:220,0
DA:221,0
DA:226,0
DA:227,0
DA:228,0
DA:229,0
DA:230,0
DA:231,0
DA:236,0
DA:246,0
DA:247,0
DA:249,0
DA:258,39
DA:259,39
DA:260,39
DA:263,39
DA:264,39
DA:267,39
DA:268,0
DA:271,39
DA:275,39
DA:277,39
DA:278,39
DA:281,0
DA:282,0
DA:283,0
DA:288,21
DA:292,39
DA:300,39
DA:307,0
DA:308,0
DA:312,9
LF:86
LH:31
BRDA:9,0,0,0
BRDA:10,1,0,9
BRDA:10,1,1,0
BRDA:31,2,0,18
BRDA:31,2,1,18
BRDA:46,3,0,18
BRDA:46,3,1,18
BRDA:49,4,0,18
BRDA:49,4,1,0
BRDA:51,5,0,18
BRDA:51,5,1,0
BRDA:58,6,0,18
BRDA:58,6,1,18
BRDA:59,7,0,18
BRDA:59,7,1,18
BRDA:60,8,0,18
BRDA:60,8,1,18
BRDA:94,9,0,3
BRDA:94,9,1,3
BRDA:95,10,0,3
BRDA:95,10,1,3
BRDA:115,11,0,0
BRDA:115,11,1,0
BRDA:132,12,0,0
BRDA:132,12,1,0
BRDA:145,13,0,0
BRDA:145,13,1,0
BRDA:155,14,0,0
BRDA:159,15,0,0
BRDA:159,15,1,0
BRDA:163,16,0,0
BRDA:163,16,1,0
BRDA:165,17,0,0
BRDA:165,17,1,0
BRDA:169,18,0,0
BRDA:169,18,1,0
BRDA:173,19,0,0
BRDA:173,19,1,0
BRDA:175,20,0,0
BRDA:175,20,1,0
BRDA:180,21,0,0
BRDA:180,21,1,0
BRDA:183,22,0,0
BRDA:196,23,0,0
BRDA:196,23,1,0
BRDA:201,24,0,0
BRDA:201,24,1,0
BRDA:201,25,0,0
BRDA:201,25,1,0
BRDA:219,26,0,0
BRDA:219,26,1,0
BRDA:227,27,0,0
BRDA:227,27,1,0
BRDA:229,28,0,0
BRDA:229,28,1,0
BRDA:237,29,0,0
BRDA:237,29,1,0
BRDA:267,30,0,0
BRDA:267,30,1,39
BRDA:267,31,0,39
BRDA:267,31,1,0
BRDA:274,32,0,0
BRDA:275,33,0,39
BRDA:275,33,1,0
BRDA:275,34,0,39
BRDA:275,34,1,39
BRDA:275,34,2,21
BRDA:275,34,3,3
BRDA:283,35,0,0
BRDA:283,35,1,0
BRDA:294,36,0,39
BRDA:294,36,1,18
BRDA:297,37,0,39
BRDA:297,37,1,39
BRF:74
BRH:28
end_of_record
TN:
SF:src/backend/services/AuditService.js
FN:11,(anonymous_0)
FN:40,(anonymous_1)
FN:74,(anonymous_2)
FN:104,(anonymous_3)
FN:112,(anonymous_4)
FN:133,(anonymous_5)
FN:147,(anonymous_6)
FN:158,(anonymous_7)
FN:172,(anonymous_8)
FN:187,(anonymous_9)
FN:200,(anonymous_10)
FN:214,(anonymous_11)
FN:229,(anonymous_12)
FN:245,(anonymous_13)
FN:259,(anonymous_14)
FN:275,(anonymous_15)
FN:294,(anonymous_16)
FN:308,(anonymous_17)
FN:324,(anonymous_18)
FN:338,(anonymous_19)
FN:353,(anonymous_20)
FN:383,(anonymous_21)
FN:386,(anonymous_22)
FN:393,(anonymous_23)
FN:420,(anonymous_24)
FN:438,(anonymous_25)
FN:467,(anonymous_26)
FN:486,(anonymous_27)
FN:500,(anonymous_28)
FN:511,(anonymous_29)
FN:526,(anonymous_30)
FN:543,(anonymous_31)
FN:561,(anonymous_32)
FN:598,(anonymous_33)
FN:643,(anonymous_34)
FN:667,(anonymous_35)
FN:678,(anonymous_36)
FN:689,(anonymous_37)
FN:701,(anonymous_38)
FN:723,(anonymous_39)
FN:737,(anonymous_40)
FN:754,(anonymous_41)
FN:786,(anonymous_42)
FN:794,(anonymous_43)
FN:803,(anonymous_44)
FN:808,(anonymous_45)
FN:851,(anonymous_46)
FN:852,(anonymous_47)
FN:924,(anonymous_48)
FN:966,(anonymous_49)
FN:987,(anonymous_50)
FN:997,(anonymous_51)
FN:1007,(anonymous_52)
FN:1017,(anonymous_53)
FN:1028,(anonymous_54)
FNF:55
FNH:3
FNDA:2,(anonymous_0)
FNDA:0,(anonymous_1)
FNDA:0,(anonymous_2)
FNDA:0,(anonymous_3)
FNDA:0,(anonymous_4)
FNDA:0,(anonymous_5)
FNDA:0,(anonymous_6)
FNDA:0,(anonymous_7)
FNDA:0,(anonymous_8)
FNDA:0,(anonymous_9)
FNDA:0,(anonymous_10)
FNDA:0,(anonymous_11)
FNDA:0,(anonymous_12)
FNDA:0,(anonymous_13)
FNDA:0,(anonymous_14)
FNDA:0,(anonymous_15)
FNDA:0,(anonymous_16)
FNDA:0,(anonymous_17)
FNDA:0,(anonymous_18)
FNDA:0,(anonymous_19)
FNDA:0,(anonymous_20)
FNDA:0,(anonymous_21)
FNDA:0,(anonymous_22)
FNDA:0,(anonymous_23)
FNDA:0,(anonymous_24)
FNDA:0,(anonymous_25)
FNDA:0,(anonymous_26)
FNDA:0,(anonymous_27)
FNDA:0,(anonymous_28)
FNDA:0,(anonymous_29)
FNDA:0,(anonymous_30)
FNDA:0,(anonymous_31)
FNDA:0,(anonymous_32)
FNDA:0,(anonymous_33)
FNDA:0,(anonymous_34)
FNDA:0,(anonymous_35)
FNDA:0,(anonymous_36)
FNDA:0,(anonymous_37)
FNDA:0,(anonymous_38)
FNDA:0,(anonymous_39)
FNDA:0,(anonymous_40)
FNDA:0,(anonymous_41)
FNDA:0,(anonymous_42)
FNDA:0,(anonymous_43)
FNDA:0,(anonymous_44)
FNDA:0,(anonymous_45)
FNDA:0,(anonymous_46)
FNDA:0,(anonymous_47)
FNDA:2,(anonymous_48)
FNDA:0,(anonymous_49)
FNDA:0,(anonymous_50)
FNDA:0,(anonymous_51)
FNDA:0,(anonymous_52)
FNDA:0,(anonymous_53)
FNDA:2,(anonymous_54)
DA:12,2
DA:13,2
DA:14,2
DA:15,2
DA:17,2
DA:28,2
DA:36,2
DA:37,2
DA:42,0
DA:61,0
DA:62,0
DA:65,0
DA:66,0
DA:69,0
DA:71,0
DA:76,0
DA:77,0
DA:82,0
DA:97,0
DA:100,0
DA:101,0
DA:105,0
DA:106,0
DA:108,0
DA:109,0
DA:114,0
DA:121,0
DA:123,0
DA:124,0
DA:128,0
DA:129,0
DA:134,0
DA:148,0
DA:159,0
DA:173,0
DA:188,0
DA:201,0
DA:215,0
DA:230,0
DA:246,0
DA:260,0
DA:276,0
DA:295,0
DA:309,0
DA:325,0
DA:339,0
DA:354,0
DA:356,0
DA:378,0
DA:380,0
DA:385,0
DA:387,0
DA:388,0
DA:389,0
DA:390,0
DA:391,0
DA:393,0
DA:395,0
DA:396,0
DA:400,0
DA:407,0
DA:409,0
DA:421,0
DA:423,0
DA:440,0
DA:445,0
DA:447,0
DA:459,0
DA:460,0
DA:461,0
DA:462,0
DA:464,0
DA:468,0
DA:470,0
DA:487,0
DA:501,0
DA:512,0
DA:527,0
DA:544,0
DA:563,0
DA:568,0
DA:570,0
DA:589,0
DA:590,0
DA:591,0
DA:592,0
DA:594,0
DA:599,0
DA:600,0
DA:601,0
DA:603,0
DA:604,0
DA:605,0
DA:608,0
DA:609,0
DA:610,0
DA:613,0
DA:614,0
DA:615,0
DA:618,0
DA:619,0
DA:620,0
DA:623,0
DA:624,0
DA:625,0
DA:628,0
DA:630,0
DA:631,0
DA:633,0
DA:634,0
DA:636,0
DA:637,0
DA:640,0
DA:644,0
DA:645,0
DA:647,0
DA:649,0
DA:658,0
DA:668,0
DA:675,0
DA:680,0
DA:691,0
DA:692,0
DA:695,0
DA:702,0
DA:703,0
DA:704,0
DA:706,0
DA:707,0
DA:711,0
DA:716,0
DA:719,0
DA:724,0
DA:725,0
DA:733,0
DA:734,0
DA:738,0
DA:739,0
DA:749,0
DA:750,0
DA:755,0
DA:756,0
DA:758,0
DA:759,0
DA:760,0
DA:761,0
DA:765,0
DA:770,0
DA:771,0
DA:772,0
DA:775,0
DA:778,0
DA:787,0
DA:788,0
DA:789,0
DA:791,0
DA:795,0
DA:796,0
DA:804,0
DA:805,0
DA:808,0
DA:809,0
DA:810,0
DA:811,0
DA:812,0
DA:813,0
DA:816,0
DA:818,0
DA:821,0
DA:824,0
DA:832,0
DA:834,0
DA:837,0
DA:845,0
DA:848,0
DA:852,0
DA:853,0
DA:854,0
DA:855,0
DA:856,0
DA:857,0
DA:858,0
DA:859,0
DA:862,0
DA:864,0
DA:918,0
DA:921,0
DA:925,2
DA:926,0
DA:935,2
DA:936,2
DA:939,2
DA:940,2
DA:943,2
DA:944,0
DA:945,0
DA:949,0
DA:950,0
DA:951,0
DA:952,0
DA:957,0
DA:968,0
DA:976,0
DA:978,0
DA:988,0
DA:998,0
DA:1008,0
DA:1018,0
DA:1029,2
DA:1030,2
DA:1034,9
LF:211
LH:17
BRDA:45,0,0,0
BRDA:45,0,1,0
BRDA:46,1,0,0
BRDA:46,1,1,0
BRDA:50,2,0,0
BRDA:50,2,1,0
BRDA:54,3,0,0
BRDA:54,3,1,0
BRDA:76,4,0,0
BRDA:76,4,1,0
BRDA:106,5,0,0
BRDA:106,5,1,0
BRDA:115,6,0,0
BRDA:115,6,1,0
BRDA:123,7,0,0
BRDA:123,7,1,0
BRDA:123,8,0,0
BRDA:123,8,1,0
BRDA:175,9,0,0
BRDA:175,9,1,0
BRDA:179,10,0,0
BRDA:179,10,1,0
BRDA:354,11,0,0
BRDA:354,11,1,0
BRDA:360,12,0,0
BRDA:360,12,1,0
BRDA:362,13,0,0
BRDA:362,13,1,0
BRDA:364,14,0,0
BRDA:364,14,1,0
BRDA:370,15,0,0
BRDA:370,15,1,0
BRDA:388,16,0,0
BRDA:388,16,1,0
BRDA:388,17,0,0
BRDA:388,17,1,0
BRDA:389,18,0,0
BRDA:389,18,1,0
BRDA:389,19,0,0
BRDA:389,19,1,0
BRDA:390,20,0,0
BRDA:390,20,1,0
BRDA:390,21,0,0
BRDA:390,21,1,0
BRDA:395,22,0,0
BRDA:395,22,1,0
BRDA:407,23,0,0
BRDA:407,23,1,0
BRDA:426,24,0,0
BRDA:426,24,1,0
BRDA:427,25,0,0
BRDA:427,25,1,0
BRDA:442,26,0,0
BRDA:442,26,1,0
BRDA:442,26,2,0
BRDA:451,27,0,0
BRDA:451,27,1,0
BRDA:459,28,0,0
BRDA:459,28,1,0
BRDA:461,29,0,0
BRDA:461,29,1,0
BRDA:472,30,0,0
BRDA:472,30,1,0
BRDA:503,31,0,0
BRDA:503,31,1,0
BRDA:565,32,0,0
BRDA:565,32,1,0
BRDA:565,32,2,0
BRDA:573,33,0,0
BRDA:573,33,1,0
BRDA:574,34,0,0
BRDA:574,34,1,0
BRDA:577,35,0,0
BRDA:577,35,1,0
BRDA:580,36,0,0
BRDA:580,36,1,0
BRDA:589,37,0,0
BRDA:589,37,1,0
BRDA:591,38,0,0
BRDA:591,38,1,0
BRDA:598,39,0,0
BRDA:598,40,0,0
BRDA:598,41,0,0
BRDA:599,42,0,0
BRDA:599,42,1,0
BRDA:603,43,0,0
BRDA:603,43,1,0
BRDA:608,44,0,0
BRDA:608,44,1,0
BRDA:613,45,0,0
BRDA:613,45,1,0
BRDA:618,46,0,0
BRDA:618,46,1,0
BRDA:623,47,0,0
BRDA:623,47,1,0
BRDA:637,48,0,0
BRDA:637,48,1,0
BRDA:643,49,0,0
BRDA:689,50,0,0
BRDA:706,51,0,0
BRDA:706,51,1,0
BRDA:711,52,0,0
BRDA:711,52,1,0
BRDA:711,53,0,0
BRDA:711,53,1,0
BRDA:711,53,2,0
BRDA:711,53,3,0
BRDA:711,53,4,0
BRDA:759,54,0,0
BRDA:759,54,1,0
BRDA:759,55,0,0
BRDA:759,55,1,0
BRDA:770,56,0,0
BRDA:770,56,1,0
BRDA:809,57,0,0
BRDA:809,57,1,0
BRDA:809,58,0,0
BRDA:809,58,1,0
BRDA:810,59,0,0
BRDA:810,59,1,0
BRDA:810,60,0,0
BRDA:810,60,1,0
BRDA:811,61,0,0
BRDA:811,61,1,0
BRDA:811,62,0,0
BRDA:811,62,1,0
BRDA:812,63,0,0
BRDA:812,63,1,0
BRDA:812,64,0,0
BRDA:812,64,1,0
BRDA:818,65,0,0
BRDA:818,65,1,0
BRDA:832,66,0,0
BRDA:832,66,1,0
BRDA:834,67,0,0
BRDA:834,67,1,0
BRDA:853,68,0,0
BRDA:853,68,1,0
BRDA:853,69,0,0
BRDA:853,69,1,0
BRDA:854,70,0,0
BRDA:854,70,1,0
BRDA:854,71,0,0
BRDA:854,71,1,0
BRDA:855,72,0,0
BRDA:855,72,1,0
BRDA:855,73,0,0
BRDA:855,73,1,0
BRDA:856,74,0,0
BRDA:856,74,1,0
BRDA:856,75,0,0
BRDA:856,75,1,0
BRDA:857,76,0,0
BRDA:857,76,1,0
BRDA:857,77,0,0
BRDA:857,77,1,0
BRDA:858,78,0,0
BRDA:858,78,1,0
BRDA:858,79,0,0
BRDA:858,79,1,0
BRDA:862,80,0,0
BRDA:862,80,1,0
BRDA:865,81,0,0
BRDA:865,81,1,0
BRDA:866,82,0,0
BRDA:866,82,1,0
BRDA:867,83,0,0
BRDA:867,83,1,0
BRDA:872,84,0,0
BRDA:872,84,1,0
BRDA:875,85,0,0
BRDA:875,85,1,0
BRDA:905,86,0,0
BRDA:905,86,1,0
BRDA:913,87,0,0
BRDA:913,87,1,0
BRDA:925,88,0,0
BRDA:925,88,1,2
BRDA:925,89,0,2
BRDA:925,89,1,2
BRDA:944,90,0,0
BRDA:944,90,1,0
BRDA:949,91,0,0
BRDA:949,91,1,0
BRDA:951,92,0,0
BRDA:951,92,1,0
BRDA:958,93,0,0
BRDA:958,93,1,0
BRDA:1023,94,0,0
BRDA:1023,94,1,0
BRF:190
BRH:3
end_of_record
TN:
SF:src/backend/services/BLEScannerService.js
FN:11,(anonymous_0)
FN:32,(anonymous_1)
FN:49,(anonymous_2)
FN:59,(anonymous_3)
FN:74,(anonymous_4)
FN:87,(anonymous_5)
FN:92,(anonymous_6)
FN:113,(anonymous_7)
FN:118,(anonymous_8)
FN:127,(anonymous_9)
FN:132,(anonymous_10)
FN:144,(anonymous_11)
FN:152,(anonymous_12)
FN:165,(anonymous_13)
FN:187,(anonymous_14)
FN:198,(anonymous_15)
FN:210,(anonymous_16)
FN:218,(anonymous_17)
FN:227,(anonymous_18)
FN:235,(anonymous_19)
FN:246,(anonymous_20)
FN:253,(anonymous_21)
FN:257,(anonymous_22)
FNF:23
FNH:0
FNDA:0,(anonymous_0)
FNDA:0,(anonymous_1)
FNDA:0,(anonymous_2)
FNDA:0,(anonymous_3)
FNDA:0,(anonymous_4)
FNDA:0,(anonymous_5)
FNDA:0,(anonymous_6)
FNDA:0,(anonymous_7)
FNDA:0,(anonymous_8)
FNDA:0,(anonymous_9)
FNDA:0,(anonymous_10)
FNDA:0,(anonymous_11)
FNDA:0,(anonymous_12)
FNDA:0,(anonymous_13)
FNDA:0,(anonymous_14)
FNDA:0,(anonymous_15)
FNDA:0,(anonymous_16)
FNDA:0,(anonymous_17)
FNDA:0,(anonymous_18)
FNDA:0,(anonymous_19)
FNDA:0,(anonymous_20)
FNDA:0,(anonymous_21)
FNDA:0,(anonymous_22)
DA:12,0
DA:13,0
DA:14,0
DA:15,0
DA:17,0
DA:23,0
DA:33,0
DA:38,0
DA:39,0
DA:45,0
DA:46,0
DA:50,0
DA:56,0
DA:60,0
DA:61,0
DA:62,0
DA:67,0
DA:70,0
DA:71,0
DA:74,0
DA:75,0
DA:78,0
DA:80,0
DA:81,0
DA:82,0
DA:83,0
DA:88,0
DA:89,0
DA:94,0
DA:95,0
DA:99,0
DA:106,0
DA:108,0
DA:109,0
DA:115,0
DA:120,0
DA:121,0
DA:122,0
DA:129,0
DA:133,0
DA:134,0
DA:135,0
DA:137,0
DA:138,0
DA:139,0
DA:141,0
DA:146,0
DA:147,0
DA:149,0
DA:153,0
DA:161,0
DA:162,0
DA:166,0
DA:168,0
DA:177,0
DA:188,0
DA:190,0
DA:199,0
DA:206,0
DA:207,0
DA:211,0
DA:212,0
DA:213,0
DA:214,0
DA:220,0
DA:221,0
DA:222,0
DA:228,0
DA:229,0
DA:230,0
DA:231,0
DA:236,0
DA:237,0
DA:238,0
DA:239,0
DA:240,0
DA:243,0
DA:247,0
DA:248,0
DA:249,0
DA:250,0
DA:254,0
DA:258,0
DA:262,9
LF:84
LH:1
BRDA:32,0,0,0
BRDA:38,1,0,0
BRDA:38,1,1,0
BRDA:59,2,0,0
BRDA:61,3,0,0
BRDA:61,3,1,0
BRDA:92,4,0,0
BRDA:94,5,0,0
BRDA:94,5,1,0
BRDA:102,6,0,0
BRDA:102,6,1,0
BRDA:108,7,0,0
BRDA:108,7,1,0
BRDA:108,8,0,0
BRDA:108,8,1,0
BRDA:157,9,0,0
BRDA:157,9,1,0
BRDA:166,10,0,0
BRDA:166,10,1,0
BRDA:188,11,0,0
BRDA:188,11,1,0
BRDA:211,12,0,0
BRDA:211,12,1,0
BRDA:220,13,0,0
BRDA:220,13,1,0
BRDA:228,14,0,0
BRDA:228,14,1,0
BRDA:228,15,0,0
BRDA:228,15,1,0
BRF:29
BRH:0
end_of_record
TN:
SF:src/backend/services/CaseFlowService-enhanced.js
FN:7,(anonymous_0)
FN:104,(anonymous_1)
FN:112,(anonymous_2)
FN:156,(anonymous_3)
FN:161,(anonymous_4)
FN:167,(anonymous_5)
FN:180,(anonymous_6)
FN:188,(anonymous_7)
FN:228,(anonymous_8)
FN:256,(anonymous_9)
FN:284,(anonymous_10)
FN:309,(anonymous_11)
FN:333,(anonymous_12)
FNF:13
FNH:9
FNDA:9,(anonymous_0)
FNDA:17,(anonymous_1)
FNDA:6,(anonymous_2)
FNDA:4,(anonymous_3)
FNDA:4,(anonymous_4)
FNDA:3,(anonymous_5)
FNDA:2,(anonymous_6)
FNDA:1,(anonymous_7)
FNDA:1,(anonymous_8)
FNDA:0,(anonymous_9)
FNDA:0,(anonymous_10)
FNDA:0,(anonymous_11)
FNDA:0,(anonymous_12)
DA:8,9
DA:9,9
DA:10,9
DA:11,9
DA:12,9
DA:15,9
DA:105,17
DA:106,17
DA:107,3
DA:109,14
DA:113,6
DA:115,6
DA:140,6
DA:143,6
DA:144,6
DA:153,6
DA:157,4
DA:160,4
DA:161,4
DA:164,3
DA:169,3
DA:177,3
DA:182,2
DA:183,1
DA:185,1
DA:189,1
DA:190,1
DA:191,0
DA:194,1
DA:195,1
DA:197,1
DA:205,1
DA:208,1
DA:209,1
DA:219,1
DA:229,1
DA:230,1
DA:231,0
DA:234,1
DA:235,1
DA:244,1
DA:247,1
DA:257,0
DA:258,0
DA:259,0
DA:262,0
DA:279,0
DA:281,0
DA:285,0
DA:286,0
DA:287,0
DA:291,0
DA:310,0
DA:311,0
DA:315,0
DA:316,0
DA:324,0
DA:326,0
DA:334,0
DA:338,9
LF:60
LH:41
BRDA:7,0,0,0
BRDA:106,1,0,3
BRDA:106,1,1,14
BRDA:143,2,0,6
BRDA:143,2,1,0
BRDA:160,3,0,1
BRDA:160,3,1,3
BRDA:182,4,0,1
BRDA:182,4,1,1
BRDA:188,5,0,0
BRDA:190,6,0,0
BRDA:190,6,1,1
BRDA:195,7,0,1
BRDA:195,7,1,0
BRDA:208,8,0,1
BRDA:208,8,1,0
BRDA:228,9,0,0
BRDA:230,10,0,0
BRDA:230,10,1,1
BRDA:258,11,0,0
BRDA:258,11,1,0
BRDA:286,12,0,0
BRDA:286,12,1,0
BRDA:310,13,0,0
BRDA:310,13,1,0
BRDA:324,14,0,0
BRDA:324,14,1,0
BRDA:328,15,0,0
BRDA:328,15,1,0
BRDA:329,16,0,0
BRDA:329,16,1,0
BRF:31
BRH:11
end_of_record
TN:
SF:src/backend/services/CaseFlowService-workflow.js
FN:7,(anonymous_0)
FN:47,(anonymous_1)
FN:92,(anonymous_2)
FN:128,(anonymous_3)
FN:143,(anonymous_4)
FN:155,(anonymous_5)
FN:177,(anonymous_6)
FN:221,(anonymous_7)
FNF:8
FNH:1
FNDA:9,(anonymous_0)
FNDA:0,(anonymous_1)
FNDA:0,(anonymous_2)
FNDA:0,(anonymous_3)
FNDA:0,(anonymous_4)
FNDA:0,(anonymous_5)
FNDA:0,(anonymous_6)
FNDA:0,(anonymous_7)
DA:8,9
DA:9,9
DA:10,9
DA:13,9
DA:48,0
DA:50,0
DA:52,0
DA:53,0
DA:54,0
DA:63,0
DA:64,0
DA:65,0
DA:74,0
DA:75,0
DA:84,0
DA:85,0
DA:86,0
DA:88,0
DA:89,0
DA:93,0
DA:101,0
DA:102,0
DA:112,0
DA:119,0
DA:129,0
DA:130,0
DA:131,0
DA:134,0
DA:137,0
DA:138,0
DA:139,0
DA:140,0
DA:142,0
DA:143,0
DA:144,0
DA:148,0
DA:152,0
DA:156,0
DA:164,0
DA:165,0
DA:174,0
DA:178,0
DA:179,0
DA:186,0
DA:187,0
DA:189,0
DA:190,0
DA:191,0
DA:193,0
DA:195,0
DA:196,0
DA:200,0
DA:206,0
DA:207,0
DA:211,0
DA:214,0
DA:223,0
DA:243,9
LF:58
LH:5
BRDA:7,0,0,0
BRDA:53,1,0,0
BRDA:53,1,1,0
BRDA:64,2,0,0
BRDA:64,2,1,0
BRDA:74,3,0,0
BRDA:74,3,1,0
BRDA:84,4,0,0
BRDA:84,4,1,0
BRDA:84,5,0,0
BRDA:84,5,1,0
BRDA:88,6,0,0
BRDA:88,6,1,0
BRDA:88,7,0,0
BRDA:88,7,1,0
BRDA:101,8,0,0
BRDA:101,8,1,0
BRDA:130,9,0,0
BRDA:130,9,1,0
BRDA:137,10,0,0
BRDA:137,10,1,0
BRDA:137,11,0,0
BRDA:137,11,1,0
BRDA:142,12,0,0
BRDA:142,12,1,0
BRDA:155,13,0,0
BRDA:164,14,0,0
BRDA:164,14,1,0
BRDA:178,15,0,0
BRDA:178,15,1,0
BRDA:178,16,0,0
BRDA:178,16,1,0
BRDA:193,17,0,0
BRDA:193,17,1,0
BRDA:195,18,0,0
BRDA:195,18,1,0
BRDA:206,19,0,0
BRDA:206,19,1,0
BRDA:217,20,0,0
BRDA:217,20,1,0
BRF:40
BRH:0
end_of_record
TN:
SF:src/backend/services/CaseFlowService.js
FN:11,(anonymous_0)
FN:13,(anonymous_1)
FN:14,(anonymous_2)
FN:15,(anonymous_3)
FN:21,(anonymous_4)
FN:22,(anonymous_5)
FN:23,(anonymous_6)
FN:24,(anonymous_7)
FN:59,(anonymous_8)
FN:138,(anonymous_9)
FN:194,(anonymous_10)
FN:210,(anonymous_11)
FN:240,(anonymous_12)
FN:258,(anonymous_13)
FN:275,(anonymous_14)
FN:292,(anonymous_15)
FN:416,(anonymous_16)
FN:457,(anonymous_17)
FN:474,(anonymous_18)
FN:520,(anonymous_19)
FN:525,(anonymous_20)
FN:529,(anonymous_21)
FN:535,(anonymous_22)
FN:540,(anonymous_23)
FN:546,(anonymous_24)
FN:566,(anonymous_25)
FN:574,(anonymous_26)
FN:601,(anonymous_27)
FN:603,(anonymous_28)
FN:616,(anonymous_29)
FN:629,(anonymous_30)
FN:756,(anonymous_31)
FN:819,(anonymous_32)
FN:875,(anonymous_33)
FN:879,(anonymous_34)
FN:883,(anonymous_35)
FN:891,(anonymous_36)
FN:907,(anonymous_37)
FN:922,(anonymous_38)
FN:931,(anonymous_39)
FN:1014,(anonymous_40)
FNF:41
FNH:2
FNDA:2,(anonymous_0)
FNDA:0,(anonymous_1)
FNDA:0,(anonymous_2)
FNDA:0,(anonymous_3)
FNDA:0,(anonymous_4)
FNDA:0,(anonymous_5)
FNDA:0,(anonymous_6)
FNDA:0,(anonymous_7)
FNDA:0,(anonymous_8)
FNDA:0,(anonymous_9)
FNDA:0,(anonymous_10)
FNDA:0,(anonymous_11)
FNDA:0,(anonymous_12)
FNDA:0,(anonymous_13)
FNDA:0,(anonymous_14)
FNDA:0,(anonymous_15)
FNDA:0,(anonymous_16)
FNDA:0,(anonymous_17)
FNDA:0,(anonymous_18)
FNDA:0,(anonymous_19)
FNDA:0,(anonymous_20)
FNDA:0,(anonymous_21)
FNDA:0,(anonymous_22)
FNDA:0,(anonymous_23)
FNDA:0,(anonymous_24)
FNDA:0,(anonymous_25)
FNDA:16,(anonymous_26)
FNDA:0,(anonymous_27)
FNDA:0,(anonymous_28)
FNDA:0,(anonymous_29)
FNDA:0,(anonymous_30)
FNDA:0,(anonymous_31)
FNDA:0,(anonymous_32)
FNDA:0,(anonymous_33)
FNDA:0,(anonymous_34)
FNDA:0,(anonymous_35)
FNDA:0,(anonymous_36)
FNDA:0,(anonymous_37)
FNDA:0,(anonymous_38)
FNDA:0,(anonymous_39)
FNDA:0,(anonymous_40)
DA:12,2
DA:13,0
DA:17,2
DA:18,2
DA:19,2
DA:20,2
DA:21,0
DA:22,0
DA:23,0
DA:24,0
DA:28,2
DA:29,2
DA:31,2
DA:42,2
DA:61,0
DA:64,0
DA:66,0
DA:67,0
DA:69,0
DA:101,0
DA:102,0
DA:105,0
DA:117,0
DA:118,0
DA:120,0
DA:129,0
DA:140,0
DA:141,0
DA:144,0
DA:147,0
DA:148,0
DA:149,0
DA:153,0
DA:154,0
DA:157,0
DA:158,0
DA:160,0
DA:161,0
DA:162,0
DA:165,0
DA:166,0
DA:169,0
DA:178,0
DA:180,0
DA:182,0
DA:191,0
DA:195,0
DA:197,0
DA:198,0
DA:201,0
DA:202,0
DA:205,0
DA:206,0
DA:212,0
DA:215,0
DA:216,0
DA:217,0
DA:220,0
DA:221,0
DA:229,0
DA:232,0
DA:241,0
DA:242,0
DA:245,0
DA:248,0
DA:250,0
DA:259,0
DA:260,0
DA:263,0
DA:266,0
DA:268,0
DA:276,0
DA:278,0
DA:279,0
DA:280,0
DA:283,0
DA:284,0
DA:285,0
DA:287,0
DA:289,0
DA:294,0
DA:295,0
DA:296,0
DA:300,0
DA:301,0
DA:305,0
DA:306,0
DA:332,0
DA:333,0
DA:334,0
DA:338,0
DA:339,0
DA:363,0
DA:364,0
DA:365,0
DA:368,0
DA:369,0
DA:386,0
DA:387,0
DA:388,0
DA:391,0
DA:392,0
DA:408,0
DA:409,0
DA:410,0
DA:413,0
DA:418,0
DA:421,0
DA:423,0
DA:424,0
DA:425,0
DA:427,0
DA:428,0
DA:429,0
DA:432,0
DA:433,0
DA:434,0
DA:437,0
DA:438,0
DA:439,0
DA:442,0
DA:444,0
DA:445,0
DA:446,0
DA:449,0
DA:450,0
DA:454,0
DA:459,0
DA:460,0
DA:462,0
DA:469,0
DA:471,0
DA:475,0
DA:476,0
DA:477,0
DA:481,0
DA:489,0
DA:496,0
DA:497,0
DA:501,0
DA:502,0
DA:505,0
DA:506,0
DA:507,0
DA:509,0
DA:517,0
DA:522,0
DA:526,0
DA:530,0
DA:531,0
DA:532,0
DA:537,0
DA:541,0
DA:542,0
DA:543,0
DA:547,0
DA:550,0
DA:567,0
DA:575,16
DA:578,16
DA:580,16
DA:581,2
DA:591,14
DA:602,0
DA:603,0
DA:605,0
DA:606,0
DA:609,0
DA:610,0
DA:613,0
DA:618,0
DA:621,0
DA:630,0
DA:633,0
DA:634,0
DA:653,0
DA:655,0
DA:656,0
DA:657,0
DA:661,0
DA:740,0
DA:742,0
DA:743,0
DA:744,0
DA:748,0
DA:749,0
DA:750,0
DA:753,0
DA:758,0
DA:759,0
DA:760,0
DA:761,0
DA:764,0
DA:765,0
DA:780,0
DA:781,0
DA:784,0
DA:793,0
DA:794,0
DA:796,0
DA:798,0
DA:799,0
DA:800,0
DA:801,0
DA:802,0
DA:806,0
DA:815,0
DA:831,0
DA:834,0
DA:872,0
DA:874,0
DA:875,0
DA:878,0
DA:879,0
DA:882,0
DA:883,0
DA:884,0
DA:890,0
DA:891,0
DA:892,0
DA:893,0
DA:897,0
DA:899,0
DA:904,0
DA:909,0
DA:910,0
DA:914,0
DA:915,0
DA:916,0
DA:919,0
DA:924,0
DA:925,0
DA:928,0
DA:932,0
DA:933,0
DA:935,0
DA:936,0
DA:938,0
DA:939,0
DA:940,0
DA:943,0
DA:944,0
DA:947,0
DA:948,0
DA:949,0
DA:950,0
DA:951,0
DA:952,0
DA:955,0
DA:956,0
DA:960,0
DA:961,0
DA:965,0
DA:966,0
DA:967,0
DA:968,0
DA:969,0
DA:970,0
DA:982,0
DA:985,0
DA:999,0
DA:1010,0
DA:1016,0
DA:1017,0
DA:1018,0
DA:1019,0
DA:1020,0
DA:1022,0
DA:1025,0
DA:1027,0
DA:1031,9
LF:271
LH:15
BRDA:11,0,0,0
BRDA:12,1,0,2
BRDA:12,1,1,0
BRDA:20,2,0,2
BRDA:20,2,1,0
BRDA:73,3,0,0
BRDA:73,3,1,0
BRDA:85,4,0,0
BRDA:85,4,1,0
BRDA:91,5,0,0
BRDA:91,5,1,0
BRDA:96,6,0,0
BRDA:96,6,1,0
BRDA:138,7,0,0
BRDA:148,8,0,0
BRDA:148,8,1,0
BRDA:153,9,0,0
BRDA:153,9,1,0
BRDA:165,10,0,0
BRDA:165,10,1,0
BRDA:195,11,0,0
BRDA:195,11,1,0
BRDA:195,11,2,0
BRDA:220,12,0,0
BRDA:220,12,1,0
BRDA:275,13,0,0
BRDA:279,14,0,0
BRDA:279,14,1,0
BRDA:295,15,0,0
BRDA:295,15,1,0
BRDA:300,16,0,0
BRDA:300,16,1,0
BRDA:305,17,0,0
BRDA:305,17,1,0
BRDA:338,18,0,0
BRDA:338,18,1,0
BRDA:368,19,0,0
BRDA:368,19,1,0
BRDA:391,20,0,0
BRDA:391,20,1,0
BRDA:416,21,0,0
BRDA:423,22,0,0
BRDA:423,22,1,0
BRDA:427,23,0,0
BRDA:427,23,1,0
BRDA:432,24,0,0
BRDA:432,24,1,0
BRDA:437,25,0,0
BRDA:437,25,1,0
BRDA:444,26,0,0
BRDA:444,26,1,0
BRDA:450,27,0,0
BRDA:450,27,1,0
BRDA:454,28,0,0
BRDA:454,28,1,0
BRDA:457,29,0,0
BRDA:474,30,0,0
BRDA:476,31,0,0
BRDA:476,31,1,0
BRDA:496,32,0,0
BRDA:496,32,1,0
BRDA:526,33,0,0
BRDA:526,33,1,0
BRDA:542,34,0,0
BRDA:542,34,1,0
BRDA:580,35,0,2
BRDA:580,35,1,14
BRDA:584,36,0,2
BRDA:584,36,1,0
BRDA:605,37,0,0
BRDA:605,37,1,0
BRDA:609,38,0,0
BRDA:609,38,1,0
BRDA:609,39,0,0
BRDA:609,39,1,0
BRDA:633,40,0,0
BRDA:633,40,1,0
BRDA:740,41,0,0
BRDA:740,41,1,0
BRDA:749,42,0,0
BRDA:749,42,1,0
BRDA:756,43,0,0
BRDA:758,44,0,0
BRDA:758,44,1,0
BRDA:760,45,0,0
BRDA:760,45,1,0
BRDA:767,46,0,0
BRDA:767,46,1,0
BRDA:771,47,0,0
BRDA:771,47,1,0
BRDA:772,48,0,0
BRDA:772,48,1,0
BRDA:798,49,0,0
BRDA:798,49,1,0
BRDA:798,50,0,0
BRDA:798,50,1,0
BRDA:800,51,0,0
BRDA:800,51,1,0
BRDA:808,52,0,0
BRDA:808,52,1,0
BRDA:821,53,0,0
BRDA:822,54,0,0
BRDA:826,55,0,0
BRDA:874,56,0,0
BRDA:874,56,1,0
BRDA:878,57,0,0
BRDA:878,57,1,0
BRDA:882,58,0,0
BRDA:882,58,1,0
BRDA:884,59,0,0
BRDA:884,59,1,0
BRDA:890,60,0,0
BRDA:890,60,1,0
BRDA:890,61,0,0
BRDA:890,61,1,0
BRDA:892,62,0,0
BRDA:892,62,1,0
BRDA:909,63,0,0
BRDA:909,63,1,0
BRDA:915,64,0,0
BRDA:915,64,1,0
BRDA:924,65,0,0
BRDA:924,65,1,0
BRDA:931,66,0,0
BRDA:935,67,0,0
BRDA:935,67,1,0
BRDA:936,68,0,0
BRDA:936,68,1,0
BRDA:939,69,0,0
BRDA:939,69,1,0
BRDA:955,70,0,0
BRDA:955,70,1,0
BRDA:955,71,0,0
BRDA:955,71,1,0
BRDA:960,72,0,0
BRDA:960,72,1,0
BRDA:960,73,0,0
BRDA:960,73,1,0
BRDA:965,74,0,0
BRDA:965,74,1,0
BRDA:965,75,0,0
BRDA:965,75,1,0
BRDA:976,76,0,0
BRDA:976,76,1,0
BRDA:1004,77,0,0
BRDA:1004,77,1,0
BRDA:1005,78,0,0
BRDA:1005,78,1,0
BRF:148
BRH:5
end_of_record
TN:
SF:src/backend/services/GeoAlertService.js
FN:12,(anonymous_0)
FN:23,(anonymous_1)
FN:28,(anonymous_2)
FN:47,(anonymous_3)
FN:65,(anonymous_4)
FN:78,(anonymous_5)
FN:83,(anonymous_6)
FN:92,(anonymous_7)
FN:114,(anonymous_8)
FN:146,(anonymous_9)
FN:188,(anonymous_10)
FN:202,(anonymous_11)
FN:209,(anonymous_12)
FN:241,(anonymous_13)
FN:257,(anonymous_14)
FN:277,(anonymous_15)
FN:282,(anonymous_16)
FN:287,(anonymous_17)
FN:294,(anonymous_18)
FN:304,(anonymous_19)
FN:317,(anonymous_20)
FN:326,(anonymous_21)
FN:339,(anonymous_22)
FN:348,(anonymous_23)
FN:356,(anonymous_24)
FN:383,(anonymous_25)
FN:388,(anonymous_26)
FN:393,(anonymous_27)
FN:401,(anonymous_28)
FNF:29
FNH:0
FNDA:0,(anonymous_0)
FNDA:0,(anonymous_1)
FNDA:0,(anonymous_2)
FNDA:0,(anonymous_3)
FNDA:0,(anonymous_4)
FNDA:0,(anonymous_5)
FNDA:0,(anonymous_6)
FNDA:0,(anonymous_7)
FNDA:0,(anonymous_8)
FNDA:0,(anonymous_9)
FNDA:0,(anonymous_10)
FNDA:0,(anonymous_11)
FNDA:0,(anonymous_12)
FNDA:0,(anonymous_13)
FNDA:0,(anonymous_14)
FNDA:0,(anonymous_15)
FNDA:0,(anonymous_16)
FNDA:0,(anonymous_17)
FNDA:0,(anonymous_18)
FNDA:0,(anonymous_19)
FNDA:0,(anonymous_20)
FNDA:0,(anonymous_21)
FNDA:0,(anonymous_22)
FNDA:0,(anonymous_23)
FNDA:0,(anonymous_24)
FNDA:0,(anonymous_25)
FNDA:0,(anonymous_26)
FNDA:0,(anonymous_27)
FNDA:0,(anonymous_28)
DA:13,0
DA:14,0
DA:15,0
DA:16,0
DA:17,0
DA:19,0
DA:20,0
DA:24,0
DA:25,0
DA:30,0
DA:31,0
DA:34,0
DA:36,0
DA:37,0
DA:38,0
DA:39,0
DA:42,0
DA:43,0
DA:48,0
DA:56,0
DA:57,0
DA:58,0
DA:59,0
DA:62,0
DA:66,0
DA:68,0
DA:70,0
DA:72,0
DA:74,0
DA:80,0
DA:84,0
DA:85,0
DA:86,0
DA:87,0
DA:88,0
DA:93,0
DA:115,0
DA:117,0
DA:119,0
DA:120,0
DA:121,0
DA:122,0
DA:123,0
DA:126,0
DA:127,0
DA:128,0
DA:130,0
DA:131,0
DA:132,0
DA:134,0
DA:137,0
DA:138,0
DA:139,0
DA:140,0
DA:143,0
DA:147,0
DA:149,0
DA:151,0
DA:152,0
DA:153,0
DA:154,0
DA:155,0
DA:158,0
DA:159,0
DA:160,0
DA:162,0
DA:163,0
DA:164,0
DA:165,0
DA:166,0
DA:170,0
DA:176,0
DA:179,0
DA:180,0
DA:181,0
DA:182,0
DA:185,0
DA:189,0
DA:190,0
DA:192,0
DA:193,0
DA:196,0
DA:197,0
DA:199,0
DA:203,0
DA:204,0
DA:205,0
DA:206,0
DA:210,0
DA:211,0
DA:213,0
DA:214,0
DA:220,0
DA:221,0
DA:222,0
DA:224,0
DA:225,0
DA:231,0
DA:233,0
DA:242,0
DA:243,0
DA:244,0
DA:246,0
DA:247,0
DA:248,0
DA:249,0
DA:250,0
DA:254,0
DA:258,0
DA:266,0
DA:267,0
DA:268,0
DA:269,0
DA:270,0
DA:271,0
DA:272,0
DA:274,0
DA:279,0
DA:284,0
DA:288,0
DA:295,0
DA:296,0
DA:298,0
DA:299,0
DA:301,0
DA:305,0
DA:307,0
DA:309,0
DA:311,0
DA:313,0
DA:318,0
DA:327,0
DA:329,0
DA:340,0
DA:341,0
DA:342,0
DA:344,0
DA:350,0
DA:357,0
DA:358,0
DA:367,0
DA:368,0
DA:374,0
DA:376,0
DA:385,0
DA:390,0
DA:394,0
DA:402,0
DA:403,0
DA:407,9
LF:150
LH:1
BRDA:28,0,0,0
BRDA:30,1,0,0
BRDA:30,1,1,0
BRDA:47,2,0,0
BRDA:56,3,0,0
BRDA:56,3,1,0
BRDA:58,4,0,0
BRDA:58,4,1,0
BRDA:66,5,0,0
BRDA:66,5,1,0
BRDA:66,5,2,0
BRDA:66,5,3,0
BRDA:84,6,0,0
BRDA:84,6,1,0
BRDA:84,6,2,0
BRDA:84,6,3,0
BRDA:117,7,0,0
BRDA:117,7,1,0
BRDA:117,7,2,0
BRDA:130,8,0,0
BRDA:130,8,1,0
BRDA:149,9,0,0
BRDA:149,9,1,0
BRDA:149,9,2,0
BRDA:162,10,0,0
BRDA:162,10,1,0
BRDA:192,11,0,0
BRDA:192,11,1,0
BRDA:196,12,0,0
BRDA:196,12,1,0
BRDA:213,13,0,0
BRDA:213,13,1,0
BRDA:224,14,0,0
BRDA:224,14,1,0
BRDA:249,15,0,0
BRDA:249,15,1,0
BRDA:261,16,0,0
BRDA:261,16,1,0
BRDA:307,17,0,0
BRDA:307,17,1,0
BRDA:307,17,2,0
BRDA:327,18,0,0
BRDA:327,18,1,0
BRDA:357,19,0,0
BRDA:357,19,1,0
BRDA:367,20,0,0
BRDA:367,20,1,0
BRDA:394,21,0,0
BRDA:394,21,1,0
BRDA:403,22,0,0
BRDA:403,22,1,0
BRF:51
BRH:0
end_of_record
TN:
SF:src/backend/services/KPIService-enhanced.js
FN:7,(anonymous_0)
FN:9,(anonymous_1)
FN:10,(anonymous_2)
FN:11,(anonymous_3)
FN:20,(anonymous_4)
FN:98,(anonymous_5)
FN:164,(anonymous_6)
FN:240,(anonymous_7)
FN:291,(anonymous_8)
FN:305,(anonymous_9)
FNF:10
FNH:1
FNDA:18,(anonymous_0)
FNDA:0,(anonymous_1)
FNDA:0,(anonymous_2)
FNDA:0,(anonymous_3)
FNDA:0,(anonymous_4)
FNDA:0,(anonymous_5)
FNDA:0,(anonymous_6)
FNDA:0,(anonymous_7)
FNDA:0,(anonymous_8)
FNDA:0,(anonymous_9)
DA:8,18
DA:9,0
DA:13,18
DA:14,18
DA:15,18
DA:16,18
DA:17,18
DA:21,0
DA:24,0
DA:25,0
DA:28,0
DA:71,0
DA:72,0
DA:86,0
DA:100,0
DA:101,0
DA:104,0
DA:105,0
DA:107,0
DA:108,0
DA:118,0
DA:122,0
DA:123,0
DA:124,0
DA:134,0
DA:138,0
DA:165,0
DA:166,0
DA:168,0
DA:170,0
DA:173,0
DA:185,0
DA:188,0
DA:199,0
DA:202,0
DA:218,0
DA:221,0
DA:230,0
DA:241,0
DA:244,0
DA:271,0
DA:292,0
DA:302,0
DA:310,9
LF:44
LH:7
BRDA:7,0,0,0
BRDA:8,1,0,18
BRDA:8,1,1,9
BRDA:20,2,0,0
BRDA:21,3,0,0
BRDA:21,4,0,0
BRDA:21,5,0,0
BRDA:25,6,0,0
BRDA:25,6,1,0
BRDA:71,7,0,0
BRDA:71,7,1,0
BRDA:98,8,0,0
BRDA:101,9,0,0
BRDA:101,9,1,0
BRDA:105,10,0,0
BRDA:105,10,1,0
BRDA:107,11,0,0
BRDA:107,11,1,0
BRDA:122,12,0,0
BRDA:122,12,1,0
BRDA:122,13,0,0
BRDA:122,13,1,0
BRDA:122,13,2,0
BRDA:123,14,0,0
BRDA:123,14,1,0
BRDA:166,15,0,0
BRDA:166,15,1,0
BRDA:170,16,0,0
BRDA:170,16,1,0
BRDA:170,16,2,0
BRDA:170,16,3,0
BRDA:170,16,4,0
BRDA:240,17,0,0
BRDA:241,18,0,0
BRDA:241,19,0,0
BRDA:241,20,0,0
BRDA:302,21,0,0
BRDA:302,21,1,0
BRF:38
BRH:2
end_of_record
TN:
SF:src/backend/services/KPIService.js
FN:11,(anonymous_0)
FN:34,(anonymous_1)
FN:66,(anonymous_2)
FN:90,(anonymous_3)
FN:104,(anonymous_4)
FN:123,(anonymous_5)
FN:138,(anonymous_6)
FN:152,(anonymous_7)
FN:166,(anonymous_8)
FN:181,(anonymous_9)
FN:195,(anonymous_10)
FN:209,(anonymous_11)
FN:229,(anonymous_12)
FN:243,(anonymous_13)
FN:258,(anonymous_14)
FN:273,(anonymous_15)
FN:288,(anonymous_16)
FN:301,(anonymous_17)
FN:316,(anonymous_18)
FN:353,(anonymous_19)
FN:374,(anonymous_20)
FN:376,(anonymous_21)
FN:380,(anonymous_22)
FN:382,(anonymous_23)
FN:382,(anonymous_24)
FN:387,(anonymous_25)
FN:388,(anonymous_26)
FN:391,(anonymous_27)
FN:404,(anonymous_28)
FN:406,(anonymous_29)
FN:415,(anonymous_30)
FN:417,(anonymous_31)
FN:424,(anonymous_32)
FN:426,(anonymous_33)
FN:435,(anonymous_34)
FN:437,(anonymous_35)
FN:444,(anonymous_36)
FN:447,(anonymous_37)
FN:451,(anonymous_38)
FN:453,(anonymous_39)
FN:458,(anonymous_40)
FN:482,(anonymous_41)
FN:483,(anonymous_42)
FN:484,(anonymous_43)
FN:485,(anonymous_44)
FN:486,(anonymous_45)
FN:487,(anonymous_46)
FN:488,(anonymous_47)
FN:489,(anonymous_48)
FN:490,(anonymous_49)
FN:491,(anonymous_50)
FN:494,(anonymous_51)
FN:559,(anonymous_52)
FN:660,(anonymous_53)
FN:686,(anonymous_54)
FN:708,(anonymous_55)
FN:752,(anonymous_56)
FN:808,(anonymous_57)
FN:863,(anonymous_58)
FN:879,(anonymous_59)
FN:952,(anonymous_60)
FN:988,(anonymous_61)
FN:992,(anonymous_62)
FN:997,(anonymous_63)
FN:998,(anonymous_64)
FN:999,(anonymous_65)
FN:1000,(anonymous_66)
FN:1009,(anonymous_67)
FN:1019,(anonymous_68)
FNF:69
FNH:1
FNDA:11,(anonymous_0)
FNDA:0,(anonymous_1)
FNDA:0,(anonymous_2)
FNDA:0,(anonymous_3)
FNDA:0,(anonymous_4)
FNDA:0,(anonymous_5)
FNDA:0,(anonymous_6)
FNDA:0,(anonymous_7)
FNDA:0,(anonymous_8)
FNDA:0,(anonymous_9)
FNDA:0,(anonymous_10)
FNDA:0,(anonymous_11)
FNDA:0,(anonymous_12)
FNDA:0,(anonymous_13)
FNDA:0,(anonymous_14)
FNDA:0,(anonymous_15)
FNDA:0,(anonymous_16)
FNDA:0,(anonymous_17)
FNDA:0,(anonymous_18)
FNDA:0,(anonymous_19)
FNDA:0,(anonymous_20)
FNDA:0,(anonymous_21)
FNDA:0,(anonymous_22)
FNDA:0,(anonymous_23)
FNDA:0,(anonymous_24)
FNDA:0,(anonymous_25)
FNDA:0,(anonymous_26)
FNDA:0,(anonymous_27)
FNDA:0,(anonymous_28)
FNDA:0,(anonymous_29)
FNDA:0,(anonymous_30)
FNDA:0,(anonymous_31)
FNDA:0,(anonymous_32)
FNDA:0,(anonymous_33)
FNDA:0,(anonymous_34)
FNDA:0,(anonymous_35)
FNDA:0,(anonymous_36)
FNDA:0,(anonymous_37)
FNDA:0,(anonymous_38)
FNDA:0,(anonymous_39)
FNDA:0,(anonymous_40)
FNDA:0,(anonymous_41)
FNDA:0,(anonymous_42)
FNDA:0,(anonymous_43)
FNDA:0,(anonymous_44)
FNDA:0,(anonymous_45)
FNDA:0,(anonymous_46)
FNDA:0,(anonymous_47)
FNDA:0,(anonymous_48)
FNDA:0,(anonymous_49)
FNDA:0,(anonymous_50)
FNDA:0,(anonymous_51)
FNDA:0,(anonymous_52)
FNDA:0,(anonymous_53)
FNDA:0,(anonymous_54)
FNDA:0,(anonymous_55)
FNDA:0,(anonymous_56)
FNDA:0,(anonymous_57)
FNDA:0,(anonymous_58)
FNDA:0,(anonymous_59)
FNDA:0,(anonymous_60)
FNDA:0,(anonymous_61)
FNDA:0,(anonymous_62)
FNDA:0,(anonymous_63)
FNDA:0,(anonymous_64)
FNDA:0,(anonymous_65)
FNDA:0,(anonymous_66)
FNDA:0,(anonymous_67)
FNDA:0,(anonymous_68)
DA:12,11
DA:13,11
DA:14,11
DA:15,11
DA:17,11
DA:26,11
DA:36,0
DA:38,0
DA:49,0
DA:51,0
DA:58,0
DA:61,0
DA:63,0
DA:68,0
DA:71,0
DA:72,0
DA:73,0
DA:74,0
DA:75,0
DA:78,0
DA:79,0
DA:83,0
DA:84,0
DA:87,0
DA:91,0
DA:92,0
DA:94,0
DA:95,0
DA:101,0
DA:105,0
DA:107,0
DA:109,0
DA:111,0
DA:113,0
DA:114,0
DA:116,0
DA:118,0
DA:124,0
DA:139,0
DA:141,0
DA:143,0
DA:153,0
DA:167,0
DA:169,0
DA:171,0
DA:182,0
DA:196,0
DA:210,0
DA:212,0
DA:213,0
DA:215,0
DA:216,0
DA:217,0
DA:219,0
DA:230,0
DA:244,0
DA:246,0
DA:248,0
DA:259,0
DA:274,0
DA:276,0
DA:278,0
DA:289,0
DA:302,0
DA:304,0
DA:306,0
DA:317,0
DA:326,0
DA:335,0
DA:341,0
DA:355,0
DA:356,0
DA:362,0
DA:368,0
DA:371,0
DA:375,0
DA:376,0
DA:377,0
DA:381,0
DA:382,0
DA:383,0
DA:384,0
DA:388,0
DA:392,0
DA:394,0
DA:395,0
DA:397,0
DA:398,0
DA:400,0
DA:401,0
DA:405,0
DA:406,0
DA:407,0
DA:408,0
DA:409,0
DA:411,0
DA:414,0
DA:415,0
DA:416,0
DA:417,0
DA:421,0
DA:425,0
DA:426,0
DA:427,0
DA:428,0
DA:429,0
DA:431,0
DA:434,0
DA:435,0
DA:436,0
DA:437,0
DA:441,0
DA:446,0
DA:447,0
DA:448,0
DA:452,0
DA:453,0
DA:455,0
DA:459,0
DA:461,0
DA:462,0
DA:464,0
DA:473,0
DA:482,0
DA:483,0
DA:484,0
DA:485,0
DA:486,0
DA:487,0
DA:488,0
DA:489,0
DA:490,0
DA:491,0
DA:495,0
DA:497,0
DA:537,0
DA:539,0
DA:540,0
DA:541,0
DA:542,0
DA:543,0
DA:546,0
DA:560,0
DA:561,0
DA:569,0
DA:611,0
DA:612,0
DA:621,0
DA:622,0
DA:631,0
DA:632,0
DA:643,0
DA:661,0
DA:664,0
DA:686,0
DA:688,0
DA:689,0
DA:690,0
DA:693,0
DA:709,0
DA:712,0
DA:715,0
DA:717,0
DA:728,0
DA:753,0
DA:756,0
DA:805,0
DA:809,0
DA:811,0
DA:850,0
DA:856,0
DA:865,0
DA:866,0
DA:868,0
DA:869,0
DA:870,0
DA:876,0
DA:880,0
DA:882,0
DA:883,0
DA:934,0
DA:935,0
DA:941,0
DA:949,0
DA:953,0
DA:955,0
DA:985,0
DA:987,0
DA:988,0
DA:991,0
DA:992,0
DA:995,0
DA:997,0
DA:998,0
DA:999,0
DA:1000,0
DA:1003,0
DA:1010,0
DA:1013,0
DA:1016,0
DA:1019,0
DA:1021,0
DA:1032,0
DA:1039,9
LF:204
LH:7
BRDA:45,0,0,0
BRDA:45,0,1,0
BRDA:46,1,0,0
BRDA:46,1,1,0
BRDA:78,2,0,0
BRDA:78,2,1,0
BRDA:80,3,0,0
BRDA:80,3,1,0
BRDA:94,4,0,0
BRDA:94,4,1,0
BRDA:107,5,0,0
BRDA:107,5,1,0
BRDA:107,5,2,0
BRDA:107,5,3,0
BRDA:107,5,4,0
BRDA:220,6,0,0
BRDA:220,6,1,0
BRDA:221,7,0,0
BRDA:221,7,1,0
BRDA:355,8,0,0
BRDA:355,8,1,0
BRDA:368,9,0,0
BRDA:368,9,1,0
BRDA:375,10,0,0
BRDA:375,10,1,0
BRDA:381,11,0,0
BRDA:381,11,1,0
BRDA:384,12,0,0
BRDA:384,12,1,0
BRDA:392,13,0,0
BRDA:392,13,1,0
BRDA:400,14,0,0
BRDA:400,14,1,0
BRDA:407,15,0,0
BRDA:407,15,1,0
BRDA:408,16,0,0
BRDA:408,16,1,0
BRDA:427,17,0,0
BRDA:427,17,1,0
BRDA:428,18,0,0
BRDA:428,18,1,0
BRDA:448,19,0,0
BRDA:448,19,1,0
BRDA:455,20,0,0
BRDA:455,20,1,0
BRDA:494,21,0,0
BRDA:537,22,0,0
BRDA:537,22,1,0
BRDA:537,23,0,0
BRDA:537,23,1,0
BRDA:559,24,0,0
BRDA:560,25,0,0
BRDA:560,25,1,0
BRDA:560,26,0,0
BRDA:560,26,1,0
BRDA:611,27,0,0
BRDA:611,27,1,0
BRDA:621,28,0,0
BRDA:621,28,1,0
BRDA:631,29,0,0
BRDA:631,29,1,0
BRDA:660,30,0,0
BRDA:708,31,0,0
BRDA:708,32,0,0
BRDA:708,33,0,0
BRDA:712,34,0,0
BRDA:712,34,1,0
BRDA:715,35,0,0
BRDA:715,35,1,0
BRDA:722,36,0,0
BRDA:722,36,1,0
BRDA:730,37,0,0
BRDA:730,37,1,0
BRDA:741,38,0,0
BRDA:741,38,1,0
BRDA:741,39,0,0
BRDA:741,39,1,0
BRDA:752,40,0,0
BRDA:808,41,0,0
BRDA:851,42,0,0
BRDA:851,42,1,0
BRDA:852,43,0,0
BRDA:852,43,1,0
BRDA:853,44,0,0
BRDA:853,44,1,0
BRDA:858,45,0,0
BRDA:858,45,1,0
BRDA:879,46,0,0
BRDA:887,47,0,0
BRDA:887,47,1,0
BRDA:888,48,0,0
BRDA:888,48,1,0
BRDA:889,49,0,0
BRDA:889,49,1,0
BRDA:934,50,0,0
BRDA:934,50,1,0
BRDA:952,51,0,0
BRDA:987,52,0,0
BRDA:987,52,1,0
BRDA:991,53,0,0
BRDA:991,53,1,0
BRF:101
BRH:0
end_of_record
TN:
SF:src/backend/services/MyDataAdapter.js
FN:11,(anonymous_0)
FN:30,(anonymous_1)
FN:58,(anonymous_2)
FN:100,(anonymous_3)
FN:136,(anonymous_4)
FN:162,(anonymous_5)
FN:179,(anonymous_6)
FN:189,(anonymous_7)
FN:209,(anonymous_8)
FN:244,(anonymous_9)
FN:249,(anonymous_10)
FN:270,(anonymous_11)
FN:274,(anonymous_12)
FN:279,(anonymous_13)
FN:286,(anonymous_14)
FN:291,(anonymous_15)
FN:297,(anonymous_16)
FN:327,(anonymous_17)
FN:335,(anonymous_18)
FN:359,(anonymous_19)
FN:387,(anonymous_20)
FN:421,(anonymous_21)
FN:438,(anonymous_22)
FN:459,(anonymous_23)
FN:463,(anonymous_24)
FN:510,(anonymous_25)
FN:543,(anonymous_26)
FN:561,(anonymous_27)
FN:571,(anonymous_28)
FN:573,(anonymous_29)
FN:589,(anonymous_30)
FN:610,(anonymous_31)
FN:634,(anonymous_32)
FN:667,(anonymous_33)
FN:714,(anonymous_34)
FN:731,(anonymous_35)
FN:756,(anonymous_36)
FN:773,(anonymous_37)
FN:778,(anonymous_38)
FN:789,(anonymous_39)
FN:794,(anonymous_40)
FN:796,(anonymous_41)
FN:810,(anonymous_42)
FN:816,(anonymous_43)
FN:819,(anonymous_44)
FN:822,(anonymous_45)
FN:826,(anonymous_46)
FN:832,(anonymous_47)
FN:834,(anonymous_48)
FN:835,(anonymous_49)
FN:839,(anonymous_50)
FN:841,(anonymous_51)
FN:842,(anonymous_52)
FN:846,(anonymous_53)
FN:900,(anonymous_54)
FN:924,(anonymous_55)
FN:928,(anonymous_56)
FN:948,(anonymous_57)
FN:970,(anonymous_58)
FN:1034,(anonymous_59)
FN:1040,(anonymous_60)
FN:1070,(anonymous_61)
FN:1086,(anonymous_62)
FN:1103,(anonymous_63)
FN:1105,(anonymous_64)
FN:1107,(anonymous_65)
FN:1108,(anonymous_66)
FN:1118,(anonymous_67)
FN:1119,(anonymous_68)
FN:1123,(anonymous_69)
FN:1160,(anonymous_70)
FN:1219,(anonymous_71)
FN:1252,(anonymous_72)
FN:1268,(anonymous_73)
FNF:74
FNH:34
FNDA:11,(anonymous_0)
FNDA:3,(anonymous_1)
FNDA:0,(anonymous_2)
FNDA:0,(anonymous_3)
FNDA:0,(anonymous_4)
FNDA:0,(anonymous_5)
FNDA:0,(anonymous_6)
FNDA:0,(anonymous_7)
FNDA:2,(anonymous_8)
FNDA:0,(anonymous_9)
FNDA:0,(anonymous_10)
FNDA:3,(anonymous_11)
FNDA:3,(anonymous_12)
FNDA:0,(anonymous_13)
FNDA:0,(anonymous_14)
FNDA:0,(anonymous_15)
FNDA:3,(anonymous_16)
FNDA:0,(anonymous_17)
FNDA:0,(anonymous_18)
FNDA:0,(anonymous_19)
FNDA:5,(anonymous_20)
FNDA:2,(anonymous_21)
FNDA:0,(anonymous_22)
FNDA:0,(anonymous_23)
FNDA:2,(anonymous_24)
FNDA:0,(anonymous_25)
FNDA:0,(anonymous_26)
FNDA:0,(anonymous_27)
FNDA:0,(anonymous_28)
FNDA:0,(anonymous_29)
FNDA:0,(anonymous_30)
FNDA:0,(anonymous_31)
FNDA:0,(anonymous_32)
FNDA:0,(anonymous_33)
FNDA:0,(anonymous_34)
FNDA:0,(anonymous_35)
FNDA:3,(anonymous_36)
FNDA:0,(anonymous_37)
FNDA:3,(anonymous_38)
FNDA:3,(anonymous_39)
FNDA:11,(anonymous_40)
FNDA:0,(anonymous_41)
FNDA:0,(anonymous_42)
FNDA:2,(anonymous_43)
FNDA:8,(anonymous_44)
FNDA:2,(anonymous_45)
FNDA:0,(anonymous_46)
FNDA:11,(anonymous_47)
FNDA:0,(anonymous_48)
FNDA:0,(anonymous_49)
FNDA:2,(anonymous_50)
FNDA:0,(anonymous_51)
FNDA:0,(anonymous_52)
FNDA:11,(anonymous_53)
FNDA:15,(anonymous_54)
FNDA:0,(anonymous_55)
FNDA:0,(anonymous_56)
FNDA:6,(anonymous_57)
FNDA:10,(anonymous_58)
FNDA:2,(anonymous_59)
FNDA:2,(anonymous_60)
FNDA:2,(anonymous_61)
FNDA:2,(anonymous_62)
FNDA:2,(anonymous_63)
FNDA:8,(anonymous_64)
FNDA:8,(anonymous_65)
FNDA:8,(anonymous_66)
FNDA:8,(anonymous_67)
FNDA:8,(anonymous_68)
FNDA:10,(anonymous_69)
FNDA:4,(anonymous_70)
FNDA:0,(anonymous_71)
FNDA:0,(anonymous_72)
FNDA:0,(anonymous_73)
DA:13,11
DA:14,11
DA:15,11
DA:17,11
DA:18,11
DA:19,11
DA:20,11
DA:22,11
DA:23,11
DA:24,11
DA:27,11
DA:31,3
DA:32,3
DA:33,3
DA:35,3
DA:36,3
DA:37,3
DA:38,3
DA:39,3
DA:40,3
DA:41,3
DA:44,3
DA:51,3
DA:60,0
DA:61,0
DA:62,0
DA:66,0
DA:67,0
DA:68,0
DA:72,0
DA:80,0
DA:83,0
DA:91,0
DA:93,0
DA:101,0
DA:102,0
DA:103,0
DA:107,0
DA:108,0
DA:109,0
DA:112,0
DA:120,0
DA:123,0
DA:130,0
DA:137,0
DA:138,0
DA:139,0
DA:142,0
DA:149,0
DA:152,0
DA:159,0
DA:163,0
DA:174,0
DA:176,0
DA:180,0
DA:181,0
DA:182,0
DA:186,0
DA:187,0
DA:189,0
DA:190,0
DA:193,0
DA:194,0
DA:198,0
DA:199,0
DA:206,0
DA:210,2
DA:211,2
DA:212,2
DA:215,0
DA:217,0
DA:227,0
DA:230,0
DA:231,0
DA:232,0
DA:235,0
DA:241,0
DA:246,0
DA:250,0
DA:251,0
DA:252,0
DA:259,0
DA:261,0
DA:271,3
DA:275,3
DA:276,3
DA:280,0
DA:282,0
DA:283,0
DA:286,0
DA:287,0
DA:292,0
DA:299,3
DA:302,3
DA:303,3
DA:305,3
DA:318,3
DA:320,3
DA:328,0
DA:329,0
DA:330,0
DA:332,0
DA:336,0
DA:339,0
DA:340,0
DA:348,0
DA:360,0
DA:361,0
DA:362,0
DA:365,0
DA:366,0
DA:370,0
DA:373,0
DA:374,0
DA:375,0
DA:377,0
DA:389,5
DA:390,5
DA:391,2
DA:399,2
DA:402,5
DA:403,0
DA:406,5
DA:407,0
DA:411,5
DA:422,2
DA:423,2
DA:424,0
DA:427,2
DA:428,2
DA:436,2
DA:437,0
DA:438,0
DA:439,0
DA:440,0
DA:442,2
DA:443,0
DA:444,0
DA:446,2
DA:447,2
DA:450,2
DA:460,0
DA:464,2
DA:465,2
DA:466,0
DA:469,2
DA:472,2
DA:475,0
DA:476,0
DA:477,0
DA:478,0
DA:479,0
DA:481,0
DA:482,0
DA:484,0
DA:492,2
DA:493,2
DA:494,2
DA:495,2
DA:497,2
DA:500,2
DA:502,2
DA:511,0
DA:518,0
DA:519,0
DA:520,0
DA:523,0
DA:524,0
DA:525,0
DA:529,0
DA:530,0
DA:531,0
DA:535,0
DA:543,0
DA:544,0
DA:547,0
DA:548,0
DA:549,0
DA:553,0
DA:554,0
DA:555,0
DA:558,0
DA:563,0
DA:570,0
DA:571,0
DA:573,0
DA:574,0
DA:577,0
DA:591,0
DA:593,0
DA:594,0
DA:596,0
DA:597,0
DA:609,0
DA:610,0
DA:611,0
DA:614,0
DA:615,0
DA:626,0
DA:635,0
DA:636,0
DA:637,0
DA:640,0
DA:641,0
DA:646,0
DA:664,0
DA:669,0
DA:671,0
DA:672,0
DA:673,0
DA:679,0
DA:680,0
DA:686,0
DA:687,0
DA:694,0
DA:695,0
DA:696,0
DA:704,0
DA:715,0
DA:717,0
DA:724,0
DA:731,0
DA:732,0
DA:735,0
DA:736,0
DA:737,0
DA:741,0
DA:742,0
DA:743,0
DA:744,0
DA:748,0
DA:749,0
DA:750,0
DA:753,0
DA:757,3
DA:760,3
DA:771,3
DA:772,3
DA:773,0
DA:776,3
DA:777,3
DA:778,3
DA:780,3
DA:790,3
DA:795,11
DA:798,0
DA:799,0
DA:808,0
DA:811,0
DA:817,2
DA:818,2
DA:820,8
DA:823,2
DA:824,2
DA:827,0
DA:833,11
DA:834,0
DA:835,0
DA:840,2
DA:848,11
DA:860,11
DA:863,11
DA:864,11
DA:868,11
DA:878,11
DA:880,11
DA:881,11
DA:885,11
DA:892,11
DA:894,11
DA:895,11
DA:902,15
DA:903,0
DA:912,15
DA:913,1
DA:916,14
DA:917,14
DA:918,0
DA:920,14
DA:925,0
DA:926,0
DA:928,0
DA:929,0
DA:931,0
DA:940,0
DA:949,6
DA:950,1
DA:958,5
DA:971,10
DA:977,10
DA:978,10
DA:981,10
DA:982,2
DA:983,8
DA:984,2
DA:985,6
DA:986,2
DA:987,4
DA:988,2
DA:992,10
DA:993,80
DA:994,40
DA:999,10
DA:1000,4
DA:1004,10
DA:1005,6
DA:1009,10
DA:1010,10
DA:1011,2
DA:1014,10
DA:1015,10
DA:1017,10
DA:1035,2
DA:1041,2
DA:1044,2
DA:1045,0
DA:1049,2
DA:1050,0
DA:1054,2
DA:1055,0
DA:1058,2
DA:1060,2
DA:1071,2
DA:1072,0
DA:1076,2
DA:1077,2
DA:1079,2
DA:1088,2
DA:1089,2
DA:1093,0
DA:1094,0
DA:1095,0
DA:1096,0
DA:1097,0
DA:1099,0
DA:1104,2
DA:1105,8
DA:1107,8
DA:1108,8
DA:1110,2
DA:1118,8
DA:1119,8
DA:1124,10
DA:1132,10
DA:1133,10
DA:1136,10
DA:1137,2
DA:1138,8
DA:1139,2
DA:1140,6
DA:1141,2
DA:1142,4
DA:1143,2
DA:1144,2
DA:1145,2
DA:1148,10
DA:1150,10
DA:1161,4
DA:1164,4
DA:1165,0
DA:1173,4
DA:1174,2
DA:1178,4
DA:1179,2
DA:1187,2
DA:1188,0
DA:1196,2
DA:1199,2
DA:1200,2
DA:1201,2
DA:1203,2
DA:1220,0
DA:1253,0
DA:1261,0
DA:1262,0
DA:1263,0
DA:1265,0
DA:1269,0
DA:1270,0
DA:1271,0
DA:1272,0
DA:1276,9
DA:1277,9
LF:383
LH:173
BRDA:11,0,0,0
BRDA:17,1,0,11
BRDA:17,1,1,11
BRDA:18,2,0,11
BRDA:18,2,1,2
BRDA:19,3,0,11
BRDA:19,3,1,11
BRDA:20,4,0,11
BRDA:20,4,1,2
BRDA:61,5,0,0
BRDA:61,5,1,0
BRDA:61,6,0,0
BRDA:61,6,1,0
BRDA:67,7,0,0
BRDA:67,7,1,0
BRDA:102,8,0,0
BRDA:102,8,1,0
BRDA:107,9,0,0
BRDA:107,9,1,0
BRDA:138,10,0,0
BRDA:138,10,1,0
BRDA:138,11,0,0
BRDA:138,11,1,0
BRDA:154,12,0,0
BRDA:154,12,1,0
BRDA:168,13,0,0
BRDA:168,13,1,0
BRDA:169,14,0,0
BRDA:169,14,1,0
BRDA:181,15,0,0
BRDA:181,15,1,0
BRDA:186,16,0,0
BRDA:186,16,1,0
BRDA:187,17,0,0
BRDA:187,17,1,0
BRDA:193,18,0,0
BRDA:193,18,1,0
BRDA:198,19,0,0
BRDA:198,19,1,0
BRDA:199,20,0,0
BRDA:199,20,1,0
BRDA:211,21,0,2
BRDA:211,21,1,0
BRDA:251,22,0,0
BRDA:251,22,1,0
BRDA:265,23,0,0
BRDA:265,23,1,0
BRDA:279,24,0,0
BRDA:282,25,0,0
BRDA:282,25,1,0
BRDA:329,26,0,0
BRDA:329,26,1,0
BRDA:329,27,0,0
BRDA:329,27,1,0
BRDA:339,28,0,0
BRDA:339,28,1,0
BRDA:339,29,0,0
BRDA:339,29,1,0
BRDA:339,29,2,0
BRDA:339,29,3,0
BRDA:361,30,0,0
BRDA:361,30,1,0
BRDA:365,31,0,0
BRDA:365,31,1,0
BRDA:390,32,0,2
BRDA:390,32,1,3
BRDA:390,33,0,5
BRDA:390,33,1,2
BRDA:402,34,0,0
BRDA:402,34,1,5
BRDA:406,35,0,0
BRDA:406,35,1,5
BRDA:423,36,0,0
BRDA:423,36,1,2
BRDA:436,37,0,0
BRDA:436,37,1,2
BRDA:440,38,0,0
BRDA:440,38,1,0
BRDA:442,39,0,0
BRDA:442,39,1,2
BRDA:465,40,0,0
BRDA:465,40,1,2
BRDA:472,41,0,0
BRDA:472,41,1,2
BRDA:472,42,0,2
BRDA:472,42,1,1
BRDA:505,43,0,2
BRDA:505,43,1,1
BRDA:518,44,0,0
BRDA:518,44,1,0
BRDA:523,45,0,0
BRDA:523,45,1,0
BRDA:529,46,0,0
BRDA:529,46,1,0
BRDA:529,47,0,0
BRDA:529,47,1,0
BRDA:547,48,0,0
BRDA:547,48,1,0
BRDA:547,49,0,0
BRDA:547,49,1,0
BRDA:553,50,0,0
BRDA:553,50,1,0
BRDA:570,51,0,0
BRDA:570,51,1,0
BRDA:581,52,0,0
BRDA:581,52,1,0
BRDA:582,53,0,0
BRDA:582,53,1,0
BRDA:596,54,0,0
BRDA:596,54,1,0
BRDA:596,55,0,0
BRDA:596,55,1,0
BRDA:614,56,0,0
BRDA:614,56,1,0
BRDA:614,57,0,0
BRDA:614,57,1,0
BRDA:636,58,0,0
BRDA:636,58,1,0
BRDA:642,59,0,0
BRDA:642,59,1,0
BRDA:649,60,0,0
BRDA:649,60,1,0
BRDA:672,61,0,0
BRDA:672,61,1,0
BRDA:679,62,0,0
BRDA:679,62,1,0
BRDA:686,63,0,0
BRDA:686,63,1,0
BRDA:695,64,0,0
BRDA:695,64,1,0
BRDA:699,65,0,0
BRDA:699,65,1,0
BRDA:706,66,0,0
BRDA:706,66,1,0
BRDA:735,67,0,0
BRDA:735,67,1,0
BRDA:735,68,0,0
BRDA:735,68,1,0
BRDA:742,69,0,0
BRDA:742,69,1,0
BRDA:748,70,0,0
BRDA:748,70,1,0
BRDA:748,71,0,0
BRDA:748,71,1,0
BRDA:756,72,0,0
BRDA:757,73,0,0
BRDA:757,74,0,0
BRDA:772,75,0,0
BRDA:772,75,1,3
BRDA:798,76,0,0
BRDA:798,76,1,0
BRDA:824,77,0,0
BRDA:824,77,1,2
BRDA:863,78,0,11
BRDA:863,78,1,0
BRDA:863,79,0,11
BRDA:863,79,1,11
BRDA:880,80,0,11
BRDA:880,80,1,0
BRDA:880,81,0,11
BRDA:880,81,1,11
BRDA:894,82,0,11
BRDA:894,82,1,0
BRDA:894,83,0,11
BRDA:894,83,1,11
BRDA:902,84,0,0
BRDA:902,84,1,15
BRDA:912,85,0,1
BRDA:912,85,1,14
BRDA:917,86,0,0
BRDA:917,86,1,14
BRDA:917,87,0,14
BRDA:917,87,1,12
BRDA:949,88,0,1
BRDA:949,88,1,5
BRDA:958,89,0,5
BRDA:958,89,1,0
BRDA:981,90,0,2
BRDA:981,90,1,8
BRDA:981,91,0,10
BRDA:981,91,1,10
BRDA:981,91,2,8
BRDA:983,92,0,2
BRDA:983,92,1,6
BRDA:983,93,0,8
BRDA:983,93,1,8
BRDA:985,94,0,2
BRDA:985,94,1,4
BRDA:987,95,0,2
BRDA:987,95,1,2
BRDA:993,96,0,40
BRDA:993,96,1,40
BRDA:999,97,0,4
BRDA:999,97,1,6
BRDA:999,98,0,10
BRDA:999,98,1,10
BRDA:1004,99,0,6
BRDA:1004,99,1,4
BRDA:1010,100,0,2
BRDA:1010,100,1,8
BRDA:1010,101,0,10
BRDA:1010,101,1,4
BRDA:1015,102,0,10
BRDA:1015,102,1,2
BRDA:1021,103,0,10
BRDA:1021,103,1,2
BRDA:1021,104,0,0
BRDA:1021,104,1,2
BRDA:1022,105,0,2
BRDA:1022,105,1,8
BRDA:1035,106,0,2
BRDA:1035,106,1,2
BRDA:1035,106,2,2
BRDA:1044,107,0,0
BRDA:1044,107,1,2
BRDA:1044,108,0,2
BRDA:1044,108,1,2
BRDA:1049,109,0,0
BRDA:1049,109,1,2
BRDA:1049,110,0,2
BRDA:1049,110,1,2
BRDA:1054,111,0,0
BRDA:1054,111,1,2
BRDA:1065,112,0,2
BRDA:1065,112,1,2
BRDA:1071,113,0,0
BRDA:1071,113,1,2
BRDA:1088,114,0,2
BRDA:1088,114,1,0
BRDA:1111,115,0,2
BRDA:1111,115,1,2
BRDA:1112,116,0,2
BRDA:1112,116,1,0
BRDA:1112,117,0,2
BRDA:1112,117,1,2
BRDA:1136,118,0,2
BRDA:1136,118,1,8
BRDA:1136,119,0,10
BRDA:1136,119,1,8
BRDA:1138,120,0,2
BRDA:1138,120,1,6
BRDA:1138,121,0,8
BRDA:1138,121,1,2
BRDA:1140,122,0,2
BRDA:1140,122,1,4
BRDA:1142,123,0,2
BRDA:1142,123,1,2
BRDA:1144,124,0,2
BRDA:1144,124,1,0
BRDA:1144,125,0,2
BRDA:1144,125,1,2
BRDA:1148,126,0,10
BRDA:1148,126,1,0
BRDA:1164,127,0,0
BRDA:1164,127,1,4
BRDA:1164,128,0,4
BRDA:1164,128,1,4
BRDA:1164,128,2,4
BRDA:1173,129,0,2
BRDA:1173,129,1,2
BRDA:1178,130,0,2
BRDA:1178,130,1,2
BRDA:1187,131,0,0
BRDA:1187,131,1,2
BRDA:1252,132,0,0
BRDA:1269,133,0,0
BRDA:1269,133,1,0
BRDA:1270,134,0,0
BRDA:1270,134,1,0
BRF:269
BRH:120
end_of_record
TN:
SF:src/backend/services/MyDataAdapterAPI.js
FN:9,(anonymous_0)
FN:32,(anonymous_1)
FN:78,(anonymous_2)
FN:91,(anonymous_3)
FN:110,(anonymous_4)
FN:165,(anonymous_5)
FN:182,(anonymous_6)
FN:203,(anonymous_7)
FN:216,(anonymous_8)
FN:231,(anonymous_9)
FN:275,(anonymous_10)
FN:301,(anonymous_11)
FN:308,(anonymous_12)
FN:319,(anonymous_13)
FN:331,(anonymous_14)
FN:335,(anonymous_15)
FN:339,(anonymous_16)
FN:343,(anonymous_17)
FNF:18
FNH:0
FNDA:0,(anonymous_0)
FNDA:0,(anonymous_1)
FNDA:0,(anonymous_2)
FNDA:0,(anonymous_3)
FNDA:0,(anonymous_4)
FNDA:0,(anonymous_5)
FNDA:0,(anonymous_6)
FNDA:0,(anonymous_7)
FNDA:0,(anonymous_8)
FNDA:0,(anonymous_9)
FNDA:0,(anonymous_10)
FNDA:0,(anonymous_11)
FNDA:0,(anonymous_12)
FNDA:0,(anonymous_13)
FNDA:0,(anonymous_14)
FNDA:0,(anonymous_15)
FNDA:0,(anonymous_16)
FNDA:0,(anonymous_17)
DA:10,0
DA:11,0
DA:12,0
DA:14,0
DA:21,0
DA:28,0
DA:29,0
DA:34,0
DA:35,0
DA:36,0
DA:41,0
DA:42,0
DA:44,0
DA:56,0
DA:57,0
DA:60,0
DA:62,0
DA:71,0
DA:79,0
DA:88,0
DA:93,0
DA:94,0
DA:98,0
DA:99,0
DA:101,0
DA:102,0
DA:104,0
DA:107,0
DA:111,0
DA:112,0
DA:113,0
DA:116,0
DA:117,0
DA:121,0
DA:130,0
DA:131,0
DA:132,0
DA:134,0
DA:135,0
DA:138,0
DA:139,0
DA:150,0
DA:151,0
DA:153,0
DA:162,0
DA:166,0
DA:167,0
DA:168,0
DA:171,0
DA:172,0
DA:180,0
DA:181,0
DA:182,0
DA:183,0
DA:184,0
DA:186,0
DA:187,0
DA:188,0
DA:190,0
DA:191,0
DA:194,0
DA:204,0
DA:205,0
DA:208,0
DA:209,0
DA:213,0
DA:218,0
DA:219,0
DA:223,0
DA:224,0
DA:225,0
DA:228,0
DA:232,0
DA:233,0
DA:234,0
DA:237,0
DA:240,0
DA:241,0
DA:242,0
DA:243,0
DA:245,0
DA:246,0
DA:249,0
DA:251,0
DA:257,0
DA:258,0
DA:259,0
DA:262,0
DA:272,0
DA:276,0
DA:279,0
DA:299,0
DA:300,0
DA:301,0
DA:305,0
DA:306,0
DA:308,0
DA:310,0
DA:321,0
DA:328,0
DA:332,0
DA:336,0
DA:340,0
DA:344,0
DA:348,0
LF:105
LH:0
BRDA:9,0,0,0
BRDA:16,1,0,0
BRDA:16,1,1,0
BRDA:17,2,0,0
BRDA:17,2,1,0
BRDA:18,3,0,0
BRDA:18,3,1,0
BRDA:35,4,0,0
BRDA:35,4,1,0
BRDA:93,5,0,0
BRDA:93,5,1,0
BRDA:99,6,0,0
BRDA:99,6,1,0
BRDA:101,7,0,0
BRDA:101,7,1,0
BRDA:112,8,0,0
BRDA:112,8,1,0
BRDA:116,9,0,0
BRDA:116,9,1,0
BRDA:167,10,0,0
BRDA:167,10,1,0
BRDA:180,11,0,0
BRDA:180,11,1,0
BRDA:184,12,0,0
BRDA:184,12,1,0
BRDA:186,13,0,0
BRDA:186,13,1,0
BRDA:204,14,0,0
BRDA:204,14,1,0
BRDA:208,15,0,0
BRDA:208,15,1,0
BRDA:218,16,0,0
BRDA:218,16,1,0
BRDA:224,17,0,0
BRDA:224,17,1,0
BRDA:233,18,0,0
BRDA:233,18,1,0
BRDA:254,19,0,0
BRDA:254,19,1,0
BRDA:257,20,0,0
BRDA:257,20,1,0
BRDA:275,21,0,0
BRDA:276,22,0,0
BRDA:276,23,0,0
BRDA:300,24,0,0
BRDA:300,24,1,0
BRF:46
BRH:0
end_of_record
TN:
SF:src/backend/services/RBACService.js
FN:11,(anonymous_0)
FN:13,(anonymous_1)
FN:14,(anonymous_2)
FN:15,(anonymous_3)
FN:18,(anonymous_4)
FN:19,(anonymous_5)
FN:20,(anonymous_6)
FN:24,(anonymous_7)
FN:25,(anonymous_8)
FN:26,(anonymous_9)
FN:179,(anonymous_10)
FN:181,(anonymous_11)
FN:192,(anonymous_12)
FN:201,(anonymous_13)
FN:228,(anonymous_14)
FN:255,(anonymous_15)
FN:261,(anonymous_16)
FN:290,(anonymous_17)
FN:307,(anonymous_18)
FN:340,(anonymous_19)
FN:372,(anonymous_20)
FN:426,(anonymous_21)
FN:445,(anonymous_22)
FN:454,(anonymous_23)
FN:494,(anonymous_24)
FN:513,(anonymous_25)
FN:524,(anonymous_26)
FN:534,(anonymous_27)
FN:561,(anonymous_28)
FN:569,(anonymous_29)
FN:579,(anonymous_30)
FN:589,(anonymous_31)
FN:618,(anonymous_32)
FN:633,(anonymous_33)
FN:644,(anonymous_34)
FN:669,(anonymous_35)
FN:690,(anonymous_36)
FN:713,(anonymous_37)
FN:728,(anonymous_38)
FN:732,(anonymous_39)
FN:751,(anonymous_40)
FN:852,(anonymous_41)
FN:914,(anonymous_42)
FN:928,(anonymous_43)
FN:934,(anonymous_44)
FN:997,(anonymous_45)
FN:1023,(anonymous_46)
FN:1042,(anonymous_47)
FN:1055,(anonymous_48)
FN:1073,(anonymous_49)
FN:1161,(anonymous_50)
FN:1227,(anonymous_51)
FN:1308,(anonymous_52)
FN:1335,(anonymous_53)
FN:1353,(anonymous_54)
FN:1381,(anonymous_55)
FN:1451,(anonymous_56)
FN:1473,(anonymous_57)
FN:1522,(anonymous_58)
FN:1582,(anonymous_59)
FNF:60
FNH:19
FNDA:38,(anonymous_0)
FNDA:0,(anonymous_1)
FNDA:0,(anonymous_2)
FNDA:0,(anonymous_3)
FNDA:2,(anonymous_4)
FNDA:0,(anonymous_5)
FNDA:0,(anonymous_6)
FNDA:2,(anonymous_7)
FNDA:0,(anonymous_8)
FNDA:0,(anonymous_9)
FNDA:2,(anonymous_10)
FNDA:24,(anonymous_11)
FNDA:2,(anonymous_12)
FNDA:4,(anonymous_13)
FNDA:1,(anonymous_14)
FNDA:2,(anonymous_15)
FNDA:1,(anonymous_16)
FNDA:0,(anonymous_17)
FNDA:2,(anonymous_18)
FNDA:0,(anonymous_19)
FNDA:30,(anonymous_20)
FNDA:24,(anonymous_21)
FNDA:0,(anonymous_22)
FNDA:24,(anonymous_23)
FNDA:0,(anonymous_24)
FNDA:0,(anonymous_25)
FNDA:0,(anonymous_26)
FNDA:0,(anonymous_27)
FNDA:0,(anonymous_28)
FNDA:0,(anonymous_29)
FNDA:0,(anonymous_30)
FNDA:0,(anonymous_31)
FNDA:0,(anonymous_32)
FNDA:0,(anonymous_33)
FNDA:0,(anonymous_34)
FNDA:0,(anonymous_35)
FNDA:0,(anonymous_36)
FNDA:0,(anonymous_37)
FNDA:0,(anonymous_38)
FNDA:0,(anonymous_39)
FNDA:0,(anonymous_40)
FNDA:0,(anonymous_41)
FNDA:0,(anonymous_42)
FNDA:0,(anonymous_43)
FNDA:0,(anonymous_44)
FNDA:0,(anonymous_45)
FNDA:0,(anonymous_46)
FNDA:0,(anonymous_47)
FNDA:0,(anonymous_48)
FNDA:0,(anonymous_49)
FNDA:0,(anonymous_50)
FNDA:0,(anonymous_51)
FNDA:0,(anonymous_52)
FNDA:0,(anonymous_53)
FNDA:42,(anonymous_54)
FNDA:4,(anonymous_55)
FNDA:2,(anonymous_56)
FNDA:2,(anonymous_57)
FNDA:6,(anonymous_58)
FNDA:0,(anonymous_59)
DA:12,38
DA:13,0
DA:17,38
DA:18,2
DA:19,0
DA:20,0
DA:22,38
DA:23,38
DA:24,2
DA:25,0
DA:26,0
DA:30,38
DA:32,38
DA:159,38
DA:180,2
DA:181,24
DA:187,0
DA:193,2
DA:194,2
DA:195,0
DA:199,2
DA:201,4
DA:202,2
DA:203,1
DA:207,1
DA:210,1
DA:217,1
DA:223,1
DA:229,1
DA:230,1
DA:231,0
DA:235,1
DA:237,1
DA:244,1
DA:250,0
DA:257,2
DA:262,1
DA:264,1
DA:266,1
DA:272,0
DA:274,0
DA:275,0
DA:281,0
DA:282,0
DA:283,0
DA:290,0
DA:291,0
DA:294,0
DA:299,0
DA:308,2
DA:310,2
DA:329,2
DA:336,0
DA:341,0
DA:342,0
DA:343,0
DA:346,0
DA:347,0
DA:350,0
DA:358,0
DA:359,0
DA:361,0
DA:369,0
DA:374,30
DA:375,17
DA:379,13
DA:380,13
DA:381,0
DA:382,0
DA:386,13
DA:387,13
DA:388,2
DA:389,11
DA:390,4
DA:391,7
DA:392,2
DA:393,5
DA:394,0
DA:395,5
DA:396,0
DA:397,5
DA:398,0
DA:399,5
DA:400,0
DA:401,5
DA:402,1
DA:403,4
DA:404,0
DA:405,4
DA:406,0
DA:407,4
DA:408,0
DA:411,13
DA:412,9
DA:419,9
DA:420,9
DA:423,4
DA:427,24
DA:428,24
DA:429,4
DA:432,20
DA:433,20
DA:434,0
DA:438,20
DA:439,0
DA:442,20
DA:446,0
DA:447,0
DA:448,0
DA:451,0
DA:456,24
DA:458,0
DA:459,0
DA:462,0
DA:473,0
DA:474,0
DA:478,24
DA:480,24
DA:481,18
DA:488,18
DA:491,6
DA:495,0
DA:496,0
DA:497,0
DA:500,0
DA:501,0
DA:502,0
DA:506,0
DA:507,0
DA:510,0
DA:514,0
DA:521,0
DA:525,0
DA:526,0
DA:528,0
DA:529,0
DA:532,0
DA:534,0
DA:535,0
DA:538,0
DA:539,0
DA:540,0
DA:545,0
DA:547,0
DA:548,0
DA:549,0
DA:552,0
DA:553,0
DA:557,0
DA:563,0
DA:564,0
DA:566,0
DA:570,0
DA:571,0
DA:572,0
DA:575,0
DA:576,0
DA:580,0
DA:581,0
DA:582,0
DA:585,0
DA:586,0
DA:590,0
DA:591,0
DA:592,0
DA:595,0
DA:596,0
DA:597,0
DA:598,0
DA:599,0
DA:600,0
DA:602,0
DA:603,0
DA:605,0
DA:615,0
DA:619,0
DA:621,0
DA:622,0
DA:630,0
DA:635,0
DA:636,0
DA:637,0
DA:638,0
DA:641,0
DA:645,0
DA:646,0
DA:647,0
DA:650,0
DA:651,0
DA:654,0
DA:655,0
DA:657,0
DA:666,0
DA:670,0
DA:672,0
DA:673,0
DA:676,0
DA:678,0
DA:687,0
DA:691,0
DA:710,0
DA:714,0
DA:715,0
DA:717,0
DA:718,0
DA:720,0
DA:721,0
DA:725,0
DA:729,0
DA:733,0
DA:734,0
DA:735,0
DA:738,0
DA:739,0
DA:740,0
DA:743,0
DA:744,0
DA:747,0
DA:753,0
DA:755,0
DA:757,0
DA:758,0
DA:759,0
DA:762,0
DA:763,0
DA:764,0
DA:767,0
DA:768,0
DA:769,0
DA:777,0
DA:778,0
DA:779,0
DA:788,0
DA:821,0
DA:822,0
DA:823,0
DA:827,0
DA:828,0
DA:832,0
DA:841,0
DA:842,0
DA:851,0
DA:852,0
DA:853,0
DA:855,0
DA:856,0
DA:866,0
DA:867,0
DA:874,0
DA:875,0
DA:877,0
DA:878,0
DA:888,0
DA:889,0
DA:890,0
DA:892,0
DA:893,0
DA:894,0
DA:904,0
DA:915,0
DA:917,0
DA:918,0
DA:921,0
DA:922,0
DA:923,0
DA:927,0
DA:928,0
DA:930,0
DA:935,0
DA:937,0
DA:938,0
DA:941,0
DA:943,0
DA:944,0
DA:945,0
DA:946,0
DA:947,0
DA:950,0
DA:951,0
DA:952,0
DA:953,0
DA:954,0
DA:958,0
DA:959,0
DA:960,0
DA:962,0
DA:966,0
DA:967,0
DA:969,0
DA:979,0
DA:980,0
DA:982,0
DA:983,0
DA:984,0
DA:988,0
DA:990,0
DA:991,0
DA:994,0
DA:998,0
DA:999,0
DA:1000,0
DA:1003,0
DA:1004,0
DA:1005,0
DA:1009,0
DA:1010,0
DA:1014,0
DA:1016,0
DA:1020,0
DA:1024,0
DA:1025,0
DA:1026,0
DA:1029,0
DA:1030,0
DA:1031,0
DA:1035,0
DA:1036,0
DA:1040,0
DA:1042,0
DA:1044,0
DA:1046,0
DA:1048,0
DA:1050,0
DA:1056,0
DA:1057,0
DA:1068,0
DA:1069,0
DA:1074,0
DA:1075,0
DA:1077,0
DA:1078,0
DA:1086,0
DA:1087,0
DA:1088,0
DA:1097,0
DA:1130,0
DA:1131,0
DA:1132,0
DA:1136,0
DA:1137,0
DA:1141,0
DA:1150,0
DA:1151,0
DA:1160,0
DA:1161,0
DA:1162,0
DA:1164,0
DA:1165,0
DA:1175,0
DA:1176,0
DA:1183,0
DA:1184,0
DA:1186,0
DA:1187,0
DA:1197,0
DA:1198,0
DA:1199,0
DA:1201,0
DA:1202,0
DA:1203,0
DA:1213,0
DA:1228,0
DA:1229,0
DA:1231,0
DA:1232,0
DA:1240,0
DA:1241,0
DA:1242,0
DA:1250,0
DA:1273,0
DA:1274,0
DA:1275,0
DA:1279,0
DA:1280,0
DA:1289,0
DA:1290,0
DA:1298,0
DA:1307,0
DA:1308,0
DA:1309,0
DA:1311,0
DA:1312,0
DA:1322,0
DA:1323,0
DA:1329,0
DA:1336,0
DA:1337,0
DA:1339,0
DA:1340,0
DA:1343,0
DA:1354,42
DA:1355,42
DA:1357,42
DA:1368,42
DA:1369,42
DA:1371,42
DA:1374,42
DA:1375,42
DA:1377,42
DA:1382,4
DA:1384,4
DA:1388,4
DA:1389,4
DA:1390,4
DA:1391,4
DA:1392,4
DA:1393,4
DA:1395,0
DA:1404,0
DA:1405,0
DA:1410,0
DA:1413,4
DA:1414,4
DA:1416,4
DA:1419,4
DA:1445,4
DA:1446,4
DA:1447,0
DA:1451,4
DA:1453,2
DA:1456,2
DA:1462,2
DA:1464,2
DA:1473,2
DA:1474,0
DA:1483,2
DA:1491,2
DA:1492,2
DA:1494,2
DA:1495,0
DA:1504,2
DA:1507,0
DA:1508,0
DA:1515,2
DA:1523,6
DA:1524,6
DA:1526,6
DA:1550,6
DA:1551,6
DA:1552,0
DA:1556,6
DA:1557,0
DA:1566,6
DA:1567,6
DA:1575,0
DA:1583,0
DA:1590,0
DA:1594,9
LF:448
LH:115
BRDA:12,0,0,38
BRDA:12,0,1,0
BRDA:17,1,0,38
BRDA:17,1,1,36
BRDA:23,2,0,38
BRDA:23,2,1,36
BRDA:194,3,0,0
BRDA:194,3,1,2
BRDA:194,4,0,2
BRDA:194,4,1,2
BRDA:194,4,2,2
BRDA:202,5,0,1
BRDA:202,5,1,1
BRDA:213,6,0,1
BRDA:213,6,1,0
BRDA:230,7,0,0
BRDA:230,7,1,1
BRDA:230,8,0,1
BRDA:230,8,1,1
BRDA:230,8,2,1
BRDA:240,9,0,1
BRDA:240,9,1,0
BRDA:264,10,0,1
BRDA:264,10,1,0
BRDA:274,11,0,0
BRDA:274,11,1,0
BRDA:282,12,0,0
BRDA:282,12,1,0
BRDA:291,13,0,0
BRDA:291,13,1,0
BRDA:296,14,0,0
BRDA:296,14,1,0
BRDA:313,15,0,2
BRDA:313,15,1,1
BRDA:321,16,0,2
BRDA:321,16,1,1
BRDA:330,17,0,2
BRDA:330,17,1,0
BRDA:332,18,0,2
BRDA:332,18,1,0
BRDA:333,19,0,2
BRDA:333,19,1,0
BRDA:342,20,0,0
BRDA:342,20,1,0
BRDA:346,21,0,0
BRDA:346,21,1,0
BRDA:374,22,0,17
BRDA:374,22,1,13
BRDA:380,23,0,0
BRDA:380,23,1,13
BRDA:380,24,0,13
BRDA:380,24,1,0
BRDA:387,25,0,2
BRDA:387,25,1,11
BRDA:389,26,0,4
BRDA:389,26,1,7
BRDA:391,27,0,2
BRDA:391,27,1,5
BRDA:393,28,0,0
BRDA:393,28,1,5
BRDA:395,29,0,0
BRDA:395,29,1,5
BRDA:397,30,0,0
BRDA:397,30,1,5
BRDA:399,31,0,0
BRDA:399,31,1,5
BRDA:401,32,0,1
BRDA:401,32,1,4
BRDA:403,33,0,0
BRDA:403,33,1,4
BRDA:405,34,0,0
BRDA:405,34,1,4
BRDA:407,35,0,0
BRDA:407,35,1,4
BRDA:411,36,0,9
BRDA:411,36,1,4
BRDA:411,37,0,13
BRDA:411,37,1,9
BRDA:428,38,0,4
BRDA:428,38,1,20
BRDA:433,39,0,0
BRDA:433,39,1,20
BRDA:438,40,0,0
BRDA:438,40,1,20
BRDA:447,41,0,0
BRDA:447,41,1,0
BRDA:454,42,0,24
BRDA:456,43,0,0
BRDA:456,43,1,24
BRDA:456,44,0,24
BRDA:456,44,1,24
BRDA:458,45,0,0
BRDA:458,45,1,0
BRDA:458,46,0,0
BRDA:458,46,1,0
BRDA:462,47,0,0
BRDA:462,47,1,0
BRDA:462,47,2,0
BRDA:462,47,3,0
BRDA:462,47,4,0
BRDA:462,47,5,0
BRDA:462,47,6,0
BRDA:462,47,7,0
BRDA:462,47,8,0
BRDA:462,47,9,0
BRDA:462,47,10,0
BRDA:462,47,11,0
BRDA:462,47,12,0
BRDA:462,47,13,0
BRDA:462,47,14,0
BRDA:462,47,15,0
BRDA:462,47,16,0
BRDA:473,48,0,0
BRDA:473,48,1,0
BRDA:480,49,0,18
BRDA:480,49,1,6
BRDA:496,50,0,0
BRDA:496,50,1,0
BRDA:501,51,0,0
BRDA:501,51,1,0
BRDA:506,52,0,0
BRDA:506,52,1,0
BRDA:521,53,0,0
BRDA:521,53,1,0
BRDA:528,54,0,0
BRDA:528,54,1,0
BRDA:539,55,0,0
BRDA:539,55,1,0
BRDA:545,56,0,0
BRDA:545,56,1,0
BRDA:552,57,0,0
BRDA:552,57,1,0
BRDA:563,58,0,0
BRDA:563,58,1,0
BRDA:571,59,0,0
BRDA:571,59,1,0
BRDA:581,60,0,0
BRDA:581,60,1,0
BRDA:591,61,0,0
BRDA:591,61,1,0
BRDA:596,62,0,0
BRDA:596,62,1,0
BRDA:635,63,0,0
BRDA:635,63,1,0
BRDA:638,64,0,0
BRDA:638,64,1,0
BRDA:646,65,0,0
BRDA:646,65,1,0
BRDA:650,66,0,0
BRDA:650,66,1,0
BRDA:672,67,0,0
BRDA:672,67,1,0
BRDA:721,68,0,0
BRDA:721,68,1,0
BRDA:729,69,0,0
BRDA:729,69,1,0
BRDA:734,70,0,0
BRDA:734,70,1,0
BRDA:739,71,0,0
BRDA:739,71,1,0
BRDA:743,72,0,0
BRDA:743,72,1,0
BRDA:755,73,0,0
BRDA:755,73,1,0
BRDA:759,74,0,0
BRDA:759,74,1,0
BRDA:768,75,0,0
BRDA:768,75,1,0
BRDA:778,76,0,0
BRDA:778,76,1,0
BRDA:822,77,0,0
BRDA:822,77,1,0
BRDA:827,78,0,0
BRDA:827,78,1,0
BRDA:827,79,0,0
BRDA:827,79,1,0
BRDA:828,80,0,0
BRDA:828,80,1,0
BRDA:828,81,0,0
BRDA:828,81,1,0
BRDA:841,82,0,0
BRDA:841,82,1,0
BRDA:841,83,0,0
BRDA:841,83,1,0
BRDA:851,84,0,0
BRDA:851,84,1,0
BRDA:853,85,0,0
BRDA:853,85,1,0
BRDA:855,86,0,0
BRDA:855,86,1,0
BRDA:866,87,0,0
BRDA:866,87,1,0
BRDA:874,88,0,0
BRDA:874,88,1,0
BRDA:875,89,0,0
BRDA:875,89,1,0
BRDA:877,90,0,0
BRDA:877,90,1,0
BRDA:888,91,0,0
BRDA:888,91,1,0
BRDA:888,92,0,0
BRDA:888,92,1,0
BRDA:890,93,0,0
BRDA:890,93,1,0
BRDA:892,94,0,0
BRDA:892,94,1,0
BRDA:893,95,0,0
BRDA:893,95,1,0
BRDA:906,96,0,0
BRDA:906,96,1,0
BRDA:907,97,0,0
BRDA:907,97,1,0
BRDA:907,98,0,0
BRDA:907,98,1,0
BRDA:908,99,0,0
BRDA:908,99,1,0
BRDA:914,100,0,0
BRDA:917,101,0,0
BRDA:917,101,1,0
BRDA:922,102,0,0
BRDA:922,102,1,0
BRDA:927,103,0,0
BRDA:927,103,1,0
BRDA:935,104,0,0
BRDA:935,104,1,0
BRDA:938,105,0,0
BRDA:938,105,1,0
BRDA:941,106,0,0
BRDA:941,106,1,0
BRDA:953,107,0,0
BRDA:953,107,1,0
BRDA:966,108,0,0
BRDA:966,108,1,0
BRDA:966,109,0,0
BRDA:966,109,1,0
BRDA:967,110,0,0
BRDA:967,110,1,0
BRDA:988,111,0,0
BRDA:988,111,1,0
BRDA:988,112,0,0
BRDA:988,112,1,0
BRDA:997,113,0,0
BRDA:999,114,0,0
BRDA:999,114,1,0
BRDA:1004,115,0,0
BRDA:1004,115,1,0
BRDA:1009,116,0,0
BRDA:1009,116,1,0
BRDA:1009,117,0,0
BRDA:1009,117,1,0
BRDA:1014,118,0,0
BRDA:1014,118,1,0
BRDA:1016,119,0,0
BRDA:1016,119,1,0
BRDA:1020,120,0,0
BRDA:1020,120,1,0
BRDA:1023,121,0,0
BRDA:1025,122,0,0
BRDA:1025,122,1,0
BRDA:1030,123,0,0
BRDA:1030,123,1,0
BRDA:1035,124,0,0
BRDA:1035,124,1,0
BRDA:1040,125,0,0
BRDA:1040,125,1,0
BRDA:1040,125,2,0
BRDA:1040,125,3,0
BRDA:1040,125,4,0
BRDA:1046,126,0,0
BRDA:1046,126,1,0
BRDA:1068,127,0,0
BRDA:1068,127,1,0
BRDA:1077,128,0,0
BRDA:1077,128,1,0
BRDA:1087,129,0,0
BRDA:1087,129,1,0
BRDA:1131,130,0,0
BRDA:1131,130,1,0
BRDA:1136,131,0,0
BRDA:1136,131,1,0
BRDA:1136,132,0,0
BRDA:1136,132,1,0
BRDA:1137,133,0,0
BRDA:1137,133,1,0
BRDA:1137,134,0,0
BRDA:1137,134,1,0
BRDA:1150,135,0,0
BRDA:1150,135,1,0
BRDA:1150,136,0,0
BRDA:1150,136,1,0
BRDA:1160,137,0,0
BRDA:1160,137,1,0
BRDA:1162,138,0,0
BRDA:1162,138,1,0
BRDA:1164,139,0,0
BRDA:1164,139,1,0
BRDA:1175,140,0,0
BRDA:1175,140,1,0
BRDA:1183,141,0,0
BRDA:1183,141,1,0
BRDA:1184,142,0,0
BRDA:1184,142,1,0
BRDA:1186,143,0,0
BRDA:1186,143,1,0
BRDA:1197,144,0,0
BRDA:1197,144,1,0
BRDA:1197,145,0,0
BRDA:1197,145,1,0
BRDA:1199,146,0,0
BRDA:1199,146,1,0
BRDA:1201,147,0,0
BRDA:1201,147,1,0
BRDA:1202,148,0,0
BRDA:1202,148,1,0
BRDA:1215,149,0,0
BRDA:1215,149,1,0
BRDA:1217,150,0,0
BRDA:1217,150,1,0
BRDA:1217,151,0,0
BRDA:1217,151,1,0
BRDA:1219,152,0,0
BRDA:1219,152,1,0
BRDA:1231,153,0,0
BRDA:1231,153,1,0
BRDA:1241,154,0,0
BRDA:1241,154,1,0
BRDA:1274,155,0,0
BRDA:1274,155,1,0
BRDA:1279,156,0,0
BRDA:1279,156,1,0
BRDA:1279,157,0,0
BRDA:1279,157,1,0
BRDA:1282,158,0,0
BRDA:1282,158,1,0
BRDA:1289,159,0,0
BRDA:1289,159,1,0
BRDA:1289,160,0,0
BRDA:1289,160,1,0
[...]
TN:
SF:src/mobile/tests/integration/cross-platform.integration.test.js
FN:10,(anonymous_0)
FN:13,(anonymous_1)
FN:42,(anonymous_2)
FN:43,(anonymous_3)
FN:47,(anonymous_4)
FN:64,(anonymous_5)
FN:91,(anonymous_6)
FN:106,(anonymous_7)
FN:118,(anonymous_8)
FN:119,(anonymous_9)
FN:124,(anonymous_10)
FN:142,(anonymous_11)
FN:151,(anonymous_12)
FN:160,(anonymous_13)
FN:179,(anonymous_14)
FN:190,(anonymous_15)
FN:191,(anonymous_16)
FN:226,(anonymous_17)
FN:249,(anonymous_18)
FN:267,(anonymous_19)
FN:275,(anonymous_20)
FN:276,(anonymous_21)
FN:290,(anonymous_22)
FN:305,(anonymous_23)
FN:318,(anonymous_24)
FN:319,(anonymous_25)
FN:339,(anonymous_26)
FN:352,(anonymous_27)
FN:353,(anonymous_28)
FN:377,(anonymous_29)
FNF:30
FNH:0
FNDA:0,(anonymous_0)
FNDA:0,(anonymous_1)
FNDA:0,(anonymous_2)
FNDA:0,(anonymous_3)
FNDA:0,(anonymous_4)
FNDA:0,(anonymous_5)
FNDA:0,(anonymous_6)
FNDA:0,(anonymous_7)
FNDA:0,(anonymous_8)
FNDA:0,(anonymous_9)
FNDA:0,(anonymous_10)
FNDA:0,(anonymous_11)
FNDA:0,(anonymous_12)
FNDA:0,(anonymous_13)
FNDA:0,(anonymous_14)
FNDA:0,(anonymous_15)
FNDA:0,(anonymous_16)
FNDA:0,(anonymous_17)
FNDA:0,(anonymous_18)
FNDA:0,(anonymous_19)
FNDA:0,(anonymous_20)
FNDA:0,(anonymous_21)
FNDA:0,(anonymous_22)
FNDA:0,(anonymous_23)
FNDA:0,(anonymous_24)
FNDA:0,(anonymous_25)
FNDA:0,(anonymous_26)
FNDA:0,(anonymous_27)
FNDA:0,(anonymous_28)
FNDA:0,(anonymous_29)
DA:6,0
DA:7,0
DA:8,0
DA:10,0
DA:13,0
DA:15,0
DA:16,0
DA:19,0
DA:25,0
DA:35,0
DA:42,0
DA:43,0
DA:44,0
DA:47,0
DA:49,0
DA:50,0
DA:51,0
DA:52,0
DA:55,0
DA:56,0
DA:57,0
DA:60,0
DA:61,0
DA:64,0
DA:65,0
DA:71,0
DA:72,0
DA:73,0
DA:76,0
DA:77,0
DA:86,0
DA:87,0
DA:88,0
DA:91,0
DA:92,0
DA:98,0
DA:99,0
DA:100,0
DA:102,0
DA:103,0
DA:106,0
DA:107,0
DA:112,0
DA:113,0
DA:114,0
DA:118,0
DA:119,0
DA:120,0
DA:121,0
DA:124,0
DA:126,0
DA:127,0
DA:128,0
DA:129,0
DA:132,0
DA:133,0
DA:134,0
DA:137,0
DA:138,0
DA:139,0
DA:142,0
DA:143,0
DA:145,0
DA:146,0
DA:147,0
DA:148,0
DA:151,0
DA:152,0
DA:154,0
DA:155,0
DA:156,0
DA:157,0
DA:160,0
DA:161,0
DA:170,0
DA:172,0
DA:173,0
DA:174,0
DA:175,0
DA:176,0
DA:179,0
DA:180,0
DA:182,0
DA:183,0
DA:184,0
DA:185,0
DA:186,0
DA:190,0
DA:191,0
DA:193,0
DA:194,0
DA:196,0
DA:200,0
DA:203,0
DA:204,0
DA:207,0
DA:208,0
DA:209,0
DA:212,0
DA:218,0
DA:219,0
DA:222,0
DA:223,0
DA:226,0
DA:228,0
DA:231,0
DA:237,0
DA:244,0
DA:245,0
DA:246,0
DA:249,0
DA:251,0
DA:254,0
DA:258,0
DA:261,0
DA:262,0
DA:265,0
DA:267,0
DA:270,0
DA:271,0
DA:275,0
DA:276,0
DA:277,0
DA:280,0
DA:281,0
DA:282,0
DA:285,0
DA:286,0
DA:287,0
DA:290,0
DA:291,0
DA:294,0
DA:295,0
DA:296,0
DA:299,0
DA:300,0
DA:301,0
DA:302,0
DA:305,0
DA:307,0
DA:308,0
DA:309,0
DA:312,0
DA:313,0
DA:314,0
DA:318,0
DA:319,0
DA:321,0
DA:328,0
DA:329,0
DA:330,0
DA:332,0
DA:333,0
DA:334,0
DA:335,0
DA:339,0
DA:340,0
DA:346,0
DA:347,0
DA:348,0
DA:352,0
DA:353,0
DA:355,0
DA:362,0
DA:363,0
DA:364,0
DA:365,0
DA:366,0
DA:369,0
DA:370,0
DA:371,0
DA:373,0
DA:374,0
DA:377,0
DA:378,0
DA:384,0
DA:385,0
DA:386,0
DA:387,0
LF:179
LH:0
BRF:0
BRH:0
end_of_record
TN:
SF:src/mobile/tests/integration/mobile-services.integration.test.js
FN:10,(anonymous_0)
FN:12,(anonymous_1)
FN:15,(anonymous_2)
FN:23,(anonymous_3)
FN:31,(anonymous_4)
FN:41,(anonymous_5)
FN:58,(anonymous_6)
FN:71,(anonymous_7)
FN:98,(anonymous_8)
FN:102,(anonymous_9)
FN:116,(anonymous_10)
FN:124,(anonymous_11)
FN:133,(anonymous_12)
FN:144,(anonymous_13)
FN:153,(anonymous_14)
FN:162,(anonymous_15)
FN:170,(anonymous_16)
FN:173,(anonymous_17)
FN:182,(anonymous_18)
FN:188,(anonymous_19)
FN:202,(anonymous_20)
FN:225,(anonymous_21)
FN:252,(anonymous_22)
FN:260,(anonymous_23)
FN:269,(anonymous_24)
FN:270,(anonymous_25)
FNF:26
FNH:0
FNDA:0,(anonymous_0)
FNDA:0,(anonymous_1)
FNDA:0,(anonymous_2)
FNDA:0,(anonymous_3)
FNDA:0,(anonymous_4)
FNDA:0,(anonymous_5)
FNDA:0,(anonymous_6)
FNDA:0,(anonymous_7)
FNDA:0,(anonymous_8)
FNDA:0,(anonymous_9)
FNDA:0,(anonymous_10)
FNDA:0,(anonymous_11)
FNDA:0,(anonymous_12)
FNDA:0,(anonymous_13)
FNDA:0,(anonymous_14)
FNDA:0,(anonymous_15)
FNDA:0,(anonymous_16)
FNDA:0,(anonymous_17)
FNDA:0,(anonymous_18)
FNDA:0,(anonymous_19)
FNDA:0,(anonymous_20)
FNDA:0,(anonymous_21)
FNDA:0,(anonymous_22)
FNDA:0,(anonymous_23)
FNDA:0,(anonymous_24)
FNDA:0,(anonymous_25)
DA:6,0
DA:7,0
DA:8,0
DA:10,0
DA:12,0
DA:15,0
DA:16,0
DA:23,0
DA:24,0
DA:26,0
DA:27,0
DA:28,0
DA:31,0
DA:32,0
DA:36,0
DA:37,0
DA:38,0
DA:41,0
DA:42,0
DA:48,0
DA:52,0
DA:53,0
DA:55,0
DA:58,0
DA:60,0
DA:61,0
DA:63,0
DA:65,0
DA:66,0
DA:67,0
DA:68,0
DA:71,0
DA:72,0
DA:78,0
DA:79,0
DA:82,0
DA:83,0
DA:92,0
DA:93,0
DA:94,0
DA:98,0
DA:102,0
DA:103,0
DA:108,0
DA:116,0
DA:117,0
DA:119,0
DA:120,0
DA:121,0
DA:124,0
DA:125,0
DA:126,0
DA:128,0
DA:129,0
DA:130,0
DA:133,0
DA:134,0
DA:135,0
DA:137,0
DA:139,0
DA:140,0
DA:141,0
DA:144,0
DA:145,0
DA:147,0
DA:148,0
DA:149,0
DA:150,0
DA:153,0
DA:154,0
DA:155,0
DA:157,0
DA:158,0
DA:159,0
DA:162,0
DA:163,0
DA:164,0
DA:166,0
DA:170,0
DA:173,0
DA:174,0
DA:182,0
DA:183,0
DA:185,0
DA:188,0
DA:189,0
DA:195,0
DA:197,0
DA:198,0
DA:199,0
DA:202,0
DA:204,0
DA:209,0
DA:212,0
DA:218,0
DA:220,0
DA:221,0
DA:222,0
DA:225,0
DA:227,0
DA:232,0
DA:235,0
DA:242,0
DA:248,0
DA:249,0
DA:252,0
DA:253,0
DA:255,0
DA:256,0
DA:257,0
DA:260,0
DA:261,0
DA:263,0
DA:264,0
DA:265,0
DA:269,0
DA:270,0
DA:272,0
DA:273,0
DA:278,0
DA:281,0
DA:282,0
DA:283,0
DA:286,0
DA:287,0
DA:290,0
DA:291,0
DA:294,0
DA:299,0
LF:129
LH:0
BRF:0
BRH:0
end_of_record
TN:
SF:src/mobile/tests/services/BLEBackgroundService.test.js
FN:25,(anonymous_0)
FN:29,(anonymous_1)
FN:44,(anonymous_2)
FN:45,(anonymous_3)
FN:50,(anonymous_4)
FN:51,(anonymous_5)
FN:69,(anonymous_6)
FN:78,(anonymous_7)
FN:80,(anonymous_8)
FN:102,(anonymous_9)
FN:123,(anonymous_10)
FN:124,(anonymous_11)
FN:147,(anonymous_12)
FN:181,(anonymous_13)
FN:200,(anonymous_14)
FN:213,(anonymous_15)
FN:214,(anonymous_16)
FN:219,(anonymous_17)
FN:220,(anonymous_18)
FN:231,(anonymous_19)
FN:254,(anonymous_20)
FN:272,(anonymous_21)
FN:287,(anonymous_22)
FN:288,(anonymous_23)
FN:289,(anonymous_24)
FN:304,(anonymous_25)
FN:319,(anonymous_26)
FN:337,(anonymous_27)
FN:338,(anonymous_28)
FN:353,(anonymous_29)
FN:368,(anonymous_30)
FN:389,(anonymous_31)
FN:390,(anonymous_32)
FN:391,(anonymous_33)
FN:408,(anonymous_34)
FN:425,(anonymous_35)
FN:426,(anonymous_36)
FN:448,(anonymous_37)
FN:467,(anonymous_38)
FN:468,(anonymous_39)
FN:469,(anonymous_40)
FN:483,(anonymous_41)
FN:495,(anonymous_42)
FN:501,(anonymous_43)
FN:537,(anonymous_44)
FN:558,(anonymous_45)
FN:559,(anonymous_46)
FN:560,(anonymous_47)
FN:579,(anonymous_48)
FN:597,(anonymous_49)
FN:598,(anonymous_50)
FN:617,(anonymous_51)
FN:633,(anonymous_52)
FN:634,(anonymous_53)
FN:635,(anonymous_54)
FN:655,(anonymous_55)
FNF:56
FNH:0
FNDA:0,(anonymous_0)
FNDA:0,(anonymous_1)
FNDA:0,(anonymous_2)
FNDA:0,(anonymous_3)
FNDA:0,(anonymous_4)
FNDA:0,(anonymous_5)
FNDA:0,(anonymous_6)
FNDA:0,(anonymous_7)
FNDA:0,(anonymous_8)
FNDA:0,(anonymous_9)
FNDA:0,(anonymous_10)
FNDA:0,(anonymous_11)
FNDA:0,(anonymous_12)
FNDA:0,(anonymous_13)
FNDA:0,(anonymous_14)
FNDA:0,(anonymous_15)
FNDA:0,(anonymous_16)
FNDA:0,(anonymous_17)
FNDA:0,(anonymous_18)
FNDA:0,(anonymous_19)
FNDA:0,(anonymous_20)
FNDA:0,(anonymous_21)
FNDA:0,(anonymous_22)
FNDA:0,(anonymous_23)
FNDA:0,(anonymous_24)
FNDA:0,(anonymous_25)
FNDA:0,(anonymous_26)
FNDA:0,(anonymous_27)
FNDA:0,(anonymous_28)
FNDA:0,(anonymous_29)
FNDA:0,(anonymous_30)
FNDA:0,(anonymous_31)
FNDA:0,(anonymous_32)
FNDA:0,(anonymous_33)
FNDA:0,(anonymous_34)
FNDA:0,(anonymous_35)
FNDA:0,(anonymous_36)
FNDA:0,(anonymous_37)
FNDA:0,(anonymous_38)
FNDA:0,(anonymous_39)
FNDA:0,(anonymous_40)
FNDA:0,(anonymous_41)
FNDA:0,(anonymous_42)
FNDA:0,(anonymous_43)
FNDA:0,(anonymous_44)
FNDA:0,(anonymous_45)
FNDA:0,(anonymous_46)
FNDA:0,(anonymous_47)
FNDA:0,(anonymous_48)
FNDA:0,(anonymous_49)
FNDA:0,(anonymous_50)
FNDA:0,(anonymous_51)
FNDA:0,(anonymous_52)
FNDA:0,(anonymous_53)
FNDA:0,(anonymous_54)
FNDA:0,(anonymous_55)
DA:13,0
DA:14,0
DA:15,0
DA:22,0
DA:23,0
DA:25,0
DA:29,0
DA:30,0
DA:32,0
DA:41,0
DA:44,0
DA:45,0
DA:47,0
DA:50,0
DA:51,0
DA:53,0
DA:54,0
DA:60,0
DA:63,0
DA:64,0
DA:65,0
DA:66,0
DA:69,0
DA:71,0
DA:78,0
DA:80,0
DA:81,0
DA:83,0
DA:87,0
DA:90,0
DA:91,0
DA:92,0
DA:102,0
DA:104,0
DA:112,0
DA:115,0
DA:116,0
DA:117,0
DA:118,0
DA:119,0
DA:123,0
DA:124,0
DA:126,0
DA:127,0
DA:135,0
DA:138,0
DA:139,0
DA:147,0
DA:149,0
DA:155,0
DA:162,0
DA:168,0
DA:176,0
DA:177,0
DA:178,0
DA:181,0
DA:183,0
DA:190,0
DA:193,0
DA:200,0
DA:202,0
DA:205,0
DA:208,0
DA:213,0
DA:214,0
DA:215,0
DA:216,0
DA:219,0
DA:220,0
DA:222,0
DA:225,0
DA:226,0
DA:227,0
DA:228,0
DA:231,0
DA:233,0
DA:243,0
DA:246,0
DA:247,0
DA:254,0
DA:256,0
DA:264,0
DA:267,0
DA:268,0
DA:269,0
DA:272,0
DA:274,0
DA:277,0
DA:287,0
DA:288,0
DA:289,0
DA:291,0
DA:292,0
DA:295,0
DA:298,0
DA:299,0
DA:300,0
DA:301,0
DA:304,0
DA:306,0
DA:307,0
DA:310,0
DA:313,0
DA:314,0
DA:315,0
DA:316,0
DA:319,0
DA:321,0
DA:328,0
DA:331,0
DA:332,0
DA:333,0
DA:337,0
DA:338,0
DA:340,0
DA:347,0
DA:350,0
DA:353,0
DA:355,0
DA:362,0
DA:365,0
DA:368,0
DA:370,0
DA:377,0
DA:378,0
DA:382,0
DA:384,0
DA:389,0
DA:390,0
DA:391,0
DA:393,0
DA:400,0
DA:403,0
DA:404,0
DA:405,0
DA:408,0
DA:410,0
DA:416,0
DA:419,0
DA:420,0
DA:421,0
DA:425,0
DA:426,0
DA:428,0
DA:437,0
DA:440,0
DA:441,0
DA:442,0
DA:443,0
DA:444,0
DA:445,0
DA:448,0
DA:450,0
DA:456,0
DA:457,0
DA:460,0
DA:461,0
DA:462,0
DA:467,0
DA:468,0
DA:469,0
DA:471,0
DA:481,0
DA:483,0
DA:487,0
DA:490,0
DA:491,0
DA:492,0
DA:495,0
DA:497,0
DA:498,0
DA:501,0
DA:502,0
DA:503,0
DA:504,0
DA:506,0
DA:510,0
DA:511,0
DA:514,0
DA:515,0
DA:516,0
DA:518,0
DA:521,0
DA:522,0
DA:523,0
DA:525,0
DA:529,0
DA:530,0
DA:531,0
DA:534,0
DA:537,0
DA:539,0
DA:545,0
DA:548,0
DA:549,0
DA:552,0
DA:553,0
DA:558,0
DA:559,0
DA:560,0
DA:562,0
DA:565,0
DA:571,0
DA:572,0
DA:573,0
DA:579,0
DA:581,0
DA:587,0
DA:590,0
DA:591,0
DA:592,0
DA:593,0
DA:597,0
DA:598,0
DA:600,0
DA:603,0
DA:606,0
DA:607,0
DA:608,0
DA:609,0
DA:617,0
DA:619,0
DA:620,0
DA:623,0
DA:626,0
DA:627,0
DA:628,0
DA:633,0
DA:634,0
DA:635,0
DA:637,0
DA:643,0
DA:646,0
DA:647,0
DA:648,0
DA:649,0
DA:655,0
DA:657,0
DA:664,0
DA:667,0
DA:674,0
DA:677,0
DA:679,0
DA:680,0
DA:681,0
LF:245
LH:0
BRDA:503,0,0,0
BRDA:503,0,1,0
BRDA:680,1,0,0
BRDA:680,1,1,0
BRF:4
BRH:0
end_of_record
TN:
SF:src/mobile/tests/services/MobileGeofenceEngine.test.js
FN:27,(anonymous_0)
FN:32,(anonymous_1)
FN:53,(anonymous_2)
FN:54,(anonymous_3)
FN:59,(anonymous_4)
FN:60,(anonymous_5)
FN:73,(anonymous_6)
FN:87,(anonymous_7)
FN:105,(anonymous_8)
FN:106,(anonymous_9)
FN:133,(anonymous_10)
FN:135,(anonymous_11)
FN:150,(anonymous_12)
FN:162,(anonymous_13)
FN:163,(anonymous_14)
FN:167,(anonymous_15)
FN:170,(anonymous_16)
FN:171,(anonymous_17)
FN:201,(anonymous_18)
FN:203,(anonymous_19)
FN:223,(anonymous_20)
FN:239,(anonymous_21)
FN:240,(anonymous_22)
FN:241,(anonymous_23)
FN:263,(anonymous_24)
FN:299,(anonymous_25)
FN:319,(anonymous_26)
FN:320,(anonymous_27)
FN:321,(anonymous_28)
FN:351,(anonymous_29)
FN:372,(anonymous_30)
FN:403,(anonymous_31)
FN:404,(anonymous_32)
FN:428,(anonymous_33)
FN:450,(anonymous_34)
FN:471,(anonymous_35)
FN:472,(anonymous_36)
FN:473,(anonymous_37)
FN:506,(anonymous_38)
FN:532,(anonymous_39)
FN:555,(anonymous_40)
FN:556,(anonymous_41)
FN:557,(anonymous_42)
FN:561,(anonymous_43)
FN:579,(anonymous_44)
FN:594,(anonymous_45)
FN:595,(anonymous_46)
FN:612,(anonymous_47)
FN:630,(anonymous_48)
FN:631,(anonymous_49)
FN:645,(anonymous_50)
FN:659,(anonymous_51)
FN:670,(anonymous_52)
FN:684,(anonymous_53)
FN:696,(anonymous_54)
FN:705,(anonymous_55)
FN:717,(anonymous_56)
FN:718,(anonymous_57)
FN:736,(anonymous_58)
FN:747,(anonymous_59)
FN:767,(anonymous_60)
FN:768,(anonymous_61)
FN:779,(anonymous_62)
FN:790,(anonymous_63)
FN:802,(anonymous_64)
FN:803,(anonymous_65)
FN:828,(anonymous_66)
FNF:67
FNH:0
FNDA:0,(anonymous_0)
FNDA:0,(anonymous_1)
FNDA:0,(anonymous_2)
FNDA:0,(anonymous_3)
FNDA:0,(anonymous_4)
FNDA:0,(anonymous_5)
FNDA:0,(anonymous_6)
FNDA:0,(anonymous_7)
FNDA:0,(anonymous_8)
FNDA:0,(anonymous_9)
FNDA:0,(anonymous_10)
FNDA:0,(anonymous_11)
FNDA:0,(anonymous_12)
FNDA:0,(anonymous_13)
FNDA:0,(anonymous_14)
FNDA:0,(anonymous_15)
FNDA:0,(anonymous_16)
FNDA:0,(anonymous_17)
FNDA:0,(anonymous_18)
FNDA:0,(anonymous_19)
FNDA:0,(anonymous_20)
FNDA:0,(anonymous_21)
FNDA:0,(anonymous_22)
FNDA:0,(anonymous_23)
FNDA:0,(anonymous_24)
FNDA:0,(anonymous_25)
FNDA:0,(anonymous_26)
FNDA:0,(anonymous_27)
FNDA:0,(anonymous_28)
FNDA:0,(anonymous_29)
FNDA:0,(anonymous_30)
FNDA:0,(anonymous_31)
FNDA:0,(anonymous_32)
FNDA:0,(anonymous_33)
FNDA:0,(anonymous_34)
FNDA:0,(anonymous_35)
FNDA:0,(anonymous_36)
FNDA:0,(anonymous_37)
FNDA:0,(anonymous_38)
FNDA:0,(anonymous_39)
FNDA:0,(anonymous_40)
FNDA:0,(anonymous_41)
FNDA:0,(anonymous_42)
FNDA:0,(anonymous_43)
FNDA:0,(anonymous_44)
FNDA:0,(anonymous_45)
FNDA:0,(anonymous_46)
FNDA:0,(anonymous_47)
FNDA:0,(anonymous_48)
FNDA:0,(anonymous_49)
FNDA:0,(anonymous_50)
FNDA:0,(anonymous_51)
FNDA:0,(anonymous_52)
FNDA:0,(anonymous_53)
FNDA:0,(anonymous_54)
FNDA:0,(anonymous_55)
FNDA:0,(anonymous_56)
FNDA:0,(anonymous_57)
FNDA:0,(anonymous_58)
FNDA:0,(anonymous_59)
FNDA:0,(anonymous_60)
FNDA:0,(anonymous_61)
FNDA:0,(anonymous_62)
FNDA:0,(anonymous_63)
FNDA:0,(anonymous_64)
FNDA:0,(anonymous_65)
FNDA:0,(anonymous_66)
DA:13,0
DA:16,0
DA:17,0
DA:18,0
DA:20,0
DA:21,0
DA:22,0
DA:23,0
DA:24,0
DA:25,0
DA:27,0
DA:32,0
DA:33,0
DA:35,0
DA:43,0
DA:50,0
DA:53,0
DA:54,0
DA:56,0
DA:59,0
DA:60,0
DA:62,0
DA:63,0
DA:66,0
DA:69,0
DA:70,0
DA:73,0
DA:75,0
DA:77,0
DA:80,0
DA:83,0
DA:84,0
DA:87,0
DA:89,0
DA:90,0
DA:93,0
DA:96,0
DA:105,0
DA:106,0
DA:108,0
DA:117,0
DA:120,0
DA:121,0
DA:122,0
DA:133,0
DA:135,0
DA:142,0
DA:146,0
DA:147,0
DA:150,0
DA:152,0
DA:155,0
DA:156,0
DA:157,0
DA:162,0
DA:163,0
DA:165,0
DA:166,0
DA:167,0
DA:170,0
DA:171,0
DA:173,0
DA:183,0
DA:186,0
DA:198,0
DA:201,0
DA:203,0
DA:204,0
DA:205,0
DA:207,0
DA:211,0
DA:214,0
DA:215,0
DA:223,0
DA:225,0
DA:228,0
DA:234,0
DA:239,0
DA:240,0
DA:241,0
DA:243,0
DA:251,0
DA:254,0
DA:255,0
DA:256,0
DA:263,0
DA:265,0
DA:271,0
DA:279,0
DA:281,0
DA:282,0
DA:283,0
DA:287,0
DA:289,0
DA:299,0
DA:301,0
DA:309,0
DA:310,0
DA:312,0
DA:313,0
DA:319,0
DA:320,0
DA:321,0
DA:323,0
DA:329,0
DA:337,0
DA:340,0
DA:348,0
DA:351,0
DA:353,0
DA:354,0
DA:355,0
DA:358,0
DA:359,0
DA:362,0
DA:363,0
DA:372,0
DA:374,0
DA:375,0
DA:376,0
DA:379,0
DA:382,0
DA:383,0
DA:384,0
DA:385,0
DA:388,0
DA:391,0
DA:399,0
DA:403,0
DA:404,0
DA:406,0
DA:415,0
DA:422,0
DA:425,0
DA:428,0
DA:430,0
DA:431,0
DA:435,0
DA:438,0
DA:441,0
DA:442,0
DA:443,0
DA:450,0
DA:452,0
DA:460,0
DA:463,0
DA:471,0
DA:472,0
DA:473,0
DA:475,0
DA:486,0
DA:489,0
DA:492,0
DA:495,0
DA:496,0
DA:497,0
DA:506,0
DA:508,0
DA:520,0
DA:523,0
DA:526,0
DA:532,0
DA:534,0
DA:540,0
DA:543,0
DA:544,0
DA:550,0
DA:555,0
DA:556,0
DA:557,0
DA:560,0
DA:562,0
DA:567,0
DA:571,0
DA:579,0
DA:581,0
DA:584,0
DA:590,0
DA:594,0
DA:595,0
DA:599,0
DA:600,0
DA:603,0
DA:604,0
DA:605,0
DA:609,0
DA:612,0
DA:616,0
DA:619,0
DA:625,0
DA:630,0
DA:631,0
DA:633,0
DA:636,0
DA:645,0
DA:647,0
DA:650,0
DA:659,0
DA:661,0
DA:664,0
DA:670,0
DA:672,0
DA:675,0
DA:684,0
DA:686,0
DA:689,0
DA:696,0
DA:698,0
DA:701,0
DA:702,0
DA:705,0
DA:707,0
DA:710,0
DA:717,0
DA:718,0
DA:720,0
DA:726,0
DA:729,0
DA:736,0
DA:738,0
DA:741,0
DA:747,0
DA:749,0
DA:755,0
DA:758,0
DA:767,0
DA:768,0
DA:770,0
DA:773,0
DA:779,0
DA:781,0
DA:784,0
DA:790,0
DA:792,0
DA:795,0
DA:802,0
DA:803,0
DA:805,0
DA:810,0
DA:813,0
DA:820,0
DA:823,0
DA:824,0
DA:825,0
DA:828,0
DA:830,0
DA:835,0
DA:838,0
DA:845,0
DA:852,0
DA:853,0
LF:251
LH:0
BRDA:20,0,0,0
BRDA:20,0,1,0
BRDA:21,1,0,0
BRDA:21,1,1,0
BRDA:22,2,0,0
BRDA:22,2,1,0
BRDA:23,3,0,0
BRDA:23,3,1,0
BRDA:24,4,0,0
BRDA:24,4,1,0
BRDA:167,5,0,0
BRDA:167,5,1,0
BRDA:204,6,0,0
BRDA:204,6,1,0
BRDA:282,7,0,0
BRDA:282,7,1,0
BRDA:384,8,0,0
BRDA:384,8,1,0
BRF:18
BRH:0
end_of_record
TN:
SF:src/mobile/tests/services/MyDataIntegrationService.test.js
FN:47,(anonymous_0)
FN:52,(anonymous_1)
FN:75,(anonymous_2)
FN:76,(anonymous_3)
FN:77,(anonymous_4)
FN:101,(anonymous_5)
FN:112,(anonymous_6)
FN:127,(anonymous_7)
FN:143,(anonymous_8)
FN:144,(anonymous_9)
FN:156,(anonymous_10)
FN:169,(anonymous_11)
FN:175,(anonymous_12)
FN:200,(anonymous_13)
FN:218,(anonymous_14)
FN:219,(anonymous_15)
FN:220,(anonymous_16)
FN:238,(anonymous_17)
FN:268,(anonymous_18)
FN:285,(anonymous_19)
FN:302,(anonymous_20)
FN:303,(anonymous_21)
FN:304,(anonymous_22)
FN:343,(anonymous_23)
FN:366,(anonymous_24)
FN:393,(anonymous_25)
FN:394,(anonymous_26)
FN:421,(anonymous_27)
FN:438,(anonymous_28)
FN:463,(anonymous_29)
FN:464,(anonymous_30)
FN:465,(anonymous_31)
FN:494,(anonymous_32)
FN:519,(anonymous_33)
FN:520,(anonymous_34)
FN:542,(anonymous_35)
FN:570,(anonymous_36)
FN:571,(anonymous_37)
FN:572,(anonymous_38)
FN:589,(anonymous_39)
FN:599,(anonymous_40)
FN:612,(anonymous_41)
FN:613,(anonymous_42)
FN:632,(anonymous_43)
FN:650,(anonymous_44)
FN:651,(anonymous_45)
FN:652,(anonymous_46)
FN:683,(anonymous_47)
FN:700,(anonymous_48)
FN:701,(anonymous_49)
FN:707,(anonymous_50)
FN:731,(anonymous_51)
FN:741,(anonymous_52)
FNF:53
FNH:0
FNDA:0,(anonymous_0)
FNDA:0,(anonymous_1)
FNDA:0,(anonymous_2)
FNDA:0,(anonymous_3)
FNDA:0,(anonymous_4)
FNDA:0,(anonymous_5)
FNDA:0,(anonymous_6)
FNDA:0,(anonymous_7)
FNDA:0,(anonymous_8)
FNDA:0,(anonymous_9)
FNDA:0,(anonymous_10)
FNDA:0,(anonymous_11)
FNDA:0,(anonymous_12)
FNDA:0,(anonymous_13)
FNDA:0,(anonymous_14)
FNDA:0,(anonymous_15)
FNDA:0,(anonymous_16)
FNDA:0,(anonymous_17)
FNDA:0,(anonymous_18)
FNDA:0,(anonymous_19)
FNDA:0,(anonymous_20)
FNDA:0,(anonymous_21)
FNDA:0,(anonymous_22)
FNDA:0,(anonymous_23)
FNDA:0,(anonymous_24)
FNDA:0,(anonymous_25)
FNDA:0,(anonymous_26)
FNDA:0,(anonymous_27)
FNDA:0,(anonymous_28)
FNDA:0,(anonymous_29)
FNDA:0,(anonymous_30)
FNDA:0,(anonymous_31)
FNDA:0,(anonymous_32)
FNDA:0,(anonymous_33)
FNDA:0,(anonymous_34)
FNDA:0,(anonymous_35)
FNDA:0,(anonymous_36)
FNDA:0,(anonymous_37)
FNDA:0,(anonymous_38)
FNDA:0,(anonymous_39)
FNDA:0,(anonymous_40)
FNDA:0,(anonymous_41)
FNDA:0,(anonymous_42)
FNDA:0,(anonymous_43)
FNDA:0,(anonymous_44)
FNDA:0,(anonymous_45)
FNDA:0,(anonymous_46)
FNDA:0,(anonymous_47)
FNDA:0,(anonymous_48)
FNDA:0,(anonymous_49)
FNDA:0,(anonymous_50)
FNDA:0,(anonymous_51)
FNDA:0,(anonymous_52)
DA:13,0
DA:16,0
DA:17,0
DA:18,0
DA:22,0
DA:23,0
DA:26,0
DA:47,0
DA:52,0
DA:53,0
DA:55,0
DA:65,0
DA:72,0
DA:75,0
DA:76,0
DA:77,0
DA:79,0
DA:89,0
DA:92,0
DA:93,0
DA:94,0
DA:101,0
DA:103,0
DA:104,0
DA:107,0
DA:108,0
DA:109,0
DA:112,0
DA:114,0
DA:115,0
DA:118,0
DA:121,0
DA:122,0
DA:123,0
DA:124,0
DA:127,0
DA:129,0
DA:130,0
DA:131,0
DA:134,0
DA:138,0
DA:139,0
DA:143,0
DA:144,0
DA:146,0
DA:147,0
DA:154,0
DA:156,0
DA:160,0
DA:163,0
DA:164,0
DA:165,0
DA:166,0
DA:169,0
DA:171,0
DA:172,0
DA:175,0
DA:182,0
DA:189,0
DA:193,0
DA:200,0
DA:202,0
DA:203,0
DA:205,0
DA:208,0
DA:211,0
DA:212,0
DA:213,0
DA:218,0
DA:219,0
DA:220,0
DA:222,0
DA:236,0
DA:238,0
DA:242,0
DA:245,0
DA:254,0
DA:264,0
DA:265,0
DA:268,0
DA:270,0
DA:277,0
DA:280,0
DA:281,0
DA:282,0
DA:285,0
DA:287,0
DA:288,0
DA:291,0
DA:292,0
DA:295,0
DA:296,0
DA:297,0
DA:302,0
DA:303,0
DA:304,0
DA:306,0
DA:315,0
DA:321,0
DA:324,0
DA:343,0
DA:345,0
DA:348,0
DA:351,0
DA:366,0
DA:368,0
DA:375,0
DA:383,0
DA:384,0
DA:387,0
DA:388,0
DA:389,0
DA:393,0
DA:394,0
DA:396,0
DA:403,0
DA:410,0
DA:413,0
DA:414,0
DA:421,0
DA:423,0
DA:424,0
DA:425,0
DA:431,0
DA:434,0
DA:435,0
DA:438,0
DA:440,0
DA:448,0
DA:451,0
DA:463,0
DA:464,0
DA:465,0
DA:467,0
DA:468,0
DA:469,0
DA:476,0
DA:479,0
DA:482,0
DA:483,0
DA:491,0
DA:494,0
DA:496,0
DA:501,0
DA:506,0
DA:509,0
DA:510,0
DA:519,0
DA:520,0
DA:522,0
DA:531,0
DA:534,0
DA:542,0
DA:544,0
DA:553,0
DA:556,0
DA:570,0
DA:571,0
DA:572,0
DA:574,0
DA:576,0
DA:577,0
DA:582,0
DA:585,0
DA:586,0
DA:589,0
DA:591,0
DA:592,0
DA:597,0
DA:599,0
DA:603,0
DA:606,0
DA:607,0
DA:608,0
DA:612,0
DA:613,0
DA:615,0
DA:622,0
DA:623,0
DA:626,0
DA:627,0
DA:628,0
DA:629,0
DA:632,0
DA:634,0
DA:635,0
DA:638,0
DA:639,0
DA:642,0
DA:643,0
DA:650,0
DA:651,0
DA:652,0
DA:654,0
DA:657,0
DA:664,0
DA:671,0
DA:675,0
DA:683,0
DA:685,0
DA:688,0
DA:691,0
DA:700,0
DA:701,0
DA:703,0
DA:707,0
DA:711,0
DA:719,0
DA:723,0
DA:731,0
DA:733,0
DA:739,0
DA:741,0
DA:745,0
DA:753,0
DA:756,0
DA:757,0
LF:217
LH:0
BRF:0
BRH:0
end_of_record
