TN:
SF:src/backend/coverage/block-navigation.js
FN:2,init
FN:24,toggleClass
FN:31,makeCurrent
FN:41,goToPrevious
FN:52,goToNext
FN:65,jump
FNF:6
FNH:0
FNDA:0,init
FNDA:0,toggleClass
FNDA:0,makeCurrent
FNDA:0,goToPrevious
FNDA:0,goToNext
FNDA:0,jump
DA:2,0
DA:4,0
DA:7,0
DA:10,0
DA:14,0
DA:20,0
DA:25,0
DA:28,0
DA:32,0
DA:33,0
DA:34,0
DA:42,0
DA:43,0
DA:44,0
DA:45,0
DA:46,0
DA:49,0
DA:53,0
DA:55,0
DA:59,0
DA:62,0
DA:65,0
DA:66,0
DA:71,0
DA:74,0
DA:77,0
DA:78,0
DA:82,0
DA:83,0
DA:87,0
LF:30
LH:0
BRDA:43,0,0,0
BRDA:43,0,1,0
BRDA:43,1,0,0
BRDA:43,1,1,0
BRDA:45,2,0,0
BRDA:45,2,1,0
BRDA:55,3,0,0
BRDA:55,3,1,0
BRDA:56,4,0,0
BRDA:56,4,1,0
BRDA:66,5,0,0
BRDA:66,5,1,0
BRDA:67,6,0,0
BRDA:67,6,1,0
BRDA:74,7,0,0
BRDA:74,7,1,0
BRDA:74,7,2,0
BRDA:74,7,3,0
BRDA:74,7,4,0
BRF:19
BRH:0
end_of_record
TN:
SF:src/backend/coverage/prettify.js
FN:2,(anonymous_0)
FN:2,k
FN:2,ab
FN:2,T
FN:2,X
FN:2,(anonymous_5)
FN:2,W
FN:2,(anonymous_7)
FN:2,a
FN:2,aa
FN:2,B
FN:2,o
FN:2,g
FN:2,(anonymous_13)
FN:2,(anonymous_14)
FN:2,i
FN:2,Q
FN:2,ae
FN:2,ad
FN:2,ai
FN:2,D
FN:2,c
FN:2,q
FN:2,d
FN:2,y
FN:2,b
FN:2,Y
FN:2,(anonymous_27)
FN:2,U
FNF:29
FNH:0
FNDA:0,(anonymous_0)
FNDA:0,k
FNDA:0,ab
FNDA:0,T
FNDA:0,X
FNDA:0,(anonymous_5)
FNDA:0,W
FNDA:0,(anonymous_7)
FNDA:0,a
FNDA:0,aa
FNDA:0,B
FNDA:0,o
FNDA:0,g
FNDA:0,(anonymous_13)
FNDA:0,(anonymous_14)
FNDA:0,i
FNDA:0,Q
FNDA:0,ae
FNDA:0,ad
FNDA:0,ai
FNDA:0,D
FNDA:0,c
FNDA:0,q
FNDA:0,d
FNDA:0,y
FNDA:0,b
FNDA:0,Y
FNDA:0,(anonymous_27)
FNDA:0,U
DA:2,0
LF:1
LH:0
BRDA:2,0,0,0
BRDA:2,0,1,0
BRDA:2,1,0,0
BRDA:2,1,1,0
BRDA:2,2,0,0
BRDA:2,2,1,0
BRDA:2,3,0,0
BRDA:2,3,1,0
BRDA:2,4,0,0
BRDA:2,4,1,0
BRDA:2,5,0,0
BRDA:2,5,1,0
BRDA:2,6,0,0
BRDA:2,6,1,0
BRDA:2,7,0,0
BRDA:2,7,1,0
BRDA:2,8,0,0
BRDA:2,8,1,0
BRDA:2,9,0,0
BRDA:2,9,1,0
BRDA:2,10,0,0
BRDA:2,10,1,0
BRDA:2,11,0,0
BRDA:2,11,1,0
BRDA:2,11,2,0
BRDA:2,11,3,0
BRDA:2,12,0,0
BRDA:2,12,1,0
BRDA:2,13,0,0
BRDA:2,13,1,0
BRDA:2,14,0,0
BRDA:2,14,1,0
BRDA:2,15,0,0
BRDA:2,15,1,0
BRDA:2,16,0,0
BRDA:2,16,1,0
BRDA:2,17,0,0
BRDA:2,17,1,0
BRDA:2,18,0,0
BRDA:2,18,1,0
BRDA:2,19,0,0
BRDA:2,19,1,0
BRDA:2,20,0,0
BRDA:2,20,1,0
BRDA:2,21,0,0
BRDA:2,21,1,0
BRDA:2,22,0,0
BRDA:2,22,1,0
BRDA:2,23,0,0
BRDA:2,23,1,0
BRDA:2,24,0,0
BRDA:2,24,1,0
BRDA:2,25,0,0
BRDA:2,25,1,0
BRDA:2,26,0,0
BRDA:2,26,1,0
BRDA:2,27,0,0
BRDA:2,27,1,0
BRDA:2,28,0,0
BRDA:2,28,1,0
BRDA:2,29,0,0
BRDA:2,29,1,0
BRDA:2,30,0,0
BRDA:2,30,1,0
BRDA:2,31,0,0
BRDA:2,31,1,0
BRDA:2,32,0,0
BRDA:2,32,1,0
BRDA:2,33,0,0
BRDA:2,33,1,0
BRDA:2,34,0,0
BRDA:2,34,1,0
BRDA:2,35,0,0
BRDA:2,35,1,0
BRDA:2,36,0,0
BRDA:2,36,1,0
BRDA:2,37,0,0
BRDA:2,37,1,0
BRDA:2,38,0,0
BRDA:2,38,1,0
BRDA:2,39,0,0
BRDA:2,39,1,0
BRDA:2,40,0,0
BRDA:2,40,1,0
BRDA:2,41,0,0
BRDA:2,41,1,0
BRDA:2,42,0,0
BRDA:2,42,1,0
BRDA:2,43,0,0
BRDA:2,43,1,0
BRDA:2,44,0,0
BRDA:2,44,1,0
BRDA:2,45,0,0
BRDA:2,45,1,0
BRDA:2,46,0,0
BRDA:2,46,1,0
BRDA:2,47,0,0
BRDA:2,47,1,0
BRDA:2,48,0,0
BRDA:2,48,1,0
BRDA:2,49,0,0
BRDA:2,49,1,0
BRDA:2,50,0,0
BRDA:2,50,1,0
BRDA:2,50,2,0
BRDA:2,51,0,0
BRDA:2,51,1,0
BRDA:2,52,0,0
BRDA:2,52,1,0
BRDA:2,53,0,0
BRDA:2,53,1,0
BRDA:2,54,0,0
BRDA:2,54,1,0
BRDA:2,55,0,0
BRDA:2,55,1,0
BRDA:2,56,0,0
BRDA:2,56,1,0
BRDA:2,57,0,0
BRDA:2,57,1,0
BRDA:2,58,0,0
BRDA:2,58,1,0
BRDA:2,59,0,0
BRDA:2,59,1,0
BRDA:2,60,0,0
BRDA:2,60,1,0
BRDA:2,61,0,0
BRDA:2,61,1,0
BRDA:2,62,0,0
BRDA:2,62,1,0
BRDA:2,63,0,0
BRDA:2,63,1,0
BRDA:2,64,0,0
BRDA:2,64,1,0
BRDA:2,65,0,0
BRDA:2,65,1,0
BRDA:2,66,0,0
BRDA:2,66,1,0
BRDA:2,67,0,0
BRDA:2,67,1,0
BRDA:2,68,0,0
BRDA:2,68,1,0
BRDA:2,69,0,0
BRDA:2,69,1,0
BRDA:2,70,0,0
BRDA:2,70,1,0
BRDA:2,71,0,0
BRDA:2,71,1,0
BRDA:2,72,0,0
BRDA:2,72,1,0
BRDA:2,73,0,0
BRDA:2,73,1,0
BRDA:2,74,0,0
BRDA:2,74,1,0
BRDA:2,75,0,0
BRDA:2,75,1,0
BRDA:2,76,0,0
BRDA:2,76,1,0
BRDA:2,77,0,0
BRDA:2,77,1,0
BRDA:2,78,0,0
BRDA:2,78,1,0
BRDA:2,79,0,0
BRDA:2,79,1,0
BRDA:2,80,0,0
BRDA:2,80,1,0
BRDA:2,81,0,0
BRDA:2,81,1,0
BRDA:2,82,0,0
BRDA:2,82,1,0
BRDA:2,83,0,0
BRDA:2,83,1,0
BRDA:2,84,0,0
BRDA:2,84,1,0
BRDA:2,85,0,0
BRDA:2,85,1,0
BRDA:2,86,0,0
BRDA:2,86,1,0
BRDA:2,87,0,0
BRDA:2,87,1,0
BRDA:2,88,0,0
BRDA:2,88,1,0
BRDA:2,89,0,0
BRDA:2,89,1,0
BRDA:2,89,2,0
BRDA:2,90,0,0
BRDA:2,90,1,0
BRDA:2,91,0,0
BRDA:2,91,1,0
BRDA:2,92,0,0
BRDA:2,92,1,0
BRDA:2,93,0,0
BRDA:2,93,1,0
BRDA:2,94,0,0
BRDA:2,94,1,0
BRDA:2,95,0,0
BRDA:2,95,1,0
BRDA:2,96,0,0
BRDA:2,96,1,0
BRDA:2,97,0,0
BRDA:2,97,1,0
BRDA:2,98,0,0
BRDA:2,98,1,0
BRDA:2,99,0,0
BRDA:2,99,1,0
BRDA:2,100,0,0
BRDA:2,100,1,0
BRDA:2,101,0,0
BRDA:2,101,1,0
BRDA:2,102,0,0
BRDA:2,102,1,0
BRDA:2,103,0,0
BRDA:2,103,1,0
BRDA:2,104,0,0
BRDA:2,104,1,0
BRDA:2,105,0,0
BRDA:2,105,1,0
BRDA:2,106,0,0
BRDA:2,106,1,0
BRDA:2,107,0,0
BRDA:2,107,1,0
BRDA:2,108,0,0
BRDA:2,108,1,0
BRDA:2,109,0,0
BRDA:2,109,1,0
BRDA:2,110,0,0
BRDA:2,110,1,0
BRDA:2,111,0,0
BRDA:2,111,1,0
BRDA:2,112,0,0
BRDA:2,112,1,0
BRDA:2,113,0,0
BRDA:2,113,1,0
BRDA:2,114,0,0
BRDA:2,114,1,0
BRDA:2,115,0,0
BRDA:2,115,1,0
BRDA:2,116,0,0
BRDA:2,116,1,0
BRDA:2,117,0,0
BRDA:2,117,1,0
BRDA:2,118,0,0
BRDA:2,118,1,0
BRDA:2,119,0,0
BRDA:2,119,1,0
BRDA:2,120,0,0
BRDA:2,120,1,0
BRDA:2,121,0,0
BRDA:2,121,1,0
BRDA:2,122,0,0
BRDA:2,122,1,0
BRDA:2,123,0,0
BRDA:2,123,1,0
BRDA:2,124,0,0
BRDA:2,124,1,0
BRDA:2,125,0,0
BRDA:2,125,1,0
BRDA:2,126,0,0
BRDA:2,126,1,0
BRDA:2,127,0,0
BRDA:2,127,1,0
BRDA:2,128,0,0
BRDA:2,128,1,0
BRDA:2,128,2,0
BRDA:2,129,0,0
BRDA:2,129,1,0
BRDA:2,130,0,0
BRDA:2,130,1,0
BRDA:2,131,0,0
BRDA:2,131,1,0
BRDA:2,131,2,0
BRDA:2,131,3,0
BRDA:2,131,4,0
BRDA:2,132,0,0
BRDA:2,132,1,0
BRDA:2,133,0,0
BRDA:2,133,1,0
BRDA:2,134,0,0
BRDA:2,134,1,0
BRDA:2,135,0,0
BRDA:2,135,1,0
BRDA:2,136,0,0
BRDA:2,136,1,0
BRDA:2,137,0,0
BRDA:2,137,1,0
BRDA:2,138,0,0
BRDA:2,138,1,0
BRF:286
BRH:0
end_of_record
TN:
SF:src/backend/coverage/sorter.js
FN:2,(anonymous_0)
FN:11,getTable
FN:15,getTableHeader
FN:19,getTableBody
FN:23,getNthColumn
FN:27,onFilterInput
FN:59,addSearchBox
FN:67,loadColumns
FN:92,loadRowData
FN:111,loadData
FN:120,sortByIndex
FN:122,(anonymous_11)
FN:134,(anonymous_12)
FN:151,removeSortIndicators
FN:159,addSortIndicators
FN:165,enableUI
FN:168,ithSorter
FN:171,(anonymous_17)
FN:198,(anonymous_18)
FNF:19
FNH:0
FNDA:0,(anonymous_0)
FNDA:0,getTable
FNDA:0,getTableHeader
FNDA:0,getTableBody
FNDA:0,getNthColumn
FNDA:0,onFilterInput
FNDA:0,addSearchBox
FNDA:0,loadColumns
FNDA:0,loadRowData
FNDA:0,loadData
FNDA:0,sortByIndex
FNDA:0,(anonymous_11)
FNDA:0,(anonymous_12)
FNDA:0,removeSortIndicators
FNDA:0,addSortIndicators
FNDA:0,enableUI
FNDA:0,ithSorter
FNDA:0,(anonymous_17)
FNDA:0,(anonymous_18)
DA:2,0
DA:5,0
DA:12,0
DA:16,0
DA:20,0
DA:24,0
DA:28,0
DA:29,0
DA:34,0
DA:35,0
DA:37,0
DA:40,0
DA:41,0
DA:42,0
DA:44,0
DA:46,0
DA:49,0
DA:54,0
DA:60,0
DA:61,0
DA:62,0
DA:63,0
DA:68,0
DA:70,0
DA:74,0
DA:75,0
DA:76,0
DA:81,0
DA:82,0
DA:83,0
DA:84,0
DA:88,0
DA:93,0
DA:96,0
DA:99,0
DA:100,0
DA:101,0
DA:102,0
DA:103,0
DA:104,0
DA:106,0
DA:108,0
DA:112,0
DA:115,0
DA:116,0
DA:121,0
DA:122,0
DA:123,0
DA:124,0
DA:125,0
DA:127,0
DA:128,0
DA:129,0
DA:130,0
DA:133,0
DA:134,0
DA:135,0
DA:139,0
DA:140,0
DA:141,0
DA:144,0
DA:146,0
DA:147,0
DA:152,0
DA:153,0
DA:155,0
DA:156,0
DA:160,0
DA:168,0
DA:169,0
DA:171,0
DA:172,0
DA:174,0
DA:175,0
DA:177,0
DA:178,0
DA:179,0
DA:180,0
DA:181,0
DA:184,0
DA:185,0
DA:188,0
DA:189,0
DA:190,0
DA:192,0
DA:198,0
DA:199,0
DA:200,0
DA:202,0
DA:203,0
DA:204,0
DA:205,0
DA:206,0
DA:210,0
LF:94
LH:0
BRDA:44,0,0,0
BRDA:44,0,1,0
BRDA:54,1,0,0
BRDA:54,1,1,0
BRDA:79,2,0,0
BRDA:79,2,1,0
BRDA:82,3,0,0
BRDA:82,3,1,0
BRDA:103,4,0,0
BRDA:103,4,1,0
BRDA:125,5,0,0
BRDA:125,5,1,0
BRDA:125,6,0,0
BRDA:125,6,1,0
BRDA:133,7,0,0
BRDA:133,7,1,0
BRDA:160,8,0,0
BRDA:160,8,1,0
BRDA:174,9,0,0
BRDA:174,9,1,0
BRDA:185,10,0,0
BRDA:185,10,1,0
BRDA:189,11,0,0
BRDA:189,11,1,0
BRDA:199,12,0,0
BRDA:199,12,1,0
BRF:26
BRH:0
end_of_record
TN:
SF:src/backend/coverage/lcov-report/block-navigation.js
FN:2,init
FN:24,toggleClass
FN:31,makeCurrent
FN:41,goToPrevious
FN:52,goToNext
FN:65,jump
FNF:6
FNH:0
FNDA:0,init
FNDA:0,toggleClass
FNDA:0,makeCurrent
FNDA:0,goToPrevious
FNDA:0,goToNext
FNDA:0,jump
DA:2,0
DA:4,0
DA:7,0
DA:10,0
DA:14,0
DA:20,0
DA:25,0
DA:28,0
DA:32,0
DA:33,0
DA:34,0
DA:42,0
DA:43,0
DA:44,0
DA:45,0
DA:46,0
DA:49,0
DA:53,0
DA:55,0
DA:59,0
DA:62,0
DA:65,0
DA:66,0
DA:71,0
DA:74,0
DA:77,0
DA:78,0
DA:82,0
DA:83,0
DA:87,0
LF:30
LH:0
BRDA:43,0,0,0
BRDA:43,0,1,0
BRDA:43,1,0,0
BRDA:43,1,1,0
BRDA:45,2,0,0
BRDA:45,2,1,0
BRDA:55,3,0,0
BRDA:55,3,1,0
BRDA:56,4,0,0
BRDA:56,4,1,0
BRDA:66,5,0,0
BRDA:66,5,1,0
BRDA:67,6,0,0
BRDA:67,6,1,0
BRDA:74,7,0,0
BRDA:74,7,1,0
BRDA:74,7,2,0
BRDA:74,7,3,0
BRDA:74,7,4,0
BRF:19
BRH:0
end_of_record
TN:
SF:src/backend/coverage/lcov-report/prettify.js
FN:2,(anonymous_0)
FN:2,k
FN:2,ab
FN:2,T
FN:2,X
FN:2,(anonymous_5)
FN:2,W
FN:2,(anonymous_7)
FN:2,a
FN:2,aa
FN:2,B
FN:2,o
FN:2,g
FN:2,(anonymous_13)
FN:2,(anonymous_14)
FN:2,i
FN:2,Q
FN:2,ae
FN:2,ad
FN:2,ai
FN:2,D
FN:2,c
FN:2,q
FN:2,d
FN:2,y
FN:2,b
FN:2,Y
FN:2,(anonymous_27)
FN:2,U
FNF:29
FNH:0
FNDA:0,(anonymous_0)
FNDA:0,k
FNDA:0,ab
FNDA:0,T
FNDA:0,X
FNDA:0,(anonymous_5)
FNDA:0,W
FNDA:0,(anonymous_7)
FNDA:0,a
FNDA:0,aa
FNDA:0,B
FNDA:0,o
FNDA:0,g
FNDA:0,(anonymous_13)
FNDA:0,(anonymous_14)
FNDA:0,i
FNDA:0,Q
FNDA:0,ae
FNDA:0,ad
FNDA:0,ai
FNDA:0,D
FNDA:0,c
FNDA:0,q
FNDA:0,d
FNDA:0,y
FNDA:0,b
FNDA:0,Y
FNDA:0,(anonymous_27)
FNDA:0,U
DA:2,0
LF:1
LH:0
BRDA:2,0,0,0
BRDA:2,0,1,0
BRDA:2,1,0,0
BRDA:2,1,1,0
BRDA:2,2,0,0
BRDA:2,2,1,0
BRDA:2,3,0,0
BRDA:2,3,1,0
BRDA:2,4,0,0
BRDA:2,4,1,0
BRDA:2,5,0,0
BRDA:2,5,1,0
BRDA:2,6,0,0
BRDA:2,6,1,0
BRDA:2,7,0,0
BRDA:2,7,1,0
BRDA:2,8,0,0
BRDA:2,8,1,0
BRDA:2,9,0,0
BRDA:2,9,1,0
BRDA:2,10,0,0
BRDA:2,10,1,0
BRDA:2,11,0,0
BRDA:2,11,1,0
BRDA:2,11,2,0
BRDA:2,11,3,0
BRDA:2,12,0,0
BRDA:2,12,1,0
BRDA:2,13,0,0
BRDA:2,13,1,0
BRDA:2,14,0,0
BRDA:2,14,1,0
BRDA:2,15,0,0
BRDA:2,15,1,0
BRDA:2,16,0,0
BRDA:2,16,1,0
BRDA:2,17,0,0
BRDA:2,17,1,0
BRDA:2,18,0,0
BRDA:2,18,1,0
BRDA:2,19,0,0
BRDA:2,19,1,0
BRDA:2,20,0,0
BRDA:2,20,1,0
BRDA:2,21,0,0
BRDA:2,21,1,0
BRDA:2,22,0,0
BRDA:2,22,1,0
BRDA:2,23,0,0
BRDA:2,23,1,0
BRDA:2,24,0,0
BRDA:2,24,1,0
BRDA:2,25,0,0
BRDA:2,25,1,0
BRDA:2,26,0,0
BRDA:2,26,1,0
BRDA:2,27,0,0
BRDA:2,27,1,0
BRDA:2,28,0,0
BRDA:2,28,1,0
BRDA:2,29,0,0
BRDA:2,29,1,0
BRDA:2,30,0,0
BRDA:2,30,1,0
BRDA:2,31,0,0
BRDA:2,31,1,0
BRDA:2,32,0,0
BRDA:2,32,1,0
BRDA:2,33,0,0
BRDA:2,33,1,0
BRDA:2,34,0,0
BRDA:2,34,1,0
BRDA:2,35,0,0
BRDA:2,35,1,0
BRDA:2,36,0,0
BRDA:2,36,1,0
BRDA:2,37,0,0
BRDA:2,37,1,0
BRDA:2,38,0,0
BRDA:2,38,1,0
BRDA:2,39,0,0
BRDA:2,39,1,0
BRDA:2,40,0,0
BRDA:2,40,1,0
BRDA:2,41,0,0
BRDA:2,41,1,0
BRDA:2,42,0,0
BRDA:2,42,1,0
BRDA:2,43,0,0
BRDA:2,43,1,0
BRDA:2,44,0,0
BRDA:2,44,1,0
BRDA:2,45,0,0
BRDA:2,45,1,0
BRDA:2,46,0,0
BRDA:2,46,1,0
BRDA:2,47,0,0
BRDA:2,47,1,0
BRDA:2,48,0,0
BRDA:2,48,1,0
BRDA:2,49,0,0
BRDA:2,49,1,0
BRDA:2,50,0,0
BRDA:2,50,1,0
BRDA:2,50,2,0
BRDA:2,51,0,0
BRDA:2,51,1,0
BRDA:2,52,0,0
BRDA:2,52,1,0
BRDA:2,53,0,0
BRDA:2,53,1,0
BRDA:2,54,0,0
BRDA:2,54,1,0
BRDA:2,55,0,0
BRDA:2,55,1,0
BRDA:2,56,0,0
BRDA:2,56,1,0
BRDA:2,57,0,0
BRDA:2,57,1,0
BRDA:2,58,0,0
BRDA:2,58,1,0
BRDA:2,59,0,0
BRDA:2,59,1,0
BRDA:2,60,0,0
BRDA:2,60,1,0
BRDA:2,61,0,0
BRDA:2,61,1,0
BRDA:2,62,0,0
BRDA:2,62,1,0
BRDA:2,63,0,0
BRDA:2,63,1,0
BRDA:2,64,0,0
BRDA:2,64,1,0
BRDA:2,65,0,0
BRDA:2,65,1,0
BRDA:2,66,0,0
BRDA:2,66,1,0
BRDA:2,67,0,0
BRDA:2,67,1,0
BRDA:2,68,0,0
BRDA:2,68,1,0
BRDA:2,69,0,0
BRDA:2,69,1,0
BRDA:2,70,0,0
BRDA:2,70,1,0
BRDA:2,71,0,0
BRDA:2,71,1,0
BRDA:2,72,0,0
BRDA:2,72,1,0
BRDA:2,73,0,0
BRDA:2,73,1,0
BRDA:2,74,0,0
BRDA:2,74,1,0
BRDA:2,75,0,0
BRDA:2,75,1,0
BRDA:2,76,0,0
BRDA:2,76,1,0
BRDA:2,77,0,0
BRDA:2,77,1,0
BRDA:2,78,0,0
BRDA:2,78,1,0
BRDA:2,79,0,0
BRDA:2,79,1,0
BRDA:2,80,0,0
BRDA:2,80,1,0
BRDA:2,81,0,0
BRDA:2,81,1,0
BRDA:2,82,0,0
BRDA:2,82,1,0
BRDA:2,83,0,0
BRDA:2,83,1,0
BRDA:2,84,0,0
BRDA:2,84,1,0
BRDA:2,85,0,0
BRDA:2,85,1,0
BRDA:2,86,0,0
BRDA:2,86,1,0
BRDA:2,87,0,0
BRDA:2,87,1,0
BRDA:2,88,0,0
BRDA:2,88,1,0
BRDA:2,89,0,0
BRDA:2,89,1,0
BRDA:2,89,2,0
BRDA:2,90,0,0
BRDA:2,90,1,0
BRDA:2,91,0,0
BRDA:2,91,1,0
BRDA:2,92,0,0
BRDA:2,92,1,0
BRDA:2,93,0,0
BRDA:2,93,1,0
BRDA:2,94,0,0
BRDA:2,94,1,0
BRDA:2,95,0,0
BRDA:2,95,1,0
BRDA:2,96,0,0
BRDA:2,96,1,0
BRDA:2,97,0,0
BRDA:2,97,1,0
BRDA:2,98,0,0
BRDA:2,98,1,0
BRDA:2,99,0,0
BRDA:2,99,1,0
BRDA:2,100,0,0
BRDA:2,100,1,0
BRDA:2,101,0,0
BRDA:2,101,1,0
BRDA:2,102,0,0
BRDA:2,102,1,0
BRDA:2,103,0,0
BRDA:2,103,1,0
BRDA:2,104,0,0
BRDA:2,104,1,0
BRDA:2,105,0,0
BRDA:2,105,1,0
BRDA:2,106,0,0
BRDA:2,106,1,0
BRDA:2,107,0,0
BRDA:2,107,1,0
BRDA:2,108,0,0
BRDA:2,108,1,0
BRDA:2,109,0,0
BRDA:2,109,1,0
BRDA:2,110,0,0
BRDA:2,110,1,0
BRDA:2,111,0,0
BRDA:2,111,1,0
BRDA:2,112,0,0
BRDA:2,112,1,0
BRDA:2,113,0,0
BRDA:2,113,1,0
BRDA:2,114,0,0
BRDA:2,114,1,0
BRDA:2,115,0,0
BRDA:2,115,1,0
BRDA:2,116,0,0
BRDA:2,116,1,0
BRDA:2,117,0,0
BRDA:2,117,1,0
BRDA:2,118,0,0
BRDA:2,118,1,0
BRDA:2,119,0,0
BRDA:2,119,1,0
BRDA:2,120,0,0
BRDA:2,120,1,0
BRDA:2,121,0,0
BRDA:2,121,1,0
BRDA:2,122,0,0
BRDA:2,122,1,0
BRDA:2,123,0,0
BRDA:2,123,1,0
BRDA:2,124,0,0
BRDA:2,124,1,0
BRDA:2,125,0,0
BRDA:2,125,1,0
BRDA:2,126,0,0
BRDA:2,126,1,0
BRDA:2,127,0,0
BRDA:2,127,1,0
BRDA:2,128,0,0
BRDA:2,128,1,0
BRDA:2,128,2,0
BRDA:2,129,0,0
BRDA:2,129,1,0
BRDA:2,130,0,0
BRDA:2,130,1,0
BRDA:2,131,0,0
BRDA:2,131,1,0
BRDA:2,131,2,0
BRDA:2,131,3,0
BRDA:2,131,4,0
BRDA:2,132,0,0
BRDA:2,132,1,0
BRDA:2,133,0,0
BRDA:2,133,1,0
BRDA:2,134,0,0
BRDA:2,134,1,0
BRDA:2,135,0,0
BRDA:2,135,1,0
BRDA:2,136,0,0
BRDA:2,136,1,0
BRDA:2,137,0,0
BRDA:2,137,1,0
BRDA:2,138,0,0
BRDA:2,138,1,0
BRF:286
BRH:0
end_of_record
TN:
SF:src/backend/coverage/lcov-report/sorter.js
FN:2,(anonymous_0)
FN:11,getTable
FN:15,getTableHeader
FN:19,getTableBody
FN:23,getNthColumn
FN:27,onFilterInput
FN:59,addSearchBox
FN:67,loadColumns
FN:92,loadRowData
FN:111,loadData
FN:120,sortByIndex
FN:122,(anonymous_11)
FN:134,(anonymous_12)
FN:151,removeSortIndicators
FN:159,addSortIndicators
FN:165,enableUI
FN:168,ithSorter
FN:171,(anonymous_17)
FN:198,(anonymous_18)
FNF:19
FNH:0
FNDA:0,(anonymous_0)
FNDA:0,getTable
FNDA:0,getTableHeader
FNDA:0,getTableBody
FNDA:0,getNthColumn
FNDA:0,onFilterInput
FNDA:0,addSearchBox
FNDA:0,loadColumns
FNDA:0,loadRowData
FNDA:0,loadData
FNDA:0,sortByIndex
FNDA:0,(anonymous_11)
FNDA:0,(anonymous_12)
FNDA:0,removeSortIndicators
FNDA:0,addSortIndicators
FNDA:0,enableUI
FNDA:0,ithSorter
FNDA:0,(anonymous_17)
FNDA:0,(anonymous_18)
DA:2,0
DA:5,0
DA:12,0
DA:16,0
DA:20,0
DA:24,0
DA:28,0
DA:29,0
DA:34,0
DA:35,0
DA:37,0
DA:40,0
DA:41,0
DA:42,0
DA:44,0
DA:46,0
DA:49,0
DA:54,0
DA:60,0
DA:61,0
DA:62,0
DA:63,0
DA:68,0
DA:70,0
DA:74,0
DA:75,0
DA:76,0
DA:81,0
DA:82,0
DA:83,0
DA:84,0
DA:88,0
DA:93,0
DA:96,0
DA:99,0
DA:100,0
DA:101,0
DA:102,0
DA:103,0
DA:104,0
DA:106,0
DA:108,0
DA:112,0
DA:115,0
DA:116,0
DA:121,0
DA:122,0
DA:123,0
DA:124,0
DA:125,0
DA:127,0
DA:128,0
DA:129,0
DA:130,0
DA:133,0
DA:134,0
DA:135,0
DA:139,0
DA:140,0
DA:141,0
DA:144,0
DA:146,0
DA:147,0
DA:152,0
DA:153,0
DA:155,0
DA:156,0
DA:160,0
DA:168,0
DA:169,0
DA:171,0
DA:172,0
DA:174,0
DA:175,0
DA:177,0
DA:178,0
DA:179,0
DA:180,0
DA:181,0
DA:184,0
DA:185,0
DA:188,0
DA:189,0
DA:190,0
DA:192,0
DA:198,0
DA:199,0
DA:200,0
DA:202,0
DA:203,0
DA:204,0
DA:205,0
DA:206,0
DA:210,0
LF:94
LH:0
BRDA:44,0,0,0
BRDA:44,0,1,0
BRDA:54,1,0,0
BRDA:54,1,1,0
BRDA:79,2,0,0
BRDA:79,2,1,0
BRDA:82,3,0,0
BRDA:82,3,1,0
BRDA:103,4,0,0
BRDA:103,4,1,0
BRDA:125,5,0,0
BRDA:125,5,1,0
BRDA:125,6,0,0
BRDA:125,6,1,0
BRDA:133,7,0,0
BRDA:133,7,1,0
BRDA:160,8,0,0
BRDA:160,8,1,0
BRDA:174,9,0,0
BRDA:174,9,1,0
BRDA:185,10,0,0
BRDA:185,10,1,0
BRDA:189,11,0,0
BRDA:189,11,1,0
BRDA:199,12,0,0
BRDA:199,12,1,0
BRF:26
BRH:0
end_of_record
TN:
SF:src/backend/examples/service-usage-example.js
FN:17,demonstrateServiceUsage
FN:106,(anonymous_1)
FN:191,(anonymous_2)
FNF:3
FNH:0
FNDA:0,demonstrateServiceUsage
FNDA:0,(anonymous_1)
FNDA:0,(anonymous_2)
DA:6,0
DA:9,0
DA:18,0
DA:20,0
DA:22,0
DA:23,0
DA:24,0
DA:27,0
DA:28,0
DA:29,0
DA:30,0
DA:31,0
DA:34,0
DA:35,0
DA:47,0
DA:50,0
DA:51,0
DA:66,0
DA:69,0
DA:70,0
DA:96,0
DA:99,0
DA:100,0
DA:106,0
DA:109,0
DA:110,0
DA:111,0
DA:114,0
DA:115,0
DA:116,0
DA:124,0
DA:127,0
DA:128,0
DA:132,0
DA:136,0
DA:137,0
DA:149,0
DA:152,0
DA:153,0
DA:165,0
DA:168,0
DA:169,0
DA:181,0
DA:184,0
DA:185,0
DA:186,0
DA:191,0
DA:192,0
DA:196,0
DA:197,0
DA:198,0
DA:201,0
DA:202,0
DA:204,0
DA:209,0
DA:212,0
DA:213,0
DA:216,0
DA:219,0
DA:222,0
DA:223,0
DA:224,0
DA:229,0
DA:230,0
DA:233,0
LF:65
LH:0
BRDA:114,0,0,0
BRDA:114,0,1,0
BRDA:202,1,0,0
BRDA:202,1,1,0
BRDA:229,2,0,0
BRDA:229,2,1,0
BRF:6
BRH:0
end_of_record
TN:
SF:src/backend/services/AnonymizationService.js
FN:17,(anonymous_0)
FN:27,(anonymous_1)
FN:39,(anonymous_2)
FN:54,(anonymous_3)
FN:77,(anonymous_4)
FN:94,(anonymous_5)
FN:121,(anonymous_6)
FN:141,(anonymous_7)
FN:155,(anonymous_8)
FN:165,(anonymous_9)
FN:182,(anonymous_10)
FN:187,(anonymous_11)
FN:191,(anonymous_12)
FN:202,(anonymous_13)
FN:219,(anonymous_14)
FN:221,(anonymous_15)
FN:232,(anonymous_16)
FN:234,(anonymous_17)
FN:248,(anonymous_18)
FN:254,(anonymous_19)
FN:262,(anonymous_20)
FN:268,(anonymous_21)
FN:272,(anonymous_22)
FN:276,(anonymous_23)
FN:280,(anonymous_24)
FN:286,(anonymous_25)
FN:290,(anonymous_26)
FNF:27
FNH:0
FNDA:0,(anonymous_0)
FNDA:0,(anonymous_1)
FNDA:0,(anonymous_2)
FNDA:0,(anonymous_3)
FNDA:0,(anonymous_4)
FNDA:0,(anonymous_5)
FNDA:0,(anonymous_6)
FNDA:0,(anonymous_7)
FNDA:0,(anonymous_8)
FNDA:0,(anonymous_9)
FNDA:0,(anonymous_10)
FNDA:0,(anonymous_11)
FNDA:0,(anonymous_12)
FNDA:0,(anonymous_13)
FNDA:0,(anonymous_14)
FNDA:0,(anonymous_15)
FNDA:0,(anonymous_16)
FNDA:0,(anonymous_17)
FNDA:0,(anonymous_18)
FNDA:0,(anonymous_19)
FNDA:0,(anonymous_20)
FNDA:0,(anonymous_21)
FNDA:0,(anonymous_22)
FNDA:0,(anonymous_23)
FNDA:0,(anonymous_24)
FNDA:0,(anonymous_25)
FNDA:0,(anonymous_26)
DA:14,0
DA:18,0
DA:19,0
DA:20,0
DA:21,0
DA:23,0
DA:24,0
DA:28,0
DA:30,0
DA:32,0
DA:33,0
DA:35,0
DA:40,0
DA:41,0
DA:44,0
DA:45,0
DA:49,0
DA:50,0
DA:51,0
DA:56,0
DA:58,0
DA:67,0
DA:68,0
DA:69,0
DA:70,0
DA:71,0
DA:72,0
DA:74,0
DA:79,0
DA:87,0
DA:88,0
DA:89,0
DA:91,0
DA:95,0
DA:96,0
DA:100,0
DA:102,0
DA:105,0
DA:106,0
DA:115,0
DA:116,0
DA:118,0
DA:122,0
DA:123,0
DA:126,0
DA:127,0
DA:128,0
DA:131,0
DA:132,0
DA:134,0
DA:135,0
DA:136,0
DA:138,0
DA:142,0
DA:144,0
DA:145,0
DA:148,0
DA:149,0
DA:152,0
DA:156,0
DA:157,0
DA:159,0
DA:160,0
DA:162,0
DA:166,0
DA:167,0
DA:169,0
DA:171,0
DA:173,0
DA:174,0
DA:177,0
DA:178,0
DA:184,0
DA:188,0
DA:193,0
DA:204,0
DA:206,0
DA:207,0
DA:208,0
DA:209,0
DA:210,0
DA:211,0
DA:212,0
DA:213,0
DA:214,0
DA:216,0
DA:220,0
DA:221,0
DA:223,0
DA:233,0
DA:234,0
DA:236,0
DA:237,0
DA:240,0
DA:249,0
DA:250,0
DA:251,0
DA:255,0
DA:256,0
DA:263,0
DA:264,0
DA:265,0
DA:269,0
DA:273,0
DA:277,0
DA:282,0
DA:287,0
DA:291,0
DA:292,0
DA:297,0
LF:110
LH:0
BRDA:18,0,0,0
BRDA:18,0,1,0
BRDA:30,1,0,0
BRDA:30,1,1,0
BRDA:40,2,0,0
BRDA:40,2,1,0
BRDA:40,3,0,0
BRDA:40,3,1,0
BRDA:44,4,0,0
BRDA:44,4,1,0
BRDA:60,5,0,0
BRDA:60,5,1,0
BRDA:61,6,0,0
BRDA:61,6,1,0
BRDA:63,7,0,0
BRDA:63,7,1,0
BRDA:83,8,0,0
BRDA:83,8,1,0
BRDA:95,9,0,0
BRDA:95,9,1,0
BRDA:95,10,0,0
BRDA:95,10,1,0
BRDA:95,10,2,0
BRDA:100,11,0,0
BRDA:100,11,1,0
BRDA:100,12,0,0
BRDA:100,12,1,0
BRDA:100,12,2,0
BRDA:100,12,3,0
BRDA:105,13,0,0
BRDA:105,13,1,0
BRDA:105,14,0,0
BRDA:105,14,1,0
BRDA:122,15,0,0
BRDA:122,15,1,0
BRDA:122,16,0,0
BRDA:122,16,1,0
BRDA:127,17,0,0
BRDA:127,17,1,0
BRDA:142,18,0,0
BRDA:142,18,1,0
BRDA:144,19,0,0
BRDA:144,19,1,0
BRDA:148,20,0,0
BRDA:148,20,1,0
BRDA:148,21,0,0
BRDA:148,21,1,0
BRDA:157,22,0,0
BRDA:157,22,1,0
BRDA:167,23,0,0
BRDA:167,23,1,0
BRDA:171,24,0,0
BRDA:171,24,1,0
BRDA:196,25,0,0
BRDA:196,25,1,0
BRDA:198,26,0,0
BRDA:198,26,1,0
BRDA:236,27,0,0
BRDA:236,27,1,0
BRDA:249,28,0,0
BRDA:249,28,1,0
BRDA:249,29,0,0
BRDA:249,29,1,0
BRDA:255,30,0,0
BRDA:255,30,1,0
BRDA:256,31,0,0
BRDA:256,31,1,0
BRDA:256,31,2,0
BRDA:256,31,3,0
BRDA:256,31,4,0
BRDA:256,31,5,0
BRDA:263,32,0,0
BRDA:263,32,1,0
BRDA:263,33,0,0
BRDA:263,33,1,0
BRF:75
BRH:0
end_of_record
TN:
SF:src/backend/services/AuditService.js
FN:11,(anonymous_0)
FN:35,(anonymous_1)
FN:58,(anonymous_2)
FN:88,(anonymous_3)
FN:96,(anonymous_4)
FN:117,(anonymous_5)
FN:131,(anonymous_6)
FN:142,(anonymous_7)
FN:156,(anonymous_8)
FN:171,(anonymous_9)
FN:184,(anonymous_10)
FN:198,(anonymous_11)
FN:213,(anonymous_12)
FN:229,(anonymous_13)
FN:243,(anonymous_14)
FN:259,(anonymous_15)
FN:278,(anonymous_16)
FN:292,(anonymous_17)
FN:308,(anonymous_18)
FN:322,(anonymous_19)
FN:336,(anonymous_20)
FN:350,(anonymous_21)
FN:361,(anonymous_22)
FN:376,(anonymous_23)
FN:393,(anonymous_24)
FN:411,(anonymous_25)
FN:424,(anonymous_26)
FN:469,(anonymous_27)
FN:493,(anonymous_28)
FN:504,(anonymous_29)
FN:515,(anonymous_30)
FNF:31
FNH:0
FNDA:0,(anonymous_0)
FNDA:0,(anonymous_1)
FNDA:0,(anonymous_2)
FNDA:0,(anonymous_3)
FNDA:0,(anonymous_4)
FNDA:0,(anonymous_5)
FNDA:0,(anonymous_6)
FNDA:0,(anonymous_7)
FNDA:0,(anonymous_8)
FNDA:0,(anonymous_9)
FNDA:0,(anonymous_10)
FNDA:0,(anonymous_11)
FNDA:0,(anonymous_12)
FNDA:0,(anonymous_13)
FNDA:0,(anonymous_14)
FNDA:0,(anonymous_15)
FNDA:0,(anonymous_16)
FNDA:0,(anonymous_17)
FNDA:0,(anonymous_18)
FNDA:0,(anonymous_19)
FNDA:0,(anonymous_20)
FNDA:0,(anonymous_21)
FNDA:0,(anonymous_22)
FNDA:0,(anonymous_23)
FNDA:0,(anonymous_24)
FNDA:0,(anonymous_25)
FNDA:0,(anonymous_26)
FNDA:0,(anonymous_27)
FNDA:0,(anonymous_28)
FNDA:0,(anonymous_29)
FNDA:0,(anonymous_30)
DA:12,0
DA:13,0
DA:14,0
DA:16,0
DA:27,0
DA:36,0
DA:53,0
DA:55,0
DA:60,0
DA:61,0
DA:66,0
DA:81,0
DA:84,0
DA:85,0
DA:89,0
DA:90,0
DA:92,0
DA:93,0
DA:98,0
DA:105,0
DA:107,0
DA:108,0
DA:112,0
DA:113,0
DA:118,0
DA:132,0
DA:143,0
DA:157,0
DA:172,0
DA:185,0
DA:199,0
DA:214,0
DA:230,0
DA:244,0
DA:260,0
DA:279,0
DA:293,0
DA:309,0
DA:323,0
DA:337,0
DA:351,0
DA:362,0
DA:377,0
DA:394,0
DA:412,0
DA:425,0
DA:426,0
DA:427,0
DA:429,0
DA:430,0
DA:431,0
DA:434,0
DA:435,0
DA:436,0
DA:439,0
DA:440,0
DA:441,0
DA:444,0
DA:445,0
DA:446,0
DA:449,0
DA:450,0
DA:451,0
DA:454,0
DA:456,0
DA:457,0
DA:459,0
DA:460,0
DA:462,0
DA:463,0
DA:466,0
DA:470,0
DA:471,0
DA:473,0
DA:475,0
DA:484,0
DA:494,0
DA:501,0
DA:506,0
DA:517,0
DA:518,0
DA:521,0
DA:528,0
LF:83
LH:0
BRDA:39,0,0,0
BRDA:39,0,1,0
BRDA:40,1,0,0
BRDA:40,1,1,0
BRDA:44,2,0,0
BRDA:44,2,1,0
BRDA:48,3,0,0
BRDA:48,3,1,0
BRDA:60,4,0,0
BRDA:60,4,1,0
BRDA:90,5,0,0
BRDA:90,5,1,0
BRDA:99,6,0,0
BRDA:99,6,1,0
BRDA:107,7,0,0
BRDA:107,7,1,0
BRDA:107,8,0,0
BRDA:107,8,1,0
BRDA:159,9,0,0
BRDA:159,9,1,0
BRDA:163,10,0,0
BRDA:163,10,1,0
BRDA:353,11,0,0
BRDA:353,11,1,0
BRDA:414,12,0,0
BRDA:414,12,1,0
BRDA:415,13,0,0
BRDA:415,13,1,0
BRDA:418,14,0,0
BRDA:418,14,1,0
BRDA:424,15,0,0
BRDA:424,16,0,0
BRDA:424,17,0,0
BRDA:425,18,0,0
BRDA:425,18,1,0
BRDA:429,19,0,0
BRDA:429,19,1,0
BRDA:434,20,0,0
BRDA:434,20,1,0
BRDA:439,21,0,0
BRDA:439,21,1,0
BRDA:444,22,0,0
BRDA:444,22,1,0
BRDA:449,23,0,0
BRDA:449,23,1,0
BRDA:463,24,0,0
BRDA:463,24,1,0
BRDA:469,25,0,0
BRDA:515,26,0,0
BRF:49
BRH:0
end_of_record
TN:
SF:src/backend/services/BLEScannerService.js
FN:11,(anonymous_0)
FN:32,(anonymous_1)
FN:49,(anonymous_2)
FN:59,(anonymous_3)
FN:74,(anonymous_4)
FN:87,(anonymous_5)
FN:92,(anonymous_6)
FN:113,(anonymous_7)
FN:118,(anonymous_8)
FN:127,(anonymous_9)
FN:132,(anonymous_10)
FN:144,(anonymous_11)
FN:152,(anonymous_12)
FN:165,(anonymous_13)
FN:187,(anonymous_14)
FN:198,(anonymous_15)
FN:210,(anonymous_16)
FN:218,(anonymous_17)
FN:227,(anonymous_18)
FN:235,(anonymous_19)
FN:246,(anonymous_20)
FN:253,(anonymous_21)
FN:257,(anonymous_22)
FNF:23
FNH:0
FNDA:0,(anonymous_0)
FNDA:0,(anonymous_1)
FNDA:0,(anonymous_2)
FNDA:0,(anonymous_3)
FNDA:0,(anonymous_4)
FNDA:0,(anonymous_5)
FNDA:0,(anonymous_6)
FNDA:0,(anonymous_7)
FNDA:0,(anonymous_8)
FNDA:0,(anonymous_9)
FNDA:0,(anonymous_10)
FNDA:0,(anonymous_11)
FNDA:0,(anonymous_12)
FNDA:0,(anonymous_13)
FNDA:0,(anonymous_14)
FNDA:0,(anonymous_15)
FNDA:0,(anonymous_16)
FNDA:0,(anonymous_17)
FNDA:0,(anonymous_18)
FNDA:0,(anonymous_19)
FNDA:0,(anonymous_20)
FNDA:0,(anonymous_21)
FNDA:0,(anonymous_22)
DA:12,0
DA:13,0
DA:14,0
DA:15,0
DA:17,0
DA:23,0
DA:33,0
DA:38,0
DA:39,0
DA:45,0
DA:46,0
DA:50,0
DA:56,0
DA:60,0
DA:61,0
DA:62,0
DA:67,0
DA:70,0
DA:71,0
DA:74,0
DA:75,0
DA:78,0
DA:80,0
DA:81,0
DA:82,0
DA:83,0
DA:88,0
DA:89,0
DA:94,0
DA:95,0
DA:99,0
DA:106,0
DA:108,0
DA:109,0
DA:115,0
DA:120,0
DA:121,0
DA:122,0
DA:129,0
DA:133,0
DA:134,0
DA:135,0
DA:137,0
DA:138,0
DA:139,0
DA:141,0
DA:146,0
DA:147,0
DA:149,0
DA:153,0
DA:161,0
DA:162,0
DA:166,0
DA:168,0
DA:177,0
DA:188,0
DA:190,0
DA:199,0
DA:206,0
DA:207,0
DA:211,0
DA:212,0
DA:213,0
DA:214,0
DA:220,0
DA:221,0
DA:222,0
DA:228,0
DA:229,0
DA:230,0
DA:231,0
DA:236,0
DA:237,0
DA:238,0
DA:239,0
DA:240,0
DA:243,0
DA:247,0
DA:248,0
DA:249,0
DA:250,0
DA:254,0
DA:258,0
DA:262,0
LF:84
LH:0
BRDA:32,0,0,0
BRDA:38,1,0,0
BRDA:38,1,1,0
BRDA:59,2,0,0
BRDA:61,3,0,0
BRDA:61,3,1,0
BRDA:92,4,0,0
BRDA:94,5,0,0
BRDA:94,5,1,0
BRDA:102,6,0,0
BRDA:102,6,1,0
BRDA:108,7,0,0
BRDA:108,7,1,0
BRDA:108,8,0,0
BRDA:108,8,1,0
BRDA:157,9,0,0
BRDA:157,9,1,0
BRDA:166,10,0,0
BRDA:166,10,1,0
BRDA:188,11,0,0
BRDA:188,11,1,0
BRDA:211,12,0,0
BRDA:211,12,1,0
BRDA:220,13,0,0
BRDA:220,13,1,0
BRDA:228,14,0,0
BRDA:228,14,1,0
BRDA:228,15,0,0
BRDA:228,15,1,0
BRF:29
BRH:0
end_of_record
TN:
SF:src/backend/services/CaseFlowService.js
FN:11,(anonymous_0)
FN:45,(anonymous_1)
FN:91,(anonymous_2)
FN:142,(anonymous_3)
FN:158,(anonymous_4)
FN:188,(anonymous_5)
FN:206,(anonymous_6)
FN:223,(anonymous_7)
FN:240,(anonymous_8)
FN:244,(anonymous_9)
FN:285,(anonymous_10)
FN:302,(anonymous_11)
FN:348,(anonymous_12)
FN:353,(anonymous_13)
FN:357,(anonymous_14)
FN:363,(anonymous_15)
FN:368,(anonymous_16)
FN:374,(anonymous_17)
FN:394,(anonymous_18)
FN:401,(anonymous_19)
FN:403,(anonymous_20)
FN:416,(anonymous_21)
FN:429,(anonymous_22)
FN:433,(anonymous_23)
FN:448,(anonymous_24)
FN:499,(anonymous_25)
FN:503,(anonymous_26)
FN:507,(anonymous_27)
FN:514,(anonymous_28)
FN:526,(anonymous_29)
FN:546,(anonymous_30)
FN:561,(anonymous_31)
FN:566,(anonymous_32)
FN:600,(anonymous_33)
FN:617,(anonymous_34)
FN:644,(anonymous_35)
FN:655,(anonymous_36)
FN:695,(anonymous_37)
FN:700,(anonymous_38)
FN:705,(anonymous_39)
FNF:40
FNH:0
FNDA:0,(anonymous_0)
FNDA:0,(anonymous_1)
FNDA:0,(anonymous_2)
FNDA:0,(anonymous_3)
FNDA:0,(anonymous_4)
FNDA:0,(anonymous_5)
FNDA:0,(anonymous_6)
FNDA:0,(anonymous_7)
FNDA:0,(anonymous_8)
FNDA:0,(anonymous_9)
FNDA:0,(anonymous_10)
FNDA:0,(anonymous_11)
FNDA:0,(anonymous_12)
FNDA:0,(anonymous_13)
FNDA:0,(anonymous_14)
FNDA:0,(anonymous_15)
FNDA:0,(anonymous_16)
FNDA:0,(anonymous_17)
FNDA:0,(anonymous_18)
FNDA:0,(anonymous_19)
FNDA:0,(anonymous_20)
FNDA:0,(anonymous_21)
FNDA:0,(anonymous_22)
FNDA:0,(anonymous_23)
FNDA:0,(anonymous_24)
FNDA:0,(anonymous_25)
FNDA:0,(anonymous_26)
FNDA:0,(anonymous_27)
FNDA:0,(anonymous_28)
FNDA:0,(anonymous_29)
FNDA:0,(anonymous_30)
FNDA:0,(anonymous_31)
FNDA:0,(anonymous_32)
FNDA:0,(anonymous_33)
FNDA:0,(anonymous_34)
FNDA:0,(anonymous_35)
FNDA:0,(anonymous_36)
FNDA:0,(anonymous_37)
FNDA:0,(anonymous_38)
FNDA:0,(anonymous_39)
DA:12,0
DA:13,0
DA:14,0
DA:15,0
DA:16,0
DA:19,0
DA:20,0
DA:22,0
DA:33,0
DA:47,0
DA:49,0
DA:50,0
DA:52,0
DA:78,0
DA:80,0
DA:88,0
DA:93,0
DA:95,0
DA:96,0
DA:97,0
DA:101,0
DA:102,0
DA:105,0
DA:106,0
DA:108,0
DA:109,0
DA:110,0
DA:113,0
DA:114,0
DA:117,0
DA:126,0
DA:128,0
DA:130,0
DA:139,0
DA:143,0
DA:145,0
DA:146,0
DA:149,0
DA:150,0
DA:153,0
DA:154,0
DA:160,0
DA:163,0
DA:164,0
DA:165,0
DA:168,0
DA:169,0
DA:177,0
DA:180,0
DA:189,0
DA:190,0
DA:193,0
DA:196,0
DA:198,0
DA:207,0
DA:208,0
DA:211,0
DA:214,0
DA:216,0
DA:224,0
DA:226,0
DA:227,0
DA:228,0
DA:231,0
DA:232,0
DA:233,0
DA:235,0
DA:237,0
DA:241,0
DA:246,0
DA:249,0
DA:251,0
DA:252,0
DA:253,0
DA:255,0
DA:256,0
DA:257,0
DA:260,0
DA:261,0
DA:262,0
DA:265,0
DA:266,0
DA:267,0
DA:270,0
DA:272,0
DA:273,0
DA:274,0
DA:277,0
DA:278,0
DA:282,0
DA:287,0
DA:288,0
DA:290,0
DA:297,0
DA:299,0
DA:303,0
DA:304,0
DA:305,0
DA:309,0
DA:317,0
DA:324,0
DA:325,0
DA:329,0
DA:330,0
DA:333,0
DA:334,0
DA:335,0
DA:337,0
DA:345,0
DA:350,0
DA:354,0
DA:358,0
DA:359,0
DA:360,0
DA:365,0
DA:369,0
DA:370,0
DA:371,0
DA:375,0
DA:378,0
DA:395,0
DA:402,0
DA:403,0
DA:405,0
DA:406,0
DA:409,0
DA:410,0
DA:413,0
DA:418,0
DA:421,0
DA:430,0
DA:434,0
DA:436,0
DA:438,0
DA:439,0
DA:440,0
DA:441,0
DA:442,0
DA:445,0
DA:460,0
DA:463,0
DA:496,0
DA:498,0
DA:499,0
DA:502,0
DA:503,0
DA:506,0
DA:507,0
DA:508,0
DA:513,0
DA:514,0
DA:515,0
DA:519,0
DA:524,0
DA:526,0
DA:527,0
DA:535,0
DA:536,0
DA:538,0
DA:548,0
DA:549,0
DA:553,0
DA:554,0
DA:555,0
DA:558,0
DA:563,0
DA:567,0
DA:569,0
DA:570,0
DA:571,0
DA:575,0
DA:576,0
DA:577,0
DA:578,0
DA:579,0
DA:582,0
DA:583,0
DA:586,0
DA:588,0
DA:597,0
DA:602,0
DA:603,0
DA:604,0
DA:605,0
DA:606,0
DA:608,0
DA:611,0
DA:613,0
DA:619,0
DA:637,0
DA:638,0
DA:641,0
DA:646,0
DA:657,0
DA:684,0
DA:685,0
DA:687,0
DA:697,0
DA:702,0
DA:707,0
DA:717,0
LF:201
LH:0
BRDA:55,0,0,0
BRDA:55,0,1,0
BRDA:64,1,0,0
BRDA:64,1,1,0
BRDA:68,2,0,0
BRDA:68,2,1,0
BRDA:73,3,0,0
BRDA:73,3,1,0
BRDA:96,4,0,0
BRDA:96,4,1,0
BRDA:101,5,0,0
BRDA:101,5,1,0
BRDA:113,6,0,0
BRDA:113,6,1,0
BRDA:143,7,0,0
BRDA:143,7,1,0
BRDA:143,7,2,0
BRDA:168,8,0,0
BRDA:168,8,1,0
BRDA:227,9,0,0
BRDA:227,9,1,0
BRDA:244,10,0,0
BRDA:251,11,0,0
BRDA:251,11,1,0
BRDA:255,12,0,0
BRDA:255,12,1,0
BRDA:260,13,0,0
BRDA:260,13,1,0
BRDA:265,14,0,0
BRDA:265,14,1,0
BRDA:272,15,0,0
BRDA:272,15,1,0
BRDA:278,16,0,0
BRDA:278,16,1,0
BRDA:282,17,0,0
BRDA:282,17,1,0
BRDA:285,18,0,0
BRDA:302,19,0,0
BRDA:304,20,0,0
BRDA:304,20,1,0
BRDA:324,21,0,0
BRDA:324,21,1,0
BRDA:354,22,0,0
BRDA:354,22,1,0
BRDA:370,23,0,0
BRDA:370,23,1,0
BRDA:405,24,0,0
BRDA:405,24,1,0
BRDA:409,25,0,0
BRDA:409,25,1,0
BRDA:409,26,0,0
BRDA:409,26,1,0
BRDA:438,27,0,0
BRDA:438,27,1,0
BRDA:438,28,0,0
BRDA:438,28,1,0
BRDA:440,29,0,0
BRDA:440,29,1,0
BRDA:450,30,0,0
BRDA:451,31,0,0
BRDA:455,32,0,0
BRDA:498,33,0,0
BRDA:498,33,1,0
BRDA:502,34,0,0
BRDA:502,34,1,0
BRDA:506,35,0,0
BRDA:506,35,1,0
BRDA:513,36,0,0
BRDA:513,36,1,0
BRDA:513,37,0,0
BRDA:513,37,1,0
BRDA:524,38,0,0
BRDA:524,38,1,0
BRDA:527,39,0,0
BRDA:527,39,1,0
BRDA:527,39,2,0
BRDA:527,39,3,0
BRDA:548,40,0,0
BRDA:548,40,1,0
BRDA:554,41,0,0
BRDA:554,41,1,0
BRDA:570,42,0,0
BRDA:570,42,1,0
BRDA:582,43,0,0
BRDA:582,43,1,0
BRDA:582,44,0,0
BRDA:582,44,1,0
BRDA:637,45,0,0
BRDA:637,45,1,0
BRDA:661,46,0,0
BRDA:661,46,1,0
BRDA:662,47,0,0
BRDA:662,47,1,0
BRDA:684,48,0,0
BRDA:684,48,1,0
BRDA:685,49,0,0
BRDA:685,49,1,0
BRF:97
BRH:0
end_of_record
TN:
SF:src/backend/services/GeoAlertService.js
FN:12,(anonymous_0)
FN:23,(anonymous_1)
FN:28,(anonymous_2)
FN:47,(anonymous_3)
FN:65,(anonymous_4)
FN:78,(anonymous_5)
FN:83,(anonymous_6)
FN:92,(anonymous_7)
FN:114,(anonymous_8)
FN:146,(anonymous_9)
FN:188,(anonymous_10)
FN:202,(anonymous_11)
FN:209,(anonymous_12)
FN:241,(anonymous_13)
FN:257,(anonymous_14)
FN:277,(anonymous_15)
FN:282,(anonymous_16)
FN:287,(anonymous_17)
FN:294,(anonymous_18)
FN:304,(anonymous_19)
FN:317,(anonymous_20)
FN:326,(anonymous_21)
FN:339,(anonymous_22)
FN:348,(anonymous_23)
FN:356,(anonymous_24)
FN:383,(anonymous_25)
FN:388,(anonymous_26)
FN:393,(anonymous_27)
FN:401,(anonymous_28)
FNF:29
FNH:0
FNDA:0,(anonymous_0)
FNDA:0,(anonymous_1)
FNDA:0,(anonymous_2)
FNDA:0,(anonymous_3)
FNDA:0,(anonymous_4)
FNDA:0,(anonymous_5)
FNDA:0,(anonymous_6)
FNDA:0,(anonymous_7)
FNDA:0,(anonymous_8)
FNDA:0,(anonymous_9)
FNDA:0,(anonymous_10)
FNDA:0,(anonymous_11)
FNDA:0,(anonymous_12)
FNDA:0,(anonymous_13)
FNDA:0,(anonymous_14)
FNDA:0,(anonymous_15)
FNDA:0,(anonymous_16)
FNDA:0,(anonymous_17)
FNDA:0,(anonymous_18)
FNDA:0,(anonymous_19)
FNDA:0,(anonymous_20)
FNDA:0,(anonymous_21)
FNDA:0,(anonymous_22)
FNDA:0,(anonymous_23)
FNDA:0,(anonymous_24)
FNDA:0,(anonymous_25)
FNDA:0,(anonymous_26)
FNDA:0,(anonymous_27)
FNDA:0,(anonymous_28)
DA:13,0
DA:14,0
DA:15,0
DA:16,0
DA:17,0
DA:19,0
DA:20,0
DA:24,0
DA:25,0
DA:30,0
DA:31,0
DA:34,0
DA:36,0
DA:37,0
DA:38,0
DA:39,0
DA:42,0
DA:43,0
DA:48,0
DA:56,0
DA:57,0
DA:58,0
DA:59,0
DA:62,0
DA:66,0
DA:68,0
DA:70,0
DA:72,0
DA:74,0
DA:80,0
DA:84,0
DA:85,0
DA:86,0
DA:87,0
DA:88,0
DA:93,0
DA:115,0
DA:117,0
DA:119,0
DA:120,0
DA:121,0
DA:122,0
DA:123,0
DA:126,0
DA:127,0
DA:128,0
DA:130,0
DA:131,0
DA:132,0
DA:134,0
DA:137,0
DA:138,0
DA:139,0
DA:140,0
DA:143,0
DA:147,0
DA:149,0
DA:151,0
DA:152,0
DA:153,0
DA:154,0
DA:155,0
DA:158,0
DA:159,0
DA:160,0
DA:162,0
DA:163,0
DA:164,0
DA:165,0
DA:166,0
DA:170,0
DA:176,0
DA:179,0
DA:180,0
DA:181,0
DA:182,0
DA:185,0
DA:189,0
DA:190,0
DA:192,0
DA:193,0
DA:196,0
DA:197,0
DA:199,0
DA:203,0
DA:204,0
DA:205,0
DA:206,0
DA:210,0
DA:211,0
DA:213,0
DA:214,0
DA:220,0
DA:221,0
DA:222,0
DA:224,0
DA:225,0
DA:231,0
DA:233,0
DA:242,0
DA:243,0
DA:244,0
DA:246,0
DA:247,0
DA:248,0
DA:249,0
DA:250,0
DA:254,0
DA:258,0
DA:266,0
DA:267,0
DA:268,0
DA:269,0
DA:270,0
DA:271,0
DA:272,0
DA:274,0
DA:279,0
DA:284,0
DA:288,0
DA:295,0
DA:296,0
DA:298,0
DA:299,0
DA:301,0
DA:305,0
DA:307,0
DA:309,0
DA:311,0
DA:313,0
DA:318,0
DA:327,0
DA:329,0
DA:340,0
DA:341,0
DA:342,0
DA:344,0
DA:350,0
DA:357,0
DA:358,0
DA:367,0
DA:368,0
DA:374,0
DA:376,0
DA:385,0
DA:390,0
DA:394,0
DA:402,0
DA:403,0
DA:407,0
LF:150
LH:0
BRDA:28,0,0,0
BRDA:30,1,0,0
BRDA:30,1,1,0
BRDA:47,2,0,0
BRDA:56,3,0,0
BRDA:56,3,1,0
BRDA:58,4,0,0
BRDA:58,4,1,0
BRDA:66,5,0,0
BRDA:66,5,1,0
BRDA:66,5,2,0
BRDA:66,5,3,0
BRDA:84,6,0,0
BRDA:84,6,1,0
BRDA:84,6,2,0
BRDA:84,6,3,0
BRDA:117,7,0,0
BRDA:117,7,1,0
BRDA:117,7,2,0
BRDA:130,8,0,0
BRDA:130,8,1,0
BRDA:149,9,0,0
BRDA:149,9,1,0
BRDA:149,9,2,0
BRDA:162,10,0,0
BRDA:162,10,1,0
BRDA:192,11,0,0
BRDA:192,11,1,0
BRDA:196,12,0,0
BRDA:196,12,1,0
BRDA:213,13,0,0
BRDA:213,13,1,0
BRDA:224,14,0,0
BRDA:224,14,1,0
BRDA:249,15,0,0
BRDA:249,15,1,0
BRDA:261,16,0,0
BRDA:261,16,1,0
BRDA:307,17,0,0
BRDA:307,17,1,0
BRDA:307,17,2,0
BRDA:327,18,0,0
BRDA:327,18,1,0
BRDA:357,19,0,0
BRDA:357,19,1,0
BRDA:367,20,0,0
BRDA:367,20,1,0
BRDA:394,21,0,0
BRDA:394,21,1,0
BRDA:403,22,0,0
BRDA:403,22,1,0
BRF:51
BRH:0
end_of_record
TN:
SF:src/backend/services/KPIService.js
FN:11,(anonymous_0)
FN:34,(anonymous_1)
FN:57,(anonymous_2)
FN:81,(anonymous_3)
FN:95,(anonymous_4)
FN:114,(anonymous_5)
FN:129,(anonymous_6)
FN:143,(anonymous_7)
FN:157,(anonymous_8)
FN:172,(anonymous_9)
FN:186,(anonymous_10)
FN:200,(anonymous_11)
FN:220,(anonymous_12)
FN:234,(anonymous_13)
FN:249,(anonymous_14)
FN:264,(anonymous_15)
FN:279,(anonymous_16)
FN:292,(anonymous_17)
FN:307,(anonymous_18)
FN:344,(anonymous_19)
FN:365,(anonymous_20)
FN:367,(anonymous_21)
FN:371,(anonymous_22)
FN:373,(anonymous_23)
FN:373,(anonymous_24)
FN:378,(anonymous_25)
FN:379,(anonymous_26)
FN:382,(anonymous_27)
FN:395,(anonymous_28)
FN:397,(anonymous_29)
FN:406,(anonymous_30)
FN:408,(anonymous_31)
FN:415,(anonymous_32)
FN:417,(anonymous_33)
FN:426,(anonymous_34)
FN:428,(anonymous_35)
FN:435,(anonymous_36)
FN:438,(anonymous_37)
FN:442,(anonymous_38)
FN:444,(anonymous_39)
FN:449,(anonymous_40)
FN:473,(anonymous_41)
FN:474,(anonymous_42)
FN:475,(anonymous_43)
FN:476,(anonymous_44)
FN:477,(anonymous_45)
FN:478,(anonymous_46)
FN:479,(anonymous_47)
FN:480,(anonymous_48)
FN:481,(anonymous_49)
FN:482,(anonymous_50)
FN:486,(anonymous_51)
FN:542,(anonymous_52)
FN:597,(anonymous_53)
FN:613,(anonymous_54)
FN:686,(anonymous_55)
FN:722,(anonymous_56)
FN:726,(anonymous_57)
FN:731,(anonymous_58)
FN:732,(anonymous_59)
FN:733,(anonymous_60)
FN:734,(anonymous_61)
FN:743,(anonymous_62)
FN:753,(anonymous_63)
FN:773,(anonymous_64)
FN:826,(anonymous_65)
FN:893,(anonymous_66)
FN:953,(anonymous_67)
FN:987,(anonymous_68)
FN:992,(anonymous_69)
FN:997,(anonymous_70)
FN:998,(anonymous_71)
FN:999,(anonymous_72)
FN:1000,(anonymous_73)
FN:1009,(anonymous_74)
FNF:75
FNH:0
FNDA:0,(anonymous_0)
FNDA:0,(anonymous_1)
FNDA:0,(anonymous_2)
FNDA:0,(anonymous_3)
FNDA:0,(anonymous_4)
FNDA:0,(anonymous_5)
FNDA:0,(anonymous_6)
FNDA:0,(anonymous_7)
FNDA:0,(anonymous_8)
FNDA:0,(anonymous_9)
FNDA:0,(anonymous_10)
FNDA:0,(anonymous_11)
FNDA:0,(anonymous_12)
FNDA:0,(anonymous_13)
FNDA:0,(anonymous_14)
FNDA:0,(anonymous_15)
FNDA:0,(anonymous_16)
FNDA:0,(anonymous_17)
FNDA:0,(anonymous_18)
FNDA:0,(anonymous_19)
FNDA:0,(anonymous_20)
FNDA:0,(anonymous_21)
FNDA:0,(anonymous_22)
FNDA:0,(anonymous_23)
FNDA:0,(anonymous_24)
FNDA:0,(anonymous_25)
FNDA:0,(anonymous_26)
FNDA:0,(anonymous_27)
FNDA:0,(anonymous_28)
FNDA:0,(anonymous_29)
FNDA:0,(anonymous_30)
FNDA:0,(anonymous_31)
FNDA:0,(anonymous_32)
FNDA:0,(anonymous_33)
FNDA:0,(anonymous_34)
FNDA:0,(anonymous_35)
FNDA:0,(anonymous_36)
FNDA:0,(anonymous_37)
FNDA:0,(anonymous_38)
FNDA:0,(anonymous_39)
FNDA:0,(anonymous_40)
FNDA:0,(anonymous_41)
FNDA:0,(anonymous_42)
FNDA:0,(anonymous_43)
FNDA:0,(anonymous_44)
FNDA:0,(anonymous_45)
FNDA:0,(anonymous_46)
FNDA:0,(anonymous_47)
FNDA:0,(anonymous_48)
FNDA:0,(anonymous_49)
FNDA:0,(anonymous_50)
FNDA:0,(anonymous_51)
FNDA:0,(anonymous_52)
FNDA:0,(anonymous_53)
FNDA:0,(anonymous_54)
FNDA:0,(anonymous_55)
FNDA:0,(anonymous_56)
FNDA:0,(anonymous_57)
FNDA:0,(anonymous_58)
FNDA:0,(anonymous_59)
FNDA:0,(anonymous_60)
FNDA:0,(anonymous_61)
FNDA:0,(anonymous_62)
FNDA:0,(anonymous_63)
FNDA:0,(anonymous_64)
FNDA:0,(anonymous_65)
FNDA:0,(anonymous_66)
FNDA:0,(anonymous_67)
FNDA:0,(anonymous_68)
FNDA:0,(anonymous_69)
FNDA:0,(anonymous_70)
FNDA:0,(anonymous_71)
FNDA:0,(anonymous_72)
FNDA:0,(anonymous_73)
FNDA:0,(anonymous_74)
DA:12,0
DA:13,0
DA:14,0
DA:15,0
DA:17,0
DA:26,0
DA:36,0
DA:38,0
DA:49,0
DA:52,0
DA:54,0
DA:59,0
DA:62,0
DA:63,0
DA:64,0
DA:65,0
DA:66,0
DA:69,0
DA:70,0
DA:74,0
DA:75,0
DA:78,0
DA:82,0
DA:83,0
DA:85,0
DA:86,0
DA:92,0
DA:96,0
DA:98,0
DA:100,0
DA:102,0
DA:104,0
DA:105,0
DA:107,0
DA:109,0
DA:115,0
DA:130,0
DA:132,0
DA:134,0
DA:144,0
DA:158,0
DA:160,0
DA:162,0
DA:173,0
DA:187,0
DA:201,0
DA:203,0
DA:204,0
DA:206,0
DA:207,0
DA:208,0
DA:210,0
DA:221,0
DA:235,0
DA:237,0
DA:239,0
DA:250,0
DA:265,0
DA:267,0
DA:269,0
DA:280,0
DA:293,0
DA:295,0
DA:297,0
DA:308,0
DA:317,0
DA:326,0
DA:332,0
DA:346,0
DA:347,0
DA:353,0
DA:359,0
DA:362,0
DA:366,0
DA:367,0
DA:368,0
DA:372,0
DA:373,0
DA:374,0
DA:375,0
DA:379,0
DA:383,0
DA:385,0
DA:386,0
DA:388,0
DA:389,0
DA:391,0
DA:392,0
DA:396,0
DA:397,0
DA:398,0
DA:399,0
DA:400,0
DA:402,0
DA:405,0
DA:406,0
DA:407,0
DA:408,0
DA:412,0
DA:416,0
DA:417,0
DA:418,0
DA:419,0
DA:420,0
DA:422,0
DA:425,0
DA:426,0
DA:427,0
DA:428,0
DA:432,0
DA:437,0
DA:438,0
DA:439,0
DA:443,0
DA:444,0
DA:446,0
DA:450,0
DA:452,0
DA:453,0
DA:455,0
DA:464,0
DA:473,0
DA:474,0
DA:475,0
DA:476,0
DA:477,0
DA:478,0
DA:479,0
DA:480,0
DA:481,0
DA:482,0
DA:487,0
DA:490,0
DA:539,0
DA:543,0
DA:545,0
DA:584,0
DA:590,0
DA:599,0
DA:600,0
DA:602,0
DA:603,0
DA:604,0
DA:610,0
DA:614,0
DA:616,0
DA:617,0
DA:668,0
DA:669,0
DA:675,0
DA:683,0
DA:687,0
DA:689,0
DA:719,0
DA:721,0
DA:722,0
DA:725,0
DA:726,0
DA:729,0
DA:731,0
DA:732,0
DA:733,0
DA:734,0
DA:737,0
DA:744,0
DA:747,0
DA:750,0
DA:753,0
DA:755,0
DA:766,0
DA:774,0
DA:776,0
DA:823,0
DA:827,0
DA:838,0
DA:840,0
DA:849,0
DA:851,0
DA:863,0
DA:865,0
DA:873,0
DA:875,0
DA:882,0
DA:884,0
DA:887,0
DA:894,0
DA:895,0
DA:897,0
DA:922,0
DA:923,0
DA:927,0
DA:933,0
DA:954,0
DA:985,0
DA:986,0
DA:987,0
DA:991,0
DA:992,0
DA:995,0
DA:997,0
DA:998,0
DA:999,0
DA:1000,0
DA:1003,0
DA:1010,0
DA:1011,0
DA:1014,0
DA:1022,0
LF:208
LH:0
BRDA:45,0,0,0
BRDA:45,0,1,0
BRDA:46,1,0,0
BRDA:46,1,1,0
BRDA:69,2,0,0
BRDA:69,2,1,0
BRDA:71,3,0,0
BRDA:71,3,1,0
BRDA:85,4,0,0
BRDA:85,4,1,0
BRDA:98,5,0,0
BRDA:98,5,1,0
BRDA:98,5,2,0
BRDA:98,5,3,0
BRDA:98,5,4,0
BRDA:211,6,0,0
BRDA:211,6,1,0
BRDA:212,7,0,0
BRDA:212,7,1,0
BRDA:346,8,0,0
BRDA:346,8,1,0
BRDA:359,9,0,0
BRDA:359,9,1,0
BRDA:366,10,0,0
BRDA:366,10,1,0
BRDA:372,11,0,0
BRDA:372,11,1,0
BRDA:375,12,0,0
BRDA:375,12,1,0
BRDA:383,13,0,0
BRDA:383,13,1,0
BRDA:391,14,0,0
BRDA:391,14,1,0
BRDA:398,15,0,0
BRDA:398,15,1,0
BRDA:399,16,0,0
BRDA:399,16,1,0
BRDA:418,17,0,0
BRDA:418,17,1,0
BRDA:419,18,0,0
BRDA:419,18,1,0
BRDA:439,19,0,0
BRDA:439,19,1,0
BRDA:446,20,0,0
BRDA:446,20,1,0
BRDA:486,21,0,0
BRDA:542,22,0,0
BRDA:585,23,0,0
BRDA:585,23,1,0
BRDA:586,24,0,0
BRDA:586,24,1,0
BRDA:587,25,0,0
BRDA:587,25,1,0
BRDA:592,26,0,0
BRDA:592,26,1,0
BRDA:613,27,0,0
BRDA:621,28,0,0
BRDA:621,28,1,0
BRDA:622,29,0,0
BRDA:622,29,1,0
BRDA:623,30,0,0
BRDA:623,30,1,0
BRDA:668,31,0,0
BRDA:668,31,1,0
BRDA:686,32,0,0
BRDA:721,33,0,0
BRDA:721,33,1,0
BRDA:725,34,0,0
BRDA:725,34,1,0
BRDA:773,35,0,0
BRDA:826,36,0,0
BRDA:829,37,0,0
BRDA:829,37,1,0
BRDA:829,38,0,0
BRDA:829,38,1,0
BRDA:838,39,0,0
BRDA:838,39,1,0
BRDA:838,39,2,0
BRDA:838,39,3,0
BRDA:838,39,4,0
BRDA:893,40,0,0
BRDA:895,41,0,0
BRDA:895,41,1,0
BRDA:922,42,0,0
BRDA:922,42,1,0
BRDA:938,43,0,0
BRDA:938,43,1,0
BRDA:939,44,0,0
BRDA:939,44,1,0
BRDA:953,45,0,0
BRDA:986,46,0,0
BRDA:986,46,1,0
BRDA:991,47,0,0
BRDA:991,47,1,0
BRF:94
BRH:0
end_of_record
TN:
SF:src/backend/services/MyDataAdapter.js
FN:11,(anonymous_0)
FN:22,(anonymous_1)
FN:50,(anonymous_2)
FN:92,(anonymous_3)
FN:128,(anonymous_4)
FN:154,(anonymous_5)
FN:171,(anonymous_6)
FN:181,(anonymous_7)
FN:201,(anonymous_8)
FN:236,(anonymous_9)
FN:241,(anonymous_10)
FN:262,(anonymous_11)
FN:266,(anonymous_12)
FN:271,(anonymous_13)
FN:278,(anonymous_14)
FN:283,(anonymous_15)
FN:289,(anonymous_16)
FN:319,(anonymous_17)
FN:327,(anonymous_18)
FN:354,(anonymous_19)
FN:371,(anonymous_20)
FN:392,(anonymous_21)
FN:396,(anonymous_22)
FN:422,(anonymous_23)
FN:439,(anonymous_24)
FN:444,(anonymous_25)
FN:455,(anonymous_26)
FN:460,(anonymous_27)
FN:484,(anonymous_28)
FN:504,(anonymous_29)
FN:528,(anonymous_30)
FN:541,(anonymous_31)
FN:553,(anonymous_32)
FN:576,(anonymous_33)
FN:590,(anonymous_34)
FN:624,(anonymous_35)
FN:628,(anonymous_36)
FNF:37
FNH:0
FNDA:0,(anonymous_0)
FNDA:0,(anonymous_1)
FNDA:0,(anonymous_2)
FNDA:0,(anonymous_3)
FNDA:0,(anonymous_4)
FNDA:0,(anonymous_5)
FNDA:0,(anonymous_6)
FNDA:0,(anonymous_7)
FNDA:0,(anonymous_8)
FNDA:0,(anonymous_9)
FNDA:0,(anonymous_10)
FNDA:0,(anonymous_11)
FNDA:0,(anonymous_12)
FNDA:0,(anonymous_13)
FNDA:0,(anonymous_14)
FNDA:0,(anonymous_15)
FNDA:0,(anonymous_16)
FNDA:0,(anonymous_17)
FNDA:0,(anonymous_18)
FNDA:0,(anonymous_19)
FNDA:0,(anonymous_20)
FNDA:0,(anonymous_21)
FNDA:0,(anonymous_22)
FNDA:0,(anonymous_23)
FNDA:0,(anonymous_24)
FNDA:0,(anonymous_25)
FNDA:0,(anonymous_26)
FNDA:0,(anonymous_27)
FNDA:0,(anonymous_28)
FNDA:0,(anonymous_29)
FNDA:0,(anonymous_30)
FNDA:0,(anonymous_31)
FNDA:0,(anonymous_32)
FNDA:0,(anonymous_33)
FNDA:0,(anonymous_34)
FNDA:0,(anonymous_35)
FNDA:0,(anonymous_36)
DA:12,0
DA:13,0
DA:14,0
DA:15,0
DA:17,0
DA:18,0
DA:19,0
DA:23,0
DA:24,0
DA:25,0
DA:27,0
DA:28,0
DA:29,0
DA:30,0
DA:31,0
DA:32,0
DA:33,0
DA:36,0
DA:43,0
DA:52,0
DA:53,0
DA:54,0
DA:58,0
DA:59,0
DA:60,0
DA:64,0
DA:72,0
DA:75,0
DA:83,0
DA:85,0
DA:93,0
DA:94,0
DA:95,0
DA:99,0
DA:100,0
DA:101,0
DA:104,0
DA:112,0
DA:115,0
DA:122,0
DA:129,0
DA:130,0
DA:131,0
DA:134,0
DA:141,0
DA:144,0
DA:151,0
DA:155,0
DA:166,0
DA:168,0
DA:172,0
DA:173,0
DA:174,0
DA:178,0
DA:179,0
DA:181,0
DA:182,0
DA:185,0
DA:186,0
DA:190,0
DA:191,0
DA:198,0
DA:202,0
DA:203,0
DA:204,0
DA:207,0
DA:209,0
DA:219,0
DA:222,0
DA:223,0
DA:224,0
DA:227,0
DA:233,0
DA:238,0
DA:242,0
DA:243,0
DA:244,0
DA:251,0
DA:253,0
DA:263,0
DA:267,0
DA:268,0
DA:272,0
DA:274,0
DA:275,0
DA:278,0
DA:279,0
DA:284,0
DA:291,0
DA:294,0
DA:295,0
DA:297,0
DA:310,0
DA:312,0
DA:320,0
DA:321,0
DA:322,0
DA:324,0
DA:328,0
DA:329,0
DA:330,0
DA:333,0
DA:334,0
DA:338,0
DA:341,0
DA:342,0
DA:343,0
DA:345,0
DA:355,0
DA:356,0
DA:357,0
DA:360,0
DA:361,0
DA:369,0
DA:370,0
DA:371,0
DA:372,0
DA:373,0
DA:375,0
DA:376,0
DA:377,0
DA:379,0
DA:380,0
DA:383,0
DA:393,0
DA:397,0
DA:398,0
DA:399,0
DA:402,0
DA:405,0
DA:406,0
DA:407,0
DA:408,0
DA:410,0
DA:413,0
DA:415,0
DA:423,0
DA:426,0
DA:437,0
DA:438,0
DA:439,0
DA:442,0
DA:443,0
DA:444,0
DA:446,0
DA:456,0
DA:461,0
DA:462,0
DA:463,0
DA:466,0
DA:477,0
DA:485,0
DA:487,0
DA:488,0
DA:492,0
DA:493,0
DA:497,0
DA:498,0
DA:501,0
DA:505,0
DA:507,0
DA:508,0
DA:512,0
DA:521,0
DA:522,0
DA:523,0
DA:525,0
DA:529,0
DA:531,0
DA:532,0
DA:535,0
DA:541,0
DA:542,0
DA:544,0
DA:555,0
DA:573,0
DA:577,0
DA:580,0
DA:581,0
DA:583,0
DA:591,0
DA:594,0
DA:622,0
DA:623,0
DA:624,0
DA:627,0
DA:628,0
DA:631,0
DA:632,0
DA:634,0
DA:644,0
LF:191
LH:0
BRDA:53,0,0,0
BRDA:53,0,1,0
BRDA:53,1,0,0
BRDA:53,1,1,0
BRDA:59,2,0,0
BRDA:59,2,1,0
BRDA:94,3,0,0
BRDA:94,3,1,0
BRDA:99,4,0,0
BRDA:99,4,1,0
BRDA:130,5,0,0
BRDA:130,5,1,0
BRDA:130,6,0,0
BRDA:130,6,1,0
BRDA:146,7,0,0
BRDA:146,7,1,0
BRDA:160,8,0,0
BRDA:160,8,1,0
BRDA:161,9,0,0
BRDA:161,9,1,0
BRDA:173,10,0,0
BRDA:173,10,1,0
BRDA:178,11,0,0
BRDA:178,11,1,0
BRDA:179,12,0,0
BRDA:179,12,1,0
BRDA:185,13,0,0
BRDA:185,13,1,0
BRDA:190,14,0,0
BRDA:190,14,1,0
BRDA:191,15,0,0
BRDA:191,15,1,0
BRDA:203,16,0,0
BRDA:203,16,1,0
BRDA:243,17,0,0
BRDA:243,17,1,0
BRDA:257,18,0,0
BRDA:257,18,1,0
BRDA:271,19,0,0
BRDA:274,20,0,0
BRDA:274,20,1,0
BRDA:321,21,0,0
BRDA:321,21,1,0
BRDA:321,22,0,0
BRDA:321,22,1,0
BRDA:329,23,0,0
BRDA:329,23,1,0
BRDA:333,24,0,0
BRDA:333,24,1,0
BRDA:356,25,0,0
BRDA:356,25,1,0
BRDA:369,26,0,0
BRDA:369,26,1,0
BRDA:373,27,0,0
BRDA:373,27,1,0
BRDA:375,28,0,0
BRDA:375,28,1,0
BRDA:398,29,0,0
BRDA:398,29,1,0
BRDA:418,30,0,0
BRDA:418,30,1,0
BRDA:422,31,0,0
BRDA:423,32,0,0
BRDA:423,33,0,0
BRDA:438,34,0,0
BRDA:438,34,1,0
BRDA:468,35,0,0
BRDA:468,35,1,0
BRDA:487,36,0,0
BRDA:487,36,1,0
BRDA:492,37,0,0
BRDA:492,37,1,0
BRDA:497,38,0,0
BRDA:497,38,1,0
BRDA:507,39,0,0
BRDA:507,39,1,0
BRDA:531,40,0,0
BRDA:531,40,1,0
BRDA:537,41,0,0
BRDA:537,41,1,0
BRDA:537,42,0,0
BRDA:537,42,1,0
BRDA:538,43,0,0
BRDA:538,43,1,0
BRDA:538,44,0,0
BRDA:538,44,1,0
BRDA:573,45,0,0
BRDA:573,45,1,0
BRDA:586,46,0,0
BRDA:586,46,1,0
BRDA:590,47,0,0
BRDA:591,48,0,0
BRDA:591,49,0,0
BRDA:623,50,0,0
BRDA:623,50,1,0
BRF:95
BRH:0
end_of_record
TN:
SF:src/backend/services/MyDataAdapterAPI.js
FN:9,(anonymous_0)
FN:32,(anonymous_1)
FN:78,(anonymous_2)
FN:91,(anonymous_3)
FN:110,(anonymous_4)
FN:165,(anonymous_5)
FN:182,(anonymous_6)
FN:203,(anonymous_7)
FN:216,(anonymous_8)
FN:231,(anonymous_9)
FN:275,(anonymous_10)
FN:301,(anonymous_11)
FN:308,(anonymous_12)
FN:319,(anonymous_13)
FN:331,(anonymous_14)
FN:335,(anonymous_15)
FN:339,(anonymous_16)
FN:343,(anonymous_17)
FNF:18
FNH:0
FNDA:0,(anonymous_0)
FNDA:0,(anonymous_1)
FNDA:0,(anonymous_2)
FNDA:0,(anonymous_3)
FNDA:0,(anonymous_4)
FNDA:0,(anonymous_5)
FNDA:0,(anonymous_6)
FNDA:0,(anonymous_7)
FNDA:0,(anonymous_8)
FNDA:0,(anonymous_9)
FNDA:0,(anonymous_10)
FNDA:0,(anonymous_11)
FNDA:0,(anonymous_12)
FNDA:0,(anonymous_13)
FNDA:0,(anonymous_14)
FNDA:0,(anonymous_15)
FNDA:0,(anonymous_16)
FNDA:0,(anonymous_17)
DA:10,0
DA:11,0
DA:12,0
DA:14,0
DA:21,0
DA:28,0
DA:29,0
DA:34,0
DA:35,0
DA:36,0
DA:41,0
DA:42,0
DA:44,0
DA:56,0
DA:57,0
DA:60,0
DA:62,0
DA:71,0
DA:79,0
DA:88,0
DA:93,0
DA:94,0
DA:98,0
DA:99,0
DA:101,0
DA:102,0
DA:104,0
DA:107,0
DA:111,0
DA:112,0
DA:113,0
DA:116,0
DA:117,0
DA:121,0
DA:130,0
DA:131,0
DA:132,0
DA:134,0
DA:135,0
DA:138,0
DA:139,0
DA:150,0
DA:151,0
DA:153,0
DA:162,0
DA:166,0
DA:167,0
DA:168,0
DA:171,0
DA:172,0
DA:180,0
DA:181,0
DA:182,0
DA:183,0
DA:184,0
DA:186,0
DA:187,0
DA:188,0
DA:190,0
DA:191,0
DA:194,0
DA:204,0
DA:205,0
DA:208,0
DA:209,0
DA:213,0
DA:218,0
DA:219,0
DA:223,0
DA:224,0
DA:225,0
DA:228,0
DA:232,0
DA:233,0
DA:234,0
DA:237,0
DA:240,0
DA:241,0
DA:242,0
DA:243,0
DA:245,0
DA:246,0
DA:249,0
DA:251,0
DA:257,0
DA:258,0
DA:259,0
DA:262,0
DA:272,0
DA:276,0
DA:279,0
DA:299,0
DA:300,0
DA:301,0
DA:305,0
DA:306,0
DA:308,0
DA:310,0
DA:321,0
DA:328,0
DA:332,0
DA:336,0
DA:340,0
DA:344,0
DA:348,0
LF:105
LH:0
BRDA:9,0,0,0
BRDA:16,1,0,0
BRDA:16,1,1,0
BRDA:17,2,0,0
BRDA:17,2,1,0
BRDA:18,3,0,0
BRDA:18,3,1,0
BRDA:35,4,0,0
BRDA:35,4,1,0
BRDA:93,5,0,0
BRDA:93,5,1,0
BRDA:99,6,0,0
BRDA:99,6,1,0
BRDA:101,7,0,0
BRDA:101,7,1,0
BRDA:112,8,0,0
BRDA:112,8,1,0
BRDA:116,9,0,0
BRDA:116,9,1,0
BRDA:167,10,0,0
BRDA:167,10,1,0
BRDA:180,11,0,0
BRDA:180,11,1,0
BRDA:184,12,0,0
BRDA:184,12,1,0
BRDA:186,13,0,0
BRDA:186,13,1,0
BRDA:204,14,0,0
BRDA:204,14,1,0
BRDA:208,15,0,0
BRDA:208,15,1,0
BRDA:218,16,0,0
BRDA:218,16,1,0
BRDA:224,17,0,0
BRDA:224,17,1,0
BRDA:233,18,0,0
BRDA:233,18,1,0
BRDA:254,19,0,0
BRDA:254,19,1,0
BRDA:257,20,0,0
BRDA:257,20,1,0
BRDA:275,21,0,0
BRDA:276,22,0,0
BRDA:276,23,0,0
BRDA:300,24,0,0
BRDA:300,24,1,0
BRF:46
BRH:0
end_of_record
TN:
SF:src/backend/services/RBACService.js
FN:11,(anonymous_0)
FN:126,(anonymous_1)
FN:161,(anonymous_2)
FN:205,(anonymous_3)
FN:224,(anonymous_4)
FN:233,(anonymous_5)
FN:250,(anonymous_6)
FN:269,(anonymous_7)
FN:280,(anonymous_8)
FN:290,(anonymous_9)
FN:317,(anonymous_10)
FN:325,(anonymous_11)
FN:335,(anonymous_12)
FN:345,(anonymous_13)
FN:374,(anonymous_14)
FN:389,(anonymous_15)
FN:400,(anonymous_16)
FN:425,(anonymous_17)
FN:446,(anonymous_18)
FN:471,(anonymous_19)
FN:489,(anonymous_20)
FN:510,(anonymous_21)
FN:517,(anonymous_22)
FN:518,(anonymous_23)
FN:527,(anonymous_24)
FN:576,(anonymous_25)
FN:591,(anonymous_26)
FN:596,(anonymous_27)
FN:630,(anonymous_28)
FN:657,(anonymous_29)
FN:685,(anonymous_30)
FN:695,(anonymous_31)
FNF:32
FNH:0
FNDA:0,(anonymous_0)
FNDA:0,(anonymous_1)
FNDA:0,(anonymous_2)
FNDA:0,(anonymous_3)
FNDA:0,(anonymous_4)
FNDA:0,(anonymous_5)
FNDA:0,(anonymous_6)
FNDA:0,(anonymous_7)
FNDA:0,(anonymous_8)
FNDA:0,(anonymous_9)
FNDA:0,(anonymous_10)
FNDA:0,(anonymous_11)
FNDA:0,(anonymous_12)
FNDA:0,(anonymous_13)
FNDA:0,(anonymous_14)
FNDA:0,(anonymous_15)
FNDA:0,(anonymous_16)
FNDA:0,(anonymous_17)
FNDA:0,(anonymous_18)
FNDA:0,(anonymous_19)
FNDA:0,(anonymous_20)
FNDA:0,(anonymous_21)
FNDA:0,(anonymous_22)
FNDA:0,(anonymous_23)
FNDA:0,(anonymous_24)
FNDA:0,(anonymous_25)
FNDA:0,(anonymous_26)
FNDA:0,(anonymous_27)
FNDA:0,(anonymous_28)
FNDA:0,(anonymous_29)
FNDA:0,(anonymous_30)
FNDA:0,(anonymous_31)
DA:12,0
DA:13,0
DA:14,0
DA:16,0
DA:99,0
DA:123,0
DA:127,0
DA:128,0
DA:132,0
DA:133,0
DA:134,0
DA:135,0
DA:139,0
DA:147,0
DA:148,0
DA:150,0
DA:158,0
DA:163,0
DA:164,0
DA:168,0
DA:169,0
DA:170,0
DA:171,0
DA:175,0
DA:176,0
DA:177,0
DA:178,0
DA:179,0
DA:180,0
DA:181,0
DA:182,0
DA:183,0
DA:184,0
DA:185,0
DA:186,0
DA:187,0
DA:190,0
DA:191,0
DA:198,0
DA:199,0
DA:202,0
DA:206,0
DA:207,0
DA:208,0
DA:211,0
DA:212,0
DA:213,0
DA:217,0
DA:218,0
DA:221,0
DA:225,0
DA:226,0
DA:227,0
DA:230,0
DA:234,0
DA:236,0
DA:237,0
DA:244,0
DA:247,0
DA:251,0
DA:252,0
DA:253,0
DA:256,0
DA:257,0
DA:258,0
DA:262,0
DA:263,0
DA:266,0
DA:270,0
DA:277,0
DA:281,0
DA:282,0
DA:284,0
DA:285,0
DA:288,0
DA:290,0
DA:291,0
DA:294,0
DA:295,0
DA:296,0
DA:301,0
DA:303,0
DA:304,0
DA:305,0
DA:308,0
DA:309,0
DA:313,0
DA:319,0
DA:320,0
DA:322,0
DA:326,0
DA:327,0
DA:328,0
DA:331,0
DA:332,0
DA:336,0
DA:337,0
DA:338,0
DA:341,0
DA:342,0
DA:346,0
DA:347,0
DA:348,0
DA:351,0
DA:352,0
DA:353,0
DA:354,0
DA:355,0
DA:356,0
DA:358,0
DA:359,0
DA:361,0
DA:371,0
DA:375,0
DA:377,0
DA:378,0
DA:386,0
DA:391,0
DA:392,0
DA:393,0
DA:394,0
DA:397,0
DA:401,0
DA:402,0
DA:403,0
DA:406,0
DA:407,0
DA:410,0
DA:411,0
DA:413,0
DA:422,0
DA:426,0
DA:428,0
DA:429,0
DA:432,0
DA:434,0
DA:443,0
DA:447,0
DA:468,0
DA:472,0
DA:474,0
DA:484,0
DA:486,0
DA:490,0
DA:492,0
DA:493,0
DA:497,0
DA:498,0
DA:499,0
DA:500,0
DA:504,0
DA:505,0
DA:507,0
DA:511,0
DA:512,0
DA:518,0
DA:528,0
DA:531,0
DA:532,0
DA:533,0
DA:538,0
DA:539,0
DA:540,0
DA:541,0
DA:546,0
DA:547,0
DA:548,0
DA:556,0
DA:557,0
DA:559,0
DA:567,0
DA:569,0
DA:573,0
DA:577,0
DA:579,0
DA:580,0
DA:581,0
DA:582,0
DA:584,0
DA:588,0
DA:593,0
DA:597,0
DA:599,0
DA:600,0
DA:606,0
DA:607,0
DA:608,0
DA:615,0
DA:616,0
DA:617,0
DA:624,0
DA:631,0
DA:633,0
DA:634,0
DA:637,0
DA:638,0
DA:639,0
DA:643,0
DA:644,0
DA:649,0
DA:650,0
DA:654,0
DA:658,0
DA:661,0
DA:683,0
DA:684,0
DA:685,0
DA:686,0
DA:687,0
DA:688,0
DA:689,0
DA:694,0
DA:695,0
DA:699,0
DA:700,0
DA:702,0
DA:711,0
LF:217
LH:0
BRDA:127,0,0,0
BRDA:127,0,1,0
BRDA:132,1,0,0
BRDA:132,1,1,0
BRDA:134,2,0,0
BRDA:134,2,1,0
BRDA:163,3,0,0
BRDA:163,3,1,0
BRDA:169,4,0,0
BRDA:169,4,1,0
BRDA:169,5,0,0
BRDA:169,5,1,0
BRDA:176,6,0,0
BRDA:176,6,1,0
BRDA:178,7,0,0
BRDA:178,7,1,0
BRDA:180,8,0,0
BRDA:180,8,1,0
BRDA:182,9,0,0
BRDA:182,9,1,0
BRDA:184,10,0,0
BRDA:184,10,1,0
BRDA:186,11,0,0
BRDA:186,11,1,0
BRDA:190,12,0,0
BRDA:190,12,1,0
BRDA:190,13,0,0
BRDA:190,13,1,0
BRDA:207,14,0,0
BRDA:207,14,1,0
BRDA:212,15,0,0
BRDA:212,15,1,0
BRDA:217,16,0,0
BRDA:217,16,1,0
BRDA:226,17,0,0
BRDA:226,17,1,0
BRDA:236,18,0,0
BRDA:236,18,1,0
BRDA:252,19,0,0
BRDA:252,19,1,0
BRDA:257,20,0,0
BRDA:257,20,1,0
BRDA:262,21,0,0
BRDA:262,21,1,0
BRDA:277,22,0,0
BRDA:277,22,1,0
BRDA:284,23,0,0
BRDA:284,23,1,0
BRDA:295,24,0,0
BRDA:295,24,1,0
BRDA:301,25,0,0
BRDA:301,25,1,0
BRDA:308,26,0,0
BRDA:308,26,1,0
BRDA:319,27,0,0
BRDA:319,27,1,0
BRDA:327,28,0,0
BRDA:327,28,1,0
BRDA:337,29,0,0
BRDA:337,29,1,0
BRDA:347,30,0,0
BRDA:347,30,1,0
BRDA:352,31,0,0
BRDA:352,31,1,0
BRDA:391,32,0,0
BRDA:391,32,1,0
BRDA:394,33,0,0
BRDA:394,33,1,0
BRDA:402,34,0,0
BRDA:402,34,1,0
BRDA:406,35,0,0
BRDA:406,35,1,0
BRDA:428,36,0,0
BRDA:428,36,1,0
BRDA:478,37,0,0
BRDA:478,37,1,0
BRDA:492,38,0,0
BRDA:492,38,1,0
BRDA:498,39,0,0
BRDA:498,39,1,0
BRDA:532,40,0,0
BRDA:532,40,1,0
BRDA:538,41,0,0
BRDA:538,41,1,0
BRDA:540,42,0,0
BRDA:540,42,1,0
BRDA:593,43,0,0
BRDA:593,43,1,0
BRDA:593,43,2,0
BRDA:596,44,0,0
BRDA:599,45,0,0
BRDA:599,45,1,0
BRDA:607,46,0,0
BRDA:607,46,1,0
BRDA:616,47,0,0
BRDA:616,47,1,0
BRDA:616,48,0,0
BRDA:616,48,1,0
BRDA:633,49,0,0
BRDA:633,49,1,0
BRDA:638,50,0,0
BRDA:638,50,1,0
BRDA:643,51,0,0
BRDA:643,51,1,0
BRDA:649,52,0,0
BRDA:649,52,1,0
BRDA:650,53,0,0
BRDA:650,53,1,0
BRDA:657,54,0,0
BRDA:658,55,0,0
BRDA:658,56,0,0
BRDA:665,57,0,0
BRDA:665,57,1,0
BRDA:674,58,0,0
BRDA:674,58,1,0
BRDA:684,59,0,0
BRDA:684,59,1,0
BRDA:684,60,0,0
BRDA:684,60,1,0
BRDA:687,61,0,0
BRDA:687,61,1,0
BRDA:687,62,0,0
BRDA:687,62,1,0
BRDA:688,63,0,0
BRDA:688,63,1,0
BRDA:688,64,0,0
BRDA:688,64,1,0
BRDA:694,65,0,0
BRDA:694,65,1,0
BRF:129
BRH:0
end_of_record
TN:
SF:src/backend/services/RetentionService.js
FN:11,(anonymous_0)
FN:22,(anonymous_1)
FN:45,(anonymous_2)
FN:59,(anonymous_3)
FN:75,(anonymous_4)
FN:83,(anonymous_5)
FN:152,(anonymous_6)
FN:170,(anonymous_7)
FN:172,(anonymous_8)
FN:188,(anonymous_9)
FN:207,(anonymous_10)
FN:226,(anonymous_11)
FN:241,(anonymous_12)
FN:246,(anonymous_13)
FN:260,(anonymous_14)
FN:288,(anonymous_15)
FN:301,(anonymous_16)
FN:306,(anonymous_17)
FN:315,(anonymous_18)
FN:332,(anonymous_19)
FNF:20
FNH:0
FNDA:0,(anonymous_0)
FNDA:0,(anonymous_1)
FNDA:0,(anonymous_2)
FNDA:0,(anonymous_3)
FNDA:0,(anonymous_4)
FNDA:0,(anonymous_5)
FNDA:0,(anonymous_6)
FNDA:0,(anonymous_7)
FNDA:0,(anonymous_8)
FNDA:0,(anonymous_9)
FNDA:0,(anonymous_10)
FNDA:0,(anonymous_11)
FNDA:0,(anonymous_12)
FNDA:0,(anonymous_13)
FNDA:0,(anonymous_14)
FNDA:0,(anonymous_15)
FNDA:0,(anonymous_16)
FNDA:0,(anonymous_17)
FNDA:0,(anonymous_18)
FNDA:0,(anonymous_19)
DA:12,0
DA:13,0
DA:14,0
DA:15,0
DA:17,0
DA:18,0
DA:19,0
DA:23,0
DA:30,0
DA:33,0
DA:35,0
DA:42,0
DA:46,0
DA:48,0
DA:49,0
DA:56,0
DA:60,0
DA:63,0
DA:72,0
DA:74,0
DA:75,0
DA:76,0
DA:80,0
DA:84,0
DA:85,0
DA:87,0
DA:89,0
DA:97,0
DA:98,0
DA:99,0
DA:102,0
DA:103,0
DA:105,0
DA:106,0
DA:109,0
DA:110,0
DA:111,0
DA:114,0
DA:122,0
DA:132,0
DA:139,0
DA:148,0
DA:154,0
DA:155,0
DA:162,0
DA:163,0
DA:167,0
DA:171,0
DA:172,0
DA:173,0
DA:175,0
DA:176,0
DA:177,0
DA:180,0
DA:185,0
DA:190,0
DA:191,0
DA:193,0
DA:194,0
DA:201,0
DA:204,0
DA:208,0
DA:209,0
DA:211,0
DA:212,0
DA:214,0
DA:216,0
DA:228,0
DA:229,0
DA:234,0
DA:235,0
DA:238,0
DA:242,0
DA:243,0
DA:247,0
DA:248,0
DA:250,0
DA:257,0
DA:261,0
DA:263,0
DA:271,0
DA:274,0
DA:276,0
DA:285,0
DA:290,0
DA:291,0
DA:293,0
DA:294,0
DA:295,0
DA:298,0
DA:303,0
DA:307,0
DA:308,0
DA:309,0
DA:310,0
DA:312,0
DA:316,0
DA:317,0
DA:319,0
DA:320,0
DA:321,0
DA:322,0
DA:325,0
DA:326,0
DA:329,0
DA:333,0
DA:334,0
DA:336,0
DA:337,0
DA:338,0
DA:339,0
DA:340,0
DA:343,0
DA:344,0
DA:347,0
DA:351,0
LF:116
LH:0
BRDA:48,0,0,0
BRDA:48,0,1,0
BRDA:74,1,0,0
BRDA:74,1,1,0
BRDA:105,2,0,0
BRDA:105,2,1,0
BRDA:154,3,0,0
BRDA:154,3,1,0
BRDA:154,4,0,0
BRDA:154,4,1,0
BRDA:163,5,0,0
BRDA:163,5,1,0
BRDA:171,6,0,0
BRDA:171,6,1,0
BRDA:171,7,0,0
BRDA:171,7,1,0
BRDA:228,8,0,0
BRDA:228,8,1,0
BRDA:228,9,0,0
BRDA:228,9,1,0
BRDA:235,10,0,0
BRDA:235,10,1,0
BRDA:243,11,0,0
BRDA:243,11,1,0
BRDA:246,12,0,0
BRDA:248,13,0,0
BRDA:248,13,1,0
BRDA:253,14,0,0
BRDA:253,14,1,0
BRDA:301,15,0,0
BRDA:319,16,0,0
BRDA:319,16,1,0
BRDA:325,17,0,0
BRDA:325,17,1,0
BRDA:336,18,0,0
BRDA:336,18,1,0
BRDA:343,19,0,0
BRDA:343,19,1,0
BRF:38
BRH:0
end_of_record
TN:
SF:src/backend/services/RevocationService.js
FN:11,(anonymous_0)
FN:21,(anonymous_1)
FN:108,(anonymous_2)
FN:151,(anonymous_3)
FN:171,(anonymous_4)
FN:193,(anonymous_5)
FN:218,(anonymous_6)
FN:229,(anonymous_7)
FN:242,(anonymous_8)
FN:263,(anonymous_9)
FN:279,(anonymous_10)
FN:283,(anonymous_11)
FN:293,(anonymous_12)
FN:302,(anonymous_13)
FN:311,(anonymous_14)
FN:317,(anonymous_15)
FN:331,(anonymous_16)
FN:343,(anonymous_17)
FN:354,(anonymous_18)
FNF:19
FNH:0
FNDA:0,(anonymous_0)
FNDA:0,(anonymous_1)
FNDA:0,(anonymous_2)
FNDA:0,(anonymous_3)
FNDA:0,(anonymous_4)
FNDA:0,(anonymous_5)
FNDA:0,(anonymous_6)
FNDA:0,(anonymous_7)
FNDA:0,(anonymous_8)
FNDA:0,(anonymous_9)
FNDA:0,(anonymous_10)
FNDA:0,(anonymous_11)
FNDA:0,(anonymous_12)
FNDA:0,(anonymous_13)
FNDA:0,(anonymous_14)
FNDA:0,(anonymous_15)
FNDA:0,(anonymous_16)
FNDA:0,(anonymous_17)
FNDA:0,(anonymous_18)
DA:12,0
DA:13,0
DA:14,0
DA:15,0
DA:16,0
DA:18,0
DA:22,0
DA:23,0
DA:26,0
DA:36,0
DA:38,0
DA:40,0
DA:41,0
DA:42,0
DA:46,0
DA:47,0
DA:50,0
DA:51,0
DA:54,0
DA:57,0
DA:58,0
DA:59,0
DA:61,0
DA:64,0
DA:70,0
DA:80,0
DA:89,0
DA:90,0
DA:91,0
DA:93,0
DA:95,0
DA:104,0
DA:109,0
DA:110,0
DA:113,0
DA:127,0
DA:128,0
DA:129,0
DA:130,0
DA:131,0
DA:132,0
DA:136,0
DA:145,0
DA:152,0
DA:154,0
DA:156,0
DA:157,0
DA:158,0
DA:162,0
DA:163,0
DA:164,0
DA:165,0
DA:168,0
DA:173,0
DA:182,0
DA:183,0
DA:184,0
DA:185,0
DA:186,0
DA:190,0
DA:195,0
DA:197,0
DA:198,0
DA:199,0
DA:210,0
DA:211,0
DA:212,0
DA:215,0
DA:220,0
DA:221,0
DA:222,0
DA:223,0
DA:226,0
DA:230,0
DA:238,0
DA:239,0
DA:244,0
DA:245,0
DA:249,0
DA:250,0
DA:251,0
DA:257,0
DA:260,0
DA:264,0
DA:266,0
DA:267,0
DA:276,0
DA:280,0
DA:285,0
DA:295,0
DA:302,0
DA:304,0
DA:313,0
DA:314,0
DA:319,0
DA:326,0
DA:328,0
DA:332,0
DA:334,0
DA:340,0
DA:345,0
DA:348,0
DA:355,0
DA:356,0
DA:357,0
DA:360,0
DA:371,0
DA:373,0
DA:377,0
LF:109
LH:0
BRDA:21,0,0,0
BRDA:40,1,0,0
BRDA:40,1,1,0
BRDA:130,2,0,0
BRDA:130,2,1,0
BRDA:154,3,0,0
BRDA:154,3,1,0
BRDA:158,4,0,0
BRDA:158,4,1,0
BRDA:185,5,0,0
BRDA:185,5,1,0
BRDA:220,6,0,0
BRDA:220,6,1,0
BRDA:223,7,0,0
BRDA:223,7,1,0
BRDA:244,8,0,0
BRDA:244,8,1,0
BRDA:250,9,0,0
BRDA:250,9,1,0
BRDA:266,10,0,0
BRDA:266,10,1,0
BRDA:283,11,0,0
BRDA:283,12,0,0
BRDA:307,13,0,0
BRDA:307,13,1,0
BRDA:317,14,0,0
BRDA:356,15,0,0
BRDA:356,15,1,0
BRF:28
BRH:0
end_of_record
TN:
SF:src/backend/services/VolunteerConsentService.js
FN:11,(anonymous_0)
FN:23,(anonymous_1)
FN:53,(anonymous_2)
FN:81,(anonymous_3)
FN:107,(anonymous_4)
FN:130,(anonymous_5)
FN:138,(anonymous_6)
FN:155,(anonymous_7)
FN:171,(anonymous_8)
FN:175,(anonymous_9)
FN:192,(anonymous_10)
FN:197,(anonymous_11)
FNF:12
FNH:0
FNDA:0,(anonymous_0)
FNDA:0,(anonymous_1)
FNDA:0,(anonymous_2)
FNDA:0,(anonymous_3)
FNDA:0,(anonymous_4)
FNDA:0,(anonymous_5)
FNDA:0,(anonymous_6)
FNDA:0,(anonymous_7)
FNDA:0,(anonymous_8)
FNDA:0,(anonymous_9)
FNDA:0,(anonymous_10)
FNDA:0,(anonymous_11)
DA:12,0
DA:13,0
DA:14,0
DA:15,0
DA:16,0
DA:25,0
DA:26,0
DA:37,0
DA:40,0
DA:43,0
DA:48,0
DA:49,0
DA:50,0
DA:54,0
DA:55,0
DA:57,0
DA:58,0
DA:65,0
DA:69,0
DA:72,0
DA:73,0
DA:75,0
DA:77,0
DA:78,0
DA:82,0
DA:84,0
DA:85,0
DA:94,0
DA:96,0
DA:108,0
DA:113,0
DA:114,0
DA:117,0
DA:119,0
DA:121,0
DA:127,0
DA:131,0
DA:132,0
DA:139,0
DA:141,0
DA:142,0
DA:143,0
DA:144,0
DA:146,0
DA:147,0
DA:156,0
DA:157,0
DA:159,0
DA:160,0
DA:167,0
DA:172,0
DA:176,0
DA:177,0
DA:185,0
DA:193,0
DA:194,0
DA:199,0
DA:203,0
LF:58
LH:0
BRDA:57,0,0,0
BRDA:57,0,1,0
BRDA:84,1,0,0
BRDA:84,1,1,0
BRDA:100,2,0,0
BRDA:100,2,1,0
BRDA:107,3,0,0
BRDA:113,4,0,0
BRDA:113,4,1,0
BRDA:119,5,0,0
BRDA:119,5,1,0
BRDA:141,6,0,0
BRDA:141,6,1,0
BRDA:141,7,0,0
BRDA:141,7,1,0
BRDA:146,8,0,0
BRDA:146,8,1,0
BRDA:159,9,0,0
BRDA:159,9,1,0
BRDA:176,10,0,0
BRDA:176,10,1,0
BRDA:194,11,0,0
BRDA:194,11,1,0
BRDA:194,12,0,0
BRDA:194,12,1,0
BRF:25
BRH:0
end_of_record
TN:
SF:src/backend/services/safety/index.js
FN:13,(anonymous_0)
FN:32,(anonymous_1)
FN:88,(anonymous_2)
FN:96,(anonymous_3)
FN:104,(anonymous_4)
FN:112,(anonymous_5)
FN:148,(anonymous_6)
FN:173,(anonymous_7)
FN:182,(anonymous_8)
FN:204,(anonymous_9)
FN:207,(anonymous_10)
FN:214,(anonymous_11)
FN:224,(anonymous_12)
FN:233,(anonymous_13)
FN:242,(anonymous_14)
FN:254,(anonymous_15)
FN:272,(anonymous_16)
FN:282,(anonymous_17)
FN:295,(anonymous_18)
FN:303,(anonymous_19)
FN:320,(anonymous_20)
FN:322,(anonymous_21)
FN:323,(anonymous_22)
FN:324,(anonymous_23)
FN:325,(anonymous_24)
FNF:25
FNH:0
FNDA:0,(anonymous_0)
FNDA:0,(anonymous_1)
FNDA:0,(anonymous_2)
FNDA:0,(anonymous_3)
FNDA:0,(anonymous_4)
FNDA:0,(anonymous_5)
FNDA:0,(anonymous_6)
FNDA:0,(anonymous_7)
FNDA:0,(anonymous_8)
FNDA:0,(anonymous_9)
FNDA:0,(anonymous_10)
FNDA:0,(anonymous_11)
FNDA:0,(anonymous_12)
FNDA:0,(anonymous_13)
FNDA:0,(anonymous_14)
FNDA:0,(anonymous_15)
FNDA:0,(anonymous_16)
FNDA:0,(anonymous_17)
FNDA:0,(anonymous_18)
FNDA:0,(anonymous_19)
FNDA:0,(anonymous_20)
FNDA:0,(anonymous_21)
FNDA:0,(anonymous_22)
FNDA:0,(anonymous_23)
FNDA:0,(anonymous_24)
DA:6,0
DA:7,0
DA:8,0
DA:9,0
DA:10,0
DA:14,0
DA:23,0
DA:24,0
DA:25,0
DA:33,0
DA:34,0
DA:37,0
DA:38,0
DA:39,0
DA:40,0
DA:44,0
DA:45,0
DA:46,0
DA:47,0
DA:51,0
DA:52,0
DA:53,0
DA:54,0
DA:58,0
DA:59,0
DA:60,0
DA:61,0
DA:65,0
DA:66,0
DA:67,0
DA:68,0
DA:72,0
DA:74,0
DA:75,0
DA:78,0
DA:79,0
DA:89,0
DA:97,0
DA:105,0
DA:113,0
DA:119,0
DA:120,0
DA:121,0
DA:122,0
DA:127,0
DA:133,0
DA:137,0
DA:141,0
DA:149,0
DA:156,0
DA:157,0
DA:158,0
DA:159,0
DA:162,0
DA:166,0
DA:174,0
DA:175,0
DA:177,0
DA:179,0
DA:180,0
DA:181,0
DA:183,0
DA:189,0
DA:191,0
DA:192,0
DA:195,0
DA:196,0
DA:206,0
DA:207,0
DA:208,0
DA:214,0
DA:215,0
DA:223,0
DA:224,0
DA:225,0
DA:233,0
DA:234,0
DA:242,0
DA:243,0
DA:253,0
DA:254,0
DA:255,0
DA:257,0
DA:265,0
DA:271,0
DA:272,0
DA:273,0
DA:282,0
DA:283,0
DA:294,0
DA:295,0
DA:296,0
DA:303,0
DA:304,0
DA:312,0
DA:321,0
DA:322,0
DA:323,0
DA:324,0
DA:326,0
DA:327,0
DA:334,0
LF:102
LH:0
BRDA:13,0,0,0
BRDA:37,1,0,0
BRDA:37,1,1,0
BRDA:44,2,0,0
BRDA:44,2,1,0
BRDA:51,3,0,0
BRDA:51,3,1,0
BRDA:58,4,0,0
BRDA:58,4,1,0
BRDA:65,5,0,0
BRDA:65,5,1,0
BRDA:89,6,0,0
BRDA:89,6,1,0
BRDA:121,7,0,0
BRDA:121,7,1,0
BRDA:121,8,0,0
BRDA:121,8,1,0
BRDA:158,9,0,0
BRDA:158,9,1,0
BRDA:158,10,0,0
BRDA:158,10,1,0
BRDA:180,11,0,0
BRDA:180,11,1,0
BRDA:180,12,0,0
BRDA:180,12,1,0
BRDA:206,13,0,0
BRDA:206,13,1,0
BRDA:206,14,0,0
BRDA:206,14,1,0
BRDA:223,15,0,0
BRDA:223,15,1,0
BRDA:223,16,0,0
BRDA:223,16,1,0
BRDA:253,17,0,0
BRDA:253,17,1,0
BRDA:253,18,0,0
BRDA:253,18,1,0
BRDA:271,19,0,0
BRDA:271,19,1,0
BRDA:271,20,0,0
BRDA:271,20,1,0
BRDA:294,21,0,0
BRDA:294,21,1,0
BRDA:294,22,0,0
BRDA:294,22,1,0
BRDA:322,23,0,0
BRDA:323,24,0,0
BRDA:324,25,0,0
BRDA:324,26,0,0
BRDA:325,27,0,0
BRDA:326,28,0,0
BRDA:326,28,1,0
BRF:52
BRH:0
end_of_record
TN:
SF:src/backend/services/safety/case/CaseManagementService.js
FN:9,(anonymous_0)
FN:34,(anonymous_1)
FN:55,(anonymous_2)
FN:61,(anonymous_3)
FN:164,(anonymous_4)
FN:255,(anonymous_5)
FN:304,(anonymous_6)
FN:375,(anonymous_7)
FN:382,(anonymous_8)
FN:437,(anonymous_9)
FN:507,(anonymous_10)
FN:562,(anonymous_11)
FN:571,(anonymous_12)
FN:577,(anonymous_13)
FN:581,(anonymous_14)
FN:585,(anonymous_15)
FN:589,(anonymous_16)
FN:593,(anonymous_17)
FN:603,(anonymous_18)
FN:607,(anonymous_19)
FN:611,(anonymous_20)
FN:615,(anonymous_21)
FN:622,(anonymous_22)
FN:651,(anonymous_23)
FN:672,(anonymous_24)
FN:696,(anonymous_25)
FN:720,(anonymous_26)
FN:721,(anonymous_27)
FN:736,(anonymous_28)
FN:739,(anonymous_29)
FN:757,(anonymous_30)
FN:795,(anonymous_31)
FN:820,(anonymous_32)
FN:839,(anonymous_33)
FN:884,(anonymous_34)
FN:915,(anonymous_35)
FN:935,(anonymous_36)
FN:949,(anonymous_37)
FN:958,(anonymous_38)
FN:967,(anonymous_39)
FN:969,(anonymous_40)
FN:970,(anonymous_41)
FN:971,(anonymous_42)
FN:972,(anonymous_43)
FN:983,(anonymous_44)
FN:987,(anonymous_45)
FN:995,(anonymous_46)
FN:999,(anonymous_47)
FN:1000,(anonymous_48)
FN:1001,(anonymous_49)
FN:1002,(anonymous_50)
FN:1003,(anonymous_51)
FN:1013,(anonymous_52)
FNF:53
FNH:0
FNDA:0,(anonymous_0)
FNDA:0,(anonymous_1)
FNDA:0,(anonymous_2)
FNDA:0,(anonymous_3)
FNDA:0,(anonymous_4)
FNDA:0,(anonymous_5)
FNDA:0,(anonymous_6)
FNDA:0,(anonymous_7)
FNDA:0,(anonymous_8)
FNDA:0,(anonymous_9)
FNDA:0,(anonymous_10)
FNDA:0,(anonymous_11)
FNDA:0,(anonymous_12)
FNDA:0,(anonymous_13)
FNDA:0,(anonymous_14)
FNDA:0,(anonymous_15)
FNDA:0,(anonymous_16)
FNDA:0,(anonymous_17)
FNDA:0,(anonymous_18)
FNDA:0,(anonymous_19)
FNDA:0,(anonymous_20)
FNDA:0,(anonymous_21)
FNDA:0,(anonymous_22)
FNDA:0,(anonymous_23)
FNDA:0,(anonymous_24)
FNDA:0,(anonymous_25)
FNDA:0,(anonymous_26)
FNDA:0,(anonymous_27)
FNDA:0,(anonymous_28)
FNDA:0,(anonymous_29)
FNDA:0,(anonymous_30)
FNDA:0,(anonymous_31)
FNDA:0,(anonymous_32)
FNDA:0,(anonymous_33)
FNDA:0,(anonymous_34)
FNDA:0,(anonymous_35)
FNDA:0,(anonymous_36)
FNDA:0,(anonymous_37)
FNDA:0,(anonymous_38)
FNDA:0,(anonymous_39)
FNDA:0,(anonymous_40)
FNDA:0,(anonymous_41)
FNDA:0,(anonymous_42)
FNDA:0,(anonymous_43)
FNDA:0,(anonymous_44)
FNDA:0,(anonymous_45)
FNDA:0,(anonymous_46)
FNDA:0,(anonymous_47)
FNDA:0,(anonymous_48)
FNDA:0,(anonymous_49)
FNDA:0,(anonymous_50)
FNDA:0,(anonymous_51)
FNDA:0,(anonymous_52)
DA:6,0
DA:10,0
DA:11,0
DA:23,0
DA:24,0
DA:25,0
DA:26,0
DA:27,0
DA:35,0
DA:36,0
DA:37,0
DA:38,0
DA:40,0
DA:41,0
DA:56,0
DA:57,0
DA:60,0
DA:61,0
DA:63,0
DA:64,0
DA:67,0
DA:68,0
DA:70,0
DA:122,0
DA:134,0
DA:135,0
DA:137,0
DA:143,0
DA:146,0
DA:147,0
DA:150,0
DA:152,0
DA:153,0
DA:165,0
DA:166,0
DA:167,0
DA:168,0
DA:171,0
DA:172,0
DA:175,0
DA:176,0
DA:179,0
DA:180,0
DA:183,0
DA:191,0
DA:192,0
DA:193,0
DA:194,0
DA:198,0
DA:199,0
DA:213,0
DA:214,0
DA:228,0
DA:229,0
DA:231,0
DA:236,0
DA:239,0
DA:241,0
DA:243,0
DA:244,0
DA:256,0
DA:257,0
DA:258,0
DA:259,0
DA:262,0
DA:273,0
DA:274,0
DA:275,0
DA:277,0
DA:278,0
DA:280,0
DA:285,0
DA:288,0
DA:290,0
DA:292,0
DA:293,0
DA:305,0
DA:306,0
DA:307,0
DA:308,0
DA:311,0
DA:327,0
DA:328,0
DA:329,0
DA:330,0
DA:333,0
DA:346,0
DA:347,0
DA:349,0
DA:355,0
DA:358,0
DA:360,0
DA:362,0
DA:363,0
DA:376,0
DA:377,0
DA:378,0
DA:379,0
DA:382,0
DA:383,0
DA:384,0
DA:387,0
DA:388,0
DA:395,0
DA:398,0
DA:399,0
DA:413,0
DA:414,0
DA:416,0
DA:421,0
DA:423,0
DA:425,0
DA:426,0
DA:438,0
DA:439,0
DA:440,0
DA:441,0
DA:444,0
DA:445,0
DA:448,0
DA:450,0
DA:468,0
DA:480,0
DA:481,0
DA:483,0
DA:488,0
DA:491,0
DA:493,0
DA:495,0
DA:496,0
DA:508,0
DA:509,0
DA:510,0
DA:511,0
DA:514,0
DA:515,0
DA:518,0
DA:520,0
DA:531,0
DA:540,0
DA:541,0
DA:543,0
DA:548,0
DA:550,0
DA:552,0
DA:553,0
DA:563,0
DA:572,0
DA:573,0
DA:576,0
DA:577,0
DA:580,0
DA:581,0
DA:584,0
DA:585,0
DA:588,0
DA:589,0
DA:592,0
DA:593,0
DA:594,0
DA:598,0
DA:602,0
DA:603,0
DA:606,0
DA:607,0
DA:610,0
DA:611,0
DA:614,0
DA:615,0
DA:619,0
DA:620,0
DA:622,0
DA:623,0
DA:624,0
DA:626,0
DA:627,0
DA:629,0
DA:634,0
DA:635,0
DA:636,0
DA:638,0
DA:640,0
DA:641,0
DA:652,0
DA:653,0
DA:654,0
DA:657,0
DA:658,0
DA:659,0
DA:661,0
DA:662,0
DA:673,0
DA:674,0
DA:675,0
DA:676,0
DA:677,0
DA:678,0
DA:681,0
DA:682,0
DA:684,0
DA:685,0
DA:697,0
DA:698,0
DA:699,0
DA:701,0
DA:708,0
DA:709,0
DA:712,0
DA:721,0
DA:722,0
DA:723,0
DA:725,0
DA:729,0
DA:737,0
DA:738,0
DA:739,0
DA:741,0
DA:742,0
DA:743,0
DA:745,0
DA:746,0
DA:758,0
DA:759,0
DA:760,0
DA:763,0
DA:765,0
DA:768,0
DA:773,0
DA:779,0
DA:786,0
DA:796,0
DA:797,0
DA:800,0
DA:801,0
DA:804,0
DA:805,0
DA:808,0
DA:809,0
DA:810,0
DA:821,0
DA:822,0
DA:824,0
DA:825,0
DA:826,0
DA:827,0
DA:829,0
DA:840,0
DA:841,0
DA:842,0
DA:844,0
DA:847,0
DA:848,0
DA:849,0
DA:852,0
DA:853,0
DA:855,0
DA:856,0
DA:858,0
DA:859,0
DA:863,0
DA:864,0
DA:867,0
DA:868,0
DA:869,0
DA:870,0
DA:872,0
DA:873,0
DA:874,0
DA:875,0
DA:885,0
DA:886,0
DA:887,0
DA:889,0
DA:892,0
DA:893,0
DA:894,0
DA:897,0
DA:898,0
DA:901,0
DA:902,0
DA:903,0
DA:905,0
DA:916,0
DA:917,0
DA:918,0
DA:919,0
DA:920,0
DA:922,0
DA:926,0
DA:927,0
DA:936,0
DA:937,0
DA:938,0
DA:939,0
DA:940,0
DA:941,0
DA:950,0
DA:959,0
DA:968,0
DA:969,0
DA:970,0
DA:971,0
DA:973,0
DA:974,0
DA:984,0
DA:988,0
DA:996,0
DA:997,0
DA:999,0
DA:1000,0
DA:1001,0
DA:1002,0
DA:1003,0
DA:1014,0
DA:1015,0
DA:1016,0
DA:1019,0
DA:1021,0
DA:1022,0
DA:1027,0
LF:320
LH:0
BRDA:9,0,0,0
BRDA:12,1,0,0
BRDA:12,1,1,0
BRDA:13,2,0,0
BRDA:13,2,1,0
BRDA:14,3,0,0
BRDA:14,3,1,0
BRDA:16,4,0,0
BRDA:16,4,1,0
BRDA:17,5,0,0
BRDA:17,5,1,0
BRDA:18,6,0,0
BRDA:18,6,1,0
BRDA:61,7,0,0
BRDA:61,7,1,0
BRDA:63,8,0,0
BRDA:63,8,1,0
BRDA:78,9,0,0
BRDA:78,9,1,0
BRDA:79,10,0,0
BRDA:79,10,1,0
BRDA:80,11,0,0
BRDA:80,11,1,0
BRDA:81,12,0,0
BRDA:81,12,1,0
BRDA:86,13,0,0
BRDA:86,13,1,0
BRDA:87,14,0,0
BRDA:87,14,1,0
BRDA:88,15,0,0
BRDA:88,15,1,0
BRDA:91,16,0,0
BRDA:91,16,1,0
BRDA:92,17,0,0
BRDA:92,17,1,0
BRDA:93,18,0,0
BRDA:93,18,1,0
BRDA:94,19,0,0
BRDA:94,19,1,0
BRDA:95,20,0,0
BRDA:95,20,1,0
BRDA:98,21,0,0
BRDA:98,21,1,0
BRDA:146,22,0,0
BRDA:146,22,1,0
BRDA:167,23,0,0
BRDA:167,23,1,0
BRDA:175,24,0,0
BRDA:175,24,1,0
BRDA:175,25,0,0
BRDA:175,25,1,0
BRDA:179,26,0,0
BRDA:179,26,1,0
BRDA:179,27,0,0
BRDA:179,27,1,0
BRDA:191,28,0,0
BRDA:191,28,1,0
BRDA:191,29,0,0
BRDA:191,29,1,0
BRDA:198,30,0,0
BRDA:198,30,1,0
BRDA:198,31,0,0
BRDA:198,31,1,0
BRDA:208,32,0,0
BRDA:208,32,1,0
BRDA:213,33,0,0
BRDA:213,33,1,0
BRDA:213,34,0,0
BRDA:213,34,1,0
BRDA:223,35,0,0
BRDA:223,35,1,0
BRDA:258,36,0,0
BRDA:258,36,1,0
BRDA:264,37,0,0
BRDA:264,37,1,0
BRDA:266,38,0,0
BRDA:266,38,1,0
BRDA:268,39,0,0
BRDA:268,39,1,0
BRDA:269,40,0,0
BRDA:269,40,1,0
BRDA:270,41,0,0
BRDA:270,41,1,0
BRDA:307,42,0,0
BRDA:307,42,1,0
BRDA:313,43,0,0
BRDA:313,43,1,0
BRDA:315,44,0,0
BRDA:315,44,1,0
BRDA:316,45,0,0
BRDA:316,45,1,0
BRDA:320,46,0,0
BRDA:320,46,1,0
BRDA:321,47,0,0
BRDA:321,47,1,0
BRDA:323,48,0,0
BRDA:323,48,1,0
BRDA:324,49,0,0
BRDA:324,49,1,0
BRDA:378,50,0,0
BRDA:378,50,1,0
BRDA:383,51,0,0
BRDA:383,51,1,0
BRDA:398,52,0,0
BRDA:398,52,1,0
BRDA:398,53,0,0
BRDA:398,53,1,0
BRDA:440,54,0,0
BRDA:440,54,1,0
BRDA:444,55,0,0
BRDA:444,55,1,0
BRDA:456,56,0,0
BRDA:456,56,1,0
BRDA:457,57,0,0
BRDA:457,57,1,0
BRDA:458,58,0,0
BRDA:458,58,1,0
BRDA:459,59,0,0
BRDA:459,59,1,0
BRDA:460,60,0,0
BRDA:460,60,1,0
BRDA:461,61,0,0
BRDA:461,61,1,0
BRDA:510,62,0,0
BRDA:510,62,1,0
BRDA:514,63,0,0
BRDA:514,63,1,0
BRDA:563,64,0,0
BRDA:563,64,1,0
BRDA:571,65,0,0
BRDA:576,66,0,0
BRDA:576,66,1,0
BRDA:580,67,0,0
BRDA:580,67,1,0
BRDA:584,68,0,0
BRDA:584,68,1,0
BRDA:588,69,0,0
BRDA:588,69,1,0
BRDA:592,70,0,0
BRDA:592,70,1,0
BRDA:592,71,0,0
BRDA:592,71,1,0
BRDA:602,72,0,0
BRDA:602,72,1,0
BRDA:606,73,0,0
BRDA:606,73,1,0
BRDA:610,74,0,0
BRDA:610,74,1,0
BRDA:614,75,0,0
BRDA:614,75,1,0
BRDA:619,76,0,0
BRDA:619,76,1,0
BRDA:620,77,0,0
BRDA:620,77,1,0
BRDA:626,78,0,0
BRDA:626,78,1,0
BRDA:627,79,0,0
BRDA:627,79,1,0
BRDA:629,80,0,0
BRDA:629,80,1,0
BRDA:634,81,0,0
BRDA:634,81,1,0
BRDA:635,82,0,0
BRDA:635,82,1,0
BRDA:653,83,0,0
BRDA:653,83,1,0
BRDA:675,84,0,0
BRDA:675,84,1,0
BRDA:677,85,0,0
BRDA:677,85,1,0
BRDA:699,86,0,0
BRDA:699,86,1,0
BRDA:699,87,0,0
BRDA:699,87,1,0
BRDA:745,88,0,0
BRDA:745,88,1,0
BRDA:745,89,0,0
BRDA:745,89,1,0
BRDA:760,90,0,0
BRDA:760,90,1,0
BRDA:763,91,0,0
BRDA:763,91,1,0
BRDA:765,92,0,0
BRDA:765,92,1,0
BRDA:766,93,0,0
BRDA:766,93,1,0
BRDA:796,94,0,0
BRDA:796,94,1,0
BRDA:800,95,0,0
BRDA:800,95,1,0
BRDA:800,96,0,0
BRDA:800,96,1,0
BRDA:804,97,0,0
BRDA:804,97,1,0
BRDA:804,98,0,0
BRDA:804,98,1,0
BRDA:804,98,2,0
BRDA:809,99,0,0
BRDA:809,99,1,0
BRDA:809,100,0,0
BRDA:809,100,1,0
BRDA:822,101,0,0
BRDA:822,101,1,0
BRDA:824,102,0,0
BRDA:824,102,1,0
BRDA:826,103,0,0
BRDA:826,103,1,0
BRDA:826,104,0,0
BRDA:826,104,1,0
BRDA:826,104,2,0
BRDA:841,105,0,0
BRDA:841,105,1,0
BRDA:842,106,0,0
BRDA:842,106,1,0
BRDA:847,107,0,0
BRDA:847,107,1,0
BRDA:847,108,0,0
BRDA:847,108,1,0
BRDA:848,109,0,0
BRDA:848,109,1,0
BRDA:848,110,0,0
BRDA:848,110,1,0
BRDA:849,111,0,0
BRDA:849,111,1,0
BRDA:852,112,0,0
BRDA:852,112,1,0
BRDA:852,113,0,0
BRDA:852,113,1,0
BRDA:855,114,0,0
BRDA:855,114,1,0
BRDA:855,115,0,0
BRDA:855,115,1,0
BRDA:858,116,0,0
BRDA:858,116,1,0
BRDA:863,117,0,0
BRDA:863,117,1,0
BRDA:864,118,0,0
BRDA:864,118,1,0
BRDA:867,119,0,0
BRDA:867,119,1,0
BRDA:869,120,0,0
BRDA:869,120,1,0
BRDA:870,121,0,0
BRDA:870,121,1,0
BRDA:872,122,0,0
BRDA:872,122,1,0
BRDA:873,123,0,0
BRDA:873,123,1,0
BRDA:874,124,0,0
BRDA:874,124,1,0
BRDA:887,125,0,0
BRDA:887,125,1,0
BRDA:892,126,0,0
BRDA:892,126,1,0
BRDA:893,127,0,0
BRDA:893,127,1,0
BRDA:894,128,0,0
BRDA:894,128,1,0
BRDA:897,129,0,0
BRDA:897,129,1,0
BRDA:898,130,0,0
BRDA:898,130,1,0
BRDA:901,131,0,0
BRDA:901,131,1,0
BRDA:969,132,0,0
BRDA:970,133,0,0
BRDA:971,134,0,0
BRDA:971,135,0,0
BRDA:972,136,0,0
BRDA:973,137,0,0
BRDA:973,137,1,0
BRDA:1015,138,0,0
BRDA:1015,138,1,0
BRF:273
BRH:0
end_of_record
TN:
SF:src/backend/services/safety/events/EventStreamService.js
FN:10,(anonymous_0)
FN:31,(anonymous_1)
FN:56,(anonymous_2)
FN:73,(anonymous_3)
FN:74,(anonymous_4)
FN:75,(anonymous_5)
FN:76,(anonymous_6)
FN:99,(anonymous_7)
FN:130,(anonymous_8)
FN:134,(anonymous_9)
FN:154,(anonymous_10)
FN:158,(anonymous_11)
FN:176,(anonymous_12)
FN:219,(anonymous_13)
FN:239,(anonymous_14)
FN:268,(anonymous_15)
FN:287,(anonymous_16)
FN:312,(anonymous_17)
FN:333,(anonymous_18)
FN:334,(anonymous_19)
FN:367,(anonymous_20)
FN:379,(anonymous_21)
FN:390,(anonymous_22)
FN:400,(anonymous_23)
FN:411,(anonymous_24)
FN:427,(anonymous_25)
FN:437,(anonymous_26)
FN:450,(anonymous_27)
FN:452,(anonymous_28)
FN:453,(anonymous_29)
FN:454,(anonymous_30)
FN:455,(anonymous_31)
FN:467,(anonymous_32)
FN:481,(anonymous_33)
FN:498,(anonymous_34)
FNF:35
FNH:0
FNDA:0,(anonymous_0)
FNDA:0,(anonymous_1)
FNDA:0,(anonymous_2)
FNDA:0,(anonymous_3)
FNDA:0,(anonymous_4)
FNDA:0,(anonymous_5)
FNDA:0,(anonymous_6)
FNDA:0,(anonymous_7)
FNDA:0,(anonymous_8)
FNDA:0,(anonymous_9)
FNDA:0,(anonymous_10)
FNDA:0,(anonymous_11)
FNDA:0,(anonymous_12)
FNDA:0,(anonymous_13)
FNDA:0,(anonymous_14)
FNDA:0,(anonymous_15)
FNDA:0,(anonymous_16)
FNDA:0,(anonymous_17)
FNDA:0,(anonymous_18)
FNDA:0,(anonymous_19)
FNDA:0,(anonymous_20)
FNDA:0,(anonymous_21)
FNDA:0,(anonymous_22)
FNDA:0,(anonymous_23)
FNDA:0,(anonymous_24)
FNDA:0,(anonymous_25)
FNDA:0,(anonymous_26)
FNDA:0,(anonymous_27)
FNDA:0,(anonymous_28)
FNDA:0,(anonymous_29)
FNDA:0,(anonymous_30)
FNDA:0,(anonymous_31)
FNDA:0,(anonymous_32)
FNDA:0,(anonymous_33)
FNDA:0,(anonymous_34)
DA:6,0
DA:7,0
DA:11,0
DA:12,0
DA:19,0
DA:20,0
DA:21,0
DA:22,0
DA:24,0
DA:32,0
DA:33,0
DA:38,0
DA:39,0
DA:41,0
DA:43,0
DA:45,0
DA:46,0
DA:57,0
DA:58,0
DA:59,0
DA:60,0
DA:63,0
DA:64,0
DA:66,0
DA:73,0
DA:74,0
DA:75,0
DA:76,0
DA:78,0
DA:81,0
DA:88,0
DA:89,0
DA:100,0
DA:101,0
DA:102,0
DA:104,0
DA:106,0
DA:108,0
DA:109,0
DA:111,0
DA:112,0
DA:114,0
DA:115,0
DA:117,0
DA:120,0
DA:131,0
DA:132,0
DA:134,0
DA:135,0
DA:136,0
DA:137,0
DA:141,0
DA:155,0
DA:156,0
DA:158,0
DA:159,0
DA:160,0
DA:163,0
DA:177,0
DA:179,0
DA:180,0
DA:188,0
DA:189,0
DA:190,0
DA:191,0
DA:197,0
DA:198,0
DA:199,0
DA:200,0
DA:205,0
DA:206,0
DA:208,0
DA:209,0
DA:220,0
DA:221,0
DA:227,0
DA:229,0
DA:230,0
DA:240,0
DA:241,0
DA:244,0
DA:252,0
DA:254,0
DA:262,0
DA:268,0
DA:269,0
DA:270,0
DA:273,0
DA:275,0
DA:276,0
DA:288,0
DA:289,0
DA:290,0
DA:291,0
DA:292,0
DA:295,0
DA:296,0
DA:297,0
DA:299,0
DA:300,0
DA:301,0
DA:313,0
DA:314,0
DA:315,0
DA:316,0
DA:317,0
DA:320,0
DA:321,0
DA:323,0
DA:324,0
DA:325,0
DA:334,0
DA:335,0
DA:338,0
DA:339,0
DA:340,0
DA:341,0
DA:342,0
DA:344,0
DA:347,0
DA:352,0
DA:353,0
DA:354,0
DA:356,0
DA:368,0
DA:369,0
DA:370,0
DA:380,0
DA:381,0
DA:391,0
DA:392,0
DA:401,0
DA:402,0
DA:412,0
DA:419,0
DA:428,0
DA:438,0
DA:451,0
DA:452,0
DA:453,0
DA:454,0
DA:456,0
DA:457,0
DA:468,0
DA:482,0
DA:483,0
DA:484,0
DA:488,0
DA:489,0
DA:493,0
DA:494,0
DA:497,0
DA:498,0
DA:499,0
DA:503,0
DA:505,0
DA:506,0
DA:511,0
LF:158
LH:0
BRDA:10,0,0,0
BRDA:13,1,0,0
BRDA:13,1,1,0
BRDA:14,2,0,0
BRDA:14,2,1,0
BRDA:15,3,0,0
BRDA:15,3,1,0
BRDA:58,4,0,0
BRDA:58,4,1,0
BRDA:104,5,0,0
BRDA:104,5,1,0
BRDA:106,6,0,0
BRDA:106,6,1,0
BRDA:106,6,2,0
BRDA:106,6,3,0
BRDA:132,7,0,0
BRDA:132,7,1,0
BRDA:135,8,0,0
BRDA:135,8,1,0
BRDA:156,9,0,0
BRDA:156,9,1,0
BRDA:189,10,0,0
BRDA:189,10,1,0
BRDA:190,11,0,0
BRDA:190,11,1,0
BRDA:198,12,0,0
BRDA:198,12,1,0
BRDA:199,13,0,0
BRDA:199,13,1,0
BRDA:290,14,0,0
BRDA:290,14,1,0
BRDA:290,15,0,0
BRDA:290,15,1,0
BRDA:315,16,0,0
BRDA:315,16,1,0
BRDA:315,17,0,0
BRDA:315,17,1,0
BRDA:339,18,0,0
BRDA:339,18,1,0
BRDA:340,19,0,0
BRDA:340,19,1,0
BRDA:353,20,0,0
BRDA:353,20,1,0
BRDA:353,21,0,0
BRDA:353,21,1,0
BRDA:369,22,0,0
BRDA:369,22,1,0
BRDA:452,23,0,0
BRDA:453,24,0,0
BRDA:454,25,0,0
BRDA:454,26,0,0
BRDA:455,27,0,0
BRDA:456,28,0,0
BRDA:456,28,1,0
BRDA:483,29,0,0
BRDA:483,29,1,0
BRDA:497,30,0,0
BRDA:497,30,1,0
BRF:58
BRH:0
end_of_record
TN:
SF:src/backend/services/safety/geofence/GeofenceService.js
FN:9,(anonymous_0)
FN:30,(anonymous_1)
FN:52,(anonymous_2)
FN:57,(anonymous_3)
FN:104,(anonymous_4)
FN:143,(anonymous_5)
FN:171,(anonymous_6)
FN:174,(anonymous_7)
FN:190,(anonymous_8)
FN:205,(anonymous_9)
FN:221,(anonymous_10)
FN:231,(anonymous_11)
FN:252,(anonymous_12)
FN:255,(anonymous_13)
FN:260,(anonymous_14)
FN:264,(anonymous_15)
FN:281,(anonymous_16)
FN:349,(anonymous_17)
FN:368,(anonymous_18)
FN:369,(anonymous_19)
FN:384,(anonymous_20)
FN:396,(anonymous_21)
FN:411,(anonymous_22)
FN:434,(anonymous_23)
FN:457,(anonymous_24)
FN:466,(anonymous_25)
FN:468,(anonymous_26)
FN:469,(anonymous_27)
FN:470,(anonymous_28)
FN:471,(anonymous_29)
FN:483,(anonymous_30)
FN:493,(anonymous_31)
FN:503,(anonymous_32)
FN:513,(anonymous_33)
FN:522,(anonymous_34)
FN:525,(anonymous_35)
FN:536,(anonymous_36)
FNF:37
FNH:0
FNDA:0,(anonymous_0)
FNDA:0,(anonymous_1)
FNDA:0,(anonymous_2)
FNDA:0,(anonymous_3)
FNDA:0,(anonymous_4)
FNDA:0,(anonymous_5)
FNDA:0,(anonymous_6)
FNDA:0,(anonymous_7)
FNDA:0,(anonymous_8)
FNDA:0,(anonymous_9)
FNDA:0,(anonymous_10)
FNDA:0,(anonymous_11)
FNDA:0,(anonymous_12)
FNDA:0,(anonymous_13)
FNDA:0,(anonymous_14)
FNDA:0,(anonymous_15)
FNDA:0,(anonymous_16)
FNDA:0,(anonymous_17)
FNDA:0,(anonymous_18)
FNDA:0,(anonymous_19)
FNDA:0,(anonymous_20)
FNDA:0,(anonymous_21)
FNDA:0,(anonymous_22)
FNDA:0,(anonymous_23)
FNDA:0,(anonymous_24)
FNDA:0,(anonymous_25)
FNDA:0,(anonymous_26)
FNDA:0,(anonymous_27)
FNDA:0,(anonymous_28)
FNDA:0,(anonymous_29)
FNDA:0,(anonymous_30)
FNDA:0,(anonymous_31)
FNDA:0,(anonymous_32)
FNDA:0,(anonymous_33)
FNDA:0,(anonymous_34)
FNDA:0,(anonymous_35)
FNDA:0,(anonymous_36)
DA:6,0
DA:10,0
DA:11,0
DA:20,0
DA:21,0
DA:22,0
DA:23,0
DA:31,0
DA:32,0
DA:33,0
DA:34,0
DA:36,0
DA:37,0
DA:53,0
DA:54,0
DA:56,0
DA:57,0
DA:59,0
DA:60,0
DA:63,0
DA:64,0
DA:82,0
DA:83,0
DA:85,0
DA:90,0
DA:91,0
DA:93,0
DA:94,0
DA:105,0
DA:106,0
DA:107,0
DA:108,0
DA:112,0
DA:113,0
DA:119,0
DA:125,0
DA:126,0
DA:128,0
DA:129,0
DA:130,0
DA:132,0
DA:133,0
DA:144,0
DA:145,0
DA:146,0
DA:147,0
DA:150,0
DA:151,0
DA:154,0
DA:155,0
DA:157,0
DA:158,0
DA:159,0
DA:161,0
DA:162,0
DA:172,0
DA:173,0
DA:174,0
DA:176,0
DA:177,0
DA:179,0
DA:180,0
DA:191,0
DA:192,0
DA:194,0
DA:195,0
DA:200,0
DA:202,0
DA:203,0
DA:205,0
DA:209,0
DA:211,0
DA:212,0
DA:222,0
DA:232,0
DA:233,0
DA:234,0
DA:235,0
DA:238,0
DA:239,0
DA:241,0
DA:242,0
DA:253,0
DA:254,0
DA:256,0
DA:257,0
DA:258,0
DA:260,0
DA:264,0
DA:266,0
DA:268,0
DA:269,0
DA:282,0
DA:284,0
DA:285,0
DA:287,0
DA:288,0
DA:290,0
DA:291,0
DA:296,0
DA:297,0
DA:310,0
DA:311,0
DA:312,0
DA:316,0
DA:317,0
DA:330,0
DA:331,0
DA:332,0
DA:336,0
DA:339,0
DA:350,0
DA:351,0
DA:352,0
DA:353,0
DA:354,0
DA:356,0
DA:360,0
DA:361,0
DA:369,0
DA:370,0
DA:371,0
DA:373,0
DA:377,0
DA:385,0
DA:387,0
DA:388,0
DA:389,0
DA:390,0
DA:395,0
DA:396,0
DA:398,0
DA:399,0
DA:402,0
DA:412,0
DA:413,0
DA:416,0
DA:417,0
DA:420,0
DA:421,0
DA:424,0
DA:425,0
DA:435,0
DA:436,0
DA:439,0
DA:440,0
DA:443,0
DA:444,0
DA:447,0
DA:448,0
DA:458,0
DA:467,0
DA:468,0
DA:469,0
DA:470,0
DA:472,0
DA:473,0
DA:485,0
DA:495,0
DA:505,0
DA:515,0
DA:523,0
DA:525,0
DA:537,0
DA:538,0
DA:539,0
DA:542,0
DA:544,0
DA:545,0
DA:550,0
LF:170
LH:0
BRDA:9,0,0,0
BRDA:12,1,0,0
BRDA:12,1,1,0
BRDA:13,2,0,0
BRDA:13,2,1,0
BRDA:14,3,0,0
BRDA:14,3,1,0
BRDA:15,4,0,0
BRDA:15,4,1,0
BRDA:16,5,0,0
BRDA:16,5,1,0
BRDA:59,6,0,0
BRDA:59,6,1,0
BRDA:70,7,0,0
BRDA:70,7,1,0
BRDA:107,8,0,0
BRDA:107,8,1,0
BRDA:112,9,0,0
BRDA:112,9,1,0
BRDA:112,10,0,0
BRDA:112,10,1,0
BRDA:114,11,0,0
BRDA:114,11,1,0
BRDA:115,12,0,0
BRDA:115,12,1,0
BRDA:146,13,0,0
BRDA:146,13,1,0
BRDA:150,14,0,0
BRDA:150,14,1,0
BRDA:174,15,0,0
BRDA:174,15,1,0
BRDA:202,16,0,0
BRDA:202,16,1,0
BRDA:222,17,0,0
BRDA:222,17,1,0
BRDA:234,18,0,0
BRDA:234,18,1,0
BRDA:234,19,0,0
BRDA:234,19,1,0
BRDA:252,20,0,0
BRDA:256,21,0,0
BRDA:256,21,1,0
BRDA:288,22,0,0
BRDA:288,22,1,0
BRDA:291,23,0,0
BRDA:291,23,1,0
BRDA:296,24,0,0
BRDA:296,24,1,0
BRDA:296,25,0,0
BRDA:296,25,1,0
BRDA:296,25,2,0
BRDA:316,26,0,0
BRDA:316,26,1,0
BRDA:316,27,0,0
BRDA:316,27,1,0
BRDA:316,27,2,0
BRDA:389,28,0,0
BRDA:389,28,1,0
BRDA:398,29,0,0
BRDA:398,29,1,0
BRDA:412,30,0,0
BRDA:412,30,1,0
BRDA:412,31,0,0
BRDA:412,31,1,0
BRDA:412,31,2,0
BRDA:416,32,0,0
BRDA:416,32,1,0
BRDA:416,33,0,0
BRDA:416,33,1,0
BRDA:420,34,0,0
BRDA:420,34,1,0
BRDA:420,35,0,0
BRDA:420,35,1,0
BRDA:424,36,0,0
BRDA:424,36,1,0
BRDA:424,37,0,0
BRDA:424,37,1,0
[...]
FN:198,(anonymous_18)
FN:200,(anonymous_19)
FN:204,(anonymous_20)
FN:208,(anonymous_21)
FN:213,(anonymous_22)
FN:230,(anonymous_23)
FN:248,(anonymous_24)
FN:261,(anonymous_25)
FN:273,(anonymous_26)
FN:277,(anonymous_27)
FN:283,(anonymous_28)
FN:287,(anonymous_29)
FN:299,(anonymous_30)
FN:301,(anonymous_31)
FN:311,(anonymous_32)
FN:315,(anonymous_33)
FN:319,(anonymous_34)
FN:335,(anonymous_35)
FN:339,(anonymous_36)
FN:344,(anonymous_37)
FN:353,(anonymous_38)
FN:357,(anonymous_39)
FN:371,(anonymous_40)
FN:377,(anonymous_41)
FN:383,(anonymous_42)
FN:387,(anonymous_43)
FN:390,(anonymous_44)
FN:392,(anonymous_45)
FN:397,(anonymous_46)
FN:405,(anonymous_47)
FN:409,(anonymous_48)
FN:413,(anonymous_49)
FNF:50
FNH:0
FNDA:0,(anonymous_0)
FNDA:0,(anonymous_1)
FNDA:0,(anonymous_2)
FNDA:0,(anonymous_3)
FNDA:0,(anonymous_4)
FNDA:0,(anonymous_5)
FNDA:0,(anonymous_6)
FNDA:0,(anonymous_7)
FNDA:0,(anonymous_8)
FNDA:0,(anonymous_9)
FNDA:0,(anonymous_10)
FNDA:0,(anonymous_11)
FNDA:0,(anonymous_12)
FNDA:0,(anonymous_13)
FNDA:0,(anonymous_14)
FNDA:0,(anonymous_15)
FNDA:0,(anonymous_16)
FNDA:0,(anonymous_17)
FNDA:0,(anonymous_18)
FNDA:0,(anonymous_19)
FNDA:0,(anonymous_20)
FNDA:0,(anonymous_21)
FNDA:0,(anonymous_22)
FNDA:0,(anonymous_23)
FNDA:0,(anonymous_24)
FNDA:0,(anonymous_25)
FNDA:0,(anonymous_26)
FNDA:0,(anonymous_27)
FNDA:0,(anonymous_28)
FNDA:0,(anonymous_29)
FNDA:0,(anonymous_30)
FNDA:0,(anonymous_31)
FNDA:0,(anonymous_32)
FNDA:0,(anonymous_33)
FNDA:0,(anonymous_34)
FNDA:0,(anonymous_35)
FNDA:0,(anonymous_36)
FNDA:0,(anonymous_37)
FNDA:0,(anonymous_38)
FNDA:0,(anonymous_39)
FNDA:0,(anonymous_40)
FNDA:0,(anonymous_41)
FNDA:0,(anonymous_42)
FNDA:0,(anonymous_43)
FNDA:0,(anonymous_44)
FNDA:0,(anonymous_45)
FNDA:0,(anonymous_46)
FNDA:0,(anonymous_47)
FNDA:0,(anonymous_48)
FNDA:0,(anonymous_49)
DA:15,0
DA:16,0
DA:17,0
DA:18,0
DA:19,0
DA:20,0
DA:21,0
DA:22,0
DA:23,0
DA:24,0
DA:25,0
DA:26,0
DA:27,0
DA:28,0
DA:29,0
DA:30,0
DA:31,0
DA:32,0
DA:33,0
DA:34,0
DA:39,0
DA:40,0
DA:46,0
DA:54,0
DA:59,0
DA:60,0
DA:61,0
DA:62,0
DA:64,0
DA:68,0
DA:69,0
DA:70,0
DA:71,0
DA:73,0
DA:74,0
DA:82,0
DA:85,0
DA:86,0
DA:87,0
DA:90,0
DA:91,0
DA:95,0
DA:99,0
DA:103,0
DA:107,0
DA:112,0
DA:114,0
DA:121,0
DA:122,0
DA:124,0
DA:126,0
DA:131,0
DA:136,0
DA:140,0
DA:144,0
DA:149,0
DA:150,0
DA:151,0
DA:156,0
DA:158,0
DA:170,0
DA:171,0
DA:172,0
DA:173,0
DA:177,0
DA:178,0
DA:180,0
DA:185,0
DA:190,0
DA:191,0
DA:195,0
DA:199,0
DA:200,0
DA:201,0
DA:205,0
DA:209,0
DA:214,0
DA:226,0
DA:227,0
DA:231,0
DA:249,0
DA:250,0
DA:252,0
DA:254,0
DA:262,0
DA:264,0
DA:270,0
DA:274,0
DA:279,0
DA:280,0
DA:284,0
DA:288,0
DA:301,0
DA:302,0
DA:303,0
DA:312,0
DA:316,0
DA:317,0
DA:319,0
DA:320,0
DA:321,0
DA:322,0
DA:327,0
DA:331,0
DA:332,0
DA:336,0
DA:340,0
DA:345,0
DA:354,0
DA:358,0
DA:373,0
DA:374,0
DA:379,0
DA:380,0
DA:385,0
DA:386,0
DA:387,0
DA:392,0
DA:393,0
DA:394,0
DA:398,0
DA:399,0
DA:401,0
DA:406,0
DA:410,0
DA:414,0
LF:126
LH:0
BRDA:73,0,0,0
BRDA:73,0,1,0
BRDA:77,1,0,0
BRDA:77,1,1,0
BRDA:85,2,0,0
BRDA:85,2,1,0
BRDA:172,3,0,0
BRDA:172,3,1,0
BRDA:234,4,0,0
BRDA:234,4,1,0
BRDA:235,5,0,0
BRDA:235,5,1,0
BRDA:252,6,0,0
BRDA:252,6,1,0
BRDA:256,7,0,0
BRDA:256,7,1,0
BRDA:256,8,0,0
BRDA:256,8,1,0
BRDA:274,9,0,0
BRDA:274,9,1,0
BRDA:284,10,0,0
BRDA:284,10,1,0
BRDA:321,11,0,0
BRDA:321,11,1,0
BRDA:398,12,0,0
BRDA:398,12,1,0
BRF:26
BRH:0
end_of_record
TN:
SF:src/mobile/tests/services/BLEBackgroundService.test.js
FN:26,(anonymous_0)
FN:29,(anonymous_1)
FN:32,(anonymous_2)
FN:36,(anonymous_3)
FN:55,(anonymous_4)
FN:56,(anonymous_5)
FN:61,(anonymous_6)
FN:62,(anonymous_7)
FN:71,(anonymous_8)
FN:85,(anonymous_9)
FN:94,(anonymous_10)
FN:96,(anonymous_11)
FN:103,(anonymous_12)
FN:118,(anonymous_13)
FN:128,(anonymous_14)
FN:147,(anonymous_15)
FN:148,(anonymous_16)
FN:159,(anonymous_17)
FN:172,(anonymous_18)
FN:187,(anonymous_19)
FN:208,(anonymous_20)
FN:217,(anonymous_21)
FN:229,(anonymous_22)
FN:234,(anonymous_23)
FN:244,(anonymous_24)
FN:245,(anonymous_25)
FN:250,(anonymous_26)
FN:251,(anonymous_27)
FN:253,(anonymous_28)
FN:262,(anonymous_29)
FN:274,(anonymous_30)
FN:289,(anonymous_31)
FN:299,(anonymous_32)
FN:314,(anonymous_33)
FN:316,(anonymous_34)
FN:330,(anonymous_35)
FN:331,(anonymous_36)
FN:332,(anonymous_37)
FN:338,(anonymous_38)
FN:351,(anonymous_39)
FN:357,(anonymous_40)
FN:370,(anonymous_41)
FN:379,(anonymous_42)
FN:392,(anonymous_43)
FN:393,(anonymous_44)
FN:402,(anonymous_45)
FN:410,(anonymous_46)
FN:419,(anonymous_47)
FN:427,(anonymous_48)
FN:436,(anonymous_49)
FN:449,(anonymous_50)
FN:450,(anonymous_51)
FN:451,(anonymous_52)
FN:460,(anonymous_53)
FN:469,(anonymous_54)
FN:477,(anonymous_55)
FN:488,(anonymous_56)
FN:489,(anonymous_57)
FN:500,(anonymous_58)
FN:514,(anonymous_59)
FN:522,(anonymous_60)
FN:535,(anonymous_61)
FN:536,(anonymous_62)
FN:537,(anonymous_63)
FN:551,(anonymous_64)
FN:555,(anonymous_65)
FN:576,(anonymous_66)
FN:583,(anonymous_67)
FN:589,(anonymous_68)
FN:602,(anonymous_69)
FN:611,(anonymous_70)
FN:626,(anonymous_71)
FN:627,(anonymous_72)
FN:628,(anonymous_73)
FN:633,(anonymous_74)
FN:646,(anonymous_75)
FN:654,(anonymous_76)
FN:664,(anonymous_77)
FN:665,(anonymous_78)
FN:670,(anonymous_79)
FN:683,(anonymous_80)
FN:689,(anonymous_81)
FN:700,(anonymous_82)
FN:701,(anonymous_83)
FN:702,(anonymous_84)
FN:710,(anonymous_85)
FN:722,(anonymous_86)
FN:734,(anonymous_87)
FNF:88
FNH:0
FNDA:0,(anonymous_0)
FNDA:0,(anonymous_1)
FNDA:0,(anonymous_2)
FNDA:0,(anonymous_3)
FNDA:0,(anonymous_4)
FNDA:0,(anonymous_5)
FNDA:0,(anonymous_6)
FNDA:0,(anonymous_7)
FNDA:0,(anonymous_8)
FNDA:0,(anonymous_9)
FNDA:0,(anonymous_10)
FNDA:0,(anonymous_11)
FNDA:0,(anonymous_12)
FNDA:0,(anonymous_13)
FNDA:0,(anonymous_14)
FNDA:0,(anonymous_15)
FNDA:0,(anonymous_16)
FNDA:0,(anonymous_17)
FNDA:0,(anonymous_18)
FNDA:0,(anonymous_19)
FNDA:0,(anonymous_20)
FNDA:0,(anonymous_21)
FNDA:0,(anonymous_22)
FNDA:0,(anonymous_23)
FNDA:0,(anonymous_24)
FNDA:0,(anonymous_25)
FNDA:0,(anonymous_26)
FNDA:0,(anonymous_27)
FNDA:0,(anonymous_28)
FNDA:0,(anonymous_29)
FNDA:0,(anonymous_30)
FNDA:0,(anonymous_31)
FNDA:0,(anonymous_32)
FNDA:0,(anonymous_33)
FNDA:0,(anonymous_34)
FNDA:0,(anonymous_35)
FNDA:0,(anonymous_36)
FNDA:0,(anonymous_37)
FNDA:0,(anonymous_38)
FNDA:0,(anonymous_39)
FNDA:0,(anonymous_40)
FNDA:0,(anonymous_41)
FNDA:0,(anonymous_42)
FNDA:0,(anonymous_43)
FNDA:0,(anonymous_44)
FNDA:0,(anonymous_45)
FNDA:0,(anonymous_46)
FNDA:0,(anonymous_47)
FNDA:0,(anonymous_48)
FNDA:0,(anonymous_49)
FNDA:0,(anonymous_50)
FNDA:0,(anonymous_51)
FNDA:0,(anonymous_52)
FNDA:0,(anonymous_53)
FNDA:0,(anonymous_54)
FNDA:0,(anonymous_55)
FNDA:0,(anonymous_56)
FNDA:0,(anonymous_57)
FNDA:0,(anonymous_58)
FNDA:0,(anonymous_59)
FNDA:0,(anonymous_60)
FNDA:0,(anonymous_61)
FNDA:0,(anonymous_62)
FNDA:0,(anonymous_63)
FNDA:0,(anonymous_64)
FNDA:0,(anonymous_65)
FNDA:0,(anonymous_66)
FNDA:0,(anonymous_67)
FNDA:0,(anonymous_68)
FNDA:0,(anonymous_69)
FNDA:0,(anonymous_70)
FNDA:0,(anonymous_71)
FNDA:0,(anonymous_72)
FNDA:0,(anonymous_73)
FNDA:0,(anonymous_74)
FNDA:0,(anonymous_75)
FNDA:0,(anonymous_76)
FNDA:0,(anonymous_77)
FNDA:0,(anonymous_78)
FNDA:0,(anonymous_79)
FNDA:0,(anonymous_80)
FNDA:0,(anonymous_81)
FNDA:0,(anonymous_82)
FNDA:0,(anonymous_83)
FNDA:0,(anonymous_84)
FNDA:0,(anonymous_85)
FNDA:0,(anonymous_86)
FNDA:0,(anonymous_87)
DA:26,0
DA:29,0
DA:32,0
DA:36,0
DA:37,0
DA:39,0
DA:48,0
DA:49,0
DA:55,0
DA:56,0
DA:57,0
DA:58,0
DA:61,0
DA:62,0
DA:64,0
DA:65,0
DA:71,0
DA:72,0
DA:85,0
DA:87,0
DA:94,0
DA:96,0
DA:97,0
DA:99,0
DA:103,0
DA:104,0
DA:118,0
DA:120,0
DA:128,0
DA:129,0
DA:147,0
DA:148,0
DA:150,0
DA:151,0
DA:159,0
DA:160,0
DA:172,0
DA:174,0
DA:180,0
DA:187,0
DA:188,0
DA:208,0
DA:210,0
DA:217,0
DA:218,0
DA:229,0
DA:231,0
DA:234,0
DA:235,0
DA:244,0
DA:245,0
DA:246,0
DA:247,0
DA:250,0
DA:251,0
DA:253,0
DA:254,0
DA:262,0
DA:264,0
DA:274,0
DA:275,0
DA:289,0
DA:291,0
DA:299,0
DA:300,0
DA:314,0
DA:316,0
DA:317,0
DA:330,0
DA:331,0
DA:332,0
DA:334,0
DA:335,0
DA:338,0
DA:339,0
DA:351,0
DA:353,0
DA:354,0
DA:357,0
DA:358,0
DA:370,0
DA:372,0
DA:379,0
DA:380,0
DA:392,0
DA:393,0
DA:395,0
DA:402,0
DA:403,0
DA:410,0
DA:412,0
DA:419,0
DA:420,0
DA:427,0
DA:429,0
DA:436,0
DA:437,0
DA:438,0
DA:449,0
DA:450,0
DA:451,0
DA:453,0
DA:460,0
DA:461,0
DA:469,0
DA:471,0
DA:477,0
DA:478,0
DA:488,0
DA:489,0
DA:491,0
DA:500,0
DA:501,0
DA:514,0
DA:516,0
DA:522,0
DA:523,0
DA:524,0
DA:535,0
DA:536,0
DA:537,0
DA:539,0
DA:549,0
DA:551,0
DA:555,0
DA:556,0
DA:576,0
DA:578,0
DA:583,0
DA:586,0
DA:589,0
DA:590,0
DA:602,0
DA:604,0
DA:605,0
DA:611,0
DA:612,0
DA:613,0
DA:626,0
DA:627,0
DA:628,0
DA:630,0
DA:633,0
DA:634,0
DA:646,0
DA:648,0
DA:654,0
DA:655,0
DA:664,0
DA:665,0
DA:667,0
DA:670,0
DA:671,0
DA:683,0
DA:685,0
DA:686,0
DA:689,0
DA:690,0
DA:700,0
DA:701,0
DA:702,0
DA:704,0
DA:710,0
DA:711,0
DA:722,0
DA:724,0
DA:731,0
DA:734,0
DA:735,0
LF:169
LH:0
BRDA:29,0,0,0
BRDA:29,0,1,0
BRF:2
BRH:0
end_of_record
TN:
SF:src/mobile/tests/services/MobileGeofenceEngine.test.js
FN:25,(anonymous_0)
FN:28,(anonymous_1)
FN:31,(anonymous_2)
FN:36,(anonymous_3)
FN:61,(anonymous_4)
FN:62,(anonymous_5)
FN:67,(anonymous_6)
FN:68,(anonymous_7)
FN:74,(anonymous_8)
FN:83,(anonymous_9)
FN:90,(anonymous_10)
FN:99,(anonymous_11)
FN:105,(anonymous_12)
FN:119,(anonymous_13)
FN:120,(anonymous_14)
FN:131,(anonymous_15)
FN:147,(anonymous_16)
FN:149,(anonymous_17)
FN:162,(anonymous_18)
FN:172,(anonymous_19)
FN:174,(anonymous_20)
FN:185,(anonymous_21)
FN:186,(anonymous_22)
FN:191,(anonymous_23)
FN:192,(anonymous_24)
FN:204,(anonymous_25)
FN:223,(anonymous_26)
FN:225,(anonymous_27)
FN:233,(anonymous_28)
FN:246,(anonymous_29)
FN:248,(anonymous_30)
FN:263,(anonymous_31)
FN:264,(anonymous_32)
FN:265,(anonymous_33)
FN:275,(anonymous_34)
FN:288,(anonymous_35)
FN:305,(anonymous_36)
FN:320,(anonymous_37)
FN:331,(anonymous_38)
FN:343,(anonymous_39)
FN:344,(anonymous_40)
FN:345,(anonymous_41)
FN:361,(anonymous_42)
FN:376,(anonymous_43)
FN:383,(anonymous_44)
FN:386,(anonymous_45)
FN:401,(anonymous_46)
FN:408,(anonymous_47)
FN:428,(anonymous_48)
FN:429,(anonymous_49)
FN:446,(anonymous_50)
FN:449,(anonymous_51)
FN:467,(anonymous_52)
FN:473,(anonymous_53)
FN:490,(anonymous_54)
FN:500,(anonymous_55)
FN:521,(anonymous_56)
FN:522,(anonymous_57)
FN:523,(anonymous_58)
FN:539,(anonymous_59)
FN:555,(anonymous_60)
FN:572,(anonymous_61)
FN:591,(anonymous_62)
FN:602,(anonymous_63)
FN:619,(anonymous_64)
FN:620,(anonymous_65)
FN:621,(anonymous_66)
FN:623,(anonymous_67)
FN:628,(anonymous_68)
FN:641,(anonymous_69)
FN:643,(anonymous_70)
FN:657,(anonymous_71)
FN:658,(anonymous_72)
FN:663,(anonymous_73)
FN:676,(anonymous_74)
FN:681,(anonymous_75)
FNF:76
FNH:0
FNDA:0,(anonymous_0)
FNDA:0,(anonymous_1)
FNDA:0,(anonymous_2)
FNDA:0,(anonymous_3)
FNDA:0,(anonymous_4)
FNDA:0,(anonymous_5)
FNDA:0,(anonymous_6)
FNDA:0,(anonymous_7)
FNDA:0,(anonymous_8)
FNDA:0,(anonymous_9)
FNDA:0,(anonymous_10)
FNDA:0,(anonymous_11)
FNDA:0,(anonymous_12)
FNDA:0,(anonymous_13)
FNDA:0,(anonymous_14)
FNDA:0,(anonymous_15)
FNDA:0,(anonymous_16)
FNDA:0,(anonymous_17)
FNDA:0,(anonymous_18)
FNDA:0,(anonymous_19)
FNDA:0,(anonymous_20)
FNDA:0,(anonymous_21)
FNDA:0,(anonymous_22)
FNDA:0,(anonymous_23)
FNDA:0,(anonymous_24)
FNDA:0,(anonymous_25)
FNDA:0,(anonymous_26)
FNDA:0,(anonymous_27)
FNDA:0,(anonymous_28)
FNDA:0,(anonymous_29)
FNDA:0,(anonymous_30)
FNDA:0,(anonymous_31)
FNDA:0,(anonymous_32)
FNDA:0,(anonymous_33)
FNDA:0,(anonymous_34)
FNDA:0,(anonymous_35)
FNDA:0,(anonymous_36)
FNDA:0,(anonymous_37)
FNDA:0,(anonymous_38)
FNDA:0,(anonymous_39)
FNDA:0,(anonymous_40)
FNDA:0,(anonymous_41)
FNDA:0,(anonymous_42)
FNDA:0,(anonymous_43)
FNDA:0,(anonymous_44)
FNDA:0,(anonymous_45)
FNDA:0,(anonymous_46)
FNDA:0,(anonymous_47)
FNDA:0,(anonymous_48)
FNDA:0,(anonymous_49)
FNDA:0,(anonymous_50)
FNDA:0,(anonymous_51)
FNDA:0,(anonymous_52)
FNDA:0,(anonymous_53)
FNDA:0,(anonymous_54)
FNDA:0,(anonymous_55)
FNDA:0,(anonymous_56)
FNDA:0,(anonymous_57)
FNDA:0,(anonymous_58)
FNDA:0,(anonymous_59)
FNDA:0,(anonymous_60)
FNDA:0,(anonymous_61)
FNDA:0,(anonymous_62)
FNDA:0,(anonymous_63)
FNDA:0,(anonymous_64)
FNDA:0,(anonymous_65)
FNDA:0,(anonymous_66)
FNDA:0,(anonymous_67)
FNDA:0,(anonymous_68)
FNDA:0,(anonymous_69)
FNDA:0,(anonymous_70)
FNDA:0,(anonymous_71)
FNDA:0,(anonymous_72)
FNDA:0,(anonymous_73)
FNDA:0,(anonymous_74)
FNDA:0,(anonymous_75)
DA:25,0
DA:28,0
DA:31,0
DA:36,0
DA:37,0
DA:39,0
DA:47,0
DA:54,0
DA:55,0
DA:61,0
DA:62,0
DA:63,0
DA:64,0
DA:67,0
DA:68,0
DA:70,0
DA:71,0
DA:74,0
DA:75,0
DA:83,0
DA:85,0
DA:87,0
DA:90,0
DA:91,0
DA:99,0
DA:101,0
DA:102,0
DA:105,0
DA:106,0
DA:119,0
DA:120,0
DA:122,0
DA:131,0
DA:132,0
DA:147,0
DA:149,0
DA:155,0
DA:162,0
DA:163,0
DA:164,0
DA:172,0
DA:174,0
DA:175,0
DA:185,0
DA:186,0
DA:187,0
DA:188,0
DA:191,0
DA:192,0
DA:194,0
DA:204,0
DA:205,0
DA:223,0
DA:225,0
DA:226,0
DA:227,0
DA:229,0
DA:233,0
DA:234,0
DA:246,0
DA:248,0
DA:249,0
DA:263,0
DA:264,0
DA:265,0
DA:267,0
DA:275,0
DA:276,0
DA:288,0
DA:290,0
DA:296,0
DA:304,0
DA:305,0
DA:306,0
DA:320,0
DA:322,0
DA:330,0
DA:331,0
DA:332,0
DA:343,0
DA:344,0
DA:345,0
DA:347,0
DA:353,0
DA:361,0
DA:362,0
DA:376,0
DA:378,0
DA:379,0
DA:380,0
DA:383,0
DA:384,0
DA:386,0
DA:387,0
DA:401,0
DA:403,0
DA:404,0
DA:405,0
DA:408,0
DA:409,0
DA:412,0
DA:424,0
DA:428,0
DA:429,0
DA:431,0
DA:440,0
DA:446,0
DA:449,0
DA:450,0
DA:467,0
DA:469,0
DA:470,0
DA:473,0
DA:475,0
DA:478,0
DA:490,0
DA:492,0
DA:500,0
DA:501,0
DA:521,0
DA:522,0
DA:523,0
DA:525,0
DA:536,0
DA:539,0
DA:540,0
DA:555,0
DA:557,0
DA:569,0
DA:572,0
DA:573,0
DA:591,0
DA:593,0
DA:599,0
DA:602,0
DA:603,0
DA:619,0
DA:620,0
DA:621,0
DA:623,0
DA:624,0
DA:628,0
DA:629,0
DA:641,0
DA:643,0
DA:644,0
DA:657,0
DA:658,0
DA:660,0
DA:663,0
DA:664,0
DA:665,0
DA:676,0
DA:678,0
DA:681,0
DA:682,0
LF:156
LH:0
BRDA:28,0,0,0
BRDA:28,0,1,0
BRDA:226,1,0,0
BRDA:226,1,1,0
BRF:4
BRH:0
end_of_record
TN:
SF:src/mobile/tests/services/MyDataIntegrationService.test.js
FN:19,(anonymous_0)
FN:27,(anonymous_1)
FN:32,(anonymous_2)
FN:59,(anonymous_3)
FN:60,(anonymous_4)
FN:61,(anonymous_5)
FN:73,(anonymous_6)
FN:88,(anonymous_7)
FN:90,(anonymous_8)
FN:101,(anonymous_9)
FN:107,(anonymous_10)
FN:116,(anonymous_11)
FN:123,(anonymous_12)
FN:134,(anonymous_13)
FN:135,(anonymous_14)
FN:147,(anonymous_15)
FN:151,(anonymous_16)
FN:170,(anonymous_17)
FN:176,(anonymous_18)
FN:183,(anonymous_19)
FN:195,(anonymous_20)
FN:203,(anonymous_21)
FN:222,(anonymous_22)
FN:223,(anonymous_23)
FN:224,(anonymous_24)
FN:242,(anonymous_25)
FN:246,(anonymous_26)
FN:274,(anonymous_27)
FN:283,(anonymous_28)
FN:296,(anonymous_29)
FN:302,(anonymous_30)
FN:315,(anonymous_31)
FN:316,(anonymous_32)
FN:317,(anonymous_33)
FN:334,(anonymous_34)
FN:358,(anonymous_35)
FN:363,(anonymous_36)
FN:383,(anonymous_37)
FN:400,(anonymous_38)
FN:412,(anonymous_39)
FN:413,(anonymous_40)
FN:429,(anonymous_41)
FN:442,(anonymous_42)
FN:452,(anonymous_43)
FN:462,(anonymous_44)
FN:472,(anonymous_45)
FN:489,(anonymous_46)
FN:490,(anonymous_47)
FN:491,(anonymous_48)
FN:502,(anonymous_49)
FN:522,(anonymous_50)
FN:534,(anonymous_51)
FN:549,(anonymous_52)
FN:550,(anonymous_53)
FN:561,(anonymous_54)
FN:574,(anonymous_55)
FN:585,(anonymous_56)
FN:604,(anonymous_57)
FN:605,(anonymous_58)
FN:606,(anonymous_59)
FN:616,(anonymous_60)
FN:633,(anonymous_61)
FN:643,(anonymous_62)
FN:647,(anonymous_63)
FN:663,(anonymous_64)
FN:664,(anonymous_65)
FN:673,(anonymous_66)
FN:685,(anonymous_67)
FN:691,(anonymous_68)
FN:705,(anonymous_69)
FN:706,(anonymous_70)
FN:707,(anonymous_71)
FN:712,(anonymous_72)
FN:725,(anonymous_73)
FN:730,(anonymous_74)
FN:744,(anonymous_75)
FN:745,(anonymous_76)
FN:751,(anonymous_77)
FN:755,(anonymous_78)
FN:768,(anonymous_79)
FN:778,(anonymous_80)
FN:782,(anonymous_81)
FNF:82
FNH:0
FNDA:0,(anonymous_0)
FNDA:0,(anonymous_1)
FNDA:0,(anonymous_2)
FNDA:0,(anonymous_3)
FNDA:0,(anonymous_4)
FNDA:0,(anonymous_5)
FNDA:0,(anonymous_6)
FNDA:0,(anonymous_7)
FNDA:0,(anonymous_8)
FNDA:0,(anonymous_9)
FNDA:0,(anonymous_10)
FNDA:0,(anonymous_11)
FNDA:0,(anonymous_12)
FNDA:0,(anonymous_13)
FNDA:0,(anonymous_14)
FNDA:0,(anonymous_15)
FNDA:0,(anonymous_16)
FNDA:0,(anonymous_17)
FNDA:0,(anonymous_18)
FNDA:0,(anonymous_19)
FNDA:0,(anonymous_20)
FNDA:0,(anonymous_21)
FNDA:0,(anonymous_22)
FNDA:0,(anonymous_23)
FNDA:0,(anonymous_24)
FNDA:0,(anonymous_25)
FNDA:0,(anonymous_26)
FNDA:0,(anonymous_27)
FNDA:0,(anonymous_28)
FNDA:0,(anonymous_29)
FNDA:0,(anonymous_30)
FNDA:0,(anonymous_31)
FNDA:0,(anonymous_32)
FNDA:0,(anonymous_33)
FNDA:0,(anonymous_34)
FNDA:0,(anonymous_35)
FNDA:0,(anonymous_36)
FNDA:0,(anonymous_37)
FNDA:0,(anonymous_38)
FNDA:0,(anonymous_39)
FNDA:0,(anonymous_40)
FNDA:0,(anonymous_41)
FNDA:0,(anonymous_42)
FNDA:0,(anonymous_43)
FNDA:0,(anonymous_44)
FNDA:0,(anonymous_45)
FNDA:0,(anonymous_46)
FNDA:0,(anonymous_47)
FNDA:0,(anonymous_48)
FNDA:0,(anonymous_49)
FNDA:0,(anonymous_50)
FNDA:0,(anonymous_51)
FNDA:0,(anonymous_52)
FNDA:0,(anonymous_53)
FNDA:0,(anonymous_54)
FNDA:0,(anonymous_55)
FNDA:0,(anonymous_56)
FNDA:0,(anonymous_57)
FNDA:0,(anonymous_58)
FNDA:0,(anonymous_59)
FNDA:0,(anonymous_60)
FNDA:0,(anonymous_61)
FNDA:0,(anonymous_62)
FNDA:0,(anonymous_63)
FNDA:0,(anonymous_64)
FNDA:0,(anonymous_65)
FNDA:0,(anonymous_66)
FNDA:0,(anonymous_67)
FNDA:0,(anonymous_68)
FNDA:0,(anonymous_69)
FNDA:0,(anonymous_70)
FNDA:0,(anonymous_71)
FNDA:0,(anonymous_72)
FNDA:0,(anonymous_73)
FNDA:0,(anonymous_74)
FNDA:0,(anonymous_75)
FNDA:0,(anonymous_76)
FNDA:0,(anonymous_77)
FNDA:0,(anonymous_78)
FNDA:0,(anonymous_79)
FNDA:0,(anonymous_80)
FNDA:0,(anonymous_81)
DA:19,0
DA:27,0
DA:32,0
DA:33,0
DA:35,0
DA:45,0
DA:52,0
DA:53,0
DA:59,0
DA:60,0
DA:61,0
DA:63,0
DA:70,0
DA:73,0
DA:74,0
DA:88,0
DA:90,0
DA:91,0
DA:92,0
DA:101,0
DA:103,0
DA:104,0
DA:107,0
DA:108,0
DA:116,0
DA:118,0
DA:119,0
DA:120,0
DA:123,0
DA:124,0
DA:134,0
DA:135,0
DA:137,0
DA:138,0
DA:145,0
DA:147,0
DA:151,0
DA:152,0
DA:170,0
DA:172,0
DA:173,0
DA:176,0
DA:183,0
DA:184,0
DA:195,0
DA:197,0
DA:198,0
DA:200,0
DA:203,0
DA:204,0
DA:222,0
DA:223,0
DA:224,0
DA:226,0
DA:240,0
DA:242,0
DA:246,0
DA:247,0
DA:274,0
DA:276,0
DA:283,0
DA:284,0
DA:296,0
DA:298,0
DA:299,0
DA:302,0
DA:303,0
DA:304,0
DA:315,0
DA:316,0
DA:317,0
DA:319,0
DA:328,0
DA:334,0
DA:335,0
DA:358,0
DA:360,0
DA:363,0
DA:364,0
DA:383,0
DA:385,0
DA:392,0
DA:400,0
DA:401,0
DA:402,0
DA:412,0
DA:413,0
DA:415,0
DA:422,0
DA:429,0
DA:430,0
DA:442,0
DA:444,0
DA:445,0
DA:446,0
DA:452,0
DA:453,0
DA:462,0
DA:464,0
DA:472,0
DA:473,0
DA:489,0
DA:490,0
DA:491,0
DA:493,0
DA:494,0
DA:495,0
DA:502,0
DA:503,0
DA:506,0
DA:519,0
DA:522,0
DA:524,0
DA:529,0
DA:534,0
DA:535,0
DA:549,0
DA:550,0
DA:552,0
DA:561,0
DA:562,0
DA:574,0
DA:576,0
DA:585,0
DA:586,0
DA:604,0
DA:605,0
DA:606,0
DA:608,0
DA:610,0
DA:611,0
DA:616,0
DA:617,0
DA:633,0
DA:635,0
DA:636,0
DA:641,0
DA:643,0
DA:647,0
DA:648,0
DA:663,0
DA:664,0
DA:666,0
DA:673,0
DA:674,0
DA:675,0
DA:685,0
DA:687,0
DA:688,0
DA:691,0
DA:692,0
DA:693,0
DA:705,0
DA:706,0
DA:707,0
DA:709,0
DA:712,0
DA:713,0
DA:725,0
DA:727,0
DA:730,0
DA:731,0
DA:744,0
DA:745,0
DA:747,0
DA:751,0
DA:755,0
DA:756,0
DA:768,0
DA:770,0
DA:776,0
DA:778,0
DA:782,0
DA:783,0
LF:174
LH:0
BRF:0
BRH:0
end_of_record
TN:
SF:src/pages/GuardianPage.tsx
FN:16,(anonymous_9)
FN:24,(anonymous_10)
FN:30,(anonymous_11)
FN:47,(anonymous_12)
FN:74,(anonymous_13)
FN:92,(anonymous_14)
FN:101,(anonymous_15)
FNF:7
FNH:6
FNDA:51,(anonymous_9)
FNDA:19,(anonymous_10)
FNDA:30,(anonymous_11)
FNDA:1,(anonymous_12)
FNDA:29,(anonymous_13)
FNDA:1,(anonymous_14)
FNDA:0,(anonymous_15)
DA:1,1
DA:2,1
DA:3,1
DA:4,1
DA:5,1
DA:6,1
DA:7,1
DA:8,1
DA:9,1
DA:10,1
DA:16,1
DA:19,51
DA:20,51
DA:21,51
DA:22,51
DA:24,51
DA:25,19
DA:26,19
DA:30,51
DA:31,30
DA:32,30
DA:35,51
DA:36,19
DA:39,32
DA:40,3
DA:47,1
DA:53,29
DA:74,29
DA:75,29
DA:77,19
DA:79,5
DA:81,5
DA:83,0
DA:87,29
DA:92,1
DA:101,0
LF:36
LH:34
BRDA:17,0,0,51
BRDA:25,1,0,19
BRDA:31,2,0,20
BRDA:31,2,1,10
BRDA:35,3,0,19
BRDA:39,4,0,3
BRDA:64,5,0,29
BRDA:64,5,1,28
BRDA:75,6,0,19
BRDA:75,6,1,5
BRDA:75,6,2,5
BRDA:75,6,3,0
BRDA:98,7,0,29
BRDA:98,7,1,6
BRF:14
BRH:13
end_of_record
TN:
SF:src/types/index.ts
FN:1,(anonymous_0)
FNF:1
FNH:1
FNDA:1,(anonymous_0)
DA:1,1
DA:2,1
DA:3,1
DA:4,1
DA:5,1
LF:5
LH:5
BRDA:1,0,0,1
BRDA:1,0,1,1
BRF:2
BRH:2
end_of_record
